2016.10.12	16:00:00.280			0	TRUE	5.354	4.0042	4.0144	3.510	6.448	FALSE	TRUE	4.94	6						
2016.10.12	16:00:00.740			1	TRUE	5.354	4.0068	4.0182	3.508	6.487	TRUE	TRUE	4.83	6						
2016.10.12	16:00:01.176			1	TRUE	5.349	4.0135	4.0153	3.498	6.498	TRUE	TRUE	4.70	6						
2016.10.12	16:00:01.662			1	TRUE	5.337	4.0080	4.0179	3.561	6.451	TRUE	TRUE	4.86	6						
2016.10.12	16:00:02.121			0	TRUE	5.342	4.0134	4.0157	3.553	6.448	FALSE	TRUE	5.10	6						
2016.10.12	16:00:02.564			1	TRUE	5.354	4.0142	4.0154	3.525	6.442	TRUE	TRUE	4.84	6						
2016.10.12	16:00:03.020			1	TRUE	5.372	4.0122	4.0145	3.480	6.462	TRUE	TRUE	4.71	6						
2016.10.12	16:00:03.497			1	TRUE	5.352	4.0099	4.0114	3.506	6.470	TRUE	TRUE	4.78	6						
2016.10.12	16:00:03.956			0	TRUE	5.355	4.0085	4.0131	3.471	6.514	TRUE	TRUE	5.09	4						
2016.10.12	16:00:04.413			0	TRUE	5.351	4.0032	4.0230	3.568	6.490	TRUE	TRUE	4.78	6						
2016.10.12	16:00:04.879			0	TRUE	5.350	4.0046	4.0094	3.523	6.491	TRUE	TRUE	4.80	6						
2016.10.12	16:00:05.342			1	TRUE	5.352	4.0125	4.0150	3.542	6.453	TRUE	TRUE	5.08	6						
2016.10.12	16:00:05.796			0	TRUE	5.359	4.0065	4.0204	3.495	6.515	TRUE	TRUE	4.88	6						
2016.10.12	16:00:06.274			0	TRUE	5.346	4.0120	4.0138	3.523	6.414	TRUE	TRUE	5.57	5						
2016.10.12	16:00:06.731			0	TRUE	5.353	4.0063	4.0196	3.529	6.439	TRUE	TRUE	5.50	5						
2016.10.12	16:00:07.182			0	TRUE	5.352	4.0048	4.0182	3.575	6.458	TRUE	TRUE	5.08	6						
2016.10.12	16:00:07.638			1	TRUE	5.355	4.0096	4.0108	3.521	6.464	TRUE	TRUE	5.04	6						
2016.10.12	16:00:08.099			0	TRUE	5.349	4.0086	4.0122	3.532	6.478	TRUE	TRUE	5.22	5						
2016.10.12	16:00:08.567			0	TRUE	5.345	4.0118	4.0142	3.487	6.455	FALSE	TRUE	5.06	6						
2016.10.12	16:00:09.022			0	TRUE	5.355	4.0046	4.0172	3.539	6.454	TRUE	TRUE	4.89	6						
2016.10.12	16:00:09.485			1	TRUE	5.352	4.0061	4.0099	3.544	6.493	TRUE	TRUE	4.82	6						
2016.10.12	16:00:09.945			1	TRUE	5.358	4.0106	4.0137	3.540	6.470	TRUE	TRUE	5.12	6						
2016.10.12	16:00:10.410			0	TRUE	5.351	4.0049	4.0077	3.482	6.468	TRUE	TRUE	4.91	6						
2016.10.12	16:00:10.879			1	TRUE	5.354	4.0125	4.0153	3.518	6.493	TRUE	TRUE	4.83	6						
2016.10.12	16:00:11.324			0	TRUE	5.351	4.0045	4.0156	3.528	6.481	TRUE	TRUE	5.06	6						
2016.10.12	16:00:11.771			1	TRUE	5.363	4.0099	4.0130	3.560	6.466	TRUE	TRUE	5.02	6						
2016.10.12	16:00:12.264			0	TRUE	5.348	4.0042	4.0084	3.492	6.489	TRUE	TRUE	5.18	6						
2016.10.12	16:00:12.708			1	TRUE	5.355	4.0109	4.0152	3.541	6.453	TRUE	TRUE	4.82	6						
2016.10.12	16:00:13.176			1	TRUE	5.361	4.0129	4.0143	3.491	6.437	TRUE	TRUE	4.93	6						
2016.10.12	16:00:13.639			0	TRUE	5.345	4.0024	4.0197	3.543	6.468	TRUE	TRUE	4.80	6						
2016.10.12	16:00:14.050			1	TRUE	5.349	4.0100	4.0140	3.535	6.448	TRUE	TRUE	4.71	6						
2016.10.12	16:00:14.544			0	TRUE	5.347	3.9968	4.0041	3.538	6.436	TRUE	TRUE	5.20	6						
2016.10.12	16:00:15.044			1	TRUE	5.362	4.0099	4.0108	3.507	6.482	TRUE	TRUE	4.98	6						
2016.10.12	16:00:15.463			0	TRUE	5.347	4.0042	4.0127	3.513	6.447	TRUE	TRUE	4.87	6						
2016.10.12	16:00:15.938			1	TRUE	5.353	4.0090	4.0176	3.552	6.429	TRUE	TRUE	4.99	6						
2016.10.12	16:00:16.400			0	TRUE	5.352	4.0047	4.0128	3.521	6.475	TRUE	TRUE	5.23	6						
2016.10.12	16:00:16.870			0	TRUE	5.359	4.0151	4.0289	3.554	6.493	TRUE	TRUE	4.77	6						
2016.10.12	16:00:17.322			1	TRUE	5.345	4.0075	4.0102	3.563	6.488	TRUE	TRUE	4.80	6						
2016.10.12	16:00:17.772			1	TRUE	5.348	4.0108	4.0172	3.573	6.473	TRUE	TRUE	4.76	6						
2016.10.12	16:00:18.255			0	TRUE	5.352	4.0089	4.0221	3.508	6.459	TRUE	TRUE	5.19	6						
2016.10.12	16:00:18.699			0	TRUE	5.352	4.0013	4.0114	3.508	6.451	TRUE	TRUE	5.06	6						
2016.10.12	16:00:19.175			0	TRUE	5.347	4.0033	4.0184	3.556	6.457	TRUE	TRUE	4.77	6						
2016.10.12	16:00:19.630			1	TRUE	5.347	4.0116	4.0183	3.557	6.446	TRUE	TRUE	4.81	6						
2016.10.12	16:00:20.104			0	TRUE	5.334	4.0101	4.0122	3.487	6.487	TRUE	TRUE	5.54	4						
2016.10.12	16:00:20.547			1	TRUE	5.348	4.0056	4.0089	3.510	6.459	TRUE	TRUE	4.97	6						
2016.10.12	16:00:20.995			0	TRUE	5.351	4.0010	4.0122	3.543	6.448	TRUE	TRUE	5.01	6						
2016.10.12	16:00:21.463			0	TRUE	5.341	4.0037	4.0079	3.489	6.501	TRUE	TRUE	4.83	6						
2016.10.12	16:00:21.925			1	TRUE	5.347	4.0103	4.0119	3.527	6.477	TRUE	TRUE	5.02	6						
2016.10.12	16:00:22.399			1	TRUE	5.350	4.0057	4.0190	3.551	6.472	TRUE	TRUE	5.09	6						
2016.10.12	16:00:22.848			1	TRUE	5.351	4.0090	4.0111	3.521	6.497	TRUE	TRUE	4.78	6						
2016.10.12	16:00:23.310			1	TRUE	5.363	4.0123	4.0157	3.523	6.454	TRUE	TRUE	4.80	6						
2016.10.12	16:00:23.773			1	TRUE	5.343	4.0102	4.0140	3.533	6.451	TRUE	TRUE	4.83	6						
2016.10.12	16:00:24.235			1	TRUE	5.352	4.0061	4.0100	3.494	6.454	TRUE	TRUE	4.85	6						
2016.10.12	16:00:24.700			1	TRUE	5.350	4.0113	4.0148	3.545	6.468	TRUE	TRUE	4.89	6						
2016.10.12	16:00:25.142			0	TRUE	5.352	4.0013	4.0073	3.538	6.505	TRUE	TRUE	4.84	6						
2016.10.12	16:00:25.631			0	TRUE	5.351	4.0061	4.0186	3.538	6.455	FALSE	TRUE	4.80	6						
2016.10.12	16:00:26.084			0	TRUE	5.345	4.0106	4.0146	3.528	6.452	TRUE	TRUE	7.92	1						
2016.10.12	16:00:26.537			1	TRUE	5.352	4.0076	4.0104	3.545	6.471	TRUE	TRUE	5.01	6						
2016.10.12	16:00:26.990			1	TRUE	5.350	4.0065	4.0091	3.492	6.502	TRUE	TRUE	4.85	6						
2016.10.12	16:00:27.466			1	TRUE	5.360	4.0069	4.0095	3.494	6.507	TRUE	TRUE	4.86	6						
2016.10.12	16:00:27.906			0	TRUE	5.349	4.0045	4.0173	3.542	6.450	TRUE	TRUE	5.52	6						
2016.10.12	16:00:28.384			1	TRUE	5.347	4.0130	4.0198	3.565	6.456	TRUE	TRUE	5.02	6						
2016.10.12	16:00:28.856			0	TRUE	5.341	4.0149	4.0233	3.585	6.459	FALSE	TRUE	4.91	6						
2016.10.12	16:00:29.303			1	TRUE	5.347	4.0099	4.0132	3.488	6.486	TRUE	TRUE	4.78	6						
2016.10.12	16:00:29.761			1	TRUE	5.351	4.0085	4.0102	3.548	6.485	TRUE	TRUE	4.86	6						
2016.10.12	16:00:30.226			1	TRUE	5.355	4.0110	4.0153	3.523	6.443	TRUE	TRUE	5.10	6						
2016.10.12	16:00:30.694			1	TRUE	5.356	4.0061	4.0148	3.565	6.456	TRUE	TRUE	4.94	6						
2016.10.12	16:00:31.148			1	TRUE	5.361	4.0111	4.0130	3.540	6.433	TRUE	TRUE	4.82	6						
2016.10.12	16:00:31.605			1	TRUE	5.353	4.0073	4.0086	3.520	6.453	TRUE	TRUE	5.05	6						
2016.10.12	16:00:32.086			0	TRUE	5.354	4.0039	4.0246	3.546	6.438	TRUE	TRUE	4.89	6						
2016.10.12	16:00:32.532			1	TRUE	5.340	4.0067	4.0157	3.539	6.428	TRUE	TRUE	4.71	6						
2016.10.12	16:00:32.997			1	TRUE	5.345	4.0125	4.0098	3.530	6.499	TRUE	TRUE	4.84	6						
2016.10.12	16:00:33.460			1	TRUE	5.346	4.0094	4.0174	3.516	6.472	TRUE	TRUE	5.23	6						
2016.10.12	16:00:33.910			1	TRUE	5.354	4.0101	4.0148	3.567	6.442	TRUE	TRUE	5.06	6						
2016.10.12	16:00:34.379			1	TRUE	5.352	4.0137	4.0159	3.561	6.422	TRUE	TRUE	5.40	6						
2016.10.12	16:00:34.833			0	TRUE	5.350	4.0068	4.0036	3.544	6.469	TRUE	TRUE	4.95	6						
2016.10.12	16:00:35.274			1	TRUE	5.345	4.0110	4.0136	3.518	6.455	TRUE	TRUE	5.00	6						
2016.10.12	16:00:35.751			1	TRUE	5.354	4.0074	4.0116	3.504	6.470	TRUE	TRUE	5.12	6						
2016.10.12	16:00:36.221			1	TRUE	5.355	4.0094	4.0112	3.536	6.417	TRUE	TRUE	4.73	6						
2016.10.12	16:00:36.690			1	TRUE	5.366	4.0088	4.0109	3.507	6.462	TRUE	TRUE	4.70	6						
2016.10.12	16:00:37.141			1	TRUE	5.349	4.0117	4.0173	3.484	6.480	TRUE	TRUE	4.96	6						
2016.10.12	16:00:37.633			0	TRUE	5.340	4.0087	4.0147	3.499	6.454	TRUE	TRUE	5.31	5						
2016.10.12	16:00:38.077			1	TRUE	5.344	4.0053	4.0066	3.511	6.478	TRUE	TRUE	5.12	6						
2016.10.12	16:00:38.516			1	TRUE	5.333	4.0090	4.0119	3.592	6.461	TRUE	TRUE	5.07	6						
2016.10.12	16:00:39.002			1	TRUE	5.354	4.0092	4.0101	3.545	6.423	TRUE	TRUE	5.10	6						
2016.10.12	16:00:39.475			1	TRUE	5.356	4.0052	4.0100	3.490	6.453	TRUE	TRUE	4.97	6						
2016.10.12	16:00:39.877			1	TRUE	5.351	4.0075	4.0138	3.531	6.495	TRUE	TRUE	4.96	6						
2016.10.12	16:00:40.367			1	TRUE	5.364	4.0113	4.0176	3.522	6.472	TRUE	TRUE	5.23	6						
2016.10.12	16:00:40.827			1	TRUE	5.345	4.0070	4.0109	3.570	6.452	TRUE	TRUE	4.69	6						
2016.10.12	16:00:41.305			0	TRUE	5.349	4.0034	4.0177	3.534	6.459	TRUE	TRUE	5.12	6						
2016.10.12	16:00:41.750			0	TRUE	5.344	4.0130	4.0257	3.530	6.471	TRUE	TRUE	4.97	6						
2016.10.12	16:00:42.214			0	TRUE	5.348	4.0167	4.0210	3.516	6.438	TRUE	TRUE	5.02	6						
2016.10.12	16:00:42.681			0	TRUE	5.354	4.0041	4.0072	3.542	6.429	TRUE	TRUE	4.63	6						
2016.10.12	16:00:43.137			1	TRUE	5.354	4.0092	4.0131	3.496	6.470	TRUE	TRUE	4.91	6						
2016.10.12	16:00:43.600			1	TRUE	5.347	4.0085	4.0125	3.512	6.450	TRUE	TRUE	5.18	6						
2016.10.12	16:00:44.073			1	TRUE	5.354	4.0148	4.0128	3.508	6.453	TRUE	TRUE	4.72	6						
2016.10.12	16:00:44.505			0	TRUE	5.341	4.0143	4.0171	3.479	6.474	FALSE	TRUE	5.45	5						
2016.10.12	16:00:44.970			1	TRUE	5.354	4.0124	4.0170	3.524	6.438	TRUE	TRUE	4.80	6						
2016.10.12	16:00:45.455			1	TRUE	5.348	4.0090	4.0119	3.499	6.474	TRUE	TRUE	4.80	6						
2016.10.12	16:00:45.857			0	TRUE	5.374	4.0049	4.0166	3.501	6.489	TRUE	TRUE	4.83	6						
2016.10.12	16:00:46.366			0	TRUE	5.355	4.0049	4.0162	3.520	6.449	TRUE	TRUE	4.89	6						
2016.10.12	16:00:46.838			1	TRUE	5.351	4.0093	4.0138	3.536	6.510	TRUE	TRUE	4.76	6						
2016.10.12	16:00:47.283			1	TRUE	5.350	4.0128	4.0149	3.507	6.450	TRUE	TRUE	4.80	6						
2016.10.12	16:00:47.736			1	TRUE	5.351	4.0108	4.0142	3.536	6.463	TRUE	TRUE	5.09	6						
2016.10.12	16:00:48.191			1	TRUE	5.347	4.0071	4.0080	3.534	6.497	TRUE	TRUE	5.13	6						
2016.10.12	16:00:48.671			1	TRUE	5.355	4.0066	4.0069	3.502	6.492	TRUE	TRUE	5.09	6						
2016.10.12	16:00:49.124			1	TRUE	5.356	4.0118	4.0144	3.508	6.497	TRUE	TRUE	4.84	6						
2016.10.12	16:00:49.598			1	TRUE	5.337	4.0101	4.0129	3.517	6.488	TRUE	TRUE	5.40	6						
2016.10.12	16:00:50.064			1	TRUE	5.351	4.0105	4.0114	3.525	6.448	TRUE	TRUE	4.85	6						
2016.10.12	16:00:50.527			1	TRUE	5.355	4.0096	4.0157	3.562	6.457	TRUE	TRUE	4.77	6						
2016.10.12	16:00:50.972			1	TRUE	5.350	4.0080	4.0190	3.544	6.479	TRUE	TRUE	4.82	6						
2016.10.12	16:00:51.460			0	TRUE	5.356	4.0105	4.0152	3.538	6.436	TRUE	TRUE	5.25	5						
2016.10.12	16:00:51.898			1	TRUE	5.352	4.0099	4.0137	3.543	6.455	TRUE	TRUE	4.81	6						
2016.10.12	16:00:52.356			0	TRUE	5.334	4.0094	4.0158	3.516	6.428	FALSE	TRUE	5.09	6						
2016.10.12	16:00:52.812			0	TRUE	5.337	4.0115	4.0167	3.562	6.461	TRUE	TRUE	5.34	5						
2016.10.12	16:00:53.286			1	TRUE	5.354	4.0076	4.0173	3.556	6.464	TRUE	TRUE	4.80	6						
2016.10.12	16:00:53.734			0	TRUE	5.349	4.0025	4.0057	3.553	6.453	TRUE	TRUE	4.98	6						
2016.10.12	16:00:54.212			0	TRUE	5.347	4.0040	4.0161	3.546	6.437	TRUE	TRUE	4.82	6						
2016.10.12	16:00:54.667			0	TRUE	5.336	4.0049	4.0078	3.511	6.508	TRUE	TRUE	4.93	6						
2016.10.12	16:00:55.121			0	TRUE	5.352	4.0080	4.0161	3.542	6.485	TRUE	TRUE	5.32	5						
2016.10.12	16:00:55.570			1	TRUE	5.352	4.0085	4.0126	3.528	6.473	TRUE	TRUE	4.99	6						
2016.10.12	16:00:56.044			0	TRUE	5.347	4.0037	4.0076	3.555	6.481	TRUE	TRUE	5.16	6						
2016.10.12	16:00:56.472			1	TRUE	5.353	4.0068	4.0183	3.514	6.478	TRUE	TRUE	5.44	6						
2016.10.12	16:00:56.973			0	TRUE	5.347	4.0047	4.0087	3.509	6.494	TRUE	TRUE	5.06	6						
2016.10.12	16:00:57.424			1	TRUE	5.348	4.0059	4.0162	3.511	6.435	TRUE	TRUE	4.92	6						
2016.10.12	16:00:57.883			0	TRUE	5.347	4.0128	4.0210	3.566	6.459	TRUE	TRUE	4.94	6						
2016.10.12	16:00:58.349			0	TRUE	5.355	4.0028	4.0141	3.542	6.458	TRUE	TRUE	4.90	6						
2016.10.12	16:00:58.816			0	TRUE	5.351	4.0088	4.0102	3.539	6.458	FALSE	TRUE	5.28	5						
2016.10.12	16:00:59.280			1	TRUE	5.350	4.0068	4.0126	3.555	6.460	TRUE	TRUE	4.73	6						
2016.10.12	16:00:59.731			1	TRUE	5.362	4.0153	4.0140	3.515	6.403	TRUE	TRUE	4.60	6						
2016.10.12	16:08:01.729			1	TRUE	5.352	4.0158	4.0179	3.494	6.475	TRUE	TRUE	4.78	6						
2016.10.12	16:08:02.172			1	TRUE	5.357	4.0076	4.0173	3.522	6.443	TRUE	TRUE	4.82	6						
2016.10.12	16:08:02.645			0	TRUE	5.344	4.0078	4.0149	3.577	6.435	FALSE	TRUE	5.12	6						
2016.10.12	16:08:03.067			0	TRUE	5.345	4.0043	4.0062	3.512	6.457	TRUE	TRUE	4.90	6						
2016.10.12	16:08:03.546			1	TRUE	5.343	4.0127	4.0162	3.541	6.420	TRUE	TRUE	4.98	6						
2016.10.12	16:08:04.027			1	TRUE	5.358	4.0093	4.0137	3.542	6.449	TRUE	TRUE	4.88	6						
2016.10.12	16:08:04.473			0	TRUE	5.351	4.0142	4.0214	3.516	6.501	TRUE	TRUE	4.87	6						
2016.10.12	16:08:04.938			1	TRUE	5.363	4.0082	4.0123	3.507	6.513	TRUE	TRUE	4.95	6						
2016.10.12	16:08:05.387			1	TRUE	5.355	4.0099	4.0149	3.524	6.465	TRUE	TRUE	4.93	6						
2016.10.12	16:08:05.867			1	TRUE	5.341	4.0147	4.0187	3.539	6.455	TRUE	TRUE	4.92	6						
2016.10.12	16:08:06.301			1	TRUE	5.358	4.0086	4.0096	3.515	6.496	TRUE	TRUE	4.87	6						
2016.10.12	16:08:06.775			0	TRUE	5.341	4.0106	4.0213	3.534	6.456	TRUE	TRUE	5.22	6						
2016.10.12	16:08:07.238			1	TRUE	5.349	4.0116	4.0139	3.567	6.468	TRUE	TRUE	4.88	6						
2016.10.12	16:08:07.666			1	TRUE	5.348	4.0064	4.0178	3.522	6.450	TRUE	TRUE	4.83	6						
2016.10.12	16:08:08.153			0	TRUE	5.363	4.0042	4.0096	3.502	6.444	TRUE	TRUE	4.87	6						
2016.10.12	16:08:08.619			0	TRUE	5.348	4.0043	4.0169	3.579	6.464	TRUE	TRUE	4.76	6						
2016.10.12	16:08:09.098			1	TRUE	5.344	4.0054	4.0118	3.525	6.452	TRUE	TRUE	5.10	6						
2016.10.12	16:08:09.546			0	TRUE	5.352	4.0068	4.0214	3.531	6.482	TRUE	TRUE	4.86	6						
2016.10.12	16:08:10.015			0	TRUE	5.357	4.0054	4.0208	3.512	6.484	TRUE	TRUE	4.89	6						
2016.10.12	16:08:10.475			1	TRUE	5.359	4.0122	4.0151	3.518	6.496	TRUE	TRUE	4.84	6						
2016.10.12	16:08:10.928			0	TRUE	5.345	4.0045	4.0109	3.521	6.471	TRUE	TRUE	4.92	6						
2016.10.12	16:08:11.405			1	TRUE	5.349	4.0051	4.0118	3.558	6.455	TRUE	TRUE	4.91	6						
2016.10.12	16:08:11.872			1	TRUE	5.354	4.0069	4.0082	3.558	6.446	TRUE	TRUE	4.85	6						
2016.10.12	16:08:12.312			1	TRUE	5.353	4.0083	4.0187	3.534	6.471	TRUE	TRUE	5.16	6						
2016.10.12	16:08:12.770			1	TRUE	5.347	4.0061	4.0191	3.533	6.466	TRUE	TRUE	4.83	6						
2016.10.12	16:08:13.242			1	TRUE	5.346	4.0096	4.0115	3.539	6.464	TRUE	TRUE	4.96	6						
2016.10.12	16:08:13.701			1	TRUE	5.358	4.0067	4.0119	3.538	6.451	TRUE	TRUE	5.13	6						
2016.10.12	16:08:14.166			1	TRUE	5.342	4.0054	4.0082	3.502	6.475	TRUE	TRUE	5.29	6						
2016.10.12	16:08:14.645			0	TRUE	5.349	4.0010	4.0096	3.505	6.459	TRUE	TRUE	5.19	6						
2016.10.12	16:08:15.056			1	TRUE	5.353	4.0071	4.0111	3.531	6.474	TRUE	TRUE	4.63	6						
2016.10.12	16:08:15.526			0	TRUE	5.354	4.0044	4.0113	3.508	6.488	TRUE	TRUE	5.20	6						
2016.10.12	16:08:15.992			0	TRUE	5.341	4.0133	4.0153	3.565	6.452	TRUE	TRUE	5.31	5						
2016.10.12	16:08:16.480			1	TRUE	5.347	4.0052	4.0105	3.555	6.501	TRUE	TRUE	4.79	6						
2016.10.12	16:08:16.918			1	TRUE	5.352	4.0119	4.0145	3.548	6.438	TRUE	TRUE	4.94	6						
2016.10.12	16:08:17.387			1	TRUE	5.347	4.0145	4.0131	3.521	6.441	TRUE	TRUE	4.83	6						
2016.10.12	16:08:17.861			1	TRUE	5.364	4.0059	4.0144	3.503	6.480	TRUE	TRUE	4.93	6						
2016.10.12	16:08:18.288			1	TRUE	5.348	4.0054	4.0088	3.495	6.458	TRUE	TRUE	4.82	6						
2016.10.12	16:08:18.775			0	TRUE	5.353	4.0014	4.0101	3.540	6.460	TRUE	TRUE	4.42	3						
2016.10.12	16:08:19.247			0	TRUE	5.353	4.0010	4.0111	3.501	6.505	TRUE	TRUE	4.85	6						
2016.10.12	16:08:19.690			1	TRUE	5.357	4.0095	4.0072	3.544	6.431	TRUE	TRUE	4.71	6						
2016.10.12	16:08:20.156			1	TRUE	5.359	4.0116	4.0129	3.511	6.465	TRUE	TRUE	4.95	6						
2016.10.12	16:08:20.614			1	TRUE	5.342	4.0080	4.0131	3.492	6.502	TRUE	TRUE	4.90	6						
2016.10.12	16:08:21.073			1	TRUE	5.344	4.0050	4.0090	3.519	6.463	TRUE	TRUE	5.08	6						
2016.10.12	16:08:21.538			1	TRUE	5.353	4.0104	4.0150	3.518	6.471	TRUE	TRUE	4.95	6						
2016.10.12	16:08:21.996			1	TRUE	5.357	4.0084	4.0124	3.497	6.477	TRUE	TRUE	4.92	6						
2016.10.12	16:08:22.462			1	TRUE	5.353	4.0084	4.0160	3.520	6.496	TRUE	TRUE	5.05	6						
2016.10.12	16:08:22.904			1	TRUE	5.346	4.0074	4.0089	3.458	6.497	TRUE	TRUE	5.10	6						
2016.10.12	16:08:23.382			1	TRUE	5.338	4.0088	4.0146	3.519	6.506	TRUE	TRUE	4.97	6						
2016.10.12	16:08:23.858			1	TRUE	5.348	4.0105	4.0161	3.538	6.459	TRUE	TRUE	5.03	6						
2016.10.12	16:08:24.285			0	TRUE	5.353	4.0109	4.0133	3.521	6.415	FALSE	TRUE	4.96	6						
2016.10.12	16:08:24.757			0	TRUE	5.356	4.0023	4.0164	3.526	6.467	TRUE	TRUE	5.05	6						
2016.10.12	16:08:25.211			0	TRUE	5.353	4.0066	4.0105	3.499	6.489	FALSE	TRUE	4.76	6						
2016.10.12	16:08:25.705			1	TRUE	5.343	4.0098	4.0146	3.530	6.444	TRUE	TRUE	5.17	6						
2016.10.12	16:08:26.154			0	TRUE	5.346	4.0046	4.0137	3.504	6.491	TRUE	TRUE	4.80	6						
2016.10.12	16:08:26.575			1	TRUE	5.355	4.0128	4.0153	3.537	6.448	TRUE	TRUE	4.75	6						
2016.10.12	16:08:27.062			1	TRUE	5.346	4.0082	4.0104	3.509	6.468	TRUE	TRUE	4.87	6						
2016.10.12	16:08:27.489			1	TRUE	5.349	4.0116	4.0114	3.535	6.492	TRUE	TRUE	4.73	6						
2016.10.12	16:08:27.981			0	TRUE	5.346	4.0045	4.0067	3.557	6.437	TRUE	TRUE	4.72	6						
2016.10.12	16:08:28.437			1	TRUE	5.340	4.0116	4.0171	3.531	6.464	TRUE	TRUE	5.09	6						
2016.10.12	16:08:28.910			0	TRUE	5.346	4.0047	4.0097	3.501	6.475	TRUE	TRUE	4.98	6						
2016.10.12	16:08:29.341			1	TRUE	5.343	4.0078	4.0166	3.544	6.478	TRUE	TRUE	5.00	6						
2016.10.12	16:08:29.828			1	TRUE	5.356	4.0062	4.0095	3.492	6.479	TRUE	TRUE	4.80	6						
2016.10.12	16:08:30.297			1	TRUE	5.355	4.0134	4.0178	3.517	6.490	TRUE	TRUE	4.82	6						
2016.10.12	16:08:30.739			0	TRUE	5.352	4.0031	4.0156	3.521	6.454	TRUE	TRUE	4.72	6						
2016.10.12	16:08:31.208			1	TRUE	5.339	4.0085	4.0097	3.491	6.506	TRUE	TRUE	5.16	6						
2016.10.12	16:08:31.667			1	TRUE	5.336	4.0074	4.0084	3.496	6.459	TRUE	TRUE	4.81	6						
2016.10.12	16:08:32.108			0	TRUE	5.355	4.0134	4.0201	3.552	6.477	TRUE	TRUE	4.91	6						
2016.10.12	16:08:32.589			0	TRUE	5.362	4.0031	4.0048	3.482	6.501	TRUE	TRUE	4.93	6						
2016.10.12	16:08:33.064			1	TRUE	5.346	4.0115	4.0167	3.533	6.463	TRUE	TRUE	4.91	6						
2016.10.12	16:08:33.493			1	TRUE	5.353	4.0085	4.0121	3.529	6.428	TRUE	TRUE	4.94	6						
2016.10.12	16:08:33.978			1	TRUE	5.352	4.0060	4.0092	3.541	6.490	TRUE	TRUE	4.93	6						
2016.10.12	16:08:34.456			0	TRUE	5.353	4.0042	4.0172	3.547	6.460	TRUE	TRUE	5.45	5						
2016.10.12	16:08:34.912			1	TRUE	5.353	4.0100	4.0113	3.518	6.477	TRUE	TRUE	4.85	6						
2016.10.12	16:08:35.361			1	TRUE	5.360	4.0102	4.0132	3.470	6.486	TRUE	TRUE	4.67	6						
2016.10.12	16:08:35.830			0	TRUE	5.355	4.0104	4.0156	3.530	6.456	FALSE	TRUE	5.39	5						
2016.10.12	16:08:36.293			1	TRUE	5.353	4.0110	4.0146	3.526	6.476	TRUE	TRUE	4.69	6						
2016.10.12	16:08:36.759			0	TRUE	5.356	4.0086	4.0204	3.493	6.495	TRUE	TRUE	5.04	6						
2016.10.12	16:08:37.676			1	TRUE	5.346	4.0084	4.0151	3.539	6.423	TRUE	TRUE	5.12	6						
2016.10.12	16:08:38.129			0	TRUE	5.351	4.0061	4.0201	3.566	6.441	TRUE	TRUE	4.73	6						
2016.10.12	16:08:38.598			0	TRUE	5.337	4.0053	4.0113	3.488	6.459	FALSE	TRUE	4.98	6						
2016.10.12	16:08:39.059			1	TRUE	5.349	4.0131	4.0130	3.549	6.436	TRUE	TRUE	5.35	6						
2016.10.12	16:08:39.519			1	TRUE	5.350	4.0085	4.0139	3.522	6.458	TRUE	TRUE	5.11	6						
2016.10.12	16:08:39.960			1	TRUE	5.353	4.0102	4.0158	3.522	6.465	TRUE	TRUE	4.78	6						
2016.10.12	16:08:40.455			1	TRUE	5.355	4.0099	4.0102	3.526	6.436	TRUE	TRUE	4.88	6						
2016.10.12	16:08:40.886			1	TRUE	5.352	4.0155	4.0166	3.548	6.474	TRUE	TRUE	5.08	6						
2016.10.12	16:08:41.387			0	TRUE	5.353	4.0035	4.0167	3.511	6.462	TRUE	TRUE	4.92	6						
2016.10.12	16:08:41.814			1	TRUE	5.356	4.0107	4.0123	3.524	6.448	TRUE	TRUE	4.80	6						
2016.10.12	16:08:42.287			1	TRUE	5.342	4.0063	4.0089	3.488	6.466	TRUE	TRUE	4.90	6						
2016.10.12	16:08:42.756			1	TRUE	5.346	4.0102	4.0139	3.538	6.491	TRUE	TRUE	4.74	6						
2016.10.12	16:08:43.202			1	TRUE	5.342	4.0093	4.0135	3.476	6.498	TRUE	TRUE	5.37	6						
2016.10.12	16:08:43.676			1	TRUE	5.355	4.0057	4.0187	3.540	6.454	TRUE	TRUE	4.92	6						
2016.10.12	16:08:44.129			0	TRUE	5.344	4.0022	4.0070	3.521	6.473	TRUE	TRUE	5.20	6						
2016.10.12	16:08:44.572			0	TRUE	5.344	4.0039	4.0063	3.549	6.436	TRUE	TRUE	4.73	6						
2016.10.12	16:08:45.055			0	TRUE	5.352	4.0036	4.0079	3.542	6.477	TRUE	TRUE	4.84	6						
2016.10.12	16:08:45.484			1	TRUE	5.350	4.0077	4.0117	3.513	6.503	TRUE	TRUE	5.12	6						
2016.10.12	16:08:45.979			1	TRUE	5.351	4.0116	4.0145	3.537	6.469	TRUE	TRUE	4.79	6						
2016.10.12	16:08:46.425			1	TRUE	5.356	4.0061	4.0059	3.511	6.437	TRUE	TRUE	5.02	6						
2016.10.12	16:08:46.892			1	TRUE	5.353	4.0085	4.0145	3.530	6.461	TRUE	TRUE	4.95	6						
2016.10.12	16:08:47.361			1	TRUE	5.350	4.0094	4.0111	3.585	6.448	TRUE	TRUE	5.22	6						
2016.10.12	16:08:47.813			1	TRUE	5.356	4.0133	4.0137	3.525	6.499	TRUE	TRUE	5.04	6						
2016.10.12	16:08:48.284			0	TRUE	5.342	4.0049	4.0095	3.492	6.469	TRUE	TRUE	5.48	5						
2016.10.12	16:08:48.723			0	TRUE	5.346	4.0082	4.0149	3.503	6.481	FALSE	TRUE	5.04	6						
2016.10.12	16:08:49.195			0	TRUE	5.350	4.0045	4.0169	3.498	6.498	TRUE	TRUE	4.90	6						
2016.10.12	16:08:49.661			1	TRUE	5.357	4.0072	4.0111	3.569	6.470	TRUE	TRUE	4.74	6						
2016.10.12	16:08:50.091			1	TRUE	5.357	4.0102	4.0164	3.509	6.475	TRUE	TRUE	4.99	6						
2016.10.12	16:08:50.587			0	TRUE	5.349	4.0015	4.0194	3.561	6.466	TRUE	TRUE	4.75	6						
2016.10.12	16:08:51.041			1	TRUE	5.343	4.0090	4.0136	3.540	6.483	TRUE	TRUE	4.81	6						
2016.10.12	16:08:51.500			1	TRUE	5.352	4.0103	4.0145	3.552	6.471	TRUE	TRUE	4.81	6						
2016.10.12	16:08:51.954			1	TRUE	5.353	4.0095	4.0125	3.486	6.515	TRUE	TRUE	4.99	6						
2016.10.12	16:08:52.423			1	TRUE	5.358	4.0099	4.0133	3.576	6.464	TRUE	TRUE	4.85	6						
2016.10.12	16:08:52.895			0	TRUE	5.352	4.0043	4.0187	3.532	6.413	TRUE	TRUE	4.61	6						
2016.10.12	16:08:53.336			1	TRUE	5.352	4.0079	4.0122	3.532	6.484	TRUE	TRUE	4.81	6						
2016.10.12	16:08:53.806			1	TRUE	5.361	4.0091	4.0171	3.541	6.466	TRUE	TRUE	4.76	6						
2016.10.12	16:08:54.255			0	TRUE	5.350	4.0075	4.0157	3.507	6.473	TRUE	TRUE	5.26	5						
2016.10.12	16:08:54.708			1	TRUE	5.354	4.0080	4.0172	3.543	6.455	TRUE	TRUE	4.57	6						
2016.10.12	16:08:55.205			1	TRUE	5.353	4.0069	4.0087	3.542	6.484	TRUE	TRUE	5.01	6						
2016.10.12	16:08:55.658			1	TRUE	5.352	4.0077	4.0104	3.522	6.436	TRUE	TRUE	4.49	6						
2016.10.12	16:08:56.106			0	TRUE	5.346	4.0129	4.0159	3.561	6.440	TRUE	TRUE	5.39	5						
2016.10.12	16:08:56.568			0	TRUE	5.345	4.0077	4.0103	3.474	6.484	FALSE	TRUE	4.82	6						
2016.10.12	16:08:57.024			1	TRUE	5.352	4.0095	4.0138	3.551	6.433	TRUE	TRUE	4.79	6						
2016.10.12	16:08:57.495			1	TRUE	5.357	4.0134	4.0139	3.496	6.445	TRUE	TRUE	5.13	6						
2016.10.12	16:08:57.950			1	TRUE	5.349	4.0098	4.0133	3.502	6.470	TRUE	TRUE	5.14	6						
2016.10.12	16:08:58.422			1	TRUE	5.353	4.0074	4.0111	3.513	6.430	TRUE	TRUE	5.02	6						
2016.10.12	16:08:58.869			0	TRUE	5.354	4.0047	4.0209	3.500	6.481	TRUE	TRUE	4.98	6						
2016.10.12	16:08:59.333			1	TRUE	5.349	4.0120	4.0142	3.499	6.491	TRUE	TRUE	4.77	6						
2016.10.12	16:08:59.793			1	TRUE	5.356	4.0101	4.0106	3.497	6.432	TRUE	TRUE	4.68	6						
2016.10.12	16:09:00.251			1	TRUE	5.329	4.0090	4.0133	3.502	6.444	TRUE	TRUE	5.02	6						
2016.10.12	16:09:00.688			0	TRUE	5.343	4.0115	4.0161	3.563	6.448	TRUE	TRUE	5.25	5						
2016.10.12	16:09:01.181			0	TRUE	5.350	4.0078	4.0218	3.557	6.445	TRUE	TRUE	4.91	6						
2016.10.12	16:09:01.661			1	TRUE	5.346	4.0110	4.0159	3.542	6.466	TRUE	TRUE	4.99	6						
2016.10.12	16:09:02.094			1	TRUE	5.348	4.0067	4.0090	3.539	6.428	TRUE	TRUE	4.82	6						
2016.10.12	16:09:02.570			0	TRUE	5.343	4.0011	4.0117	3.525	6.483	TRUE	TRUE	5.36	5						
2016.10.12	16:09:03.034			1	TRUE	5.357	4.0105	4.0118	3.557	6.449	TRUE	TRUE	4.89	6						
2016.10.12	16:09:03.498			1	TRUE	5.351	4.0106	4.0118	3.531	6.483	TRUE	TRUE	4.75	6						
2016.10.12	16:09:03.937			1	TRUE	5.343	4.0168	4.0195	3.517	6.452	TRUE	TRUE	5.18	6						
2016.10.12	16:09:04.396			1	TRUE	5.356	4.0104	4.0112	3.502	6.490	TRUE	TRUE	4.85	6						
2016.10.12	16:09:04.869			0	TRUE	5.354	4.0090	4.0157	3.538	6.470	TRUE	TRUE	5.05	5						
2016.10.12	16:09:05.323			1	TRUE	5.355	4.0063	4.0107	3.525	6.434	TRUE	TRUE	4.69	6						
2016.10.12	16:09:05.784			0	TRUE	5.347	4.0119	4.0210	3.473	6.445	TRUE	TRUE	5.47	6						
2016.10.12	16:09:06.259			0	TRUE	5.358	4.0044	4.0079	3.488	6.490	TRUE	TRUE	4.91	6						
2016.10.12	16:09:06.712			1	TRUE	5.355	4.0084	4.0153	3.550	6.439	TRUE	TRUE	5.03	6						
2016.10.12	16:09:07.179			1	TRUE	5.357	4.0111	4.0141	3.532	6.466	TRUE	TRUE	5.15	6						
2016.10.12	16:09:07.646			1	TRUE	5.354	4.0062	4.0164	3.526	6.485	TRUE	TRUE	4.70	6						
2016.10.12	16:09:08.108			1	TRUE	5.353	4.0117	4.0147	3.560	6.440	TRUE	TRUE	5.01	6						
2016.10.12	16:09:08.556			1	TRUE	5.352	4.0069	4.0116	3.556	6.445	TRUE	TRUE	4.79	6						
2016.10.12	16:09:09.011			0	TRUE	5.370	4.0113	4.0197	3.502	6.457	TRUE	TRUE	5.34	5						
2016.10.12	16:09:09.482			1	TRUE	5.361	4.0071	4.0108	3.529	6.434	TRUE	TRUE	4.73	6						
2016.10.12	16:09:09.910			1	TRUE	5.363	4.0058	4.0119	3.514	6.461	TRUE	TRUE	4.73	6						
2016.10.12	16:09:10.392			0	TRUE	5.352	4.0119	4.0149	3.487	6.465	FALSE	TRUE	4.69	6						
2016.10.12	16:09:10.860			1	TRUE	5.339	4.0092	4.0131	3.548	6.476	TRUE	TRUE	5.02	6						
2016.10.12	16:09:11.327			1	TRUE	5.345	4.0113	4.0139	3.528	6.517	TRUE	TRUE	4.97	6						
2016.10.12	16:09:11.762			1	TRUE	5.354	4.0092	4.0110	3.513	6.457	TRUE	TRUE	4.98	6						
2016.10.12	16:09:12.260			1	TRUE	5.355	4.0109	4.0151	3.506	6.460	TRUE	TRUE	4.75	6						
2016.10.12	16:09:12.712			0	TRUE	5.350	4.0044	4.0183	3.566	6.464	TRUE	TRUE	4.96	6						
2016.10.12	16:09:13.180			1	TRUE	5.337	4.0109	4.0117	3.523	6.468	TRUE	TRUE	5.25	6						
2016.10.12	16:09:13.623			1	TRUE	5.348	4.0059	4.0084	3.505	6.469	TRUE	TRUE	4.95	6						
2016.10.12	16:09:14.088			0	TRUE	5.350	4.0069	4.0092	3.516	6.465	FALSE	TRUE	4.99	6						
2016.10.12	16:09:14.551			0	TRUE	5.343	4.0041	4.0131	3.555	6.415	TRUE	TRUE	4.97	6						
2016.10.12	16:09:15.007			1	TRUE	5.351	4.0117	4.0158	3.524	6.448	TRUE	TRUE	4.74	6						
2016.10.12	16:09:15.462			0	TRUE	5.343	4.0080	4.0185	3.538	6.466	TRUE	TRUE	6.14	1						
2016.10.12	16:09:15.923			0	TRUE	5.346	4.0058	4.0095	3.481	6.511	FALSE	TRUE	4.85	6						
2016.10.12	16:09:16.399			1	TRUE	5.361	4.0083	4.0075	3.512	6.494	TRUE	TRUE	5.30	6						
2016.10.12	16:09:16.859			1	TRUE	5.353	4.0092	4.0064	3.543	6.492	TRUE	TRUE	4.90	6						
2016.10.12	16:09:17.283			0	TRUE	5.348	4.0048	4.0100	3.550	6.448	TRUE	TRUE	4.84	6						
2016.10.12	16:09:17.784			0	TRUE	5.354	4.0021	4.0022	3.507	6.462	TRUE	TRUE	4.98	6						
2016.10.12	16:09:18.255			1	TRUE	5.335	4.0067	4.0159	3.556	6.449	TRUE	TRUE	5.01	6						
2016.10.12	16:09:18.666			1	TRUE	5.362	4.0127	4.0139	3.511	6.468	TRUE	TRUE	4.89	6						
2016.10.12	16:09:19.140			1	TRUE	5.345	4.0098	4.0134	3.466	6.493	TRUE	TRUE	5.04	6						
2016.10.12	16:09:19.615			1	TRUE	5.350	4.0079	4.0100	3.500	6.508	TRUE	TRUE	4.95	6						
2016.10.12	16:09:20.090			0	TRUE	5.351	4.0056	4.0164	3.540	6.426	FALSE	TRUE	4.88	6						
2016.10.12	16:09:20.533			1	TRUE	5.333	4.0134	4.0170	3.491	6.496	TRUE	TRUE	5.02	6						
2016.10.12	16:09:20.995			0	TRUE	5.354	4.0099	4.0159	3.574	6.408	TRUE	TRUE	5.51	3						
2016.10.12	16:09:21.466			0	TRUE	5.354	4.0148	4.0163	3.553	6.475	FALSE	TRUE	4.74	6						
2016.10.12	16:09:21.917			1	TRUE	5.348	4.0071	4.0136	3.526	6.507	TRUE	TRUE	4.98	6						
2016.10.12	16:09:22.393			1	TRUE	5.352	4.0066	4.0098	3.551	6.429	TRUE	TRUE	4.68	6						
2016.10.12	16:09:22.845			1	TRUE	5.357	4.0071	4.0193	3.534	6.464	TRUE	TRUE	4.84	6						
2016.10.12	16:09:23.310			1	TRUE	5.347	4.0085	4.0104	3.556	6.453	TRUE	TRUE	4.96	6						
2016.10.12	16:09:23.768			0	TRUE	5.348	4.0017	4.0087	3.556	6.486	TRUE	TRUE	4.74	6						
2016.10.12	16:09:24.241			0	TRUE	5.353	4.0099	4.0220	3.504	6.431	TRUE	TRUE	4.79	6						
2016.10.12	16:09:24.703			1	TRUE	5.353	4.0105	4.0169	3.529	6.446	TRUE	TRUE	4.87	6						
2016.10.12	16:09:25.148			0	TRUE	5.362	3.9978	4.0116	3.515	6.474	TRUE	TRUE	4.98	6						
2016.10.12	16:09:25.631			1	TRUE	5.352	4.0099	4.0143	3.544	6.469	TRUE	TRUE	4.78	6						
2016.10.12	16:09:26.070			1	TRUE	5.354	4.0098	4.0086	3.516	6.459	TRUE	TRUE	4.90	6						
2016.10.12	16:09:26.525			1	TRUE	5.350	4.0142	4.0152	3.509	6.447	TRUE	TRUE	4.96	6						
