2016.10.12	11:00:00.138			1	TRUE	5.360	4.0072	4.0147	3.488	6.468	TRUE	TRUE	5.29	6						
2016.10.12	11:00:00.591			0	TRUE	5.356	4.0032	4.0211	3.551	6.440	TRUE	TRUE	4.82	6						
2016.10.12	11:00:01.050			1	TRUE	5.365	4.0051	4.0093	3.547	6.448	TRUE	TRUE	4.89	6						
2016.10.12	11:00:01.503			1	TRUE	5.353	4.0106	4.0129	3.538	6.458	TRUE	TRUE	5.20	6						
2016.10.12	11:00:01.977			1	TRUE	5.361	4.0087	4.0162	3.551	6.431	TRUE	TRUE	4.70	6						
2016.10.12	11:00:02.409			1	TRUE	5.354	4.0118	4.0180	3.570	6.450	TRUE	TRUE	4.87	6						
2016.10.12	11:00:02.886			1	TRUE	5.356	4.0083	4.0105	3.539	6.429	TRUE	TRUE	4.77	6						
2016.10.12	11:00:03.334			1	TRUE	5.338	4.0053	4.0101	3.551	6.478	TRUE	TRUE	4.73	6						
2016.10.12	11:00:03.807			1	TRUE	5.336	4.0068	4.0096	3.491	6.465	TRUE	TRUE	4.89	6						
2016.10.12	11:00:04.251			1	TRUE	5.351	4.0107	4.0144	3.541	6.442	TRUE	TRUE	4.67	6						
2016.10.12	11:00:04.705			1	TRUE	5.354	4.0091	4.0121	3.517	6.455	TRUE	TRUE	4.75	6						
2016.10.12	11:00:05.198			1	TRUE	5.352	4.0093	4.0144	3.549	6.441	TRUE	TRUE	4.70	6						
2016.10.12	11:00:05.651			0	TRUE	5.350	4.0058	4.0201	3.514	6.422	TRUE	TRUE	4.79	6						
2016.10.12	11:00:06.104			0	TRUE	5.347	4.0024	4.0086	3.513	6.475	TRUE	TRUE	5.01	6						
2016.10.12	11:00:06.586			0	TRUE	5.352	4.0028	4.0174	3.534	6.441	TRUE	TRUE	4.85	6						
2016.10.12	11:00:07.045			1	TRUE	5.344	4.0135	4.0138	3.502	6.429	TRUE	TRUE	4.81	6						
2016.10.12	11:00:07.505			1	TRUE	5.351	4.0125	4.0152	3.530	6.443	TRUE	TRUE	4.62	6						
2016.10.12	11:00:07.949			1	TRUE	5.344	4.0063	4.0111	3.546	6.461	TRUE	TRUE	4.75	6						
2016.10.12	11:00:08.420			1	TRUE	5.349	4.0080	4.0109	3.557	6.468	TRUE	TRUE	4.76	6						
2016.10.12	11:00:08.864			0	TRUE	5.354	4.0039	4.0128	3.503	6.510	TRUE	TRUE	4.84	6						
2016.10.12	11:00:09.345			1	TRUE	5.360	4.0085	4.0187	3.520	6.438	TRUE	TRUE	4.80	6						
2016.10.12	11:00:09.792			0	TRUE	5.344	4.0042	4.0088	3.510	6.475	TRUE	TRUE	4.92	6						
2016.10.12	11:00:10.260			0	TRUE	5.343	4.0037	4.0120	3.519	6.480	TRUE	TRUE	5.58	5						
2016.10.12	11:00:10.705			1	TRUE	5.346	4.0088	4.0155	3.528	6.442	TRUE	TRUE	5.05	6						
2016.10.12	11:00:11.208			1	TRUE	5.344	4.0120	4.0162	3.563	6.498	TRUE	TRUE	4.71	6						
2016.10.12	11:00:11.636			1	TRUE	5.354	4.0067	4.0184	3.567	6.427	TRUE	TRUE	4.85	6						
2016.10.12	11:00:12.076			0	TRUE	5.339	4.0058	4.0102	3.544	6.469	FALSE	TRUE	4.85	6						
2016.10.12	11:00:12.588			0	TRUE	5.354	3.9974	4.0151	3.541	6.495	TRUE	TRUE	4.72	6						
2016.10.12	11:00:13.037			1	TRUE	5.359	4.0084	4.0115	3.551	6.486	TRUE	TRUE	4.85	6						
2016.10.12	11:00:13.467			1	TRUE	5.345	4.0085	4.0176	3.557	6.451	TRUE	TRUE	5.31	6						
2016.10.12	11:00:13.953			0	TRUE	5.342	4.0033	4.0144	3.486	6.475	TRUE	TRUE	4.88	6						
2016.10.12	11:00:14.413			0	TRUE	5.357	4.0117	4.0139	3.520	6.485	FALSE	TRUE	4.97	6						
2016.10.12	11:00:14.853			1	TRUE	5.341	4.0085	4.0120	3.508	6.485	TRUE	TRUE	4.70	6						
2016.10.12	11:00:15.325			1	TRUE	5.354	4.0092	4.0178	3.559	6.451	TRUE	TRUE	5.05	6						
2016.10.12	11:00:15.795			1	TRUE	5.330	4.0101	4.0134	3.483	6.476	TRUE	TRUE	4.84	6						
2016.10.12	11:00:16.253			1	TRUE	5.348	4.0100	4.0121	3.560	6.453	TRUE	TRUE	4.91	6						
2016.10.12	11:00:16.779			1	TRUE	5.360	4.0098	4.0118	3.529	6.444	TRUE	TRUE	4.51	6						
2016.10.12	11:00:17.638			0	TRUE	5.350	4.0023	4.0171	3.554	6.505	TRUE	TRUE	4.91	6						
2016.10.12	11:00:18.079			1	TRUE	5.357	4.0095	4.0080	3.508	6.490	TRUE	TRUE	4.84	6						
2016.10.12	11:00:18.560			1	TRUE	5.356	4.0120	4.0153	3.539	6.471	TRUE	TRUE	5.04	6						
2016.10.12	11:00:19.029			1	TRUE	5.350	4.0072	4.0152	3.534	6.448	TRUE	TRUE	4.90	6						
2016.10.12	11:00:19.485			1	TRUE	5.343	4.0117	4.0191	3.556	6.463	TRUE	TRUE	4.95	6						
2016.10.12	11:00:19.939			1	TRUE	5.353	4.0100	4.0117	3.537	6.430	TRUE	TRUE	4.89	6						
2016.10.12	11:00:20.398			1	TRUE	5.355	4.0108	4.0166	3.538	6.471	TRUE	TRUE	5.05	6						
2016.10.12	11:00:20.870			1	TRUE	5.355	4.0087	4.0130	3.511	6.514	TRUE	TRUE	4.84	6						
2016.10.12	11:00:21.331			0	TRUE	5.350	4.0016	4.0038	3.533	6.463	TRUE	TRUE	4.93	6						
2016.10.12	11:00:21.795			1	TRUE	5.360	4.0089	4.0123	3.508	6.437	TRUE	TRUE	4.86	6						
2016.10.12	11:00:22.269			1	TRUE	5.346	4.0120	4.0156	3.537	6.481	TRUE	TRUE	5.02	6						
2016.10.12	11:00:22.701			1	TRUE	5.353	4.0107	4.0145	3.540	6.455	TRUE	TRUE	5.03	6						
2016.10.12	11:00:23.185			0	TRUE	5.344	4.0025	4.0138	3.535	6.461	TRUE	TRUE	4.82	6						
2016.10.12	11:00:23.633			0	TRUE	5.352	4.0040	4.0121	3.510	6.449	TRUE	TRUE	4.77	6						
2016.10.12	11:00:24.088			1	TRUE	5.361	4.0082	4.0194	3.475	6.460	TRUE	TRUE	4.95	6						
2016.10.12	11:00:24.576			1	TRUE	5.349	4.0076	4.0126	3.482	6.488	TRUE	TRUE	5.11	6						
2016.10.12	11:00:24.997			1	TRUE	5.354	4.0085	4.0123	3.568	6.450	TRUE	TRUE	4.83	6						
2016.10.12	11:00:25.485			1	TRUE	5.342	4.0059	4.0196	3.549	6.439	TRUE	TRUE	4.85	6						
2016.10.12	11:00:25.944			1	TRUE	5.361	4.0125	4.0163	3.534	6.447	TRUE	TRUE	4.73	6						
2016.10.12	11:00:26.422			1	TRUE	5.352	4.0102	4.0148	3.531	6.502	TRUE	TRUE	4.91	6						
2016.10.12	11:00:26.855			1	TRUE	5.356	4.0090	4.0152	3.517	6.475	TRUE	TRUE	4.85	6						
2016.10.12	11:00:27.323			1	TRUE	5.349	4.0091	4.0111	3.534	6.486	TRUE	TRUE	4.84	6						
2016.10.12	11:00:27.798			1	TRUE	5.349	4.0051	4.0153	3.549	6.443	TRUE	TRUE	4.98	6						
2016.10.12	11:00:28.253			1	TRUE	5.348	4.0106	4.0121	3.518	6.472	TRUE	TRUE	4.82	6						
2016.10.12	11:00:28.719			1	TRUE	5.363	4.0061	4.0105	3.514	6.437	TRUE	TRUE	5.02	6						
2016.10.12	11:00:29.154			0	TRUE	5.352	4.0062	4.0203	3.544	6.494	TRUE	TRUE	4.87	6						
2016.10.12	11:00:29.619			1	TRUE	5.350	4.0083	4.0112	3.507	6.466	TRUE	TRUE	4.86	6						
2016.10.12	11:00:30.056			0	TRUE	5.349	4.0037	4.0082	3.510	6.468	TRUE	TRUE	4.88	6						
2016.10.12	11:00:30.534			0	TRUE	5.338	4.0031	4.0163	3.564	6.461	TRUE	TRUE	5.46	5						
2016.10.12	11:00:31.017			1	TRUE	5.354	4.0082	4.0093	3.549	6.452	TRUE	TRUE	4.87	6						
2016.10.12	11:00:31.492			0	TRUE	5.348	4.0040	4.0183	3.522	6.501	TRUE	TRUE	4.70	6						
2016.10.12	11:00:31.981			1	TRUE	5.353	4.0114	4.0160	3.512	6.464	TRUE	TRUE	4.91	6						
2016.10.12	11:00:32.839			1	TRUE	5.345	4.0100	4.0149	3.494	6.484	TRUE	TRUE	4.75	6						
2016.10.12	11:00:33.324			1	TRUE	5.353	4.0113	4.0138	3.516	6.471	TRUE	TRUE	4.68	6						
2016.10.12	11:00:33.779			1	TRUE	5.353	4.0071	4.0111	3.557	6.444	TRUE	TRUE	4.81	6						
2016.10.12	11:00:34.229			1	TRUE	5.373	4.0084	4.0113	3.479	6.503	TRUE	TRUE	4.84	6						
2016.10.12	11:00:34.650			1	TRUE	5.348	4.0132	4.0133	3.482	6.446	TRUE	TRUE	4.88	6						
2016.10.12	11:00:35.163			1	TRUE	5.347	4.0130	4.0157	3.522	6.456	TRUE	TRUE	4.75	6						
2016.10.12	11:00:35.628			0	TRUE	5.352	4.0029	4.0088	3.554	6.512	TRUE	TRUE	4.75	6						
2016.10.12	11:00:36.030			0	TRUE	5.362	4.0086	4.0124	3.549	6.473	FALSE	TRUE	4.98	6						
2016.10.12	11:00:36.535			1	TRUE	5.352	4.0071	4.0173	3.493	6.482	TRUE	TRUE	4.82	6						
2016.10.12	11:00:37.002			1	TRUE	5.351	4.0116	4.0155	3.507	6.480	TRUE	TRUE	4.92	6						
2016.10.12	11:00:37.468			1	TRUE	5.340	4.0075	4.0127	3.502	6.502	TRUE	TRUE	4.75	6						
2016.10.12	11:00:37.915			0	TRUE	5.339	4.0037	4.0077	3.508	6.450	TRUE	TRUE	5.13	6						
2016.10.12	11:00:38.398			0	TRUE	5.353	4.0045	4.0201	3.522	6.471	TRUE	TRUE	4.90	6						
2016.10.12	11:00:38.852			1	TRUE	5.354	4.0084	4.0099	3.530	6.483	TRUE	TRUE	5.05	6						
2016.10.12	11:00:39.268			0	TRUE	5.328	4.0072	4.0209	3.588	6.457	TRUE	TRUE	4.89	6						
2016.10.12	11:00:39.776			1	TRUE	5.358	4.0146	4.0164	3.541	6.461	TRUE	TRUE	4.94	6						
2016.10.12	11:00:40.239			1	TRUE	5.357	4.0082	4.0139	3.512	6.481	TRUE	TRUE	4.88	6						
2016.10.12	11:00:40.687			1	TRUE	5.338	4.0113	4.0147	3.495	6.475	TRUE	TRUE	4.80	6						
2016.10.12	11:00:41.169			1	TRUE	5.347	4.0125	4.0191	3.503	6.509	TRUE	TRUE	4.87	6						
2016.10.12	11:00:41.606			0	TRUE	5.344	4.0062	4.0107	3.517	6.476	FALSE	TRUE	4.83	6						
2016.10.12	11:00:42.043			0	TRUE	5.358	4.0172	4.0223	3.532	6.487	TRUE	TRUE	5.24	6						
2016.10.12	11:00:42.540			1	TRUE	5.345	4.0114	4.0177	3.536	6.443	TRUE	TRUE	4.89	6						
2016.10.12	11:00:42.989			0	TRUE	5.349	4.0012	4.0116	3.520	6.484	TRUE	TRUE	4.96	6						
2016.10.12	11:00:43.447			0	TRUE	5.343	4.0036	4.0105	3.506	6.492	TRUE	TRUE	4.74	6						
2016.10.12	11:00:43.895			0	TRUE	5.349	4.0039	4.0154	3.536	6.454	TRUE	TRUE	4.83	6						
2016.10.12	11:00:44.388			0	TRUE	5.359	4.0037	4.0170	3.553	6.416	TRUE	TRUE	4.82	6						
2016.10.12	11:00:44.833			1	TRUE	5.350	4.0126	4.0139	3.483	6.478	TRUE	TRUE	4.76	6						
2016.10.12	11:00:45.282			1	TRUE	5.347	4.0094	4.0123	3.566	6.452	TRUE	TRUE	4.82	6						
2016.10.12	11:00:45.765			1	TRUE	5.341	4.0133	4.0173	3.511	6.497	TRUE	TRUE	4.78	6						
2016.10.12	11:00:46.223			0	TRUE	5.342	4.0005	4.0123	3.475	6.493	TRUE	TRUE	4.73	6						
2016.10.12	11:00:46.674			1	TRUE	5.353	4.0085	4.0084	3.547	6.459	TRUE	TRUE	4.77	6						
2016.10.12	11:00:47.123			1	TRUE	5.354	4.0122	4.0145	3.527	6.469	TRUE	TRUE	5.00	6						
2016.10.12	11:00:47.593			1	TRUE	5.355	4.0089	4.0113	3.539	6.485	TRUE	TRUE	4.85	6						
2016.10.12	11:00:48.064			1	TRUE	5.353	4.0058	4.0075	3.492	6.466	TRUE	TRUE	4.73	6						
2016.10.12	11:00:48.524			0	TRUE	5.349	4.0041	4.0080	3.549	6.482	TRUE	TRUE	4.86	6						
2016.10.12	11:00:49.003			1	TRUE	5.345	4.0094	4.0160	3.553	6.479	TRUE	TRUE	4.98	6						
2016.10.12	11:00:49.452			1	TRUE	5.350	4.0116	4.0163	3.540	6.467	TRUE	TRUE	4.91	6						
2016.10.12	11:00:49.884			1	TRUE	5.343	4.0090	4.0079	3.469	6.489	TRUE	TRUE	4.94	6						
2016.10.12	11:00:50.380			1	TRUE	5.356	4.0097	4.0141	3.465	6.487	TRUE	TRUE	5.02	6						
2016.10.12	11:00:50.853			0	TRUE	5.347	4.0039	4.0060	3.548	6.459	TRUE	TRUE	4.63	6						
2016.10.12	11:00:51.289			1	TRUE	5.360	4.0104	4.0120	3.506	6.474	TRUE	TRUE	4.87	6						
2016.10.12	11:00:51.744			0	TRUE	5.348	3.9978	4.0067	3.551	6.491	TRUE	TRUE	4.88	6						
2016.10.12	11:00:52.218			1	TRUE	5.349	4.0120	4.0135	3.540	6.454	TRUE	TRUE	4.87	6						
2016.10.12	11:00:52.671			1	TRUE	5.349	4.0108	4.0154	3.527	6.473	TRUE	TRUE	4.86	6						
2016.10.12	11:00:53.137			1	TRUE	5.343	4.0116	4.0177	3.539	6.440	TRUE	TRUE	4.81	6						
2016.10.12	11:00:53.591			1	TRUE	5.351	4.0107	4.0137	3.518	6.442	TRUE	TRUE	5.01	6						
2016.10.12	11:00:54.069			0	TRUE	5.350	4.0102	4.0182	3.550	6.437	FALSE	TRUE	4.89	6						
2016.10.12	11:00:54.488			1	TRUE	5.349	4.0108	4.0164	3.595	6.471	TRUE	TRUE	5.13	6						
2016.10.12	11:00:54.994			1	TRUE	5.344	4.0078	4.0143	3.553	6.447	TRUE	TRUE	4.87	6						
2016.10.12	11:00:55.438			0	TRUE	5.344	4.0046	4.0046	3.488	6.468	TRUE	TRUE	4.71	6						
2016.10.12	11:00:55.901			1	TRUE	5.345	4.0087	4.0181	3.507	6.486	TRUE	TRUE	4.77	6						
2016.10.12	11:00:56.365			1	TRUE	5.356	4.0116	4.0149	3.534	6.474	TRUE	TRUE	4.88	6						
2016.10.12	11:00:56.820			1	TRUE	5.358	4.0102	4.0112	3.536	6.457	TRUE	TRUE	4.84	6						
2016.10.12	11:00:57.284			1	TRUE	5.341	4.0068	4.0149	3.500	6.475	TRUE	TRUE	4.94	6						
2016.10.12	11:00:57.733			1	TRUE	5.345	4.0084	4.0194	3.585	6.451	TRUE	TRUE	4.85	6						
2016.10.12	11:00:58.209			1	TRUE	5.367	4.0093	4.0153	3.546	6.509	TRUE	TRUE	4.88	6						
2016.10.12	11:00:58.658			1	TRUE	5.346	4.0063	4.0107	3.523	6.514	TRUE	TRUE	4.78	6						
2016.10.12	11:00:59.117			1	TRUE	5.349	4.0126	4.0127	3.514	6.500	TRUE	TRUE	4.90	6						
2016.10.12	11:00:59.592			1	TRUE	5.359	4.0064	4.0120	3.519	6.486	TRUE	TRUE	4.94	6						
2016.10.12	11:01:00.046			1	TRUE	5.353	4.0115	4.0117	3.484	6.472	TRUE	TRUE	4.80	6						
2016.10.12	11:01:00.516			0	TRUE	5.334	4.0046	4.0063	3.546	6.465	TRUE	TRUE	4.94	6						
2016.10.12	11:01:00.977			0	TRUE	5.363	4.0016	4.0098	3.539	6.470	TRUE	TRUE	4.88	6						
2016.10.12	11:01:01.435			1	TRUE	5.358	4.0054	4.0126	3.533	6.468	TRUE	TRUE	4.89	6						
2016.10.12	11:01:01.872			0	TRUE	5.349	4.0088	4.0234	3.537	6.458	TRUE	TRUE	4.86	6						
2016.10.12	11:01:02.356			0	TRUE	5.354	4.0063	4.0245	3.524	6.489	TRUE	TRUE	4.88	6						
2016.10.12	11:01:02.815			1	TRUE	5.352	4.0050	4.0072	3.487	6.486	TRUE	TRUE	4.75	6						
2016.10.12	11:01:03.271			1	TRUE	5.337	4.0098	4.0110	3.500	6.437	TRUE	TRUE	4.75	6						
2016.10.12	11:01:03.735			1	TRUE	5.345	4.0083	4.0113	3.541	6.481	TRUE	TRUE	4.81	6						
2016.10.12	11:01:04.219			0	TRUE	5.346	4.0034	4.0157	3.547	6.470	TRUE	TRUE	4.81	6						
2016.10.12	11:01:05.123			0	TRUE	5.358	4.0047	4.0077	3.484	6.480	TRUE	TRUE	4.56	6						
2016.10.12	11:01:05.577			1	TRUE	5.343	4.0060	4.0120	3.513	6.473	TRUE	TRUE	4.78	6						
2016.10.12	11:01:06.042			0	TRUE	5.353	4.0044	4.0112	3.554	6.492	TRUE	TRUE	4.87	6						
2016.10.12	11:01:06.474			1	TRUE	5.354	4.0086	4.0134	3.486	6.479	TRUE	TRUE	4.76	6						
2016.10.12	11:01:06.965			0	TRUE	5.353	4.0115	4.0150	3.509	6.469	TRUE	TRUE	4.43	5						
2016.10.12	11:01:07.430			0	TRUE	5.341	4.0042	4.0115	3.554	6.464	TRUE	TRUE	4.95	6						
2016.10.12	11:01:07.889			0	TRUE	5.356	4.0067	4.0221	3.563	6.428	TRUE	TRUE	4.76	6						
2016.10.12	11:01:08.336			1	TRUE	5.354	4.0092	4.0155	3.553	6.485	TRUE	TRUE	4.92	6						
2016.10.12	11:01:08.800			1	TRUE	5.368	4.0055	4.0172	3.508	6.439	TRUE	TRUE	4.89	6						
2016.10.12	11:01:09.250			1	TRUE	5.352	4.0114	4.0151	3.516	6.470	TRUE	TRUE	4.94	6						
2016.10.12	11:01:09.739			1	TRUE	5.353	4.0105	4.0141	3.505	6.461	TRUE	TRUE	5.05	6						
2016.10.12	11:01:10.201			1	TRUE	5.344	4.0087	4.0081	3.546	6.472	TRUE	TRUE	4.89	6						
2016.10.12	11:01:10.642			1	TRUE	5.357	4.0126	4.0158	3.547	6.465	TRUE	TRUE	4.90	6						
2016.10.12	11:01:11.084			1	TRUE	5.332	4.0061	4.0126	3.541	6.467	TRUE	TRUE	4.97	6						
2016.10.12	11:01:11.594			1	TRUE	5.350	4.0070	4.0164	3.551	6.460	TRUE	TRUE	4.90	6						
2016.10.12	11:18:50.941			1	TRUE	5.350	4.0073	4.0137	3.555	6.505	TRUE	TRUE	5.22	6						
2016.10.12	11:18:51.421			0	TRUE	5.348	4.0063	4.0214	3.574	6.483	TRUE	TRUE	4.99	6						
2016.10.12	11:18:51.867			1	TRUE	5.340	4.0092	4.0131	3.516	6.468	TRUE	TRUE	4.85	6						
2016.10.12	11:18:52.351			1	TRUE	5.348	4.0073	4.0090	3.531	6.443	TRUE	TRUE	4.78	6						
2016.10.12	11:18:52.794			1	TRUE	5.348	4.0070	4.0120	3.551	6.466	TRUE	TRUE	4.87	6						
2016.10.12	11:18:53.248			0	TRUE	5.355	4.0041	4.0085	3.514	6.470	TRUE	TRUE	4.97	6						
2016.10.12	11:18:53.728			1	TRUE	5.356	4.0078	4.0151	3.511	6.479	TRUE	TRUE	4.79	6						
2016.10.12	11:18:54.201			1	TRUE	5.343	4.0086	4.0096	3.510	6.459	TRUE	TRUE	4.78	6						
2016.10.12	11:18:54.638			1	TRUE	5.349	4.0057	4.0163	3.531	6.444	TRUE	TRUE	5.06	6						
2016.10.12	11:18:55.067			1	TRUE	5.351	4.0068	4.0181	3.564	6.448	TRUE	TRUE	4.84	6						
2016.10.12	11:18:55.586			1	TRUE	5.337	4.0078	4.0121	3.510	6.449	TRUE	TRUE	4.88	6						
2016.10.12	11:18:56.013			0	TRUE	5.353	4.0082	4.0205	3.537	6.436	TRUE	TRUE	4.86	6						
2016.10.12	11:18:56.504			1	TRUE	5.342	4.0101	4.0131	3.511	6.493	TRUE	TRUE	4.95	6						
2016.10.12	11:18:56.957			0	TRUE	5.349	4.0046	4.0182	3.541	6.435	TRUE	TRUE	4.88	6						
2016.10.12	11:18:57.401			1	TRUE	5.357	4.0086	4.0104	3.493	6.518	TRUE	TRUE	4.92	6						
2016.10.12	11:18:57.875			1	TRUE	5.338	4.0059	4.0061	3.494	6.477	TRUE	TRUE	4.90	6						
2016.10.12	11:18:58.325			0	TRUE	5.347	4.0020	4.0068	3.516	6.459	TRUE	TRUE	5.13	6						
2016.10.12	11:18:58.798			1	TRUE	5.350	4.0068	4.0117	3.525	6.465	TRUE	TRUE	4.90	6						
2016.10.12	11:18:59.244			1	TRUE	5.349	4.0098	4.0141	3.477	6.485	TRUE	TRUE	5.03	6						
2016.10.12	11:18:59.729			1	TRUE	5.351	4.0063	4.0100	3.465	6.488	TRUE	TRUE	4.71	6						
2016.10.12	11:19:00.195			1	TRUE	5.351	4.0073	4.0149	3.515	6.498	TRUE	TRUE	4.86	6						
2016.10.12	11:19:00.626			0	TRUE	5.355	4.0018	4.0143	3.528	6.452	TRUE	TRUE	5.16	6						
2016.10.12	11:19:01.063			1	TRUE	5.357	4.0112	4.0157	3.540	6.505	TRUE	TRUE	4.89	6						
2016.10.12	11:19:01.578			1	TRUE	5.342	4.0058	4.0090	3.490	6.445	TRUE	TRUE	4.88	6						
2016.10.12	11:19:02.006			0	TRUE	5.358	4.0036	4.0106	3.526	6.490	TRUE	TRUE	4.88	6						
2016.10.12	11:19:02.496			0	TRUE	5.349	4.0042	4.0171	3.535	6.459	TRUE	TRUE	4.81	6						
2016.10.12	11:19:02.923			0	TRUE	5.351	4.0040	4.0176	3.575	6.428	TRUE	TRUE	4.90	6						
2016.10.12	11:19:03.415			1	TRUE	5.350	4.0087	4.0144	3.531	6.485	TRUE	TRUE	5.01	6						
2016.10.12	11:19:03.869			0	TRUE	5.354	4.0043	4.0217	3.533	6.439	TRUE	TRUE	4.85	6						
2016.10.12	11:19:04.326			1	TRUE	5.343	4.0077	4.0097	3.530	6.474	TRUE	TRUE	5.00	6						
2016.10.12	11:19:04.783			1	TRUE	5.343	4.0056	4.0114	3.524	6.500	TRUE	TRUE	4.76	6						
2016.10.12	11:19:05.249			0	TRUE	5.343	4.0041	4.0103	3.508	6.465	TRUE	TRUE	4.83	6						
2016.10.12	11:19:05.676			0	TRUE	5.351	4.0028	4.0046	3.509	6.451	TRUE	TRUE	4.84	6						
2016.10.12	11:19:06.158			1	TRUE	5.364	4.0092	4.0139	3.504	6.467	TRUE	TRUE	4.83	6						
2016.10.12	11:19:06.632			0	TRUE	5.339	4.0023	4.0055	3.538	6.473	TRUE	TRUE	4.84	6						
2016.10.12	11:19:07.052			1	TRUE	5.373	4.0105	4.0143	3.535	6.485	TRUE	TRUE	4.71	6						
2016.10.12	11:19:07.571			0	TRUE	5.343	4.0040	4.0163	3.523	6.478	TRUE	TRUE	4.91	6						
2016.10.12	11:19:08.011			1	TRUE	5.350	4.0080	4.0116	3.484	6.464	TRUE	TRUE	4.80	6						
2016.10.12	11:19:08.470			1	TRUE	5.343	4.0125	4.0123	3.491	6.484	TRUE	TRUE	4.94	6						
2016.10.12	11:19:08.936			1	TRUE	5.349	4.0071	4.0107	3.522	6.463	TRUE	TRUE	5.24	6						
2016.10.12	11:19:09.407			1	TRUE	5.341	4.0083	4.0131	3.501	6.473	TRUE	TRUE	4.75	6						
2016.10.12	11:19:09.853			0	TRUE	5.343	4.0020	4.0088	3.571	6.477	TRUE	TRUE	4.96	6						
2016.10.12	11:19:10.312			1	TRUE	5.349	4.0097	4.0167	3.569	6.497	TRUE	TRUE	4.94	6						
2016.10.12	11:19:10.788			1	TRUE	5.346	4.0095	4.0136	3.532	6.478	TRUE	TRUE	4.80	6						
2016.10.12	11:19:11.227			0	TRUE	5.347	4.0008	4.0094	3.552	6.475	TRUE	TRUE	4.84	6						
2016.10.12	11:19:11.702			1	TRUE	5.347	4.0137	4.0191	3.544	6.499	TRUE	TRUE	5.01	6						
2016.10.12	11:19:12.159			1	TRUE	5.352	4.0112	4.0135	3.500	6.472	TRUE	TRUE	4.75	6						
2016.10.12	11:19:12.623			1	TRUE	5.350	4.0056	4.0126	3.552	6.459	TRUE	TRUE	4.63	6						
2016.10.12	11:19:13.068			0	TRUE	5.352	4.0037	4.0089	3.508	6.434	TRUE	TRUE	5.28	6						
2016.10.12	11:19:13.535			1	TRUE	5.351	4.0136	4.0138	3.515	6.451	TRUE	TRUE	4.64	6						
2016.10.12	11:19:13.997			0	TRUE	5.349	4.0048	4.0197	3.555	6.476	TRUE	TRUE	5.08	6						
2016.10.12	11:19:14.481			1	TRUE	5.356	4.0064	4.0089	3.548	6.463	TRUE	TRUE	5.09	6						
2016.10.12	11:19:14.907			1	TRUE	5.349	4.0076	4.0102	3.512	6.478	TRUE	TRUE	4.97	6						
2016.10.12	11:19:15.394			0	TRUE	5.347	4.0029	4.0156	3.546	6.479	TRUE	TRUE	4.92	6						
2016.10.12	11:19:15.854			1	TRUE	5.349	4.0056	4.0126	3.506	6.468	TRUE	TRUE	4.91	6						
2016.10.12	11:19:16.317			1	TRUE	5.342	4.0081	4.0118	3.508	6.464	TRUE	TRUE	4.77	6						
2016.10.12	11:19:16.790			1	TRUE	5.347	4.0096	4.0140	3.566	6.416	TRUE	TRUE	5.06	6						
2016.10.12	11:19:17.211			1	TRUE	5.356	4.0128	4.0132	3.526	6.434	TRUE	TRUE	5.17	6						
2016.10.12	11:19:17.643			1	TRUE	5.363	4.0116	4.0130	3.536	6.499	TRUE	TRUE	4.79	6						
2016.10.12	11:19:18.162			1	TRUE	5.350	4.0104	4.0141	3.529	6.485	TRUE	TRUE	4.88	6						
2016.10.12	11:19:18.611			1	TRUE	5.341	4.0069	4.0116	3.507	6.426	TRUE	TRUE	4.82	6						
2016.10.12	11:19:19.069			1	TRUE	5.349	4.0133	4.0142	3.508	6.438	TRUE	TRUE	4.91	6						
2016.10.12	11:19:19.510			1	TRUE	5.351	4.0092	4.0098	3.518	6.450	TRUE	TRUE	4.96	6						
2016.10.12	11:19:20.001			0	TRUE	5.357	4.0082	4.0149	3.530	6.436	FALSE	TRUE	4.84	6						
2016.10.12	11:19:20.437			1	TRUE	5.356	4.0107	4.0164	3.519	6.431	TRUE	TRUE	4.85	6						
2016.10.12	11:19:20.924			0	TRUE	5.353	4.0088	4.0179	3.566	6.472	FALSE	TRUE	4.82	6						
2016.10.12	11:19:21.370			0	TRUE	5.350	4.0133	4.0155	3.550	6.447	TRUE	TRUE	5.36	5						
2016.10.12	11:19:21.837			1	TRUE	5.353	4.0078	4.0104	3.552	6.434	TRUE	TRUE	4.84	6						
2016.10.12	11:19:22.283			1	TRUE	5.357	4.0094	4.0123	3.514	6.465	TRUE	TRUE	5.12	6						
2016.10.12	11:19:22.781			1	TRUE	5.347	4.0081	4.0111	3.536	6.456	TRUE	TRUE	4.70	6						
2016.10.12	11:19:23.226			1	TRUE	5.350	4.0110	4.0170	3.527	6.436	TRUE	TRUE	4.96	6						
2016.10.12	11:19:23.678			1	TRUE	5.359	4.0084	4.0147	3.532	6.460	TRUE	TRUE	5.09	6						
2016.10.12	11:19:24.161			1	TRUE	5.352	4.0114	4.0119	3.563	6.452	TRUE	TRUE	4.61	6						
2016.10.12	11:19:24.583			1	TRUE	5.352	4.0067	4.0096	3.529	6.450	TRUE	TRUE	4.85	6						
2016.10.12	11:19:25.050			0	TRUE	5.344	4.0041	4.0071	3.486	6.454	TRUE	TRUE	4.83	6						
2016.10.12	11:19:25.506			1	TRUE	5.358	4.0079	4.0088	3.530	6.492	TRUE	TRUE	4.95	6						
2016.10.12	11:19:25.993			1	TRUE	5.349	4.0084	4.0118	3.486	6.511	TRUE	TRUE	4.90	6						
2016.10.12	11:19:26.443			0	TRUE	5.351	4.0044	4.0197	3.532	6.448	TRUE	TRUE	4.71	6						
2016.10.12	11:19:26.865			0	TRUE	5.346	4.0064	4.0084	3.535	6.451	TRUE	TRUE	5.26	5						
2016.10.12	11:19:27.382			1	TRUE	5.364	4.0112	4.0112	3.514	6.450	TRUE	TRUE	4.93	6						
2016.10.12	11:19:27.840			1	TRUE	5.344	4.0142	4.0166	3.517	6.472	TRUE	TRUE	5.27	6						
2016.10.12	11:19:28.264			0	TRUE	5.349	4.0061	4.0209	3.541	6.415	TRUE	TRUE	4.78	6						
2016.10.12	11:19:28.774			1	TRUE	5.337	4.0062	4.0079	3.514	6.471	TRUE	TRUE	5.12	6						
2016.10.12	11:19:29.232			1	TRUE	5.335	4.0063	4.0112	3.550	6.482	TRUE	TRUE	4.70	6						
2016.10.12	11:19:29.676			1	TRUE	5.364	4.0064	4.0164	3.520	6.434	TRUE	TRUE	4.82	6						
2016.10.12	11:19:30.132			1	TRUE	5.349	4.0105	4.0125	3.496	6.467	TRUE	TRUE	4.83	6						
2016.10.12	11:19:30.592			1	TRUE	5.352	4.0113	4.0171	3.498	6.508	TRUE	TRUE	5.08	6						
2016.10.12	11:19:31.074			0	TRUE	5.348	4.0049	4.0179	3.516	6.442	TRUE	TRUE	4.77	6						
2016.10.12	11:19:31.525			0	TRUE	5.347	4.0198	4.0273	3.543	6.483	TRUE	TRUE	4.74	6						
2016.10.12	11:19:31.985			1	TRUE	5.342	4.0127	4.0180	3.508	6.456	TRUE	TRUE	4.84	6						
2016.10.12	11:19:32.449			1	TRUE	5.347	4.0080	4.0143	3.538	6.486	TRUE	TRUE	4.82	6						
2016.10.12	11:19:32.906			0	TRUE	5.353	4.0093	4.0102	3.483	6.479	FALSE	TRUE	4.83	6						
2016.10.12	11:19:33.337			1	TRUE	5.343	4.0075	4.0091	3.537	6.429	TRUE	TRUE	4.89	6						
2016.10.12	11:19:33.818			1	TRUE	5.355	4.0072	4.0123	3.549	6.501	TRUE	TRUE	5.00	6						
2016.10.12	11:19:34.291			1	TRUE	5.349	4.0120	4.0150	3.557	6.460	TRUE	TRUE	4.97	6						
2016.10.12	11:19:34.741			1	TRUE	5.356	4.0098	4.0147	3.536	6.488	TRUE	TRUE	4.81	6						
2016.10.12	11:19:35.218			1	TRUE	5.347	4.0075	4.0144	3.504	6.487	TRUE	TRUE	5.17	6						
2016.10.12	11:19:35.675			1	TRUE	5.347	4.0061	4.0161	3.553	6.478	TRUE	TRUE	4.94	6						
2016.10.12	11:19:36.120			1	TRUE	5.355	4.0065	4.0112	3.542	6.456	TRUE	TRUE	4.98	6						
2016.10.12	11:19:36.586			1	TRUE	5.352	4.0081	4.0113	3.504	6.455	TRUE	TRUE	5.32	6						
2016.10.12	11:19:38.803			1	TRUE	5.355	4.0104	4.0127	3.490	6.483	TRUE	TRUE	4.78	6						
2016.10.12	11:19:39.260			1	TRUE	5.354	4.0099	4.0089	3.490	6.488	TRUE	TRUE	4.73	6						
2016.10.12	11:19:39.724			0	TRUE	5.351	4.0167	4.0203	3.513	6.445	TRUE	TRUE	4.65	6						
2016.10.12	11:19:40.193			1	TRUE	5.344	4.0094	4.0141	3.512	6.496	TRUE	TRUE	4.87	6						
2016.10.12	11:19:40.647			1	TRUE	5.341	4.0073	4.0108	3.528	6.463	TRUE	TRUE	4.67	6						
2016.10.12	11:19:41.123			0	TRUE	5.351	4.0072	4.0031	3.478	6.474	TRUE	TRUE	4.96	6						
2016.10.12	11:19:41.587			1	TRUE	5.345	4.0070	4.0146	3.507	6.472	TRUE	TRUE	4.77	6						
2016.10.12	11:19:42.030			1	TRUE	5.373	4.0083	4.0090	3.494	6.432	TRUE	TRUE	4.76	6						
2016.10.12	11:19:42.508			0	TRUE	5.342	4.0013	4.0109	3.515	6.478	TRUE	TRUE	4.79	6						
2016.10.12	11:19:42.970			1	TRUE	5.358	4.0072	4.0111	3.494	6.488	TRUE	TRUE	4.67	6						
2016.10.12	11:19:43.408			1	TRUE	5.350	4.0128	4.0150	3.501	6.455	TRUE	TRUE	4.87	6						
2016.10.12	11:19:43.875			1	TRUE	5.348	4.0084	4.0137	3.552	6.477	TRUE	TRUE	4.94	6						
2016.10.12	11:19:44.343			1	TRUE	5.346	4.0088	4.0121	3.525	6.491	TRUE	TRUE	4.93	6						
2016.10.12	11:19:44.811			0	TRUE	5.348	3.9993	4.0149	3.542	6.476	FALSE	TRUE	4.81	6						
2016.10.12	11:19:45.271			1	TRUE	5.343	4.0104	4.0146	3.499	6.482	TRUE	TRUE	4.91	6						
2016.10.12	11:19:45.726			1	TRUE	5.361	4.0051	4.0175	3.527	6.451	TRUE	TRUE	4.93	6						
2016.10.12	11:19:46.181			0	TRUE	5.353	4.0025	4.0155	3.537	6.445	TRUE	TRUE	5.02	6						
2016.10.12	11:19:46.656			1	TRUE	5.358	4.0100	4.0117	3.509	6.471	TRUE	TRUE	4.84	6						
2016.10.12	11:19:47.068			1	TRUE	5.344	4.0075	4.0149	3.524	6.442	TRUE	TRUE	4.86	6						
2016.10.12	11:19:47.585			1	TRUE	5.352	4.0068	4.0179	3.546	6.469	TRUE	TRUE	4.87	6						
2016.10.12	11:19:48.012			0	TRUE	5.349	4.0056	4.0224	3.531	6.415	TRUE	TRUE	4.90	6						
2016.10.12	11:19:48.485			1	TRUE	5.341	4.0076	4.0101	3.505	6.450	TRUE	TRUE	4.80	6						
2016.10.12	11:19:48.963			0	TRUE	5.353	4.0087	4.0197	3.545	6.494	TRUE	TRUE	5.12	5						
2016.10.12	11:19:49.395			1	TRUE	5.349	4.0072	4.0156	3.499	6.474	TRUE	TRUE	4.96	6						
2016.10.12	11:19:49.869			1	TRUE	5.343	4.0053	4.0096	3.508	6.463	TRUE	TRUE	4.70	6						
2016.10.12	11:19:50.316			0	TRUE	5.332	4.0121	4.0113	3.556	6.510	TRUE	TRUE	5.33	5						
2016.10.12	11:19:50.795			1	TRUE	5.348	4.0079	4.0167	3.506	6.477	TRUE	TRUE	5.17	6						
2016.10.12	11:19:51.254			1	TRUE	5.339	4.0066	4.0094	3.510	6.481	TRUE	TRUE	5.07	6						
2016.10.12	11:19:51.701			1	TRUE	5.346	4.0077	4.0081	3.519	6.454	TRUE	TRUE	4.60	6						
2016.10.12	11:19:52.188			1	TRUE	5.349	4.0116	4.0152	3.531	6.436	TRUE	TRUE	4.76	6						
2016.10.12	11:19:52.632			0	TRUE	5.330	4.0081	4.0205	3.501	6.485	FALSE	TRUE	4.97	6						
2016.10.12	11:19:53.111			1	TRUE	5.354	4.0133	4.0151	3.543	6.449	TRUE	TRUE	4.56	6						
2016.10.12	11:19:53.563			0	TRUE	5.349	4.0049	4.0161	3.528	6.460	TRUE	TRUE	4.65	6						
2016.10.12	11:19:54.008			1	TRUE	5.349	4.0071	4.0122	3.589	6.478	TRUE	TRUE	4.78	6						
2016.10.12	11:19:54.469			1	TRUE	5.353	4.0072	4.0112	3.493	6.446	TRUE	TRUE	4.83	6						
2016.10.12	11:19:54.944			0	TRUE	5.351	4.0017	4.0155	3.500	6.475	TRUE	TRUE	4.89	6						
2016.10.12	11:19:55.416			0	TRUE	5.345	4.0014	4.0076	3.478	6.478	TRUE	TRUE	5.19	6						
2016.10.12	11:19:55.884			1	TRUE	5.344	4.0073	4.0069	3.516	6.491	TRUE	TRUE	4.95	6						
2016.10.12	11:19:56.334			1	TRUE	5.338	4.0071	4.0108	3.480	6.501	TRUE	TRUE	4.78	6						
2016.10.12	11:19:56.795			1	TRUE	5.348	4.0053	4.0121	3.543	6.472	TRUE	TRUE	5.26	6						
2016.10.12	11:19:57.242			1	TRUE	5.352	4.0132	4.0172	3.513	6.463	TRUE	TRUE	4.85	6						
2016.10.12	11:19:57.685			0	TRUE	5.351	4.0058	4.0217	3.556	6.431	TRUE	TRUE	4.72	6						
2016.10.12	11:19:58.162			1	TRUE	5.346	4.0116	4.0161	3.514	6.452	TRUE	TRUE	4.98	6						
2016.10.12	11:19:58.626			1	TRUE	5.355	4.0061	4.0196	3.546	6.492	TRUE	TRUE	4.92	6						
2016.10.12	11:19:59.097			1	TRUE	5.355	4.0129	4.0153	3.521	6.478	TRUE	TRUE	4.81	6						
2016.10.12	11:19:59.540			1	TRUE	5.345	4.0085	4.0118	3.498	6.459	TRUE	TRUE	4.87	6						
2016.10.12	11:20:00.008			1	TRUE	5.356	4.0103	4.0154	3.535	6.438	TRUE	TRUE	4.87	6						
2016.10.12	11:20:00.448			1	TRUE	5.347	4.0096	4.0123	3.579	6.500	TRUE	TRUE	5.02	6						
2016.10.12	11:20:00.941			1	TRUE	5.352	4.0107	4.0142	3.543	6.453	TRUE	TRUE	5.03	6						
2016.10.12	11:20:01.414			0	TRUE	5.355	4.0087	4.0144	3.530	6.440	FALSE	TRUE	4.90	6						
2016.10.12	11:20:01.860			1	TRUE	5.357	4.0084	4.0146	3.576	6.470	TRUE	TRUE	4.88	6						
2016.10.12	11:20:02.308			0	TRUE	5.351	4.0041	4.0156	3.564	6.473	TRUE	TRUE	4.76	6						
2016.10.12	11:20:02.806			1	TRUE	5.359	4.0115	4.0131	3.565	6.456	TRUE	TRUE	4.82	6						
2016.10.12	11:20:03.224			1	TRUE	5.350	4.0099	4.0158	3.519	6.507	TRUE	TRUE	4.74	6						
2016.10.12	11:20:03.714			1	TRUE	5.356	4.0108	4.0164	3.497	6.472	TRUE	TRUE	4.99	6						
2016.10.12	11:20:04.168			1	TRUE	5.353	4.0120	4.0156	3.546	6.440	TRUE	TRUE	4.77	6						
2016.10.12	11:20:04.616			1	TRUE	5.345	4.0053	4.0196	3.568	6.471	TRUE	TRUE	5.05	6						
2016.10.12	11:20:05.076			0	TRUE	5.342	4.0136	4.0209	3.558	6.452	TRUE	TRUE	5.13	6						
2016.10.12	11:20:05.546			1	TRUE	5.350	4.0050	4.0095	3.486	6.481	TRUE	TRUE	4.87	6						
2016.10.12	11:20:06.005			1	TRUE	5.353	4.0098	4.0165	3.531	6.466	TRUE	TRUE	4.84	6						
2016.10.12	11:20:06.475			1	TRUE	5.341	4.0103	4.0146	3.517	6.453	TRUE	TRUE	4.90	6						
2016.10.12	11:20:06.933			0	TRUE	5.351	4.0123	4.0167	3.489	6.495	FALSE	TRUE	5.29	6						
2016.10.12	11:20:07.409			0	TRUE	5.334	4.0078	4.0148	3.517	6.420	FALSE	TRUE	5.25	6						
2016.10.12	11:20:07.854			1	TRUE	5.347	4.0111	4.0144	3.478	6.457	TRUE	TRUE	5.03	6						
2016.10.12	11:20:08.281			1	TRUE	5.349	4.0080	4.0117	3.498	6.462	TRUE	TRUE	4.82	6						
2016.10.12	11:20:08.788			1	TRUE	5.353	4.0087	4.0072	3.483	6.457	TRUE	TRUE	4.90	6						
2016.10.12	11:20:09.243			1	TRUE	5.338	4.0063	4.0142	3.522	6.455	TRUE	TRUE	4.84	6						
2016.10.12	11:20:09.725			1	TRUE	5.352	4.0076	4.0109	3.516	6.484	TRUE	TRUE	4.98	6						
2016.10.12	11:20:10.146			1	TRUE	5.356	4.0098	4.0128	3.534	6.448	TRUE	TRUE	4.85	6						
2016.10.12	11:20:10.617			1	TRUE	5.350	4.0068	4.0091	3.527	6.458	TRUE	TRUE	4.88	6						
2016.10.12	11:20:11.076			1	TRUE	5.360	4.0131	4.0154	3.503	6.452	TRUE	TRUE	4.85	6						
2016.10.12	11:20:11.557			0	TRUE	5.357	4.0091	4.0206	3.515	6.467	TRUE	TRUE	4.93	6						
2016.10.12	11:20:12.000			1	TRUE	5.357	4.0108	4.0152	3.525	6.431	TRUE	TRUE	4.92	6						
2016.10.12	11:20:12.459			1	TRUE	5.346	4.0060	4.0105	3.495	6.469	TRUE	TRUE	4.86	6						
2016.10.12	11:20:12.940			1	TRUE	5.336	4.0053	4.0135	3.528	6.509	TRUE	TRUE	4.98	6						
2016.10.12	11:20:13.381			1	TRUE	5.345	4.0053	4.0134	3.532	6.465	TRUE	TRUE	5.16	6						
2016.10.12	11:20:13.842			0	TRUE	5.346	4.0134	4.0148	3.547	6.475	TRUE	TRUE	5.15	5						
2016.10.12	11:20:14.287			1	TRUE	5.356	4.0066	4.0143	3.527	6.485	TRUE	TRUE	5.06	6						
2016.10.12	11:20:14.781			0	TRUE	5.344	4.0098	4.0153	3.511	6.483	FALSE	TRUE	5.12	6						
2016.10.12	11:20:15.232			1	TRUE	5.350	4.0079	4.0107	3.519	6.474	TRUE	TRUE	5.16	6						
2016.10.12	11:20:15.682			0	TRUE	5.349	4.0046	4.0104	3.513	6.451	TRUE	TRUE	4.89	6						
2016.10.12	11:20:16.154			1	TRUE	5.343	4.0107	4.0150	3.510	6.469	TRUE	TRUE	4.97	6						
2016.10.12	11:20:16.607			0	TRUE	5.343	4.0046	4.0096	3.522	6.452	TRUE	TRUE	4.75	6						
2016.10.12	11:20:17.075			1	TRUE	5.340	4.0093	4.0161	3.512	6.438	TRUE	TRUE	4.82	6						
2016.10.12	11:20:17.536			1	TRUE	5.354	4.0114	4.0160	3.502	6.459	TRUE	TRUE	5.07	6						
2016.10.12	11:20:18.000			1	TRUE	5.344	4.0116	4.0141	3.517	6.458	TRUE	TRUE	4.96	6						
2016.10.12	11:20:18.461			0	TRUE	5.350	4.0063	4.0181	3.547	6.414	TRUE	TRUE	5.29	5						
2016.10.12	11:20:18.917			0	TRUE	5.353	4.0160	4.0240	3.550	6.469	TRUE	TRUE	4.82	6						
2016.10.12	11:20:19.356			1	TRUE	5.355	4.0094	4.0113	3.501	6.484	TRUE	TRUE	4.80	6						
2016.10.12	11:20:19.831			0	TRUE	5.350	4.0045	4.0168	3.538	6.492	TRUE	TRUE	4.64	6						
2016.10.12	11:20:20.252			1	TRUE	5.355	4.0128	4.0145	3.526	6.448	TRUE	TRUE	4.54	6						
2016.10.12	11:20:20.752			1	TRUE	5.356	4.0104	4.0125	3.479	6.470	TRUE	TRUE	4.83	6						
2016.10.12	11:20:21.223			1	TRUE	5.349	4.0119	4.0153	3.524	6.437	TRUE	TRUE	4.86	6						
2016.10.12	11:20:21.713			0	TRUE	5.332	4.0069	4.0115	NaN	NaN	TRUE	TRUE	5.05	6						
2016.10.12	11:20:22.589			1	TRUE	5.348	4.0050	4.0060	3.564	6.501	TRUE	TRUE	4.67	6						
2016.10.12	11:20:23.048			1	TRUE	5.351	4.0140	4.0194	3.546	6.485	TRUE	TRUE	5.19	6						
2016.10.12	11:20:23.508			1	TRUE	5.358	4.0070	4.0199	3.562	6.473	TRUE	TRUE	4.80	6						
2016.10.12	11:20:24.004			0	TRUE	5.356	4.0069	4.0249	3.531	6.501	TRUE	TRUE	4.95	6						
2016.10.12	11:20:24.432			1	TRUE	5.355	4.0110	4.0136	3.516	6.452	TRUE	TRUE	4.72	6						
2016.10.12	11:20:24.912			0	TRUE	5.351	4.0144	4.0253	3.537	6.444	TRUE	TRUE	5.14	6						
2016.10.12	11:20:25.380			0	TRUE	5.339	4.0011	4.0063	3.470	6.487	TRUE	TRUE	5.10	6						
2016.10.12	11:20:25.833			0	TRUE	5.344	4.0075	4.0167	3.549	6.505	FALSE	TRUE	5.01	6						
2016.10.12	11:20:26.303			0	TRUE	5.347	4.0048	4.0113	3.552	6.474	TRUE	TRUE	5.11	6						
2016.10.12	11:20:28.338			1	TRUE	5.353	4.0080	4.0146	3.553	6.457	TRUE	TRUE	4.83	6						
2016.10.12	11:20:28.831			1	TRUE	5.349	4.0119	4.0180	3.502	6.447	TRUE	TRUE	4.83	6						
2016.10.12	11:20:30.852			0	TRUE	5.349	4.0037	4.0144	3.533	6.457	TRUE	TRUE	5.04	6						
2016.10.12	11:20:31.338			1	TRUE	5.347	4.0095	4.0120	3.511	6.469	TRUE	TRUE	4.86	6						
2016.10.12	11:20:31.780			0	TRUE	5.350	4.0078	4.0090	3.529	6.455	FALSE	TRUE	4.84	6						
2016.10.12	11:20:32.253			1	TRUE	5.357	4.0131	4.0151	3.530	6.461	TRUE	TRUE	5.18	6						
2016.10.12	11:20:32.674			1	TRUE	5.343	4.0118	4.0136	3.525	6.448	TRUE	TRUE	5.00	6						
2016.10.12	11:20:33.188			1	TRUE	5.357	4.0106	4.0152	3.525	6.462	TRUE	TRUE	5.28	6						
2016.10.12	11:20:33.619			1	TRUE	5.347	4.0113	4.0108	3.530	6.427	TRUE	TRUE	4.88	6						
2016.10.12	11:20:34.119			0	TRUE	5.357	4.0049	4.0103	3.539	6.470	TRUE	TRUE	4.73	6						
2016.10.12	11:20:34.545			1	TRUE	5.360	4.0052	4.0112	3.517	6.477	TRUE	TRUE	4.74	6						
2016.10.12	11:20:35.023			0	TRUE	5.357	4.0035	4.0087	3.517	6.429	TRUE	TRUE	4.95	6						
2016.10.12	11:20:35.447			0	TRUE	5.362	4.0086	4.0207	3.545	6.427	TRUE	TRUE	4.82	6						
2016.10.12	11:20:35.923			1	TRUE	5.356	4.0060	4.0123	3.514	6.501	TRUE	TRUE	4.95	6						
2016.10.12	11:20:36.384			1	TRUE	5.361	4.0110	4.0155	3.571	6.482	TRUE	TRUE	4.75	6						
2016.10.12	11:20:36.870			1	TRUE	5.354	4.0132	4.0142	3.539	6.475	TRUE	TRUE	4.94	6						
2016.10.12	11:20:37.327			1	TRUE	5.352	4.0132	4.0133	3.548	6.478	TRUE	TRUE	4.78	6						
2016.10.12	11:20:37.765			1	TRUE	5.349	4.0078	4.0100	3.539	6.445	TRUE	TRUE	5.01	6						
2016.10.12	11:20:38.231			1	TRUE	5.350	4.0062	4.0075	3.579	6.462	TRUE	TRUE	5.27	6						
2016.10.12	11:20:40.260			1	TRUE	5.356	4.0090	4.0169	3.538	6.476	TRUE	TRUE	5.15	6						
2016.10.12	11:20:40.691			1	TRUE	5.363	4.0103	4.0125	3.550	6.448	TRUE	TRUE	4.73	6						
2016.10.12	11:20:41.185			1	TRUE	5.356	4.0104	4.0135	3.535	6.484	TRUE	TRUE	4.82	6						
2016.10.12	11:20:41.631			0	TRUE	5.361	3.9973	4.0076	3.541	6.419	TRUE	TRUE	4.87	6						
2016.10.12	11:20:42.084			1	TRUE	5.351	4.0118	4.0150	3.535	6.445	TRUE	TRUE	4.80	6						
2016.10.12	11:20:42.562			0	TRUE	5.346	4.0007	4.0114	3.530	6.428	TRUE	TRUE	4.87	6						
2016.10.12	11:20:43.006			1	TRUE	5.356	4.0094	4.0156	3.529	6.490	TRUE	TRUE	4.86	6						
2016.10.12	11:20:43.451			1	TRUE	5.359	4.0119	4.0157	3.497	6.467	TRUE	TRUE	4.88	6						
2016.10.12	11:20:43.938			1	TRUE	5.339	4.0097	4.0145	3.492	6.460	TRUE	TRUE	4.89	6						
2016.10.12	11:20:44.404			0	TRUE	5.354	4.0057	4.0226	3.549	6.463	TRUE	TRUE	4.78	6						
2016.10.12	11:20:44.849			1	TRUE	5.348	4.0095	4.0092	3.512	6.470	TRUE	TRUE	4.78	6						
2016.10.12	11:20:45.326			1	TRUE	5.346	4.0105	4.0172	3.533	6.481	TRUE	TRUE	4.97	6						
2016.10.12	11:20:45.792			1	TRUE	5.350	4.0095	4.0112	3.542	6.435	TRUE	TRUE	4.88	6						
2016.10.12	11:20:46.227			1	TRUE	5.343	4.0083	4.0127	3.516	6.438	TRUE	TRUE	4.97	6						
2016.10.12	11:20:46.674			1	TRUE	5.345	4.0098	4.0152	3.536	6.463	TRUE	TRUE	4.97	6						
2016.10.12	11:20:47.176			1	TRUE	5.362	4.0096	4.0162	3.523	6.456	TRUE	TRUE	5.24	6						
2016.10.12	11:20:47.638			1	TRUE	5.353	4.0093	4.0177	3.490	6.473	TRUE	TRUE	5.00	6						
2016.10.12	11:20:48.076			0	TRUE	5.350	4.0047	4.0114	3.513	6.512	TRUE	TRUE	4.84	6						
2016.10.12	11:20:48.553			0	TRUE	5.349	4.0044	4.0112	3.546	6.441	TRUE	TRUE	4.89	6						
2016.10.12	11:20:49.005			1	TRUE	5.349	4.0079	4.0138	3.529	6.497	TRUE	TRUE	4.90	6						
2016.10.12	11:20:49.487			0	TRUE	5.343	4.0111	4.0151	3.533	6.471	TRUE	TRUE	5.25	4						
2016.10.12	11:20:51.756			0	TRUE	5.351	4.0046	4.0187	3.555	6.453	TRUE	TRUE	4.93	6						
2016.10.12	11:20:52.206			1	TRUE	5.353	4.0143	4.0140	3.489	6.489	TRUE	TRUE	4.71	6						
2016.10.12	11:20:52.667			1	TRUE	5.360	4.0117	4.0103	3.507	6.450	TRUE	TRUE	4.91	6						
2016.10.12	11:20:53.114			1	TRUE	5.355	4.0076	4.0103	3.561	6.446	TRUE	TRUE	4.97	6						
2016.10.12	11:20:53.596			0	TRUE	5.343	4.0065	4.0111	3.517	6.463	FALSE	TRUE	4.81	6						
2016.10.12	11:20:54.050			1	TRUE	5.347	4.0096	4.0153	3.505	6.499	TRUE	TRUE	4.80	6						
2016.10.12	11:20:54.496			1	TRUE	5.349	4.0083	4.0087	3.510	6.483	TRUE	TRUE	4.80	6						
2016.10.12	11:20:54.985			1	TRUE	5.352	4.0095	4.0136	3.527	6.430	TRUE	TRUE	4.96	6						
2016.10.12	11:20:55.427			1	TRUE	5.347	4.0083	4.0104	3.494	6.464	TRUE	TRUE	5.03	6						
2016.10.12	11:20:55.903			0	TRUE	5.351	4.0040	4.0169	3.555	6.464	TRUE	TRUE	4.97	6						
2016.10.12	11:20:56.325			1	TRUE	5.350	4.0102	4.0140	3.524	6.443	TRUE	TRUE	4.92	6						
2016.10.12	11:20:56.826			0	TRUE	5.354	4.0046	4.0188	3.563	6.479	TRUE	TRUE	4.86	6						
2016.10.12	11:20:57.280			1	TRUE	5.349	4.0062	4.0098	3.532	6.425	TRUE	TRUE	4.76	6						
2016.10.12	11:20:57.754			0	TRUE	5.355	4.0045	4.0198	3.542	6.477	TRUE	TRUE	4.79	6						
2016.10.12	11:20:58.194			1	TRUE	5.345	4.0077	4.0136	3.524	6.485	TRUE	TRUE	4.90	6						
2016.10.12	11:20:58.650			1	TRUE	5.340	4.0148	4.0171	3.513	6.476	TRUE	TRUE	5.25	6						
2016.10.12	11:20:59.102			0	TRUE	5.363	4.0117	4.0168	3.501	6.471	TRUE	TRUE	5.19	4						
2016.10.12	11:20:59.581			1	TRUE	5.347	4.0050	4.0090	3.505	6.510	TRUE	TRUE	5.00	6						
2016.10.12	11:21:00.039			1	TRUE	5.340	4.0099	4.0082	3.486	6.468	TRUE	TRUE	5.12	6						
2016.10.12	11:21:00.524			1	TRUE	5.354	4.0052	4.0102	3.535	6.479	TRUE	TRUE	4.81	6						
2016.10.12	11:21:00.960			1	TRUE	5.353	4.0097	4.0144	3.500	6.471	TRUE	TRUE	5.01	6						
2016.10.12	11:21:01.421			1	TRUE	5.357	4.0066	4.0097	3.533	6.442	TRUE	TRUE	4.86	6						
2016.10.12	11:21:01.855			1	TRUE	5.344	4.0099	4.0155	3.558	6.487	TRUE	TRUE	4.89	6						
2016.10.12	11:21:02.328			1	TRUE	5.347	4.0070	4.0078	3.519	6.492	TRUE	TRUE	5.03	6						
2016.10.12	11:21:02.815			0	TRUE	5.352	4.0070	4.0164	3.578	6.428	TRUE	TRUE	5.40	5						
2016.10.12	11:21:03.276			1	TRUE	5.350	4.0103	4.0110	3.555	6.435	TRUE	TRUE	4.81	6						
2016.10.12	11:21:03.717			1	TRUE	5.351	4.0088	4.0127	3.557	6.480	TRUE	TRUE	5.00	6						
2016.10.12	11:21:04.201			1	TRUE	5.328	4.0052	4.0127	3.497	6.446	TRUE	TRUE	4.95	6						
2016.10.12	11:21:04.663			1	TRUE	5.354	4.0154	4.0193	3.515	6.475	TRUE	TRUE	4.85	6						
2016.10.12	11:21:05.077			1	TRUE	5.351	4.0060	4.0105	3.507	6.480	TRUE	TRUE	4.84	6						
2016.10.12	11:21:05.586			0	TRUE	5.348	4.0127	4.0140	3.552	6.426	TRUE	TRUE	4.45	5						
2016.10.12	11:21:06.044			0	TRUE	5.348	4.0036	4.0062	3.529	6.503	TRUE	TRUE	4.79	6						
2016.10.12	11:21:06.497			1	TRUE	5.342	4.0100	4.0144	3.513	6.492	TRUE	TRUE	4.71	6						
2016.10.12	11:21:06.960			1	TRUE	5.351	4.0096	4.0153	3.538	6.499	TRUE	TRUE	4.95	6						
2016.10.12	11:21:07.413			1	TRUE	5.358	4.0084	4.0079	3.522	6.460	TRUE	TRUE	4.91	6						
2016.10.12	11:21:07.869			1	TRUE	5.350	4.0085	4.0144	3.523	6.467	TRUE	TRUE	5.10	6						
2016.10.12	11:21:08.327			1	TRUE	5.344	4.0076	4.0115	3.535	6.447	TRUE	TRUE	4.75	6						
2016.10.12	11:21:08.803			0	TRUE	5.349	4.0092	4.0222	3.534	6.435	TRUE	TRUE	4.83	6						
2016.10.12	11:21:09.271			0	TRUE	5.337	4.0105	4.0229	3.548	6.452	TRUE	TRUE	5.08	6						
2016.10.12	11:21:09.713			0	TRUE	5.369	4.0022	4.0127	3.502	6.403	TRUE	TRUE	4.75	6						
2016.10.12	11:21:10.177			0	TRUE	5.354	4.0034	4.0195	3.541	6.444	TRUE	TRUE	4.64	6						
2016.10.12	11:21:10.650			0	TRUE	5.348	4.0046	4.0232	3.527	6.438	TRUE	TRUE	5.09	6						
2016.10.12	11:21:11.120			1	TRUE	5.344	4.0077	4.0136	3.534	6.431	TRUE	TRUE	4.80	6						
2016.10.12	11:21:11.590			1	TRUE	5.352	4.0117	4.0122	3.527	6.450	TRUE	TRUE	4.79	6						
2016.10.12	11:21:12.028			1	TRUE	5.352	4.0099	4.0178	3.557	6.474	TRUE	TRUE	4.81	6						
2016.10.12	11:21:12.513			0	TRUE	5.347	4.0093	4.0164	3.517	6.464	FALSE	TRUE	5.10	6						
2016.10.12	11:21:13.411			1	TRUE	5.344	4.0112	4.0164	3.515	6.509	TRUE	TRUE	5.17	6						
2016.10.12	11:21:13.863			0	TRUE	5.353	4.0026	4.0180	3.547	6.478	TRUE	TRUE	5.18	6						
2016.10.12	11:21:14.327			1	TRUE	5.357	4.0096	4.0110	3.535	6.437	TRUE	TRUE	4.74	6						
2016.10.12	11:21:14.796			1	TRUE	5.347	4.0139	4.0160	3.504	6.471	TRUE	TRUE	5.11	6						
2016.10.12	11:21:15.243			1	TRUE	5.348	4.0093	4.0151	3.488	6.484	TRUE	TRUE	4.83	6						
2016.10.12	11:21:15.739			1	TRUE	5.352	4.0067	4.0145	3.498	6.486	TRUE	TRUE	4.84	6						
2016.10.12	11:21:16.165			1	TRUE	5.355	4.0107	4.0150	3.495	6.454	TRUE	TRUE	4.85	6						
2016.10.12	11:21:16.633			1	TRUE	5.347	4.0107	4.0118	3.483	6.504	TRUE	TRUE	4.78	6						
2016.10.12	11:21:17.104			1	TRUE	5.349	4.0114	4.0146	3.509	6.489	TRUE	TRUE	5.00	6						
2016.10.12	11:21:17.579			0	TRUE	5.340	4.0107	4.0229	3.573	6.433	TRUE	TRUE	5.08	6						
2016.10.12	11:21:18.016			1	TRUE	5.351	4.0104	4.0151	3.533	6.449	TRUE	TRUE	4.81	6						
2016.10.12	11:21:18.488			1	TRUE	5.358	4.0111	4.0160	3.546	6.479	TRUE	TRUE	4.79	6						
2016.10.12	11:21:18.947			1	TRUE	5.352	4.0083	4.0099	3.527	6.458	TRUE	TRUE	5.07	6						
2016.10.12	11:21:19.401			1	TRUE	5.353	4.0107	4.0144	3.539	6.434	TRUE	TRUE	4.71	6						
2016.10.12	11:21:19.870			0	TRUE	5.337	4.0120	4.0223	3.538	6.450	TRUE	TRUE	5.04	6						
2016.10.12	11:21:22.115			1	TRUE	5.357	4.0125	4.0188	3.511	6.437	TRUE	TRUE	4.42	6						
2016.10.12	11:21:22.597			0	TRUE	5.348	4.0083	4.0146	3.517	6.474	FALSE	TRUE	4.88	6						
2016.10.12	11:21:23.040			1	TRUE	5.351	4.0095	4.0115	3.523	6.476	TRUE	TRUE	4.90	6						
2016.10.12	11:21:23.514			1	TRUE	5.356	4.0111	4.0146	3.564	6.474	TRUE	TRUE	4.73	6						
2016.10.12	11:21:23.977			0	TRUE	5.356	3.9967	4.0027	3.526	6.486	TRUE	TRUE	4.97	6						
2016.10.12	11:21:24.426			1	TRUE	5.332	4.0110	4.0189	3.566	6.470	TRUE	TRUE	5.18	6						
2016.10.12	11:21:24.884			1	TRUE	5.349	4.0090	4.0130	3.541	6.487	TRUE	TRUE	5.14	6						
2016.10.12	11:21:25.357			0	TRUE	5.347	4.0040	4.0141	3.554	6.452	TRUE	TRUE	4.88	6						
2016.10.12	11:21:25.803			1	TRUE	5.358	4.0053	4.0127	3.531	6.450	TRUE	TRUE	4.69	6						
2016.10.12	11:21:27.887			1	TRUE	5.340	4.0080	4.0157	3.496	6.487	TRUE	TRUE	4.96	6						
2016.10.12	11:21:28.381			1	TRUE	5.355	4.0097	4.0146	3.540	6.476	TRUE	TRUE	4.87	6						
2016.10.12	11:21:28.840			0	TRUE	5.345	4.0060	4.0198	3.529	6.435	FALSE	TRUE	4.80	6						
2016.10.12	11:21:29.321			0	TRUE	5.353	4.0022	4.0074	3.533	6.550	TRUE	TRUE	4.72	6						
2016.10.12	11:21:30.225			1	TRUE	5.351	4.0086	4.0117	3.534	6.444	TRUE	TRUE	4.74	6						
2016.10.12	11:21:30.665			1	TRUE	5.361	4.0085	4.0087	3.501	6.495	TRUE	TRUE	4.59	6						
2016.10.12	11:21:31.119			1	TRUE	5.333	4.0104	4.0097	3.565	6.431	TRUE	TRUE	4.93	6						
2016.10.12	11:21:31.588			0	TRUE	5.359	4.0077	4.0232	3.547	6.423	TRUE	TRUE	4.92	6						
2016.10.12	11:21:32.059			1	TRUE	5.336	4.0066	4.0111	3.460	6.469	TRUE	TRUE	4.82	6						
2016.10.12	11:21:32.480			1	TRUE	5.342	4.0070	4.0104	3.536	6.509	TRUE	TRUE	4.91	6						
2016.10.12	11:21:32.977			1	TRUE	5.346	4.0081	4.0145	3.531	6.486	TRUE	TRUE	5.02	6						
2016.10.12	11:21:33.429			1	TRUE	5.356	4.0105	4.0190	3.558	6.497	TRUE	TRUE	5.19	6						
2016.10.12	11:21:33.900			1	TRUE	5.346	4.0060	4.0157	3.543	6.486	TRUE	TRUE	4.94	6						
2016.10.12	11:21:34.363			1	TRUE	5.356	4.0098	4.0131	3.571	6.450	TRUE	TRUE	4.62	6						
2016.10.12	11:21:34.812			1	TRUE	5.350	4.0104	4.0098	3.531	6.487	TRUE	TRUE	4.91	6						
2016.10.12	11:21:36.994			1	TRUE	5.359	4.0105	4.0135	3.501	6.461	TRUE	TRUE	5.07	6						
2016.10.12	11:21:37.473			0	TRUE	5.348	4.0096	4.0118	3.521	6.434	FALSE	TRUE	4.74	6						
2016.10.12	11:21:37.935			1	TRUE	5.352	4.0060	4.0191	3.563	6.477	TRUE	TRUE	4.63	6						
2016.10.12	11:21:38.403			1	TRUE	5.357	4.0057	4.0184	3.501	6.507	TRUE	TRUE	4.76	6						
2016.10.12	11:21:38.861			0	TRUE	5.346	3.9956	4.0069	3.534	6.425	TRUE	TRUE	5.24	5						
2016.10.12	11:21:39.326			1	TRUE	5.350	4.0073	4.0156	3.535	6.419	TRUE	TRUE	5.00	6						
2016.10.12	11:21:39.782			1	TRUE	5.358	4.0117	4.0153	3.550	6.447	TRUE	TRUE	4.73	6						
2016.10.12	11:21:40.230			1	TRUE	5.347	4.0106	4.0167	3.530	6.474	TRUE	TRUE	5.01	6						
2016.10.12	11:21:40.683			1	TRUE	5.351	4.0053	4.0092	3.494	6.495	TRUE	TRUE	4.68	6						
2016.10.12	11:21:41.120			1	TRUE	5.367	4.0106	4.0143	3.508	6.441	TRUE	TRUE	5.12	6						
2016.10.12	11:21:41.628			0	TRUE	5.347	4.0060	4.0216	3.556	6.472	TRUE	TRUE	4.76	6						
2016.10.12	11:21:42.069			0	TRUE	5.352	4.0048	4.0071	3.517	6.504	TRUE	TRUE	4.99	6						
2016.10.12	11:21:42.524			1	TRUE	5.348	4.0050	4.0093	3.518	6.475	TRUE	TRUE	4.81	6						
2016.10.12	11:21:43.003			1	TRUE	5.349	4.0115	4.0135	3.564	6.455	TRUE	TRUE	4.98	6						
2016.10.12	11:21:43.479			1	TRUE	5.343	4.0064	4.0086	3.501	6.484	TRUE	TRUE	4.77	6						
2016.10.12	11:21:43.879			0	TRUE	5.360	4.0108	4.0127	3.501	6.449	TRUE	TRUE	5.27	4						
2016.10.12	11:21:44.399			1	TRUE	5.360	4.0098	4.0125	3.501	6.464	TRUE	TRUE	4.83	6						
2016.10.12	11:21:44.849			1	TRUE	5.342	4.0111	4.0136	3.512	6.444	TRUE	TRUE	4.76	6						
2016.10.12	11:21:45.307			0	TRUE	5.354	4.0136	4.0206	3.526	6.476	TRUE	TRUE	4.78	6						
2016.10.12	11:21:47.597			0	TRUE	5.353	4.0068	4.0220	3.553	6.472	TRUE	TRUE	4.85	6						
2016.10.12	11:21:48.061			0	TRUE	5.351	4.0025	4.0186	3.533	6.444	TRUE	TRUE	4.70	6						
2016.10.12	11:21:50.070			0	TRUE	5.351	4.0045	4.0164	3.507	6.493	TRUE	TRUE	4.88	6						
2016.10.12	11:21:50.562			0	TRUE	5.357	4.0120	4.0217	3.497	6.466	TRUE	TRUE	4.91	6						
2016.10.12	11:21:51.011			0	TRUE	5.349	4.0064	4.0108	3.545	6.443	FALSE	TRUE	4.97	6						
2016.10.12	11:21:51.475			0	TRUE	5.353	4.0053	4.0115	3.514	6.471	FALSE	TRUE	4.85	6						
2016.10.12	11:21:51.947			1	TRUE	5.347	4.0092	4.0143	3.576	6.479	TRUE	TRUE	4.95	6						
2016.10.12	11:21:52.412			1	TRUE	5.344	4.0077	4.0158	3.580	6.477	TRUE	TRUE	4.97	6						
2016.10.12	11:21:54.682			0	TRUE	5.350	4.0020	4.0186	3.584	6.428	TRUE	TRUE	5.00	6						
2016.10.12	11:21:55.156			1	TRUE	5.355	4.0100	4.0120	3.517	6.474	TRUE	TRUE	4.78	6						
2016.10.12	11:21:55.614			1	TRUE	5.352	4.0075	4.0111	3.495	6.505	TRUE	TRUE	4.81	6						
2016.10.12	11:21:56.088			1	TRUE	5.353	4.0075	4.0187	3.514	6.464	TRUE	TRUE	4.86	6						
2016.10.12	11:21:56.524			1	TRUE	5.344	4.0111	4.0169	3.493	6.455	TRUE	TRUE	4.98	6						
2016.10.12	11:21:56.977			0	TRUE	5.353	4.0061	4.0202	3.494	6.488	TRUE	TRUE	4.81	6						
2016.10.12	11:21:57.433			0	TRUE	5.354	4.0071	4.0237	3.500	6.466	TRUE	TRUE	5.11	6						
2016.10.12	11:21:57.924			0	TRUE	5.345	4.0021	4.0062	3.498	6.474	TRUE	TRUE	4.89	6						
2016.10.12	11:21:58.378			1	TRUE	5.348	4.0053	4.0196	3.543	6.464	TRUE	TRUE	4.79	6						
2016.10.12	11:21:58.842			0	TRUE	5.354	4.0088	4.0221	3.534	6.462	TRUE	TRUE	4.84	6						
2016.10.12	11:21:59.287			0	TRUE	5.352	4.0072	4.0205	3.559	6.433	TRUE	TRUE	4.88	6						
2016.10.12	11:21:59.775			0	TRUE	5.242	4.0059	4.0208	3.602	6.454	TRUE	TRUE	4.95	6						
2016.10.12	11:22:00.222			1	TRUE	5.351	4.0077	4.0132	3.545	6.431	TRUE	TRUE	4.81	6						
2016.10.12	11:22:00.669			1	TRUE	5.358	4.0070	4.0107	3.512	6.479	TRUE	TRUE	4.76	6						
2016.10.12	11:22:01.133			1	TRUE	5.346	4.0127	4.0159	3.495	6.498	TRUE	TRUE	4.93	6						
2016.10.12	11:22:03.471			0	TRUE	5.331	4.0119	4.0136	3.496	6.451	TRUE	TRUE	5.40	4						
2016.10.12	11:22:03.952			0	TRUE	5.353	4.0076	4.0223	3.534	6.476	TRUE	TRUE	5.10	6						
2016.10.12	11:22:04.399			0	TRUE	5.355	4.0063	4.0214	3.512	6.416	TRUE	TRUE	4.77	6						
2016.10.12	11:22:04.874			1	TRUE	5.360	4.0093	4.0142	3.529	6.445	TRUE	TRUE	4.77	6						
2016.10.12	11:22:05.317			0	TRUE	5.353	4.0183	4.0204	3.537	6.476	TRUE	TRUE	4.93	6						
2016.10.12	11:22:05.790			1	TRUE	5.342	4.0063	4.0097	3.499	6.458	TRUE	TRUE	4.81	6						
2016.10.12	11:22:06.253			1	TRUE	5.352	4.0102	4.0125	3.532	6.438	TRUE	TRUE	5.12	6						
2016.10.12	11:22:06.678			1	TRUE	5.355	4.0109	4.0147	3.546	6.459	TRUE	TRUE	4.97	6						
2016.10.12	11:22:07.161			1	TRUE	5.349	4.0055	4.0067	3.527	6.487	TRUE	TRUE	4.86	6						
2016.10.12	11:22:07.631			1	TRUE	5.351	4.0073	4.0086	3.495	6.482	TRUE	TRUE	4.97	6						
2016.10.12	11:22:08.057			1	TRUE	5.349	4.0066	4.0130	3.550	6.459	TRUE	TRUE	4.92	6						
2016.10.12	11:22:08.528			0	TRUE	5.343	4.0029	4.0072	3.530	6.490	TRUE	TRUE	5.08	6						
2016.10.12	11:22:10.778			1	TRUE	5.342	4.0094	4.0158	3.526	6.481	TRUE	TRUE	5.03	6						
2016.10.12	11:22:11.226			1	TRUE	5.363	4.0096	4.0097	3.514	6.479	TRUE	TRUE	4.69	6						
2016.10.12	11:22:11.671			1	TRUE	5.349	4.0112	4.0148	3.526	6.432	TRUE	TRUE	4.93	6						
2016.10.12	11:22:12.159			1	TRUE	5.349	4.0087	4.0138	3.558	6.456	TRUE	TRUE	4.89	6						
2016.10.12	11:22:14.194			1	TRUE	5.348	4.0057	4.0179	3.560	6.461	TRUE	TRUE	5.01	6						
2016.10.12	11:22:14.626			1	TRUE	5.354	4.0159	4.0141	3.567	6.455	TRUE	TRUE	4.71	6						
2016.10.12	11:22:15.066			1	TRUE	5.349	4.0097	4.0118	3.540	6.414	TRUE	TRUE	4.77	6						
2016.10.12	11:22:15.552			1	TRUE	5.361	4.0085	4.0172	3.522	6.405	TRUE	TRUE	5.15	6						
2016.10.12	11:22:16.011			1	TRUE	5.354	4.0065	4.0095	3.528	6.437	TRUE	TRUE	4.84	6						
2016.10.12	11:22:16.480			1	TRUE	5.354	4.0135	4.0168	3.515	6.479	TRUE	TRUE	4.92	6						
2016.10.12	11:22:16.937			1	TRUE	5.358	4.0115	4.0134	3.537	6.479	TRUE	TRUE	4.97	6						
2016.10.12	11:22:17.383			1	TRUE	5.339	4.0098	4.0142	3.494	6.459	TRUE	TRUE	4.68	6						
2016.10.12	11:22:17.838			0	TRUE	5.347	4.0087	4.0202	3.534	6.441	TRUE	TRUE	6.08	3						
2016.10.12	11:22:18.337			0	TRUE	5.349	4.0046	4.0176	3.553	6.473	TRUE	TRUE	4.82	6						
2016.10.12	11:22:18.790			1	TRUE	5.349	4.0066	4.0054	3.578	6.485	TRUE	TRUE	4.70	6						
2016.10.12	11:22:19.267			1	TRUE	5.342	4.0052	4.0151	3.565	6.510	TRUE	TRUE	4.95	6						
2016.10.12	11:22:19.692			1	TRUE	5.354	4.0071	4.0189	3.541	6.488	TRUE	TRUE	5.40	6						
2016.10.12	11:22:20.136			1	TRUE	5.382	4.0140	4.0133	3.459	6.516	TRUE	TRUE	4.78	6						
2016.10.12	11:22:20.620			0	TRUE	5.339	4.0178	4.0217	3.555	6.445	TRUE	TRUE	4.88	6						
2016.10.12	11:22:21.070			1	TRUE	5.341	4.0104	4.0143	3.541	6.454	TRUE	TRUE	4.81	6						
2016.10.12	11:22:21.544			0	TRUE	5.352	4.0027	4.0191	3.550	6.452	TRUE	TRUE	4.96	6						
2016.10.12	11:22:22.018			1	TRUE	5.348	4.0084	4.0169	3.515	6.480	TRUE	TRUE	4.94	6						
2016.10.12	11:22:22.477			0	TRUE	5.343	4.0074	4.0201	3.543	6.435	TRUE	TRUE	5.79	4						
2016.10.12	11:22:22.945			1	TRUE	5.354	4.0114	4.0161	3.555	6.431	TRUE	TRUE	4.73	6						
2016.10.12	11:22:23.402			1	TRUE	5.353	4.0116	4.0163	3.553	6.457	TRUE	TRUE	4.81	6						
2016.10.12	11:22:23.863			1	TRUE	5.351	4.0089	4.0139	3.541	6.452	TRUE	TRUE	4.79	6						
2016.10.12	11:22:24.271			1	TRUE	5.346	4.0060	4.0114	3.484	6.506	TRUE	TRUE	4.86	6						
2016.10.12	11:22:24.790			1	TRUE	5.354	4.0110	4.0188	3.564	6.479	TRUE	TRUE	4.91	6						
2016.10.12	11:22:25.241			0	TRUE	5.356	4.0047	4.0197	3.513	6.488	TRUE	TRUE	4.77	6						
2016.10.12	11:22:25.695			1	TRUE	5.349	4.0118	4.0177	3.488	6.489	TRUE	TRUE	4.81	6						
2016.10.12	11:22:26.185			1	TRUE	5.345	4.0081	4.0160	3.532	6.455	TRUE	TRUE	5.03	6						
2016.10.12	11:22:26.623			1	TRUE	5.343	4.0096	4.0133	3.491	6.493	TRUE	TRUE	4.82	6						
2016.10.12	11:22:27.084			1	TRUE	5.366	4.0065	4.0119	3.521	6.473	TRUE	TRUE	4.81	6						
2016.10.12	11:22:27.525			0	TRUE	5.348	3.9986	4.0031	3.530	6.461	TRUE	TRUE	5.02	6						
2016.10.12	11:22:28.004			1	TRUE	5.348	4.0089	4.0114	3.512	6.480	TRUE	TRUE	4.80	6						
2016.10.12	11:22:28.467			1	TRUE	5.356	4.0133	4.0199	3.520	6.462	TRUE	TRUE	4.80	6						
2016.10.12	11:22:28.927			1	TRUE	5.330	4.0103	4.0131	3.473	6.461	TRUE	TRUE	4.92	6						
2016.10.12	11:22:29.399			0	TRUE	5.353	4.0027	4.0058	3.530	6.425	TRUE	TRUE	4.67	6						
2016.10.12	11:22:29.871			1	TRUE	5.356	4.0101	4.0111	3.547	6.486	TRUE	TRUE	4.67	6						
2016.10.12	11:22:30.319			1	TRUE	5.352	4.0066	4.0156	3.537	6.476	TRUE	TRUE	4.99	6						
2016.10.12	11:22:30.788			1	TRUE	5.348	4.0066	4.0114	3.490	6.505	TRUE	TRUE	5.20	6						
2016.10.12	11:22:31.214			1	TRUE	5.356	4.0056	4.0096	3.528	6.439	TRUE	TRUE	4.55	6						
2016.10.12	11:22:31.703			0	TRUE	5.352	4.0034	4.0177	3.525	6.481	TRUE	TRUE	4.85	6						
2016.10.12	11:22:32.146			1	TRUE	5.348	4.0075	4.0097	3.492	6.476	TRUE	TRUE	4.72	6						
2016.10.12	11:22:32.627			0	TRUE	5.349	4.0019	4.0156	3.573	6.497	TRUE	TRUE	4.66	6						
2016.10.12	11:22:33.068			0	TRUE	5.360	4.0131	4.0171	3.499	6.469	FALSE	TRUE	4.86	6						
2016.10.12	11:22:33.508			1	TRUE	5.350	4.0082	4.0117	3.485	6.479	TRUE	TRUE	4.70	6						
2016.10.12	11:22:33.984			0	TRUE	5.341	4.0044	4.0095	3.502	6.474	TRUE	TRUE	4.61	6						
2016.10.12	11:22:34.451			1	TRUE	5.357	4.0064	4.0195	3.525	6.470	TRUE	TRUE	4.89	6						
2016.10.12	11:22:34.898			0	TRUE	5.350	4.0041	4.0075	3.561	6.434	TRUE	TRUE	4.75	6						
2016.10.12	11:22:35.383			1	TRUE	5.348	4.0088	4.0061	3.505	6.482	TRUE	TRUE	4.82	6						
2016.10.12	11:22:35.846			1	TRUE	5.345	4.0068	4.0117	3.520	6.467	TRUE	TRUE	4.94	6						
2016.10.12	11:22:36.275			1	TRUE	5.341	4.0073	4.0116	3.522	6.442	TRUE	TRUE	4.81	6						
2016.10.12	11:22:36.761			0	TRUE	5.347	4.0035	4.0018	3.540	6.476	FALSE	TRUE	4.69	6						
2016.10.12	11:22:37.231			1	TRUE	5.350	4.0094	4.0165	3.558	6.443	TRUE	TRUE	4.74	6						
2016.10.12	11:22:37.683			1	TRUE	5.350	4.0095	4.0089	3.518	6.481	TRUE	TRUE	4.93	6						
2016.10.12	11:22:38.161			0	TRUE	5.351	4.0051	4.0096	3.523	6.464	FALSE	TRUE	4.91	6						
2016.10.12	11:22:38.594			1	TRUE	5.349	4.0115	4.0158	3.546	6.420	TRUE	TRUE	4.90	6						
2016.10.12	11:22:39.075			0	TRUE	5.354	4.0038	4.0166	3.533	6.450	TRUE	TRUE	4.75	6						
2016.10.12	11:22:39.521			1	TRUE	5.338	4.0106	4.0196	3.576	6.458	TRUE	TRUE	4.93	6						
2016.10.12	11:22:39.995			1	TRUE	5.350	4.0106	4.0187	3.534	6.460	TRUE	TRUE	4.93	6						
2016.10.12	11:22:40.453			1	TRUE	5.348	4.0054	4.0090	3.476	6.487	TRUE	TRUE	4.92	6						
2016.10.12	11:22:40.919			1	TRUE	5.339	4.0067	4.0096	3.513	6.455	TRUE	TRUE	5.24	6						
2016.10.12	11:22:41.378			0	TRUE	5.340	4.0037	4.0170	3.560	6.453	TRUE	TRUE	5.10	6						
2016.10.12	11:22:41.810			1	TRUE	5.353	4.0116	4.0186	3.557	6.485	TRUE	TRUE	4.87	6						
2016.10.12	11:22:42.299			0	TRUE	5.350	4.0005	4.0131	3.519	6.468	TRUE	TRUE	4.81	6						
2016.10.12	11:22:42.744			0	TRUE	5.354	4.0089	4.0222	3.561	6.464	TRUE	TRUE	4.77	6						
2016.10.12	11:22:43.216			1	TRUE	5.354	4.0057	4.0129	3.508	6.460	TRUE	TRUE	4.73	6						
2016.10.12	11:22:43.686			1	TRUE	5.353	4.0114	4.0121	3.521	6.485	TRUE	TRUE	5.16	6						
2016.10.12	11:22:44.128			0	TRUE	5.346	4.0109	4.0130	3.543	6.482	TRUE	TRUE	5.18	5						
2016.10.12	11:22:44.593			0	TRUE	5.345	4.0091	4.0147	3.521	6.473	FALSE	TRUE	4.80	6						
2016.10.12	11:22:45.054			1	TRUE	5.357	4.0112	4.0135	3.514	6.440	TRUE	TRUE	4.70	6						
2016.10.12	11:22:45.478			1	TRUE	5.348	4.0064	4.0147	3.532	6.436	TRUE	TRUE	4.78	6						
2016.10.12	11:22:45.980			1	TRUE	5.350	4.0081	4.0080	3.527	6.456	TRUE	TRUE	4.85	6						
2016.10.12	11:22:46.453			1	TRUE	5.349	4.0091	4.0141	3.529	6.444	TRUE	TRUE	4.93	6						
2016.10.12	11:22:46.922			0	TRUE	5.352	4.0117	4.0221	3.554	6.439	TRUE	TRUE	4.77	6						
2016.10.12	11:22:47.382			0	TRUE	5.349	4.0010	4.0057	3.534	6.459	TRUE	TRUE	4.85	6						
2016.10.12	11:22:47.834			0	TRUE	5.356	4.0040	4.0158	3.531	6.479	TRUE	TRUE	4.83	6						
2016.10.12	11:22:48.287			1	TRUE	5.347	4.0066	4.0099	3.508	6.507	TRUE	TRUE	4.62	6						
2016.10.12	11:22:48.745			1	TRUE	5.346	4.0099	4.0168	3.487	6.445	TRUE	TRUE	4.76	6						
2016.10.12	11:22:49.216			1	TRUE	5.350	4.0102	4.0135	3.505	6.442	TRUE	TRUE	4.92	6						
2016.10.12	11:22:49.666			1	TRUE	5.350	4.0100	4.0169	3.498	6.483	TRUE	TRUE	5.07	6						
2016.10.12	11:22:50.124			0	TRUE	5.347	4.0101	4.0205	3.553	6.480	TRUE	TRUE	5.06	6						
2016.10.12	11:22:50.588			1	TRUE	5.347	4.0066	4.0104	3.514	6.448	TRUE	TRUE	4.73	6						
2016.10.12	11:22:51.047			1	TRUE	5.358	4.0055	4.0064	3.508	6.452	TRUE	TRUE	4.92	6						
2016.10.12	11:22:51.481			1	TRUE	5.350	4.0080	4.0125	3.528	6.496	TRUE	TRUE	4.80	6						
2016.10.12	11:22:51.990			0	TRUE	5.356	4.0043	4.0091	3.514	6.442	FALSE	TRUE	4.75	6						
2016.10.12	11:22:52.916			1	TRUE	5.349	4.0062	4.0120	3.489	6.481	TRUE	TRUE	5.33	6						
2016.10.12	11:22:53.375			1	TRUE	5.344	4.0091	4.0188	3.554	6.466	TRUE	TRUE	4.98	6						
2016.10.12	11:22:53.835			0	TRUE	5.347	4.0025	4.0077	3.494	6.463	TRUE	TRUE	4.75	6						
2016.10.12	11:22:54.275			1	TRUE	5.334	4.0067	4.0126	3.491	6.489	TRUE	TRUE	5.01	6						
2016.10.12	11:22:54.737			1	TRUE	5.357	4.0084	4.0142	3.536	6.480	TRUE	TRUE	4.97	6						
2016.10.12	11:22:55.206			1	TRUE	5.358	4.0128	4.0134	3.470	6.500	TRUE	TRUE	4.60	6						
2016.10.12	11:22:55.652			1	TRUE	5.354	4.0131	4.0151	3.535	6.445	TRUE	TRUE	4.95	6						
2016.10.12	11:22:56.084			1	TRUE	5.351	4.0122	4.0139	3.514	6.445	TRUE	TRUE	4.53	6						
2016.10.12	11:22:56.593			1	TRUE	5.349	4.0085	4.0103	3.531	6.486	TRUE	TRUE	4.96	6						
2016.10.12	11:22:57.045			0	TRUE	5.351	4.0042	4.0143	3.510	6.459	TRUE	TRUE	4.86	6						
2016.10.12	11:22:57.502			1	TRUE	5.356	4.0113	4.0135	3.531	6.472	TRUE	TRUE	4.82	6						
2016.10.12	11:22:57.979			1	TRUE	5.357	4.0096	4.0128	3.503	6.452	TRUE	TRUE	4.79	6						
2016.10.12	11:22:58.431			1	TRUE	5.346	4.0110	4.0143	3.525	6.447	TRUE	TRUE	5.09	6						
2016.10.12	11:22:58.894			0	TRUE	5.354	4.0045	4.0116	3.486	6.499	TRUE	TRUE	4.90	6						
2016.10.12	11:22:59.343			1	TRUE	5.358	4.0110	4.0151	3.519	6.484	TRUE	TRUE	4.83	6						
2016.10.12	11:22:59.799			1	TRUE	5.351	4.0066	4.0100	3.512	6.457	TRUE	TRUE	5.23	6						
2016.10.12	11:23:00.259			0	TRUE	5.348	4.0013	4.0134	3.525	6.497	TRUE	TRUE	4.79	6						
2016.10.12	11:23:00.739			1	TRUE	5.349	4.0105	4.0134	3.499	6.485	TRUE	TRUE	4.96	6						
2016.10.12	11:23:01.196			1	TRUE	5.350	4.0122	4.0149	3.493	6.481	TRUE	TRUE	4.72	6						
2016.10.12	11:23:01.659			1	TRUE	5.350	4.0087	4.0154	3.553	6.474	TRUE	TRUE	4.80	6						
2016.10.12	11:23:02.127			1	TRUE	5.350	4.0054	4.0128	3.563	6.472	TRUE	TRUE	4.84	6						
2016.10.12	11:23:02.584			1	TRUE	5.350	4.0123	4.0155	3.565	6.462	TRUE	TRUE	4.93	6						
2016.10.12	11:23:03.014			1	TRUE	5.353	4.0051	4.0200	3.534	6.432	TRUE	TRUE	4.89	6						
2016.10.12	11:23:03.506			1	TRUE	5.351	4.0107	4.0188	3.547	6.473	TRUE	TRUE	4.99	6						
2016.10.12	11:23:03.964			0	TRUE	5.351	4.0024	4.0070	3.514	6.515	TRUE	TRUE	5.05	6						
2016.10.12	11:23:04.419			1	TRUE	5.346	4.0071	4.0118	3.509	6.481	TRUE	TRUE	4.67	6						
2016.10.12	11:23:04.858			1	TRUE	5.348	4.0086	4.0129	3.514	6.448	TRUE	TRUE	4.77	6						
2016.10.12	11:23:05.358			1	TRUE	5.360	4.0100	4.0134	3.553	6.433	TRUE	TRUE	4.99	6						
2016.10.12	11:23:05.795			1	TRUE	5.351	4.0100	4.0105	3.513	6.473	TRUE	TRUE	4.77	6						
2016.10.12	11:23:10.254			1	TRUE	5.353	4.0097	4.0147	3.528	6.463	TRUE	TRUE	4.62	6						
2016.10.12	11:23:10.685			1	TRUE	5.365	4.0069	4.0091	3.526	6.437	TRUE	TRUE	4.78	6						
2016.10.12	11:23:11.186			1	TRUE	5.348	4.0120	4.0134	3.543	6.477	TRUE	TRUE	4.85	6						
2016.10.12	11:23:11.640			1	TRUE	5.351	4.0057	4.0127	3.518	6.447	TRUE	TRUE	4.90	6						
2016.10.12	11:23:12.069			1	TRUE	5.353	4.0103	4.0135	3.521	6.459	TRUE	TRUE	4.94	6						
2016.10.12	11:23:12.565			1	TRUE	5.363	4.0107	4.0155	3.534	6.474	TRUE	TRUE	4.95	6						
2016.10.12	11:23:13.014			1	TRUE	5.354	4.0119	4.0132	3.532	6.447	TRUE	TRUE	4.93	6						
2016.10.12	11:23:13.494			1	TRUE	5.351	4.0112	4.0159	3.505	6.441	TRUE	TRUE	4.49	6						
2016.10.12	11:23:13.947			1	TRUE	5.357	4.0144	4.0188	3.524	6.464	TRUE	TRUE	5.23	6						
2016.10.12	11:23:15.643			0	TRUE	5.353	4.0022	4.0098	3.502	6.460	TRUE	TRUE	4.81	6						
2016.10.12	11:23:18.110			1	TRUE	5.347	4.0078	4.0109	3.532	6.414	TRUE	TRUE	5.04	6						
2016.10.12	11:23:18.576			1	TRUE	5.358	4.0057	4.0137	3.548	6.454	TRUE	TRUE	4.84	6						
2016.10.12	11:23:19.019			1	TRUE	5.347	4.0104	4.0168	3.525	6.491	TRUE	TRUE	4.92	6						
2016.10.12	11:23:19.490			1	TRUE	5.360	4.0122	4.0148	3.535	6.448	TRUE	TRUE	4.68	6						
2016.10.12	11:23:19.966			0	TRUE	5.349	4.0044	4.0169	3.563	6.412	TRUE	TRUE	4.78	6						
2016.10.12	11:23:20.400			0	TRUE	5.365	4.0043	4.0054	3.546	6.477	TRUE	TRUE	4.83	6						
2016.10.12	11:23:20.858			1	TRUE	5.356	4.0107	4.0131	3.502	6.486	TRUE	TRUE	5.07	6						
2016.10.12	11:23:21.324			0	TRUE	5.345	4.0101	4.0133	3.485	6.469	FALSE	TRUE	4.70	6						
2016.10.12	11:23:21.802			1	TRUE	5.345	4.0056	4.0096	3.496	6.508	TRUE	TRUE	5.06	6						
2016.10.12	11:23:22.218			0	TRUE	5.332	4.0041	4.0070	3.518	6.440	FALSE	TRUE	4.96	6						
2016.10.12	11:23:22.703			1	TRUE	5.373	4.0085	4.0101	3.516	6.412	TRUE	TRUE	4.61	6						
2016.10.12	11:23:23.179			1	TRUE	5.353	4.0117	4.0123	3.514	6.471	TRUE	TRUE	4.98	6						
2016.10.12	11:23:23.628			1	TRUE	5.358	4.0097	4.0145	3.543	6.483	TRUE	TRUE	5.03	6						
2016.10.12	11:23:24.079			1	TRUE	5.351	4.0063	4.0077	3.534	6.475	TRUE	TRUE	5.01	6						
2016.10.12	11:23:24.546			1	TRUE	5.340	4.0082	4.0170	3.542	6.474	TRUE	TRUE	5.09	6						
2016.10.12	11:23:25.020			1	TRUE	5.345	4.0085	4.0176	3.519	6.473	TRUE	TRUE	4.95	6						
2016.10.12	11:23:25.448			0	TRUE	5.354	4.0053	4.0068	3.517	6.504	FALSE	TRUE	4.64	6						
2016.10.12	11:23:25.923			1	TRUE	5.348	4.0052	4.0074	3.502	6.456	TRUE	TRUE	4.85	6						
2016.10.12	11:23:26.408			1	TRUE	5.353	4.0063	4.0123	3.539	6.486	TRUE	TRUE	4.77	6						
2016.10.12	11:23:26.867			0	TRUE	5.343	4.0128	4.0161	3.539	6.462	FALSE	TRUE	4.85	6						
2016.10.12	11:23:27.291			1	TRUE	5.341	4.0083	4.0109	3.510	6.481	TRUE	TRUE	4.89	6						
2016.10.12	11:23:27.775			0	TRUE	5.350	4.0038	4.0090	3.567	6.436	TRUE	TRUE	4.85	6						
2016.10.12	11:23:28.251			1	TRUE	5.349	4.0130	4.0183	3.531	6.459	TRUE	TRUE	4.90	6						
2016.10.12	11:23:28.741			0	TRUE	5.334	4.0066	4.0207	3.556	6.460	TRUE	TRUE	5.10	6						
2016.10.12	11:23:29.614			1	TRUE	5.348	4.0105	4.0195	3.498	6.461	TRUE	TRUE	4.87	6						
2016.10.12	11:23:30.034			1	TRUE	5.337	4.0060	4.0120	3.465	6.484	TRUE	TRUE	4.74	6						
2016.10.12	11:23:30.565			1	TRUE	5.342	4.0152	4.0197	3.475	6.503	TRUE	TRUE	4.89	6						
2016.10.12	11:23:30.997			0	TRUE	5.350	4.0025	4.0164	3.556	6.452	TRUE	TRUE	5.01	6						
2016.10.12	11:23:31.469			1	TRUE	5.343	4.0097	4.0152	3.576	6.459	TRUE	TRUE	4.98	6						
2016.10.12	11:23:31.934			0	TRUE	5.336	4.0036	4.0061	3.526	6.457	TRUE	TRUE	4.64	6						
2016.10.12	11:23:32.398			1	TRUE	5.341	4.0086	4.0129	3.497	6.479	TRUE	TRUE	5.04	6						
2016.10.12	11:23:32.865			1	TRUE	5.351	4.0112	4.0119	3.531	6.473	TRUE	TRUE	4.81	6						
2016.10.12	11:23:33.280			1	TRUE	5.340	4.0078	4.0164	3.550	6.468	TRUE	TRUE	5.09	6						
2016.10.12	11:23:33.784			0	TRUE	5.356	4.0129	4.0222	3.510	6.499	TRUE	TRUE	4.93	6						
2016.10.12	11:23:34.231			0	TRUE	5.339	4.0054	4.0111	3.499	6.466	FALSE	TRUE	5.00	6						
2016.10.12	11:23:34.706			1	TRUE	5.347	4.0078	4.0180	3.545	6.440	TRUE	TRUE	4.72	6						
2016.10.12	11:23:35.146			1	TRUE	5.347	4.0077	4.0103	3.509	6.440	TRUE	TRUE	4.72	6						
2016.10.12	11:23:35.624			1	TRUE	5.344	4.0131	4.0152	3.563	6.436	TRUE	TRUE	4.85	6						
2016.10.12	11:23:36.086			1	TRUE	5.354	4.0079	4.0117	3.558	6.420	TRUE	TRUE	4.93	6						
2016.10.12	11:23:36.560			1	TRUE	5.350	4.0080	4.0158	3.564	6.477	TRUE	TRUE	4.91	6						
2016.10.12	11:23:36.999			0	TRUE	5.346	4.0067	4.0048	3.520	6.444	TRUE	TRUE	4.93	6						
2016.10.12	11:23:37.472			1	TRUE	5.352	4.0103	4.0159	3.549	6.447	TRUE	TRUE	4.91	6						
2016.10.12	11:23:37.880			1	TRUE	5.351	4.0058	4.0168	3.524	6.463	TRUE	TRUE	4.87	6						
2016.10.12	11:23:38.400			1	TRUE	5.355	4.0065	4.0077	3.495	6.467	TRUE	TRUE	4.72	6						
2016.10.12	11:23:38.847			1	TRUE	5.343	4.0097	4.0133	3.500	6.489	TRUE	TRUE	5.47	6						
2016.10.12	11:23:39.300			1	TRUE	5.343	4.0071	4.0133	3.537	6.482	TRUE	TRUE	5.13	6						
2016.10.12	11:23:39.783			0	TRUE	5.330	4.0041	4.0118	3.539	6.477	TRUE	TRUE	4.95	6						
2016.10.12	11:23:40.234			0	TRUE	5.352	4.0060	4.0219	3.550	6.453	FALSE	TRUE	4.91	6						
2016.10.12	11:23:40.670			1	TRUE	5.358	4.0090	4.0148	3.538	6.439	TRUE	TRUE	4.79	6						
2016.10.12	11:23:41.136			1	TRUE	5.369	4.0102	4.0133	3.492	6.463	TRUE	TRUE	4.72	6						
2016.10.12	11:23:41.606			1	TRUE	5.352	4.0109	4.0153	3.513	6.455	TRUE	TRUE	4.59	6						
2016.10.12	11:23:42.060			1	TRUE	5.349	4.0093	4.0093	3.504	6.465	TRUE	TRUE	4.92	6						
2016.10.12	11:23:42.504			1	TRUE	5.355	4.0111	4.0138	3.518	6.423	TRUE	TRUE	4.81	6						
2016.10.12	11:23:42.994			1	TRUE	5.351	4.0094	4.0107	3.516	6.436	TRUE	TRUE	5.11	6						
2016.10.12	11:23:43.444			1	TRUE	5.361	4.0077	4.0131	3.525	6.483	TRUE	TRUE	4.76	6						
2016.10.12	11:23:43.916			1	TRUE	5.350	4.0088	4.0133	3.515	6.444	TRUE	TRUE	4.89	6						
2016.10.12	11:23:44.387			1	TRUE	5.354	4.0102	4.0156	3.489	6.481	TRUE	TRUE	4.77	6						
2016.10.12	11:23:44.833			1	TRUE	5.352	4.0054	4.0090	3.513	6.467	TRUE	TRUE	4.77	6						
2016.10.12	11:23:45.284			0	TRUE	5.328	4.0114	4.0145	3.588	6.461	TRUE	TRUE	5.38	5						
2016.10.12	11:23:45.770			0	TRUE	5.350	4.0100	4.0202	3.546	6.438	FALSE	TRUE	4.76	6						
2016.10.12	11:23:46.233			0	TRUE	5.354	3.9975	4.0103	3.537	6.441	TRUE	TRUE	5.27	6						
2016.10.12	11:23:46.673			1	TRUE	5.352	4.0118	4.0153	3.515	6.498	TRUE	TRUE	5.07	6						
2016.10.12	11:23:47.128			0	TRUE	5.358	4.0021	4.0136	3.554	6.463	TRUE	TRUE	4.86	6						
2016.10.12	11:23:47.615			1	TRUE	5.361	4.0057	4.0093	3.511	6.482	TRUE	TRUE	4.90	6						
2016.10.12	11:23:48.069			1	TRUE	5.363	4.0075	4.0156	3.515	6.480	TRUE	TRUE	5.20	6						
2016.10.12	11:23:48.509			1	TRUE	5.364	4.0100	4.0115	3.506	6.478	TRUE	TRUE	4.82	6						
2016.10.12	11:23:49.004			1	TRUE	5.350	4.0121	4.0151	3.513	6.529	TRUE	TRUE	4.92	6						
2016.10.12	11:23:49.444			0	TRUE	5.354	4.0038	4.0176	3.548	6.481	TRUE	TRUE	4.79	6						
2016.10.12	11:23:49.867			1	TRUE	5.362	4.0099	4.0111	3.524	6.427	TRUE	TRUE	4.68	6						
2016.10.12	11:23:50.377			1	TRUE	5.357	4.0064	4.0175	3.561	6.456	TRUE	TRUE	4.77	6						
2016.10.12	11:23:50.825			1	TRUE	5.357	4.0074	4.0151	3.571	6.415	TRUE	TRUE	4.73	6						
2016.10.12	11:23:51.304			1	TRUE	5.347	4.0110	4.0139	3.534	6.452	TRUE	TRUE	4.89	6						
2016.10.12	11:23:51.760			1	TRUE	5.353	4.0129	4.0181	3.511	6.492	TRUE	TRUE	5.00	6						
2016.10.12	11:23:52.252			1	TRUE	5.349	4.0082	4.0132	3.520	6.504	TRUE	TRUE	5.05	6						
2016.10.12	11:23:52.676			1	TRUE	5.352	4.0076	4.0119	3.489	6.514	TRUE	TRUE	5.13	6						
2016.10.12	11:23:53.086			0	TRUE	5.338	4.0037	4.0083	3.515	6.481	FALSE	TRUE	4.87	6						
2016.10.12	11:23:53.610			0	TRUE	5.363	4.0086	4.0155	3.539	6.479	FALSE	TRUE	5.08	6						
2016.10.12	11:23:54.066			0	TRUE	5.349	4.0130	4.0224	3.515	6.455	TRUE	TRUE	4.84	6						
2016.10.12	11:33:31.535			1	TRUE	5.361	4.0123	4.0143	3.511	6.464	TRUE	TRUE	5.23	6						
2016.10.12	11:33:31.993			1	TRUE	5.347	4.0081	4.0083	3.489	6.478	TRUE	TRUE	4.54	6						
2016.10.12	11:33:32.455			0	TRUE	5.353	4.0067	4.0273	3.551	6.447	TRUE	TRUE	4.80	6						
2016.10.12	11:33:32.896			1	TRUE	5.348	4.0099	4.0121	3.522	6.459	TRUE	TRUE	4.80	6						
2016.10.12	11:33:33.380			0	TRUE	5.352	4.0061	4.0211	3.550	6.452	TRUE	TRUE	4.90	6						
2016.10.12	11:33:33.835			0	TRUE	5.343	4.0036	4.0060	3.527	6.455	TRUE	TRUE	4.84	6						
2016.10.12	11:33:34.303			0	TRUE	5.347	4.0035	4.0098	3.528	6.490	TRUE	TRUE	5.22	5						
2016.10.12	11:33:34.764			1	TRUE	5.354	4.0050	4.0173	3.529	6.473	TRUE	TRUE	4.77	6						
2016.10.12	11:33:35.223			1	TRUE	5.331	4.0054	4.0131	3.530	6.452	TRUE	TRUE	4.95	6						
2016.10.12	11:33:35.681			1	TRUE	5.334	4.0063	4.0124	3.551	6.438	TRUE	TRUE	4.87	6						
2016.10.12	11:33:36.137			1	TRUE	5.356	4.0110	4.0123	3.550	6.440	TRUE	TRUE	4.82	6						
2016.10.12	11:33:36.596			1	TRUE	5.350	4.0059	4.0174	3.560	6.442	TRUE	TRUE	4.92	6						
2016.10.12	11:33:37.054			1	TRUE	5.345	4.0072	4.0100	3.545	6.442	TRUE	TRUE	4.86	6						
2016.10.12	11:33:37.547			0	TRUE	5.343	4.0080	4.0069	3.521	6.470	FALSE	TRUE	4.86	6						
2016.10.12	11:33:37.994			1	TRUE	5.347	4.0085	4.0179	3.581	6.450	TRUE	TRUE	4.82	6						
2016.10.12	11:33:38.451			1	TRUE	5.344	4.0074	4.0084	3.549	6.459	TRUE	TRUE	4.92	6						
2016.10.12	11:33:38.910			1	TRUE	5.350	4.0086	4.0101	3.528	6.465	TRUE	TRUE	4.81	6						
2016.10.12	11:33:39.356			1	TRUE	5.352	4.0094	4.0114	3.557	6.442	TRUE	TRUE	4.72	6						
2016.10.12	11:33:39.824			1	TRUE	5.351	4.0141	4.0187	3.497	6.492	TRUE	TRUE	5.15	6						
2016.10.12	11:33:40.286			1	TRUE	5.352	4.0066	4.0190	3.559	6.457	TRUE	TRUE	4.99	6						
2016.10.12	11:33:40.738			1	TRUE	5.345	4.0119	4.0150	3.497	6.454	TRUE	TRUE	4.91	6						
2016.10.12	11:33:41.221			1	TRUE	5.354	4.0073	4.0067	3.563	6.413	TRUE	TRUE	4.89	6						
2016.10.12	11:33:41.668			1	TRUE	5.347	4.0058	4.0193	3.564	6.429	TRUE	TRUE	4.85	6						
2016.10.12	11:33:42.159			1	TRUE	5.361	4.0108	4.0113	3.522	6.443	TRUE	TRUE	4.81	6						
2016.10.12	11:33:42.614			0	TRUE	5.352	4.0046	4.0091	3.545	6.447	TRUE	TRUE	5.33	6						
2016.10.12	11:33:43.068			1	TRUE	5.359	4.0085	4.0147	3.505	6.448	TRUE	TRUE	4.66	6						
2016.10.12	11:33:43.506			1	TRUE	5.352	4.0070	4.0185	3.533	6.459	TRUE	TRUE	4.87	6						
2016.10.12	11:33:43.990			1	TRUE	5.343	4.0113	4.0144	3.540	6.458	TRUE	TRUE	4.78	6						
2016.10.12	11:33:44.437			1	TRUE	5.354	4.0065	4.0117	3.523	6.524	TRUE	TRUE	4.93	6						
2016.10.12	11:33:44.910			1	TRUE	5.353	4.0068	4.0140	3.564	6.486	TRUE	TRUE	4.75	6						
2016.10.12	11:33:45.352			1	TRUE	5.344	4.0111	4.0134	3.482	6.497	TRUE	TRUE	4.71	6						
2016.10.12	11:33:45.811			0	TRUE	5.358	4.0047	4.0087	3.528	6.474	TRUE	TRUE	4.79	6						
2016.10.12	11:33:46.266			0	TRUE	5.347	4.0045	4.0089	3.486	6.467	TRUE	TRUE	4.67	6						
2016.10.12	11:33:46.743			1	TRUE	5.343	4.0103	4.0125	3.506	6.480	TRUE	TRUE	4.79	6						
2016.10.12	11:33:47.207			0	TRUE	5.342	4.0035	4.0166	3.537	6.443	TRUE	TRUE	4.91	6						
2016.10.12	11:33:47.678			1	TRUE	5.353	4.0083	4.0100	3.540	6.436	TRUE	TRUE	5.00	6						
2016.10.12	11:33:48.122			1	TRUE	5.353	4.0050	4.0177	3.554	6.448	TRUE	TRUE	5.03	6						
2016.10.12	11:33:48.603			1	TRUE	5.356	4.0057	4.0090	3.499	6.499	TRUE	TRUE	4.88	6						
2016.10.12	11:33:49.059			1	TRUE	5.349	4.0093	4.0065	3.524	6.492	TRUE	TRUE	4.92	6						
2016.10.12	11:33:49.513			0	TRUE	5.350	4.0035	4.0038	3.499	6.458	TRUE	TRUE	4.73	6						
2016.10.12	11:33:49.978			0	TRUE	5.349	4.0015	4.0055	3.542	6.463	TRUE	TRUE	4.78	6						
2016.10.12	11:33:50.438			0	TRUE	5.343	4.0046	4.0085	3.500	6.483	TRUE	TRUE	4.72	6						
2016.10.12	11:33:50.883			1	TRUE	5.353	4.0081	4.0123	3.482	6.512	TRUE	TRUE	4.85	6						
2016.10.12	11:33:51.381			0	TRUE	5.348	4.0026	4.0090	3.527	6.455	TRUE	TRUE	5.16	6						
2016.10.12	11:33:51.818			0	TRUE	5.362	4.0030	4.0181	3.501	6.475	TRUE	TRUE	4.61	6						
2016.10.12	11:33:54.007			1	TRUE	5.344	4.0118	4.0144	3.531	6.486	TRUE	TRUE	4.86	6						
2016.10.12	11:33:54.480			0	TRUE	5.331	4.0117	4.0146	3.482	6.480	FALSE	TRUE	5.49	6						
2016.10.12	11:33:54.927			0	TRUE	5.327	4.0045	4.0155	3.515	6.423	TRUE	TRUE	4.89	6						
2016.10.12	11:33:55.397			1	TRUE	5.357	4.0117	4.0155	3.503	6.461	TRUE	TRUE	4.65	6						
2016.10.12	11:33:55.862			1	TRUE	5.352	4.0112	4.0141	3.555	6.440	TRUE	TRUE	4.74	6						
2016.10.12	11:33:56.324			0	TRUE	5.353	4.0058	4.0264	3.521	6.449	TRUE	TRUE	4.98	6						
2016.10.12	11:33:56.787			1	TRUE	5.354	4.0080	4.0133	3.529	6.466	TRUE	TRUE	4.80	6						
2016.10.12	11:33:57.250			1	TRUE	5.352	4.0129	4.0168	3.557	6.457	TRUE	TRUE	5.04	6						
2016.10.12	11:33:57.692			1	TRUE	5.349	4.0060	4.0129	3.579	6.445	TRUE	TRUE	4.90	6						
2016.10.12	11:33:58.152			0	TRUE	5.346	4.0049	4.0104	3.545	6.470	TRUE	TRUE	4.99	6						
2016.10.12	11:33:58.619			0	TRUE	5.341	4.0086	4.0155	3.548	6.455	TRUE	TRUE	5.43	5						
2016.10.12	11:33:59.101			1	TRUE	5.351	4.0112	4.0107	3.540	6.473	TRUE	TRUE	4.77	6						
2016.10.12	11:33:59.570			1	TRUE	5.350	4.0128	4.0145	3.513	6.434	TRUE	TRUE	4.65	6						
2016.10.12	11:33:59.993			1	TRUE	5.353	4.0051	4.0182	3.552	6.458	TRUE	TRUE	4.90	6						
2016.10.12	11:34:00.464			1	TRUE	5.342	4.0065	4.0097	3.547	6.473	TRUE	TRUE	4.84	6						
2016.10.12	11:34:00.934			1	TRUE	5.360	4.0154	4.0146	3.480	6.471	TRUE	TRUE	4.74	6						
2016.10.12	11:34:01.388			1	TRUE	5.353	4.0079	4.0116	3.532	6.407	TRUE	TRUE	4.82	6						
2016.10.12	11:34:01.843			0	TRUE	5.348	4.0092	4.0255	3.573	6.435	TRUE	TRUE	4.96	6						
2016.10.12	11:34:02.319			1	TRUE	5.346	4.0095	4.0136	3.467	6.491	TRUE	TRUE	5.03	6						
2016.10.12	11:34:02.779			1	TRUE	5.360	4.0118	4.0109	3.546	6.430	TRUE	TRUE	4.74	6						
2016.10.12	11:34:03.246			1	TRUE	5.347	4.0054	4.0137	3.552	6.505	TRUE	TRUE	4.85	6						
2016.10.12	11:34:03.681			0	TRUE	5.356	4.0083	4.0202	3.524	6.499	TRUE	TRUE	4.80	6						
2016.10.12	11:34:04.189			0	TRUE	5.346	4.0027	4.0127	3.507	6.472	TRUE	TRUE	5.20	6						
2016.10.12	11:34:04.603			1	TRUE	5.343	4.0078	4.0095	3.483	6.462	TRUE	TRUE	4.77	6						
2016.10.12	11:34:05.072			1	TRUE	5.350	4.0060	4.0182	3.521	6.466	TRUE	TRUE	4.86	6						
2016.10.12	11:34:05.547			0	TRUE	5.345	4.0041	4.0099	3.494	6.481	TRUE	TRUE	4.84	6						
2016.10.12	11:34:05.996			1	TRUE	5.350	4.0090	4.0114	3.512	6.429	TRUE	TRUE	4.78	6						
2016.10.12	11:34:06.477			1	TRUE	5.341	4.0078	4.0136	3.567	6.496	TRUE	TRUE	4.83	6						
2016.10.12	11:34:06.908			0	TRUE	5.345	4.0053	4.0207	3.490	6.481	TRUE	TRUE	4.81	6						
2016.10.12	11:34:07.386			1	TRUE	5.348	4.0112	4.0196	3.493	6.442	TRUE	TRUE	4.83	6						
2016.10.12	11:34:07.849			1	TRUE	5.346	4.0113	4.0150	3.499	6.490	TRUE	TRUE	4.76	6						
2016.10.12	11:34:08.309			0	TRUE	5.351	4.0021	4.0134	3.515	6.480	TRUE	TRUE	4.93	6						
2016.10.12	11:34:08.782			0	TRUE	5.342	4.0043	4.0063	3.505	6.453	TRUE	TRUE	4.81	6						
2016.10.12	11:34:09.244			1	TRUE	5.355	4.0078	4.0158	3.550	6.464	TRUE	TRUE	4.93	6						
2016.10.12	11:34:09.673			1	TRUE	5.357	4.0127	4.0155	3.553	6.431	TRUE	TRUE	4.86	6						
2016.10.12	11:34:10.161			1	TRUE	5.348	4.0067	4.0135	3.533	6.487	TRUE	TRUE	4.80	6						
2016.10.12	11:34:10.614			0	TRUE	5.345	4.0012	4.0171	3.568	6.462	TRUE	TRUE	5.08	6						
2016.10.12	11:34:11.085			1	TRUE	5.339	4.0064	4.0106	3.501	6.464	TRUE	TRUE	4.93	6						
2016.10.12	11:34:11.512			1	TRUE	5.350	4.0080	4.0092	3.506	6.455	TRUE	TRUE	4.81	6						
2016.10.12	11:34:12.004			1	TRUE	5.351	4.0110	4.0198	3.542	6.451	TRUE	TRUE	4.95	6						
2016.10.12	11:34:12.444			1	TRUE	5.351	4.0084	4.0109	3.536	6.447	TRUE	TRUE	4.83	6						
2016.10.12	11:34:12.924			1	TRUE	5.350	4.0086	4.0142	3.510	6.472	TRUE	TRUE	4.95	6						
2016.10.12	11:34:13.380			1	TRUE	5.348	4.0117	4.0129	3.537	6.450	TRUE	TRUE	5.01	6						
2016.10.12	11:34:13.847			1	TRUE	5.362	4.0105	4.0126	3.531	6.464	TRUE	TRUE	4.82	6						
2016.10.12	11:34:14.296			1	TRUE	5.353	4.0096	4.0142	3.525	6.475	TRUE	TRUE	4.97	6						
2016.10.12	11:34:14.794			1	TRUE	5.352	4.0119	4.0142	3.520	6.462	TRUE	TRUE	4.77	6						
2016.10.12	11:34:15.218			1	TRUE	5.344	4.0098	4.0151	3.495	6.469	TRUE	TRUE	4.99	6						
2016.10.12	11:34:15.694			0	TRUE	5.348	4.0047	4.0053	3.493	6.473	TRUE	TRUE	4.65	6						
2016.10.12	11:34:16.164			1	TRUE	5.344	4.0067	4.0117	3.536	6.507	TRUE	TRUE	4.86	6						
2016.10.12	11:34:16.603			1	TRUE	5.344	4.0053	4.0071	3.516	6.457	TRUE	TRUE	5.02	6						
2016.10.12	11:34:17.070			0	TRUE	5.346	4.0013	4.0062	3.520	6.471	TRUE	TRUE	5.07	6						
2016.10.12	11:34:17.526			0	TRUE	5.349	4.0190	4.0209	3.510	6.451	TRUE	TRUE	4.88	6						
2016.10.12	11:34:17.994			1	TRUE	5.344	4.0108	4.0184	3.510	6.480	TRUE	TRUE	5.12	6						
2016.10.12	11:34:18.466			1	TRUE	5.355	4.0133	4.0180	3.532	6.457	TRUE	TRUE	4.89	6						
2016.10.12	11:34:18.902			0	TRUE	5.346	4.0034	4.0124	3.536	6.456	TRUE	TRUE	4.75	6						
2016.10.12	11:34:19.390			0	TRUE	5.354	4.0096	4.0088	3.483	6.504	FALSE	TRUE	5.00	6						
2016.10.12	11:34:19.828			0	TRUE	5.348	3.9994	4.0108	3.503	6.478	TRUE	TRUE	5.14	6						
2016.10.12	11:34:20.306			0	TRUE	5.354	4.0106	4.0155	3.510	6.449	FALSE	TRUE	4.94	6						
2016.10.12	11:34:20.747			1	TRUE	5.351	4.0082	4.0099	3.496	6.494	TRUE	TRUE	4.89	6						
2016.10.12	11:34:21.223			1	TRUE	5.362	4.0071	4.0112	3.519	6.455	TRUE	TRUE	4.91	6						
2016.10.12	11:34:21.657			0	TRUE	5.352	4.0040	4.0018	3.526	6.480	FALSE	TRUE	4.94	6						
2016.10.12	11:34:22.130			1	TRUE	5.354	4.0115	4.0169	3.558	6.456	TRUE	TRUE	4.88	6						
2016.10.12	11:34:22.602			1	TRUE	5.356	4.0095	4.0147	3.489	6.487	TRUE	TRUE	5.00	6						
2016.10.12	11:34:23.056			1	TRUE	5.346	4.0073	4.0145	3.519	6.506	TRUE	TRUE	4.86	6						
2016.10.12	11:34:23.501			1	TRUE	5.349	4.0096	4.0131	3.546	6.418	TRUE	TRUE	4.83	6						
2016.10.12	11:34:23.981			1	TRUE	5.349	4.0126	4.0155	3.489	6.496	TRUE	TRUE	4.78	6						
2016.10.12	11:34:24.451			1	TRUE	5.351	4.0116	4.0121	3.531	6.474	TRUE	TRUE	5.10	6						
2016.10.12	11:34:24.874			1	TRUE	5.360	4.0131	4.0172	3.512	6.469	TRUE	TRUE	4.89	6						
2016.10.12	11:34:25.354			1	TRUE	5.351	4.0064	4.0060	3.510	6.492	TRUE	TRUE	4.90	6						
2016.10.12	11:34:25.822			1	TRUE	5.355	4.0126	4.0122	3.551	6.465	TRUE	TRUE	4.72	6						
2016.10.12	11:34:26.294			1	TRUE	5.352	4.0112	4.0137	3.527	6.456	TRUE	TRUE	4.87	6						
2016.10.12	11:34:26.744			0	TRUE	5.348	4.0045	4.0101	3.564	6.497	TRUE	TRUE	4.95	6						
2016.10.12	11:34:27.191			0	TRUE	5.354	4.0048	4.0196	3.539	6.480	TRUE	TRUE	4.85	6						
2016.10.12	11:34:27.669			1	TRUE	5.355	4.0134	4.0137	3.531	6.446	TRUE	TRUE	4.84	6						
2016.10.12	11:34:28.149			0	TRUE	5.354	4.0107	4.0095	3.537	6.469	FALSE	TRUE	4.95	6						
2016.10.12	11:34:28.596			1	TRUE	5.353	4.0098	4.0110	3.534	6.433	TRUE	TRUE	5.04	6						
2016.10.12	11:34:29.055			0	TRUE	5.348	4.0049	4.0102	3.507	6.469	TRUE	TRUE	5.08	6						
2016.10.12	11:34:29.510			0	TRUE	5.350	4.0044	4.0165	3.572	6.469	TRUE	TRUE	4.94	6						
2016.10.12	11:34:29.986			1	TRUE	5.355	4.0091	4.0132	3.491	6.464	TRUE	TRUE	4.99	6						
2016.10.12	11:34:30.436			1	TRUE	5.362	4.0100	4.0115	3.516	6.442	TRUE	TRUE	4.78	6						
2016.10.12	11:34:30.853			1	TRUE	5.348	4.0098	4.0100	3.508	6.447	TRUE	TRUE	4.92	6						
2016.10.12	11:34:31.381			0	TRUE	5.351	4.0095	4.0215	3.526	6.427	TRUE	TRUE	4.76	6						
2016.10.12	11:34:31.805			1	TRUE	5.358	4.0085	4.0145	3.511	6.491	TRUE	TRUE	4.91	6						
2016.10.12	11:34:32.258			1	TRUE	5.350	4.0105	4.0163	3.546	6.439	TRUE	TRUE	4.88	6						
2016.10.12	11:41:26.516			1	TRUE	5.352	4.0137	4.0145	3.531	6.464	TRUE	TRUE	4.90	6						
2016.10.12	11:41:27.025			1	TRUE	5.363	4.0121	4.0150	3.538	6.446	TRUE	TRUE	4.54	6						
2016.10.12	11:41:27.466			0	TRUE	5.352	4.0044	4.0104	3.544	6.447	TRUE	TRUE	4.90	6						
2016.10.12	11:41:27.942			1	TRUE	5.345	4.0083	4.0115	3.530	6.478	TRUE	TRUE	4.93	6						
2016.10.12	11:41:28.413			1	TRUE	5.350	4.0068	4.0102	3.510	6.445	TRUE	TRUE	4.77	6						
2016.10.12	11:41:28.853			0	TRUE	5.348	4.0200	4.0234	3.493	6.490	TRUE	TRUE	4.86	6						
2016.10.12	11:41:29.318			1	TRUE	5.355	4.0131	4.0150	3.538	6.444	TRUE	TRUE	4.91	6						
2016.10.12	11:41:29.788			0	TRUE	5.354	4.0030	4.0231	3.519	6.444	FALSE	TRUE	5.04	6						
2016.10.12	11:41:30.240			0	TRUE	5.344	4.0003	4.0065	3.524	6.476	TRUE	TRUE	4.80	6						
2016.10.12	11:41:30.646			1	TRUE	5.355	4.0085	4.0161	3.522	6.496	TRUE	TRUE	5.01	6						
2016.10.12	11:41:31.150			1	TRUE	5.345	4.0117	4.0153	3.505	6.515	TRUE	TRUE	4.91	6						
2016.10.12	11:41:31.619			1	TRUE	5.361	4.0054	4.0094	3.522	6.447	TRUE	TRUE	4.78	6						
2016.10.12	11:41:32.096			1	TRUE	5.335	4.0064	4.0051	3.524	6.452	TRUE	TRUE	5.03	6						
2016.10.12	11:41:32.559			0	TRUE	5.352	4.0061	4.0090	3.502	6.475	FALSE	TRUE	5.15	6						
2016.10.12	11:41:33.020			0	TRUE	5.349	4.0087	4.0208	3.528	6.481	TRUE	TRUE	4.87	6						
2016.10.12	11:41:33.479			1	TRUE	5.343	4.0081	4.0096	3.511	6.481	TRUE	TRUE	4.79	6						
2016.10.12	11:41:33.916			1	TRUE	5.351	4.0086	4.0193	3.535	6.435	TRUE	TRUE	4.90	6						
2016.10.12	11:41:34.404			1	TRUE	5.344	4.0129	4.0199	3.520	6.471	TRUE	TRUE	5.12	6						
2016.10.12	11:41:34.849			0	TRUE	5.356	4.0091	4.0226	3.525	6.482	TRUE	TRUE	5.06	6						
2016.10.12	11:41:35.306			0	TRUE	5.353	4.0030	4.0051	3.537	6.499	TRUE	TRUE	4.84	6						
2016.10.12	11:41:35.798			1	TRUE	5.368	4.0051	4.0099	3.545	6.488	TRUE	TRUE	4.92	6						
2016.10.12	11:41:36.243			0	TRUE	5.332	4.0044	4.0067	3.513	6.493	TRUE	TRUE	4.85	6						
2016.10.12	11:41:36.705			1	TRUE	5.353	4.0123	4.0118	3.513	6.443	TRUE	TRUE	5.01	6						
2016.10.12	11:41:37.167			1	TRUE	5.354	4.0136	4.0147	3.521	6.477	TRUE	TRUE	4.83	6						
2016.10.12	11:41:37.624			1	TRUE	5.347	4.0113	4.0143	3.550	6.426	TRUE	TRUE	4.93	6						
2016.10.12	11:41:38.100			0	TRUE	5.359	4.0025	4.0210	3.530	6.507	TRUE	TRUE	4.90	6						
2016.10.12	11:41:38.545			0	TRUE	5.354	4.0091	4.0256	3.548	6.458	TRUE	TRUE	4.82	6						
2016.10.12	11:41:38.990			1	TRUE	5.343	4.0066	4.0135	3.554	6.455	TRUE	TRUE	4.90	6						
2016.10.12	11:41:39.455			1	TRUE	5.353	4.0063	4.0090	3.512	6.438	TRUE	TRUE	4.94	6						
2016.10.12	11:41:39.904			1	TRUE	5.342	4.0081	4.0074	3.521	6.455	TRUE	TRUE	5.04	6						
2016.10.12	11:41:40.398			1	TRUE	5.347	4.0077	4.0050	3.518	6.475	TRUE	TRUE	4.66	6						
2016.10.12	11:41:40.847			1	TRUE	5.341	4.0089	4.0120	3.496	6.457	TRUE	TRUE	5.03	6						
2016.10.12	11:41:41.330			1	TRUE	5.351	4.0118	4.0165	3.509	6.465	TRUE	TRUE	4.98	6						
2016.10.12	11:41:41.776			1	TRUE	5.355	4.0097	4.0126	3.538	6.443	TRUE	TRUE	4.84	6						
2016.10.12	11:41:42.217			0	TRUE	5.355	4.0026	4.0092	3.496	6.524	TRUE	TRUE	5.06	6						
2016.10.12	11:41:42.654			1	TRUE	5.352	4.0093	4.0151	3.502	6.458	TRUE	TRUE	4.88	6						
2016.10.12	11:41:44.824			1	TRUE	5.343	4.0064	4.0127	3.495	6.468	TRUE	TRUE	4.88	6						
2016.10.12	11:41:45.300			1	TRUE	5.348	4.0121	4.0144	3.521	6.425	TRUE	TRUE	4.76	6						
2016.10.12	11:41:45.749			1	TRUE	5.344	4.0102	4.0100	3.542	6.439	TRUE	TRUE	5.10	6						
2016.10.12	11:41:46.221			1	TRUE	5.365	4.0080	4.0091	3.526	6.523	TRUE	TRUE	4.76	6						
2016.10.12	11:41:46.675			1	TRUE	5.360	4.0102	4.0152	3.552	6.457	TRUE	TRUE	4.88	6						
2016.10.12	11:41:47.131			1	TRUE	5.344	4.0110	4.0161	3.513	6.459	TRUE	TRUE	4.79	6						
2016.10.12	11:41:47.611			1	TRUE	5.341	4.0105	4.0140	3.544	6.474	TRUE	TRUE	4.91	6						
2016.10.12	11:41:48.046			0	TRUE	5.343	4.0073	4.0201	3.561	6.412	TRUE	TRUE	4.76	6						
2016.10.12	11:41:48.510			1	TRUE	5.348	4.0081	4.0150	3.569	6.481	TRUE	TRUE	4.86	6						
2016.10.12	11:41:48.987			0	TRUE	5.352	4.0041	4.0064	3.558	6.449	TRUE	TRUE	4.76	6						
2016.10.12	11:41:49.434			0	TRUE	5.355	4.0047	4.0220	3.523	6.464	TRUE	TRUE	4.84	6						
2016.10.12	11:41:49.903			1	TRUE	5.358	4.0112	4.0182	3.534	6.448	TRUE	TRUE	4.83	6						
2016.10.12	11:41:50.368			1	TRUE	5.353	4.0069	4.0177	3.513	6.489	TRUE	TRUE	5.06	6						
2016.10.12	11:41:50.810			0	TRUE	5.348	4.0052	4.0104	3.544	6.473	FALSE	TRUE	5.09	6						
2016.10.12	11:41:51.272			1	TRUE	5.342	4.0098	4.0134	3.526	6.443	TRUE	TRUE	4.96	6						
2016.10.12	11:41:51.732			1	TRUE	5.350	4.0132	4.0148	3.524	6.430	TRUE	TRUE	4.54	6						
2016.10.12	11:41:52.210			1	TRUE	5.338	4.0069	4.0067	3.530	6.470	TRUE	TRUE	4.81	6						
2016.10.12	11:41:52.658			1	TRUE	5.360	4.0074	4.0119	3.506	6.456	TRUE	TRUE	4.61	6						
2016.10.12	11:41:53.108			1	TRUE	5.345	4.0105	4.0136	3.530	6.478	TRUE	TRUE	4.73	6						
2016.10.12	11:41:53.585			0	TRUE	5.353	4.0140	4.0203	3.546	6.445	TRUE	TRUE	4.86	6						
2016.10.12	11:41:54.017			0	TRUE	5.355	4.0033	4.0199	3.527	6.444	TRUE	TRUE	4.98	6						
2016.10.12	11:41:54.480			0	TRUE	5.350	4.0028	4.0145	3.559	6.455	TRUE	TRUE	4.74	6						
2016.10.12	11:41:54.966			1	TRUE	5.331	4.0096	4.0137	3.473	6.489	TRUE	TRUE	4.80	6						
2016.10.12	11:41:55.434			1	TRUE	5.345	4.0094	4.0157	3.548	6.439	TRUE	TRUE	4.98	6						
2016.10.12	11:41:55.864			1	TRUE	5.355	4.0096	4.0150	3.537	6.481	TRUE	TRUE	4.95	6						
2016.10.12	11:41:56.365			1	TRUE	5.355	4.0056	4.0067	3.490	6.469	TRUE	TRUE	4.92	6						
2016.10.12	11:41:56.816			1	TRUE	5.356	4.0110	4.0164	3.534	6.469	TRUE	TRUE	4.98	6						
2016.10.12	11:41:57.278			1	TRUE	5.342	4.0064	4.0110	3.528	6.477	TRUE	TRUE	4.78	6						
2016.10.12	11:41:57.733			1	TRUE	5.343	4.0090	4.0113	3.524	6.433	TRUE	TRUE	4.95	6						
2016.10.12	11:41:58.199			1	TRUE	5.341	4.0068	4.0125	3.519	6.440	TRUE	TRUE	4.86	6						
2016.10.12	11:41:58.656			1	TRUE	5.344	4.0103	4.0188	3.484	6.442	TRUE	TRUE	5.00	6						
2016.10.12	11:41:59.111			1	TRUE	5.361	4.0073	4.0107	3.499	6.487	TRUE	TRUE	4.78	6						
2016.10.12	11:41:59.587			0	TRUE	5.341	4.0040	4.0054	3.495	6.498	TRUE	TRUE	4.77	6						
2016.10.12	11:42:00.035			1	TRUE	5.352	4.0089	4.0148	3.538	6.474	TRUE	TRUE	4.70	6						
2016.10.12	11:42:00.490			1	TRUE	5.352	4.0077	4.0072	3.523	6.473	TRUE	TRUE	4.98	6						
2016.10.12	11:42:00.986			1	TRUE	5.349	4.0060	4.0111	3.526	6.531	TRUE	TRUE	4.88	6						
2016.10.12	11:42:01.431			1	TRUE	5.353	4.0115	4.0167	3.511	6.465	TRUE	TRUE	4.73	6						
2016.10.12	11:42:03.508			1	TRUE	5.351	4.0087	4.0094	3.518	6.430	TRUE	TRUE	4.63	6						
2016.10.12	11:42:03.996			1	TRUE	5.347	4.0085	4.0128	3.523	6.417	TRUE	TRUE	5.00	6						
2016.10.12	11:42:04.443			1	TRUE	5.355	4.0128	4.0181	3.536	6.410	TRUE	TRUE	4.65	6						
2016.10.12	11:42:04.876			1	TRUE	5.360	4.0082	4.0158	3.537	6.477	TRUE	TRUE	5.06	6						
2016.10.12	11:42:05.356			1	TRUE	5.360	4.0116	4.0127	3.490	6.507	TRUE	TRUE	4.92	6						
2016.10.12	11:42:05.827			1	TRUE	5.359	4.0124	4.0144	3.502	6.474	TRUE	TRUE	5.32	6						
2016.10.12	11:42:06.270			0	TRUE	5.346	4.0004	4.0166	3.553	6.468	TRUE	TRUE	5.00	6						
2016.10.12	11:42:06.720			1	TRUE	5.359	4.0131	4.0120	3.546	6.469	TRUE	TRUE	4.88	6						
2016.10.12	11:42:07.207			0	TRUE	5.339	4.0071	4.0136	3.555	6.453	TRUE	TRUE	5.24	5						
2016.10.12	11:42:07.662			1	TRUE	5.351	4.0107	4.0163	3.535	6.497	TRUE	TRUE	4.85	6						
2016.10.12	11:42:08.072			1	TRUE	5.340	4.0086	4.0115	3.525	6.455	TRUE	TRUE	4.82	6						
2016.10.12	11:42:08.601			1	TRUE	5.355	4.0063	4.0186	3.565	6.466	TRUE	TRUE	5.09	6						
2016.10.12	11:42:09.046			1	TRUE	5.358	4.0152	4.0138	3.525	6.438	TRUE	TRUE	4.75	6						
2016.10.12	11:42:09.469			1	TRUE	5.357	4.0125	4.0154	3.556	6.423	TRUE	TRUE	4.94	6						
2016.10.12	11:42:09.978			1	TRUE	5.355	4.0084	4.0057	3.516	6.433	TRUE	TRUE	4.70	6						
2016.10.12	11:42:10.421			0	TRUE	5.352	4.0033	4.0139	3.512	6.432	TRUE	TRUE	4.84	6						
2016.10.12	11:42:10.854			1	TRUE	5.354	4.0088	4.0084	3.506	6.455	TRUE	TRUE	5.00	6						
2016.10.12	11:42:11.353			1	TRUE	5.346	4.0087	4.0120	3.495	6.492	TRUE	TRUE	4.96	6						
2016.10.12	11:42:11.820			1	TRUE	5.349	4.0051	4.0121	3.545	6.472	TRUE	TRUE	4.74	6						
2016.10.12	11:42:12.287			1	TRUE	5.332	4.0123	4.0198	3.506	6.476	TRUE	TRUE	4.94	6						
2016.10.12	11:42:12.706			0	TRUE	5.355	4.0098	4.0248	3.492	6.477	TRUE	TRUE	4.76	6						
2016.10.12	11:42:13.194			1	TRUE	5.349	4.0050	4.0163	3.534	6.448	TRUE	TRUE	5.03	6						
2016.10.12	11:42:13.643			1	TRUE	5.355	4.0091	4.0133	3.528	6.474	TRUE	TRUE	4.81	6						
2016.10.12	11:42:16.210			1	TRUE	5.365	4.0062	4.0112	3.503	6.506	TRUE	TRUE	4.99	6						
2016.10.12	11:42:16.650			1	TRUE	5.342	4.0142	4.0188	3.514	6.477	TRUE	TRUE	4.83	6						
2016.10.12	11:42:17.112			0	TRUE	5.357	4.0153	4.0244	3.494	6.534	TRUE	TRUE	5.01	6						
2016.10.12	11:42:17.584			0	TRUE	5.340	4.0029	4.0086	3.496	6.467	TRUE	TRUE	4.93	6						
2016.10.12	11:42:18.046			0	TRUE	5.345	3.9932	4.0006	3.542	6.455	TRUE	TRUE	4.90	6						
2016.10.12	11:42:18.484			0	TRUE	5.355	3.9999	4.0090	3.527	6.445	TRUE	TRUE	4.76	6						
2016.10.12	11:42:18.981			1	TRUE	5.338	4.0057	4.0060	3.512	6.440	TRUE	TRUE	4.75	6						
2016.10.12	11:42:19.427			1	TRUE	5.345	4.0065	4.0153	3.544	6.471	TRUE	TRUE	4.86	6						
2016.10.12	11:42:19.892			1	TRUE	5.350	4.0087	4.0126	3.479	6.519	TRUE	TRUE	5.11	6						
2016.10.12	11:42:22.002			1	TRUE	5.347	4.0057	4.0091	3.559	6.455	TRUE	TRUE	4.97	6						
2016.10.12	11:42:22.450			0	TRUE	5.351	4.0048	4.0097	3.496	6.498	TRUE	TRUE	5.06	6						
2016.10.12	11:42:22.884			0	TRUE	5.346	4.0158	4.0260	3.541	6.476	TRUE	TRUE	4.71	6						
2016.10.12	11:42:23.380			0	TRUE	5.354	4.0127	4.0223	3.518	6.469	TRUE	TRUE	4.96	6						
2016.10.12	11:42:23.831			1	TRUE	5.346	4.0069	4.0120	3.508	6.491	TRUE	TRUE	4.84	6						
2016.10.12	11:42:24.325			1	TRUE	5.350	4.0079	4.0053	3.505	6.470	TRUE	TRUE	4.95	6						
2016.10.12	11:42:26.581			0	TRUE	5.368	4.0044	4.0140	3.524	6.458	TRUE	TRUE	4.77	6						
2016.10.12	11:42:27.053			1	TRUE	5.344	4.0057	4.0112	3.525	6.485	TRUE	TRUE	4.80	6						
2016.10.12	11:42:27.513			1	TRUE	5.351	4.0098	4.0115	3.517	6.474	TRUE	TRUE	4.88	6						
2016.10.12	11:42:27.984			0	TRUE	5.363	4.0043	4.0112	3.510	6.506	TRUE	TRUE	4.95	6						
2016.10.12	11:42:28.433			1	TRUE	5.348	4.0110	4.0124	3.540	6.425	TRUE	TRUE	5.08	6						
2016.10.12	11:42:28.883			0	TRUE	5.348	4.0040	4.0179	3.563	6.465	TRUE	TRUE	4.73	6						
2016.10.12	11:42:31.208			1	TRUE	5.331	4.0125	4.0176	3.508	6.481	TRUE	TRUE	4.90	6						
2016.10.12	11:42:31.647			0	TRUE	5.350	4.0033	4.0214	3.541	6.435	TRUE	TRUE	5.08	6						
2016.10.12	11:42:32.100			1	TRUE	5.340	4.0160	4.0190	3.527	6.463	TRUE	TRUE	5.00	6						
2016.10.12	11:42:32.600			1	TRUE	5.327	4.0116	4.0127	3.499	6.480	TRUE	TRUE	5.04	6						
2016.10.12	11:42:33.035			0	TRUE	5.347	4.0021	4.0183	3.551	6.462	TRUE	TRUE	4.83	6						
2016.10.12	11:42:33.494			1	TRUE	5.348	4.0153	4.0126	3.514	6.487	TRUE	TRUE	4.84	6						
2016.10.12	11:42:35.780			0	TRUE	5.349	4.0018	4.0161	3.549	6.451	TRUE	TRUE	4.80	6						
2016.10.12	11:42:36.250			1	TRUE	5.353	4.0090	4.0116	3.544	6.469	TRUE	TRUE	4.90	6						
2016.10.12	11:42:36.673			1	TRUE	5.351	4.0066	4.0097	3.513	6.484	TRUE	TRUE	4.88	6						
2016.10.12	11:42:37.197			0	TRUE	5.348	4.0095	4.0121	3.496	6.469	TRUE	TRUE	5.45	4						
2016.10.12	11:42:37.638			0	TRUE	5.354	4.0017	4.0085	3.483	6.485	TRUE	TRUE	4.95	6						
2016.10.12	11:42:38.093			1	TRUE	5.348	4.0113	4.0159	3.512	6.438	TRUE	TRUE	4.96	6						
2016.10.12	11:42:38.550			1	TRUE	5.349	4.0126	4.0186	3.527	6.462	TRUE	TRUE	4.87	6						
2016.10.12	11:42:39.017			1	TRUE	5.338	4.0077	4.0174	3.515	6.470	TRUE	TRUE	4.94	6						
2016.10.12	11:42:39.473			1	TRUE	5.344	4.0070	4.0103	3.578	6.443	TRUE	TRUE	4.82	6						
2016.10.12	11:42:41.581			1	TRUE	5.357	4.0072	4.0138	3.524	6.449	TRUE	TRUE	4.88	6						
2016.10.12	11:42:42.033			0	TRUE	5.350	4.0047	4.0090	3.502	6.460	TRUE	TRUE	5.02	6						
2016.10.12	11:42:42.515			1	TRUE	5.353	4.0116	4.0144	3.507	6.462	TRUE	TRUE	4.78	6						
2016.10.12	11:42:42.962			1	TRUE	5.354	4.0110	4.0156	3.549	6.472	TRUE	TRUE	4.93	6						
2016.10.12	11:42:43.426			1	TRUE	5.349	4.0128	4.0152	3.567	6.462	TRUE	TRUE	4.73	6						
2016.10.12	11:42:45.580			0	TRUE	5.349	4.0107	4.0142	3.530	6.453	TRUE	TRUE	5.23	5						
2016.10.12	11:42:46.037			1	TRUE	5.348	4.0104	4.0129	3.509	6.440	TRUE	TRUE	4.79	6						
2016.10.12	11:42:46.491			0	TRUE	5.346	4.0057	4.0102	3.534	6.486	TRUE	TRUE	4.61	5						
2016.10.12	11:42:46.946			1	TRUE	5.357	4.0099	4.0135	3.535	6.468	TRUE	TRUE	4.85	6						
2016.10.12	11:42:47.434			0	TRUE	5.348	4.0044	4.0188	3.547	6.486	TRUE	TRUE	4.84	6						
2016.10.12	11:42:47.875			0	TRUE	5.355	4.0049	4.0193	3.556	6.461	TRUE	TRUE	4.86	6						
2016.10.12	11:42:48.340			0	TRUE	5.350	4.0038	4.0025	3.529	6.449	TRUE	TRUE	5.34	6						
2016.10.12	11:42:49.281			0	TRUE	5.352	4.0064	4.0201	3.534	6.475	TRUE	TRUE	4.82	6						
2016.10.12	11:42:50.181			1	TRUE	5.351	4.0134	4.0152	3.495	6.490	TRUE	TRUE	4.93	6						
2016.10.12	11:42:50.642			1	TRUE	5.344	4.0081	4.0128	3.508	6.467	TRUE	TRUE	4.95	6						
2016.10.12	11:42:51.060			1	TRUE	5.355	4.0096	4.0133	3.561	6.433	TRUE	TRUE	5.12	6						
2016.10.12	11:42:51.564			1	TRUE	5.343	4.0092	4.0147	3.532	6.488	TRUE	TRUE	4.94	6						
2016.10.12	11:42:52.028			1	TRUE	5.359	4.0108	4.0139	3.521	6.455	TRUE	TRUE	4.71	6						
2016.10.12	11:42:52.496			0	TRUE	5.357	4.0092	4.0211	3.535	6.494	TRUE	TRUE	5.15	6						
2016.10.12	11:42:52.932			0	TRUE	5.344	4.0038	4.0153	3.555	6.454	TRUE	TRUE	4.94	6						
2016.10.12	11:42:53.407			1	TRUE	5.357	4.0081	4.0083	3.541	6.443	TRUE	TRUE	5.00	6						
2016.10.12	11:42:53.863			1	TRUE	5.356	4.0157	4.0170	3.567	6.460	TRUE	TRUE	4.71	6						
2016.10.12	11:42:54.340			1	TRUE	5.350	4.0079	4.0181	3.547	6.484	TRUE	TRUE	4.80	6						
2016.10.12	11:42:54.799			0	TRUE	5.331	4.0063	4.0092	3.500	6.477	TRUE	TRUE	5.27	5						
2016.10.12	11:42:55.254			0	TRUE	5.357	4.0026	4.0059	3.489	6.512	TRUE	TRUE	4.77	6						
2016.10.12	11:42:55.715			0	TRUE	5.353	4.0012	4.0099	3.509	6.468	TRUE	TRUE	5.07	6						
2016.10.12	11:42:56.188			0	TRUE	5.350	4.0084	4.0163	3.538	6.456	FALSE	TRUE	5.05	6						
2016.10.12	11:42:56.614			0	TRUE	5.342	4.0098	4.0146	3.570	6.452	TRUE	TRUE	5.64	4						
2016.10.12	11:42:57.127			1	TRUE	5.338	4.0051	4.0096	3.516	6.438	TRUE	TRUE	4.87	6						
2016.10.12	11:42:57.562			1	TRUE	5.354	4.0110	4.0133	3.531	6.483	TRUE	TRUE	4.70	6						
2016.10.12	11:42:58.020			0	TRUE	5.340	4.0072	4.0075	3.483	6.488	TRUE	TRUE	5.28	5						
2016.10.12	11:42:58.480			1	TRUE	5.350	4.0114	4.0151	3.520	6.461	TRUE	TRUE	4.92	6						
2016.10.12	11:42:58.946			0	TRUE	5.353	4.0157	4.0221	3.531	6.514	TRUE	TRUE	4.74	6						
2016.10.12	11:42:59.860			0	TRUE	5.351	4.0048	4.0084	3.516	6.470	TRUE	TRUE	4.92	6						
2016.10.12	11:43:00.324			1	TRUE	5.349	4.0126	4.0157	3.556	6.442	TRUE	TRUE	4.98	6						
2016.10.12	11:43:00.788			1	TRUE	5.354	4.0139	4.0158	3.520	6.444	TRUE	TRUE	4.68	6						
2016.10.12	11:43:01.241			1	TRUE	5.347	4.0092	4.0116	3.533	6.451	TRUE	TRUE	4.89	6						
2016.10.12	11:43:01.700			1	TRUE	5.350	4.0082	4.0121	3.506	6.443	TRUE	TRUE	4.91	6						
2016.10.12	11:43:02.177			1	TRUE	5.347	4.0068	4.0105	3.518	6.486	TRUE	TRUE	4.70	6						
2016.10.12	11:43:02.630			1	TRUE	5.354	4.0082	4.0144	3.532	6.451	TRUE	TRUE	4.96	6						
2016.10.12	11:43:03.055			1	TRUE	5.335	4.0071	4.0198	3.510	6.440	TRUE	TRUE	4.91	6						
2016.10.12	11:43:03.557			0	TRUE	5.350	4.0030	4.0054	3.564	6.460	TRUE	TRUE	4.73	6						
