2016.10.12	14:49:40.043			0	TRUE	5.353	4.0096	4.0112	3.495	6.486	TRUE	TRUE	5.66	5						
2016.10.12	14:50:01.232			1	TRUE	5.351	4.0058	4.0116	3.563	6.434	TRUE	TRUE	5.01	6						
2016.10.12	14:50:01.695			0	TRUE	5.350	4.0060	4.0211	3.548	6.464	TRUE	TRUE	4.82	6						
2016.10.12	14:50:02.157			0	TRUE	5.349	4.0020	4.0119	3.559	6.439	TRUE	TRUE	4.77	6						
2016.10.12	14:50:02.630			1	TRUE	5.365	4.0077	4.0104	3.509	6.470	TRUE	TRUE	4.66	6						
2016.10.12	14:50:03.124			0	TRUE	5.353	4.0131	4.0229	3.513	6.458	TRUE	TRUE	4.77	6						
2016.10.12	14:50:04.018			1	TRUE	5.350	4.0083	4.0200	3.515	6.498	TRUE	TRUE	5.10	6						
2016.10.12	14:50:04.489			0	TRUE	5.351	4.0064	4.0226	3.547	6.415	TRUE	TRUE	5.13	6						
2016.10.12	14:50:04.934			0	TRUE	5.339	4.0135	4.0216	3.516	6.526	FALSE	TRUE	5.00	6						
2016.10.12	14:50:05.385			0	TRUE	5.351	4.0055	4.0213	3.526	6.467	TRUE	TRUE	4.81	6						
2016.10.12	14:50:05.858			1	TRUE	5.346	4.0063	4.0196	3.585	6.435	TRUE	TRUE	5.07	6						
2016.10.12	14:50:06.310			1	TRUE	5.345	4.0061	4.0094	3.493	6.479	TRUE	TRUE	4.95	6						
2016.10.12	14:50:06.772			1	TRUE	5.350	4.0098	4.0113	3.519	6.437	TRUE	TRUE	4.68	6						
2016.10.12	14:50:07.218			1	TRUE	5.360	4.0096	4.0145	3.516	6.478	TRUE	TRUE	4.86	6						
2016.10.12	14:50:07.694			1	TRUE	5.340	4.0081	4.0130	3.558	6.423	TRUE	TRUE	4.98	6						
2016.10.12	14:50:08.150			0	TRUE	5.338	4.0096	4.0137	3.513	6.443	FALSE	TRUE	5.10	6						
2016.10.12	14:50:08.617			1	TRUE	5.351	4.0120	4.0148	3.501	6.451	TRUE	TRUE	4.74	6						
2016.10.12	14:50:09.031			0	TRUE	5.348	4.0128	4.0146	3.532	6.466	FALSE	TRUE	4.99	6						
2016.10.12	14:50:09.530			1	TRUE	5.345	4.0122	4.0157	3.508	6.445	TRUE	TRUE	4.86	6						
2016.10.12	14:50:10.004			0	TRUE	5.338	4.0100	4.0154	3.518	6.470	FALSE	TRUE	4.99	6						
2016.10.12	14:50:10.482			1	TRUE	5.343	4.0053	4.0085	3.548	6.479	TRUE	TRUE	4.72	6						
2016.10.12	14:50:10.932			0	TRUE	5.330	4.0052	4.0332	3.517	6.466	TRUE	TRUE	5.10	6						
2016.10.12	14:50:11.395			0	TRUE	5.357	4.0035	4.0145	3.534	6.434	TRUE	TRUE	4.78	6						
2016.10.12	14:50:11.822			1	TRUE	5.349	4.0122	4.0135	3.546	6.431	TRUE	TRUE	4.91	6						
2016.10.12	14:50:12.283			1	TRUE	5.353	4.0091	4.0120	3.484	6.511	TRUE	TRUE	4.88	6						
2016.10.12	14:50:12.767			0	TRUE	5.352	4.0036	4.0184	3.554	6.486	TRUE	TRUE	4.84	6						
2016.10.12	14:50:13.223			0	TRUE	5.343	4.0053	4.0044	3.520	6.487	TRUE	TRUE	4.98	6						
2016.10.12	14:50:13.691			1	TRUE	5.347	4.0056	4.0082	3.500	6.467	TRUE	TRUE	5.53	6						
2016.10.12	14:50:14.110			1	TRUE	5.356	4.0132	4.0179	3.534	6.474	TRUE	TRUE	5.00	6						
2016.10.12	14:50:14.589			1	TRUE	5.355	4.0069	4.0095	3.525	6.448	TRUE	TRUE	5.00	6						
2016.10.12	14:50:15.075			1	TRUE	5.367	4.0128	4.0172	3.519	6.462	TRUE	TRUE	4.70	6						
2016.10.12	14:50:15.498			1	TRUE	5.350	4.0063	4.0146	3.542	6.450	TRUE	TRUE	4.74	6						
2016.10.12	14:50:15.987			1	TRUE	5.349	4.0059	4.0147	3.553	6.496	TRUE	TRUE	4.85	6						
2016.10.12	14:50:16.448			1	TRUE	5.344	4.0061	4.0081	3.547	6.475	TRUE	TRUE	4.79	6						
2016.10.12	14:50:16.915			1	TRUE	5.360	4.0074	4.0138	3.527	6.443	TRUE	TRUE	4.85	6						
2016.10.12	14:50:17.382			1	TRUE	5.358	4.0109	4.0198	3.546	6.450	TRUE	TRUE	5.04	6						
2016.10.12	14:50:17.827			0	TRUE	5.328	4.0051	4.0053	3.505	6.468	TRUE	TRUE	7.28	2						
2016.10.12	14:50:18.307			0	TRUE	5.344	4.0033	4.0094	3.525	6.455	TRUE	TRUE	5.30	6						
2016.10.12	14:50:18.747			1	TRUE	5.359	4.0058	4.0099	3.490	6.469	TRUE	TRUE	5.05	6						
2016.10.12	14:50:19.202			1	TRUE	5.356	4.0064	4.0056	3.492	6.447	TRUE	TRUE	4.64	6						
2016.10.12	14:50:19.670			1	TRUE	5.347	4.0084	4.0131	3.545	6.405	TRUE	TRUE	4.68	6						
2016.10.12	14:50:20.140			1	TRUE	5.354	4.0115	4.0160	3.529	6.491	TRUE	TRUE	5.10	6						
2016.10.12	14:50:20.596			1	TRUE	5.353	4.0096	4.0135	3.537	6.447	TRUE	TRUE	4.94	6						
2016.10.12	14:50:21.044			1	TRUE	5.341	4.0086	4.0130	3.496	6.430	TRUE	TRUE	4.96	6						
2016.10.12	14:50:21.498			0	TRUE	5.349	4.0033	4.0126	3.517	6.438	FALSE	TRUE	4.85	6						
2016.10.12	14:50:21.996			1	TRUE	5.358	4.0121	4.0169	3.530	6.521	TRUE	TRUE	4.89	6						
2016.10.12	14:50:22.443			0	TRUE	5.344	4.0063	4.0107	3.490	6.478	FALSE	TRUE	4.80	6						
2016.10.12	14:50:22.905			1	TRUE	5.349	4.0151	4.0157	3.534	6.433	TRUE	TRUE	5.31	6						
2016.10.12	14:50:23.381			1	TRUE	5.349	4.0063	4.0148	3.518	6.481	TRUE	TRUE	4.90	6						
2016.10.12	14:50:23.843			0	TRUE	5.336	4.0092	4.0069	3.531	6.447	TRUE	TRUE	5.45	5						
2016.10.12	14:50:24.279			1	TRUE	5.357	4.0121	4.0146	3.548	6.465	TRUE	TRUE	4.85	6						
2016.10.12	14:50:24.744			1	TRUE	5.356	4.0125	4.0167	3.544	6.439	TRUE	TRUE	4.98	6						
2016.10.12	14:50:25.212			1	TRUE	5.350	4.0094	4.0122	3.566	6.484	TRUE	TRUE	4.74	6						
2016.10.12	14:50:25.677			1	TRUE	5.352	4.0063	4.0169	3.534	6.466	TRUE	TRUE	4.72	6						
2016.10.12	14:50:26.128			1	TRUE	5.355	4.0114	4.0125	3.538	6.487	TRUE	TRUE	5.04	6						
2016.10.12	14:50:26.602			1	TRUE	5.351	4.0071	4.0132	3.539	6.441	TRUE	TRUE	4.91	6						
2016.10.12	14:50:27.069			1	TRUE	5.338	4.0074	4.0117	3.531	6.494	TRUE	TRUE	5.05	6						
2016.10.12	14:50:27.527			1	TRUE	5.349	4.0083	4.0125	3.499	6.487	TRUE	TRUE	4.95	6						
2016.10.12	14:50:27.990			0	TRUE	5.353	4.0106	4.0178	3.517	6.474	TRUE	TRUE	5.48	4						
2016.10.12	14:50:28.454			1	TRUE	5.356	4.0093	4.0088	3.537	6.428	TRUE	TRUE	5.12	6						
2016.10.12	14:50:28.909			0	TRUE	5.343	4.0168	4.0238	3.523	6.476	TRUE	TRUE	5.50	5						
2016.10.12	14:50:29.361			0	TRUE	5.339	4.0045	4.0124	3.532	6.481	TRUE	TRUE	4.82	6						
2016.10.12	14:50:29.820			0	TRUE	5.353	4.0074	4.0100	3.514	6.449	FALSE	TRUE	4.67	6						
2016.10.12	14:50:30.332			1	TRUE	5.352	4.0125	4.0130	3.538	6.454	TRUE	TRUE	4.84	6						
2016.10.12	14:50:31.203			1	TRUE	5.352	4.0113	4.0120	3.507	6.442	TRUE	TRUE	4.83	6						
2016.10.12	14:50:31.678			1	TRUE	5.352	4.0077	4.0184	3.484	6.441	TRUE	TRUE	4.89	6						
2016.10.12	14:50:32.139			0	TRUE	5.357	4.0101	4.0136	3.512	6.442	FALSE	TRUE	5.32	5						
2016.10.12	14:50:32.583			1	TRUE	5.350	4.0118	4.0164	3.527	6.456	TRUE	TRUE	4.80	6						
2016.10.12	14:50:33.037			1	TRUE	5.355	4.0052	4.0166	3.551	6.444	TRUE	TRUE	4.85	6						
2016.10.12	14:50:33.506			0	TRUE	5.335	4.0082	4.0116	3.530	6.488	TRUE	TRUE	5.14	5						
2016.10.12	14:50:33.958			1	TRUE	5.350	4.0106	4.0154	3.572	6.474	TRUE	TRUE	5.05	6						
2016.10.12	14:50:34.440			1	TRUE	5.348	4.0087	4.0131	3.513	6.459	TRUE	TRUE	5.33	6						
2016.10.12	14:50:34.921			0	TRUE	5.348	4.0049	4.0171	3.512	6.458	TRUE	TRUE	4.90	6						
2016.10.12	14:50:35.821			0	TRUE	5.349	4.0083	4.0216	3.550	6.491	TRUE	TRUE	4.75	6						
2016.10.12	14:50:36.272			1	TRUE	5.346	4.0075	4.0114	3.541	6.455	TRUE	TRUE	4.84	6						
2016.10.12	14:50:36.701			1	TRUE	5.358	4.0056	4.0073	3.491	6.493	TRUE	TRUE	4.72	6						
2016.10.12	14:50:37.197			1	TRUE	5.347	4.0106	4.0188	3.559	6.483	TRUE	TRUE	5.07	6						
2016.10.12	14:50:37.645			0	TRUE	5.367	4.0030	4.0149	3.491	6.473	TRUE	TRUE	4.91	6						
2016.10.12	14:50:38.096			0	TRUE	5.353	4.0047	4.0167	3.534	6.494	TRUE	TRUE	4.84	6						
2016.10.12	14:50:38.587			0	TRUE	5.356	4.0039	4.0123	3.526	6.459	TRUE	TRUE	5.19	6						
2016.10.12	14:50:39.033			1	TRUE	5.355	4.0055	4.0168	3.526	6.487	TRUE	TRUE	5.17	6						
2016.10.12	14:50:39.511			1	TRUE	5.358	4.0131	4.0153	3.516	6.465	TRUE	TRUE	4.99	6						
2016.10.12	14:50:39.958			1	TRUE	5.343	4.0071	4.0090	3.543	6.504	TRUE	TRUE	4.79	6						
2016.10.12	14:50:40.414			1	TRUE	5.351	4.0058	4.0120	3.518	6.454	TRUE	TRUE	4.82	6						
2016.10.12	14:50:40.873			0	TRUE	5.351	4.0092	4.0132	3.519	6.478	FALSE	TRUE	5.00	6						
2016.10.12	14:50:41.331			1	TRUE	5.352	4.0114	4.0116	3.551	6.437	TRUE	TRUE	4.92	6						
2016.10.12	14:50:41.804			0	TRUE	5.356	4.0033	4.0089	3.546	6.424	TRUE	TRUE	4.80	6						
2016.10.12	14:50:42.269			1	TRUE	5.356	4.0115	4.0147	3.500	6.470	TRUE	TRUE	4.67	6						
2016.10.12	14:50:42.736			1	TRUE	5.365	4.0129	4.0130	3.480	6.504	TRUE	TRUE	4.88	6						
2016.10.12	14:50:43.209			1	TRUE	5.346	4.0113	4.0136	3.530	6.444	TRUE	TRUE	5.11	6						
2016.10.12	14:50:43.650			1	TRUE	5.351	4.0105	4.0121	3.526	6.438	TRUE	TRUE	5.11	6						
2016.10.12	14:50:44.110			0	TRUE	5.349	4.0048	4.0155	3.532	6.500	TRUE	TRUE	5.08	6						
2016.10.12	14:50:44.586			0	TRUE	5.359	4.0043	4.0183	3.527	6.462	TRUE	TRUE	4.85	6						
2016.10.12	14:50:45.027			0	TRUE	5.355	4.0139	4.0245	3.542	6.434	TRUE	TRUE	4.92	6						
2016.10.12	14:50:45.501			0	TRUE	5.343	4.0084	4.0111	3.519	6.444	TRUE	TRUE	5.32	5						
2016.10.12	14:50:45.957			1	TRUE	5.358	4.0085	4.0110	3.496	6.504	TRUE	TRUE	4.89	6						
2016.10.12	14:50:46.424			1	TRUE	5.348	4.0124	4.0151	3.539	6.441	TRUE	TRUE	4.78	6						
2016.10.12	14:50:46.885			0	TRUE	5.348	4.0085	4.0164	3.486	6.512	TRUE	TRUE	5.64	5						
2016.10.12	14:50:47.338			0	TRUE	5.349	4.0044	4.0188	3.574	6.453	TRUE	TRUE	5.33	6						
2016.10.12	14:50:47.809			0	TRUE	5.361	4.0031	4.0152	3.522	6.487	TRUE	TRUE	4.98	6						
2016.10.12	14:50:48.267			0	TRUE	5.355	4.0108	4.0222	3.563	6.464	TRUE	TRUE	4.92	6						
2016.10.12	14:50:48.728			0	TRUE	5.335	4.0042	4.0078	3.492	6.464	TRUE	TRUE	5.11	6						
2016.10.12	14:50:49.203			0	TRUE	5.326	4.0081	4.0134	3.489	6.473	FALSE	TRUE	4.94	6						
2016.10.12	14:50:49.626			1	TRUE	5.352	4.0070	4.0119	3.474	6.485	TRUE	TRUE	4.83	6						
2016.10.12	14:50:50.104			1	TRUE	5.346	4.0093	4.0113	3.474	6.497	TRUE	TRUE	4.97	6						
2016.10.12	14:50:50.561			1	TRUE	5.351	4.0059	4.0101	3.550	6.451	TRUE	TRUE	4.98	6						
2016.10.12	14:50:51.036			1	TRUE	5.353	4.0122	4.0167	3.572	6.459	TRUE	TRUE	5.32	6						
2016.10.12	14:50:51.452			1	TRUE	5.351	4.0135	4.0147	3.519	6.487	TRUE	TRUE	4.82	6						
2016.10.12	14:50:51.961			1	TRUE	5.347	4.0052	4.0097	3.500	6.452	TRUE	TRUE	5.05	6						
2016.10.12	14:50:52.399			1	TRUE	5.352	4.0068	4.0088	3.513	6.459	TRUE	TRUE	4.95	6						
2016.10.12	14:50:52.873			0	TRUE	5.331	4.0036	4.0168	3.506	6.451	TRUE	TRUE	4.93	6						
2016.10.12	14:50:53.322			1	TRUE	5.347	4.0095	4.0139	3.527	6.477	TRUE	TRUE	4.83	6						
2016.10.12	14:50:53.799			1	TRUE	5.362	4.0171	4.0157	3.504	6.494	TRUE	TRUE	5.11	6						
2016.10.12	14:50:54.235			1	TRUE	5.357	4.0098	4.0145	3.517	6.463	TRUE	TRUE	5.03	6						
2016.10.12	14:50:54.724			1	TRUE	5.347	4.0068	4.0088	3.539	6.480	TRUE	TRUE	4.83	6						
2016.10.12	14:50:55.186			0	TRUE	5.349	4.0090	4.0095	3.566	6.477	FALSE	TRUE	5.32	5						
2016.10.12	14:50:55.625			1	TRUE	5.354	4.0115	4.0158	3.523	6.424	TRUE	TRUE	4.82	6						
2016.10.12	14:50:56.080			1	TRUE	5.339	4.0059	4.0104	3.546	6.479	TRUE	TRUE	4.95	6						
2016.10.12	14:50:56.542			1	TRUE	5.354	4.0114	4.0162	3.560	6.460	TRUE	TRUE	4.95	6						
2016.10.12	14:50:57.023			1	TRUE	5.340	4.0116	4.0157	3.500	6.464	TRUE	TRUE	4.81	6						
2016.10.12	14:50:57.481			0	TRUE	5.365	4.0030	4.0071	3.560	6.457	TRUE	TRUE	5.21	6						
2016.10.12	14:50:57.938			0	TRUE	5.353	4.0031	4.0062	3.487	6.449	TRUE	TRUE	4.73	6						
2016.10.12	14:50:58.413			1	TRUE	5.348	4.0071	4.0117	3.499	6.452	TRUE	TRUE	4.96	6						
2016.10.12	14:50:58.862			1	TRUE	5.362	4.0075	4.0112	3.510	6.475	TRUE	TRUE	5.08	6						
2016.10.12	14:50:59.325			1	TRUE	5.349	4.0071	4.0085	3.483	6.483	TRUE	TRUE	4.85	6						
2016.10.12	14:50:59.783			0	TRUE	5.350	4.0071	4.0049	3.593	6.453	TRUE	TRUE	4.73	6						
2016.10.12	14:51:00.238			1	TRUE	5.347	4.0055	4.0089	3.552	6.448	TRUE	TRUE	4.73	6						
2016.10.12	14:51:00.679			0	TRUE	5.353	4.0034	4.0186	3.542	6.458	TRUE	TRUE	4.87	6						
2016.10.12	14:51:01.162			0	TRUE	5.350	4.0038	4.0185	3.532	6.438	TRUE	TRUE	4.78	6						
2016.10.12	14:51:01.631			0	TRUE	5.335	4.0056	4.0071	3.565	6.464	TRUE	TRUE	5.06	5						
2016.10.12	14:51:02.083			0	TRUE	5.346	4.0046	4.0091	3.527	6.465	TRUE	TRUE	5.07	6						
2016.10.12	14:51:02.545			1	TRUE	5.353	4.0104	4.0117	3.542	6.416	TRUE	TRUE	4.93	6						
2016.10.12	14:51:03.041			0	TRUE	5.353	4.0020	4.0188	3.551	6.461	TRUE	TRUE	4.82	6						
2016.10.12	14:51:03.471			1	TRUE	5.345	4.0105	4.0134	3.473	6.488	TRUE	TRUE	4.78	6						
2016.10.12	14:51:03.932			0	TRUE	5.353	4.0140	4.0250	3.563	6.474	TRUE	TRUE	5.34	4						
2016.10.12	14:51:04.416			1	TRUE	5.355	4.0112	4.0159	3.513	6.463	TRUE	TRUE	5.03	6						
2016.10.12	14:51:04.865			1	TRUE	5.356	4.0136	4.0136	3.530	6.474	TRUE	TRUE	4.92	6						
2016.10.12	14:51:05.317			0	TRUE	5.349	4.0050	4.0188	3.535	6.496	FALSE	TRUE	4.74	6						
2016.10.12	14:51:05.765			1	TRUE	5.351	4.0062	4.0133	3.522	6.493	TRUE	TRUE	4.68	6						
2016.10.12	14:51:06.253			1	TRUE	5.345	4.0069	4.0102	3.509	6.496	TRUE	TRUE	4.76	6						
2016.10.12	14:51:06.676			1	TRUE	5.345	4.0110	4.0133	3.548	6.441	TRUE	TRUE	4.91	6						
2016.10.12	14:51:07.159			1	TRUE	5.353	4.0112	4.0119	3.522	6.443	TRUE	TRUE	5.03	6						
2016.10.12	14:51:07.634			0	TRUE	5.355	4.0014	4.0149	3.571	6.441	TRUE	TRUE	4.82	6						
2016.10.12	14:51:08.050			0	TRUE	5.352	4.0085	4.0206	3.556	6.491	TRUE	TRUE	5.05	6						
2016.10.12	14:51:08.534			1	TRUE	5.350	4.0163	4.0193	3.557	6.445	TRUE	TRUE	5.01	6						
2016.10.12	14:51:09.009			0	TRUE	5.350	4.0041	4.0136	3.514	6.487	TRUE	TRUE	4.95	6						
2016.10.12	14:51:09.465			1	TRUE	5.352	4.0107	4.0170	3.556	6.471	TRUE	TRUE	4.84	6						
2016.10.12	14:51:09.924			1	TRUE	5.348	4.0119	4.0148	3.535	6.457	TRUE	TRUE	4.71	6						
2016.10.12	14:51:10.396			1	TRUE	5.355	4.0057	4.0166	3.518	6.495	TRUE	TRUE	4.76	6						
2016.10.12	14:51:10.857			0	TRUE	5.343	4.0106	4.0122	3.507	6.441	TRUE	TRUE	5.32	5						
2016.10.12	14:51:11.277			1	TRUE	5.356	4.0079	4.0143	3.517	6.465	TRUE	TRUE	4.85	6						
2016.10.12	14:51:11.783			1	TRUE	5.345	4.0052	4.0196	3.537	6.462	TRUE	TRUE	5.19	6						
2016.10.12	14:51:12.236			1	TRUE	5.348	4.0080	4.0089	3.540	6.476	TRUE	TRUE	4.87	6						
2016.10.12	14:51:12.654			1	TRUE	5.369	4.0083	4.0125	3.510	6.474	TRUE	TRUE	4.71	6						
2016.10.12	14:51:13.127			1	TRUE	5.353	4.0088	4.0104	3.520	6.427	TRUE	TRUE	4.95	6						
2016.10.12	14:51:13.618			1	TRUE	5.353	4.0075	4.0144	3.545	6.442	TRUE	TRUE	4.94	6						
2016.10.12	14:51:14.071			1	TRUE	5.352	4.0101	4.0119	3.529	6.473	TRUE	TRUE	4.81	6						
2016.10.12	14:51:14.538			0	TRUE	5.351	4.0040	4.0154	3.510	6.441	TRUE	TRUE	4.95	6						
2016.10.12	14:51:14.995			0	TRUE	5.347	4.0105	4.0201	3.561	6.492	FALSE	TRUE	4.91	6						
2016.10.12	14:51:15.447			0	TRUE	5.350	4.0081	4.0206	3.533	6.476	TRUE	TRUE	4.89	6						
2016.10.12	14:51:15.917			1	TRUE	5.353	4.0119	4.0161	3.547	6.507	TRUE	TRUE	4.84	6						
2016.10.12	14:51:16.396			1	TRUE	5.355	4.0131	4.0150	3.547	6.468	TRUE	TRUE	5.03	6						
2016.10.12	14:51:16.853			0	TRUE	5.350	4.0072	4.0082	3.507	6.517	FALSE	TRUE	4.84	6						
2016.10.12	14:51:17.316			1	TRUE	5.348	4.0069	4.0116	3.476	6.504	TRUE	TRUE	4.91	6						
2016.10.12	14:51:17.766			0	TRUE	5.349	4.0046	4.0148	3.516	6.439	FALSE	TRUE	4.72	6						
2016.10.12	14:51:18.216			1	TRUE	5.352	4.0102	4.0152	3.513	6.440	TRUE	TRUE	4.88	6						
2016.10.12	14:51:18.684			0	TRUE	5.339	4.0042	4.0102	3.513	6.435	TRUE	TRUE	4.78	6						
2016.10.12	14:51:19.143			1	TRUE	5.371	4.0149	4.0160	3.530	6.469	TRUE	TRUE	4.96	6						
2016.10.12	14:51:19.617			1	TRUE	5.352	4.0113	4.0159	3.535	6.452	TRUE	TRUE	4.83	6						
2016.10.12	14:51:20.069			1	TRUE	5.348	4.0098	4.0149	3.531	6.459	TRUE	TRUE	5.00	6						
2016.10.12	14:51:20.500			0	TRUE	5.353	4.0106	4.0154	3.491	6.488	FALSE	TRUE	4.76	6						
2016.10.12	14:51:21.007			1	TRUE	5.334	4.0096	4.0153	3.504	6.487	TRUE	TRUE	5.00	6						
2016.10.12	14:51:21.439			1	TRUE	5.349	4.0074	4.0085	3.504	6.455	TRUE	TRUE	4.94	6						
2016.10.12	14:51:21.896			0	TRUE	5.350	4.0089	4.0201	3.542	6.478	TRUE	TRUE	4.84	6						
2016.10.12	14:51:22.378			1	TRUE	5.354	4.0086	4.0128	3.519	6.453	TRUE	TRUE	5.02	6						
2016.10.12	14:51:22.835			1	TRUE	5.350	4.0135	4.0137	3.487	6.443	TRUE	TRUE	4.82	6						
2016.10.12	14:51:23.295			1	TRUE	5.350	4.0055	4.0179	3.513	6.449	TRUE	TRUE	4.74	6						
2016.10.12	14:51:23.732			1	TRUE	5.354	4.0102	4.0106	3.501	6.467	TRUE	TRUE	4.79	6						
2016.10.12	14:51:24.218			1	TRUE	5.356	4.0073	4.0105	3.529	6.474	TRUE	TRUE	4.81	6						
2016.10.12	14:51:24.647			0	TRUE	5.344	4.0049	4.0179	3.535	6.441	TRUE	TRUE	5.28	6						
2016.10.12	14:51:25.146			0	TRUE	5.349	4.0004	4.0141	3.518	6.456	TRUE	TRUE	5.31	6						
2016.10.12	14:51:25.614			1	TRUE	5.347	4.0114	4.0122	3.523	6.475	TRUE	TRUE	4.74	6						
2016.10.12	14:51:26.068			1	TRUE	5.355	4.0108	4.0124	3.502	6.453	TRUE	TRUE	5.12	6						
2016.10.12	14:51:26.524			0	TRUE	5.356	4.0116	4.0207	3.542	6.470	TRUE	TRUE	4.79	6						
2016.10.12	14:51:26.970			1	TRUE	5.349	4.0080	4.0111	3.466	6.508	TRUE	TRUE	4.83	6						
2016.10.12	14:51:27.444			1	TRUE	5.350	4.0080	4.0100	3.538	6.475	TRUE	TRUE	5.20	6						
2016.10.12	14:51:27.910			1	TRUE	5.355	4.0102	4.0157	3.509	6.486	TRUE	TRUE	5.01	6						
2016.10.12	14:51:28.364			1	TRUE	5.356	4.0096	4.0101	3.498	6.488	TRUE	TRUE	4.71	6						
2016.10.12	14:51:28.826			0	TRUE	5.344	4.0049	4.0081	3.494	6.491	TRUE	TRUE	4.79	6						
2016.10.12	14:51:29.315			0	TRUE	5.351	3.9955	4.0051	3.510	6.462	TRUE	TRUE	5.36	6						
2016.10.12	14:51:29.769			1	TRUE	5.352	4.0078	4.0163	3.568	6.448	TRUE	TRUE	4.73	6						
2016.10.12	14:51:30.212			1	TRUE	5.351	4.0119	4.0121	3.526	6.431	TRUE	TRUE	4.91	6						
2016.10.12	14:51:30.667			1	TRUE	5.349	4.0056	4.0167	3.519	6.478	TRUE	TRUE	4.96	6						
2016.10.12	14:51:31.106			0	TRUE	5.354	4.0040	4.0076	3.543	6.462	TRUE	TRUE	4.91	6						
2016.10.12	14:51:31.581			0	TRUE	5.344	4.0021	4.0074	3.517	6.450	TRUE	TRUE	4.87	6						
2016.10.12	14:51:32.036			1	TRUE	5.353	4.0089	4.0197	3.569	6.424	TRUE	TRUE	4.74	6						
2016.10.12	14:51:32.505			1	TRUE	5.348	4.0088	4.0074	3.539	6.434	TRUE	TRUE	4.80	6						
2016.10.12	14:51:32.976			1	TRUE	5.348	4.0067	4.0150	3.578	6.485	TRUE	TRUE	5.22	6						
2016.10.12	14:51:33.439			0	TRUE	5.348	4.0029	4.0180	3.564	6.476	TRUE	TRUE	4.92	6						
2016.10.12	14:51:33.897			0	TRUE	5.350	4.0023	4.0106	3.537	6.446	TRUE	TRUE	4.94	6						
2016.10.12	14:51:34.365			1	TRUE	5.346	4.0087	4.0102	3.504	6.474	TRUE	TRUE	4.72	6						
2016.10.12	14:51:34.827			1	TRUE	5.346	4.0106	4.0147	3.502	6.466	TRUE	TRUE	5.01	6						
2016.10.12	14:51:35.304			1	TRUE	5.350	4.0128	4.0153	3.534	6.466	TRUE	TRUE	5.31	6						
2016.10.12	14:51:35.729			0	TRUE	5.346	4.0141	4.0147	3.502	6.464	TRUE	TRUE	5.17	5						
2016.10.12	14:51:36.218			0	TRUE	5.347	4.0085	4.0218	3.536	6.463	TRUE	TRUE	4.81	6						
2016.10.12	14:51:36.656			1	TRUE	5.349	4.0067	4.0086	3.484	6.454	TRUE	TRUE	4.89	6						
2016.10.12	14:51:37.125			1	TRUE	5.350	4.0062	4.0051	3.495	6.481	TRUE	TRUE	4.82	6						
2016.10.12	14:51:37.582			1	TRUE	5.354	4.0121	4.0156	3.525	6.417	TRUE	TRUE	4.74	6						
2016.10.12	14:51:38.046			0	TRUE	5.349	4.0116	4.0156	3.524	6.446	FALSE	TRUE	4.91	6						
2016.10.12	14:51:38.490			1	TRUE	5.366	4.0098	4.0137	3.508	6.472	TRUE	TRUE	4.87	6						
2016.10.12	14:51:38.962			1	TRUE	5.361	4.0066	4.0158	3.533	6.457	TRUE	TRUE	4.87	6						
2016.10.12	14:51:39.436			0	TRUE	5.359	4.0030	4.0095	3.529	6.479	TRUE	TRUE	4.96	6						
2016.10.12	14:51:39.898			1	TRUE	5.347	4.0107	4.0127	3.517	6.476	TRUE	TRUE	4.97	6						
2016.10.12	14:51:40.341			1	TRUE	5.348	4.0105	4.0108	3.517	6.422	TRUE	TRUE	4.98	6						
2016.10.12	14:51:40.838			0	TRUE	5.346	4.0056	4.0073	3.498	6.482	FALSE	TRUE	4.86	6						
2016.10.12	14:51:41.270			1	TRUE	5.353	4.0091	4.0128	3.537	6.423	TRUE	TRUE	5.09	6						
2016.10.12	14:51:41.736			1	TRUE	5.356	4.0091	4.0140	3.529	6.475	TRUE	TRUE	4.99	6						
2016.10.12	14:51:42.210			0	TRUE	5.353	4.0029	4.0194	3.536	6.472	TRUE	TRUE	4.85	6						
2016.10.12	14:51:42.657			1	TRUE	5.373	4.0106	4.0130	3.495	6.502	TRUE	TRUE	4.62	6						
2016.10.12	14:51:43.103			1	TRUE	5.349	4.0095	4.0136	3.524	6.465	TRUE	TRUE	4.94	6						
2016.10.12	14:51:43.579			0	TRUE	5.349	4.0057	4.0226	3.586	6.464	TRUE	TRUE	4.94	6						
2016.10.12	14:51:44.035			1	TRUE	5.353	4.0104	4.0131	3.521	6.484	TRUE	TRUE	4.76	6						
2016.10.12	14:51:44.494			1	TRUE	5.352	4.0094	4.0157	3.528	6.461	TRUE	TRUE	4.73	6						
2016.10.12	14:51:44.959			0	TRUE	5.343	4.0060	4.0135	3.555	6.487	TRUE	TRUE	4.69	5						
2016.10.12	14:51:45.425			0	TRUE	5.339	4.0072	4.0109	3.551	6.459	TRUE	TRUE	5.36	4						
2016.10.12	14:51:45.890			1	TRUE	5.360	4.0061	4.0122	3.498	6.480	TRUE	TRUE	4.92	6						
2016.10.12	14:51:46.348			1	TRUE	5.349	4.0107	4.0144	3.533	6.469	TRUE	TRUE	4.80	6						
2016.10.12	14:51:46.802			1	TRUE	5.342	4.0064	4.0124	3.534	6.478	TRUE	TRUE	5.21	6						
2016.10.12	14:51:47.267			0	TRUE	5.348	4.0035	4.0172	3.565	6.471	TRUE	TRUE	5.07	6						
2016.10.12	14:51:47.736			1	TRUE	5.357	4.0095	4.0154	3.529	6.496	TRUE	TRUE	5.08	6						
2016.10.12	14:51:48.183			0	TRUE	5.346	4.0042	4.0185	3.538	6.440	TRUE	TRUE	4.98	6						
2016.10.12	14:51:48.646			1	TRUE	5.328	4.0087	4.0121	3.534	6.460	TRUE	TRUE	4.96	6						
2016.10.12	14:51:49.109			1	TRUE	5.350	4.0107	4.0086	3.498	6.426	TRUE	TRUE	4.71	6						
2016.10.12	14:51:49.568			1	TRUE	5.354	4.0050	4.0100	3.553	6.505	TRUE	TRUE	4.93	6						
2016.10.12	14:51:50.028			1	TRUE	5.355	4.0101	4.0120	3.543	6.452	TRUE	TRUE	5.05	6						
2016.10.12	14:51:50.429			1	TRUE	5.365	4.0120	4.0160	3.519	6.424	TRUE	TRUE	4.91	6						
2016.10.12	14:51:50.948			0	TRUE	5.344	4.0101	4.0117	3.513	6.472	FALSE	TRUE	5.37	5						
2016.10.12	14:51:51.395			1	TRUE	5.354	4.0085	4.0172	3.553	6.448	TRUE	TRUE	4.85	6						
2016.10.12	14:51:51.878			1	TRUE	5.344	4.0052	4.0054	3.509	6.512	TRUE	TRUE	4.70	6						
2016.10.12	14:51:52.328			0	TRUE	5.350	4.0069	4.0182	3.524	6.450	FALSE	TRUE	4.94	6						
2016.10.12	14:51:52.793			1	TRUE	5.349	4.0108	4.0159	3.524	6.467	TRUE	TRUE	4.77	6						
2016.10.12	14:51:53.229			1	TRUE	5.360	4.0141	4.0144	3.519	6.457	TRUE	TRUE	4.84	6						
2016.10.12	14:51:53.728			1	TRUE	5.351	4.0061	4.0118	3.467	6.497	TRUE	TRUE	4.87	6						
2016.10.12	14:51:54.182			1	TRUE	5.350	4.0098	4.0131	3.535	6.466	TRUE	TRUE	4.77	6						
2016.10.12	14:51:54.648			1	TRUE	5.343	4.0087	4.0087	3.506	6.487	TRUE	TRUE	5.15	6						
2016.10.12	14:51:55.066			1	TRUE	5.358	4.0058	4.0154	3.491	6.491	TRUE	TRUE	4.78	6						
2016.10.12	14:51:55.549			1	TRUE	5.343	4.0085	4.0106	3.514	6.443	TRUE	TRUE	4.91	6						
2016.10.12	14:51:56.030			1	TRUE	5.346	4.0105	4.0157	3.497	6.467	TRUE	TRUE	4.98	6						
2016.10.12	14:51:56.496			0	TRUE	5.354	4.0095	4.0164	3.537	6.449	FALSE	TRUE	4.92	6						
2016.10.12	14:51:56.928			0	TRUE	5.351	4.0073	4.0163	3.569	6.500	FALSE	TRUE	4.91	6						
2016.10.12	14:51:57.416			1	TRUE	5.363	4.0118	4.0171	3.534	6.432	TRUE	TRUE	4.71	6						
2016.10.12	14:51:57.850			1	TRUE	5.349	4.0053	4.0164	3.505	6.506	TRUE	TRUE	4.74	6						
2016.10.12	14:51:58.249			1	TRUE	5.371	4.0120	4.0146	3.479	6.472	TRUE	TRUE	4.82	6						
2016.10.12	14:51:58.798			0	TRUE	5.354	4.0074	4.0216	3.528	6.431	TRUE	TRUE	5.01	6						
2016.10.12	14:51:59.268			1	TRUE	5.346	4.0107	4.0176	3.570	6.482	TRUE	TRUE	4.87	6						
2016.10.12	14:51:59.719			0	TRUE	5.350	4.0055	4.0160	3.557	6.432	FALSE	TRUE	4.76	6						
2016.10.12	14:52:00.204			0	TRUE	5.354	4.0075	4.0176	3.524	6.454	TRUE	TRUE	5.46	5						
2016.10.12	14:52:00.640			0	TRUE	5.344	4.0037	4.0064	3.485	6.487	TRUE	TRUE	4.86	6						
2016.10.12	14:52:01.085			0	TRUE	5.351	4.0035	4.0075	3.470	6.477	TRUE	TRUE	4.75	6						
2016.10.12	14:52:01.552			0	TRUE	5.355	4.0106	4.0151	3.502	6.460	FALSE	TRUE	4.76	6						
2016.10.12	14:52:02.011			1	TRUE	5.347	4.0059	4.0141	3.486	6.486	TRUE	TRUE	4.73	6						
2016.10.12	14:52:02.440			0	TRUE	5.357	4.0045	4.0098	3.521	6.485	TRUE	TRUE	4.84	6						
2016.10.12	14:52:02.941			1	TRUE	5.348	4.0108	4.0127	3.504	6.404	TRUE	TRUE	4.93	6						
2016.10.12	14:52:03.413			1	TRUE	5.343	4.0078	4.0149	3.526	6.484	TRUE	TRUE	5.09	6						
2016.10.12	14:52:03.850			1	TRUE	5.355	4.0105	4.0141	3.540	6.454	TRUE	TRUE	4.75	6						
2016.10.12	14:52:04.320			0	TRUE	5.349	4.0022	4.0174	3.549	6.417	TRUE	TRUE	4.73	6						
2016.10.12	14:52:04.779			1	TRUE	5.341	4.0061	4.0106	3.543	6.489	TRUE	TRUE	4.70	6						
2016.10.12	14:52:05.231			1	TRUE	5.355	4.0070	4.0138	3.512	6.460	TRUE	TRUE	5.10	6						
2016.10.12	14:52:05.701			0	TRUE	5.353	4.0035	4.0192	3.580	6.465	TRUE	TRUE	5.05	6						
2016.10.12	14:52:06.191			0	TRUE	5.343	4.0142	4.0197	3.518	6.464	TRUE	TRUE	5.62	4						
2016.10.12	14:52:06.613			1	TRUE	5.350	4.0105	4.0143	3.509	6.473	TRUE	TRUE	4.78	6						
2016.10.12	14:52:07.048			0	TRUE	5.348	4.0021	4.0169	3.559	6.487	TRUE	TRUE	4.89	6						
2016.10.12	14:52:07.562			1	TRUE	5.348	4.0086	4.0137	3.547	6.490	TRUE	TRUE	4.81	6						
2016.10.12	14:52:08.009			1	TRUE	5.353	4.0050	4.0091	3.519	6.512	TRUE	TRUE	4.97	6						
2016.10.12	14:52:08.475			1	TRUE	5.351	4.0081	4.0122	3.494	6.453	TRUE	TRUE	5.24	6						
2016.10.12	14:52:08.936			0	TRUE	5.348	4.0032	4.0104	3.533	6.474	TRUE	TRUE	6.25	1						
2016.10.12	14:52:09.401			1	TRUE	5.351	4.0082	4.0160	3.546	6.518	TRUE	TRUE	5.02	6						
2016.10.12	14:52:09.847			0	TRUE	5.339	4.0058	4.0113	3.534	6.475	TRUE	TRUE	5.46	3						
2016.10.12	14:52:10.303			0	TRUE	5.362	4.0065	4.0202	3.540	6.453	TRUE	TRUE	4.89	6						
2016.10.12	14:52:10.789			1	TRUE	5.347	4.0103	4.0195	3.548	6.497	TRUE	TRUE	4.95	6						
2016.10.12	14:52:11.240			0	TRUE	5.349	4.0048	4.0104	3.567	6.451	TRUE	TRUE	4.84	6						
2016.10.12	14:52:11.668			1	TRUE	5.351	4.0068	4.0158	3.526	6.424	TRUE	TRUE	4.80	6						
2016.10.12	14:52:12.163			0	TRUE	5.349	4.0066	4.0042	3.480	6.510	TRUE	TRUE	5.19	6						
2016.10.12	14:52:12.606			1	TRUE	5.351	4.0128	4.0163	3.516	6.467	TRUE	TRUE	4.59	6						
2016.10.12	14:52:13.080			1	TRUE	5.353	4.0050	4.0120	3.530	6.475	TRUE	TRUE	5.00	6						
2016.10.12	14:52:13.548			0	TRUE	5.352	4.0101	4.0128	3.544	6.430	TRUE	TRUE	5.30	5						
2016.10.12	14:52:14.009			0	TRUE	5.353	4.0096	4.0202	3.517	6.519	TRUE	TRUE	4.89	6						
2016.10.12	14:52:14.457			0	TRUE	5.352	4.0045	4.0111	3.529	6.463	TRUE	TRUE	4.90	6						
2016.10.12	14:52:14.933			1	TRUE	5.350	4.0089	4.0117	3.548	6.472	TRUE	TRUE	4.84	6						
2016.10.12	14:52:15.399			1	TRUE	5.357	4.0104	4.0134	3.500	6.484	TRUE	TRUE	4.96	6						
2016.10.12	14:52:15.842			0	TRUE	5.350	4.0070	4.0040	3.480	6.488	TRUE	TRUE	4.64	6						
2016.10.12	14:52:16.251			1	TRUE	5.358	4.0057	4.0091	3.517	6.491	TRUE	TRUE	4.81	6						
2016.10.12	14:52:16.780			1	TRUE	5.343	4.0115	4.0165	3.525	6.466	TRUE	TRUE	4.97	6						
2016.10.12	14:52:17.233			1	TRUE	5.348	4.0059	4.0196	3.505	6.473	TRUE	TRUE	4.89	6						
2016.10.12	14:52:17.684			1	TRUE	5.354	4.0085	4.0086	3.521	6.472	TRUE	TRUE	4.73	6						
2016.10.12	14:52:18.146			1	TRUE	5.343	4.0089	4.0107	3.532	6.453	TRUE	TRUE	4.88	6						
2016.10.12	14:52:18.622			1	TRUE	5.352	4.0064	4.0150	3.543	6.457	TRUE	TRUE	4.81	6						
2016.10.12	14:52:19.092			0	TRUE	5.347	4.0049	4.0071	3.528	6.433	TRUE	TRUE	4.98	6						
2016.10.12	14:52:19.524			0	TRUE	5.359	4.0011	4.0162	3.507	6.464	TRUE	TRUE	4.78	6						
2016.10.12	14:52:19.996			0	TRUE	5.339	4.0047	4.0046	3.523	6.433	TRUE	TRUE	4.75	6						
2016.10.12	14:52:20.473			1	TRUE	5.351	4.0060	4.0153	3.573	6.422	TRUE	TRUE	5.03	6						
2016.10.12	14:52:20.918			1	TRUE	5.352	4.0094	4.0168	3.561	6.434	TRUE	TRUE	4.96	6						
2016.10.12	14:52:21.409			1	TRUE	5.341	4.0112	4.0135	3.546	6.478	TRUE	TRUE	5.09	6						
2016.10.12	14:52:21.846			0	TRUE	5.360	4.0087	4.0202	3.540	6.431	FALSE	TRUE	5.25	5						
2016.10.12	14:52:22.299			0	TRUE	5.356	4.0038	4.0087	3.500	6.515	TRUE	TRUE	4.85	6						
2016.10.12	14:52:22.765			0	TRUE	5.344	4.0055	4.0100	3.493	6.450	TRUE	TRUE	5.50	5						
2016.10.12	14:52:23.232			1	TRUE	5.357	4.0055	4.0095	3.506	6.417	TRUE	TRUE	5.23	6						
2016.10.12	14:52:23.680			0	TRUE	5.347	4.0030	4.0174	3.536	6.478	TRUE	TRUE	4.85	6						
2016.10.12	14:52:24.167			1	TRUE	5.362	4.0086	4.0120	3.507	6.476	TRUE	TRUE	4.63	6						
2016.10.12	14:52:24.623			0	TRUE	5.341	4.0135	4.0206	3.536	6.464	TRUE	TRUE	4.95	6						
2016.10.12	14:52:25.080			0	TRUE	5.356	4.0114	4.0138	3.511	6.477	TRUE	TRUE	5.90	4						
2016.10.12	14:52:25.530			1	TRUE	5.352	4.0113	4.0173	3.532	6.481	TRUE	TRUE	4.95	6						
2016.10.12	14:52:25.987			1	TRUE	5.357	4.0115	4.0188	3.573	6.439	TRUE	TRUE	4.78	6						
2016.10.12	14:52:26.461			0	TRUE	5.344	4.0146	4.0156	3.510	6.463	TRUE	TRUE	5.83	5						
2016.10.12	14:52:26.910			1	TRUE	5.362	4.0144	4.0191	3.510	6.496	TRUE	TRUE	4.79	6						
2016.10.12	14:52:27.369			0	TRUE	5.345	4.0049	4.0188	3.537	6.460	TRUE	TRUE	4.89	6						
2016.10.12	14:52:27.836			0	TRUE	5.339	4.0061	4.0066	3.499	6.456	FALSE	TRUE	4.82	6						
2016.10.12	14:52:28.254			0	TRUE	5.349	4.0072	4.0173	3.466	6.468	TRUE	TRUE	5.09	5						
2016.10.12	14:52:28.768			0	TRUE	5.350	4.0045	4.0179	3.506	6.503	TRUE	TRUE	4.78	6						
2016.10.12	14:52:29.207			0	TRUE	5.343	4.0042	4.0086	3.545	6.488	TRUE	TRUE	5.02	6						
2016.10.12	14:52:29.699			0	TRUE	5.341	4.0101	4.0085	3.508	6.462	FALSE	TRUE	4.75	6						
2016.10.12	14:52:30.151			1	TRUE	5.352	4.0102	4.0142	3.476	6.491	TRUE	TRUE	4.92	6						
2016.10.12	14:52:30.623			1	TRUE	5.341	4.0085	4.0112	3.527	6.492	TRUE	TRUE	4.98	6						
2016.10.12	14:52:31.057			1	TRUE	5.362	4.0072	4.0088	3.516	6.487	TRUE	TRUE	4.83	6						
2016.10.12	14:52:31.522			0	TRUE	5.340	4.0045	4.0087	3.540	6.481	TRUE	TRUE	4.98	6						
2016.10.12	14:52:31.995			0	TRUE	5.353	4.0071	4.0204	3.523	6.435	TRUE	TRUE	5.04	6						
2016.10.12	14:52:32.434			1	TRUE	5.345	4.0054	4.0085	3.521	6.437	TRUE	TRUE	5.05	6						
2016.10.12	14:52:32.906			0	TRUE	5.352	4.0126	4.0112	3.505	6.457	TRUE	TRUE	5.41	4						
2016.10.12	14:52:33.353			1	TRUE	5.355	4.0116	4.0154	3.530	6.451	TRUE	TRUE	4.80	6						
2016.10.12	14:52:33.829			1	TRUE	5.355	4.0129	4.0147	3.537	6.413	TRUE	TRUE	5.08	6						
2016.10.12	14:52:34.260			1	TRUE	5.354	4.0120	4.0167	3.484	6.503	TRUE	TRUE	5.16	6						
2016.10.12	14:52:34.748			0	TRUE	5.347	4.0039	4.0201	3.564	6.440	TRUE	TRUE	5.18	5						
2016.10.12	14:52:35.202			1	TRUE	5.353	4.0086	4.0099	3.507	6.491	TRUE	TRUE	4.95	6						
2016.10.12	14:52:35.654			0	TRUE	5.359	4.0095	4.0208	3.510	6.408	TRUE	TRUE	4.81	6						
2016.10.12	14:52:36.121			1	TRUE	5.355	4.0079	4.0092	3.493	6.446	TRUE	TRUE	4.79	6						
2016.10.12	14:52:36.602			1	TRUE	5.343	4.0143	4.0193	3.529	6.483	TRUE	TRUE	4.85	6						
2016.10.12	14:52:37.075			0	TRUE	5.345	4.0044	4.0214	3.536	6.434	TRUE	TRUE	4.87	6						
2016.10.12	14:52:37.506			1	TRUE	5.345	4.0089	4.0165	3.537	6.508	TRUE	TRUE	5.00	6						
2016.10.12	14:52:37.973			1	TRUE	5.354	4.0111	4.0150	3.538	6.425	TRUE	TRUE	4.76	6						
2016.10.12	14:52:38.438			1	TRUE	5.345	4.0094	4.0121	3.508	6.465	TRUE	TRUE	4.69	6						
2016.10.12	14:52:38.882			0	TRUE	5.349	4.0049	4.0157	3.526	6.488	TRUE	TRUE	4.72	6						
2016.10.12	14:52:39.350			1	TRUE	5.346	4.0058	4.0117	3.535	6.437	TRUE	TRUE	4.85	6						
2016.10.12	14:52:39.820			1	TRUE	5.335	4.0097	4.0126	3.497	6.424	TRUE	TRUE	4.99	6						
2016.10.12	14:52:40.235			0	TRUE	5.354	3.9966	4.0024	3.462	6.492	FALSE	TRUE	4.82	6						
2016.10.12	14:52:40.735			1	TRUE	5.349	4.0132	4.0140	3.548	6.473	TRUE	TRUE	4.81	6						
2016.10.12	14:52:41.200			1	TRUE	5.356	4.0156	4.0183	3.490	6.471	TRUE	TRUE	4.84	6						
2016.10.12	14:52:41.663			0	TRUE	5.367	4.0105	4.0140	3.511	6.475	TRUE	TRUE	5.19	5						
2016.10.12	14:52:42.088			1	TRUE	5.357	4.0098	4.0131	3.498	6.446	TRUE	TRUE	5.07	6						
2016.10.12	14:52:42.574			1	TRUE	5.354	4.0077	4.0191	3.535	6.481	TRUE	TRUE	5.23	6						
2016.10.12	14:52:43.024			0	TRUE	5.352	4.0036	4.0083	3.509	6.485	TRUE	TRUE	4.78	6						
2016.10.12	14:52:43.480			1	TRUE	5.353	4.0127	4.0158	3.528	6.434	TRUE	TRUE	4.67	6						
2016.10.12	14:52:43.972			0	TRUE	5.356	4.0066	4.0164	3.528	6.439	FALSE	TRUE	5.09	6						
2016.10.12	14:52:44.429			1	TRUE	5.354	4.0095	4.0153	3.550	6.463	TRUE	TRUE	4.93	6						
2016.10.12	14:52:44.874			1	TRUE	5.351	4.0140	4.0137	3.539	6.424	TRUE	TRUE	4.89	6						
2016.10.12	14:52:45.360			1	TRUE	5.354	4.0064	4.0178	3.522	6.486	TRUE	TRUE	4.82	6						
2016.10.12	14:52:45.830			0	TRUE	5.352	4.0081	4.0231	3.528	6.445	TRUE	TRUE	4.98	6						
2016.10.12	14:52:46.271			0	TRUE	5.352	4.0101	4.0118	3.531	6.454	FALSE	TRUE	5.07	6						
2016.10.12	14:52:46.730			1	TRUE	5.355	4.0099	4.0143	3.529	6.433	TRUE	TRUE	4.83	6						
2016.10.12	14:52:47.197			1	TRUE	5.350	4.0102	4.0121	3.536	6.428	TRUE	TRUE	4.88	6						
2016.10.12	14:52:47.640			0	TRUE	5.338	4.0099	4.0114	3.498	6.461	TRUE	TRUE	4.89	5						
2016.10.12	14:52:48.084			0	TRUE	5.351	4.0023	4.0076	3.485	6.488	TRUE	TRUE	4.98	6						
2016.10.12	14:52:48.566			1	TRUE	5.359	4.0083	4.0093	3.548	6.419	TRUE	TRUE	4.92	6						
2016.10.12	14:52:49.056			0	TRUE	5.358	4.0013	4.0066	3.510	6.491	FALSE	TRUE	4.98	6						
2016.10.12	14:52:49.506			1	TRUE	5.339	4.0104	4.0129	3.479	6.491	TRUE	TRUE	4.90	6						
2016.10.12	14:52:49.948			1	TRUE	5.351	4.0064	4.0186	3.504	6.459	TRUE	TRUE	4.92	6						
2016.10.12	14:52:50.426			0	TRUE	5.350	4.0109	4.0126	3.501	6.466	FALSE	TRUE	4.76	6						
2016.10.12	14:52:50.881			1	TRUE	5.357	4.0081	4.0122	3.498	6.486	TRUE	TRUE	4.80	6						
2016.10.12	14:52:51.337			1	TRUE	5.352	4.0070	4.0193	3.547	6.466	TRUE	TRUE	4.83	6						
2016.10.12	14:52:51.798			0	TRUE	5.353	4.0096	4.0130	3.498	6.436	FALSE	TRUE	5.19	5						
2016.10.12	14:52:52.258			1	TRUE	5.347	4.0082	4.0110	3.476	6.483	TRUE	TRUE	5.08	6						
2016.10.12	14:52:52.726			1	TRUE	5.350	4.0102	4.0137	3.558	6.475	TRUE	TRUE	4.88	6						
2016.10.12	14:52:53.203			1	TRUE	5.352	4.0089	4.0199	3.548	6.479	TRUE	TRUE	4.79	6						
