2016.10.12	12:23:48.994			1	TRUE	5.356	4.0096	4.0117	3.536	6.472	TRUE	TRUE	4.79	6						
2016.10.12	12:23:49.456			1	TRUE	5.356	4.0075	4.0107	3.520	6.482	TRUE	TRUE	4.78	6						
2016.10.12	12:23:49.902			1	TRUE	5.339	4.0085	4.0077	3.497	6.469	TRUE	TRUE	4.83	6						
2016.10.12	12:23:50.385			1	TRUE	5.358	4.0114	4.0154	3.510	6.485	TRUE	TRUE	4.84	6						
2016.10.12	12:23:50.849			0	TRUE	5.335	4.0032	4.0056	3.491	6.483	TRUE	TRUE	4.93	6						
2016.10.12	12:23:51.254			1	TRUE	5.350	4.0117	4.0151	3.474	6.471	TRUE	TRUE	4.97	6						
2016.10.12	12:23:51.768			0	TRUE	5.359	4.0043	4.0166	3.535	6.457	TRUE	TRUE	4.83	6						
2016.10.12	12:23:52.233			0	TRUE	5.340	4.0085	4.0093	3.517	6.492	FALSE	TRUE	4.87	6						
2016.10.12	12:23:52.680			1	TRUE	5.355	4.0074	4.0180	3.539	6.454	TRUE	TRUE	4.93	6						
2016.10.12	12:23:53.146			1	TRUE	5.357	4.0124	4.0158	3.498	6.472	TRUE	TRUE	5.01	6						
2016.10.12	12:23:53.597			1	TRUE	5.354	4.0099	4.0171	3.564	6.482	TRUE	TRUE	4.83	6						
2016.10.12	12:23:54.059			1	TRUE	5.337	4.0075	4.0108	3.487	6.477	TRUE	TRUE	5.07	6						
2016.10.12	12:23:54.530			1	TRUE	5.350	4.0059	4.0119	3.545	6.448	TRUE	TRUE	4.71	6						
2016.10.12	12:23:54.993			0	TRUE	5.343	4.0038	4.0183	3.529	6.488	TRUE	TRUE	4.71	6						
2016.10.12	12:23:55.454			1	TRUE	5.350	4.0085	4.0121	3.518	6.453	TRUE	TRUE	4.85	6						
2016.10.12	12:23:55.961			1	TRUE	5.353	4.0080	4.0117	3.527	6.438	TRUE	TRUE	4.87	6						
2016.10.12	12:23:56.379			1	TRUE	5.353	4.0082	4.0087	3.520	6.444	TRUE	TRUE	4.68	6						
2016.10.12	12:23:56.840			0	TRUE	5.344	4.0116	4.0118	3.500	6.465	FALSE	TRUE	5.05	6						
2016.10.12	12:23:57.303			1	TRUE	5.349	4.0104	4.0165	3.523	6.446	TRUE	TRUE	4.64	6						
2016.10.12	12:23:57.744			0	TRUE	5.353	4.0045	4.0096	3.536	6.466	TRUE	TRUE	4.70	6						
2016.10.12	12:23:58.213			1	TRUE	5.350	4.0062	4.0160	3.492	6.474	TRUE	TRUE	4.81	6						
2016.10.12	12:23:58.669			0	TRUE	5.347	4.0038	4.0153	3.522	6.423	TRUE	TRUE	4.88	6						
2016.10.12	12:23:59.146			0	TRUE	5.353	4.0081	4.0115	3.540	6.455	FALSE	TRUE	4.90	6						
2016.10.12	12:23:59.605			0	TRUE	5.352	4.0041	4.0098	3.488	6.502	TRUE	TRUE	4.84	6						
2016.10.12	12:24:00.067			1	TRUE	5.357	4.0088	4.0122	3.564	6.429	TRUE	TRUE	4.66	6						
2016.10.12	12:24:00.512			1	TRUE	5.354	4.0134	4.0153	3.515	6.465	TRUE	TRUE	4.73	6						
2016.10.12	12:24:00.996			1	TRUE	5.345	4.0091	4.0144	3.537	6.512	TRUE	TRUE	4.91	6						
2016.10.12	12:24:01.454			0	TRUE	5.355	4.0033	4.0183	3.519	6.469	TRUE	TRUE	4.88	6						
2016.10.12	12:24:01.919			1	TRUE	5.343	4.0066	4.0120	3.589	6.457	TRUE	TRUE	4.81	6						
2016.10.12	12:24:02.385			0	TRUE	5.351	4.0023	4.0093	3.558	6.523	TRUE	TRUE	5.05	6						
2016.10.12	12:24:02.835			1	TRUE	5.353	4.0055	4.0114	3.505	6.483	TRUE	TRUE	4.77	6						
2016.10.12	12:24:03.254			0	TRUE	5.343	4.0105	4.0126	3.502	6.461	TRUE	TRUE	5.86	3						
2016.10.12	12:24:03.747			1	TRUE	5.356	4.0081	4.0115	3.556	6.434	TRUE	TRUE	4.81	6						
2016.10.12	12:24:04.209			1	TRUE	5.348	4.0091	4.0129	3.508	6.466	TRUE	TRUE	4.94	6						
2016.10.12	12:24:04.673			1	TRUE	5.351	4.0101	4.0134	3.494	6.468	TRUE	TRUE	4.80	6						
2016.10.12	12:24:05.098			1	TRUE	5.353	4.0135	4.0161	3.524	6.457	TRUE	TRUE	4.84	6						
2016.10.12	12:24:05.590			1	TRUE	5.343	4.0077	4.0129	3.565	6.472	TRUE	TRUE	4.76	6						
2016.10.12	12:24:06.045			1	TRUE	5.362	4.0094	4.0132	3.524	6.478	TRUE	TRUE	4.90	6						
2016.10.12	12:24:06.519			0	TRUE	5.350	4.0047	4.0161	3.492	6.485	TRUE	TRUE	4.86	6						
2016.10.12	12:24:06.983			0	TRUE	5.351	4.0107	4.0153	3.513	6.501	TRUE	TRUE	4.73	5						
2016.10.12	12:24:07.434			1	TRUE	5.363	4.0091	4.0190	3.525	6.441	TRUE	TRUE	4.75	6						
2016.10.12	12:24:07.892			1	TRUE	5.340	4.0129	4.0147	3.529	6.441	TRUE	TRUE	4.91	6						
2016.10.12	12:24:08.362			1	TRUE	5.355	4.0067	4.0098	3.571	6.423	TRUE	TRUE	4.85	6						
2016.10.12	12:24:08.818			0	TRUE	5.367	4.0152	4.0209	3.503	6.510	TRUE	TRUE	4.89	6						
2016.10.12	12:24:09.257			1	TRUE	5.355	4.0107	4.0144	3.563	6.446	TRUE	TRUE	4.79	6						
2016.10.12	12:24:09.754			1	TRUE	5.336	4.0094	4.0128	3.521	6.469	TRUE	TRUE	5.22	6						
2016.10.12	12:24:10.218			1	TRUE	5.350	4.0128	4.0158	3.526	6.441	TRUE	TRUE	4.87	6						
2016.10.12	12:24:10.669			1	TRUE	5.362	4.0063	4.0098	3.506	6.470	TRUE	TRUE	4.82	6						
2016.10.12	12:24:11.130			0	TRUE	5.350	4.0072	4.0213	3.539	6.495	TRUE	TRUE	4.78	6						
2016.10.12	12:24:11.595			1	TRUE	5.347	4.0088	4.0137	3.522	6.465	TRUE	TRUE	4.92	6						
2016.10.12	12:24:12.048			1	TRUE	5.348	4.0073	4.0125	3.525	6.480	TRUE	TRUE	4.65	6						
2016.10.12	12:24:12.517			1	TRUE	5.340	4.0095	4.0139	3.540	6.459	TRUE	TRUE	4.84	6						
2016.10.12	12:24:12.981			1	TRUE	5.353	4.0129	4.0112	3.527	6.488	TRUE	TRUE	4.95	6						
2016.10.12	12:24:13.437			1	TRUE	5.348	4.0105	4.0139	3.521	6.457	TRUE	TRUE	4.73	6						
2016.10.12	12:24:13.889			1	TRUE	5.354	4.0095	4.0096	3.495	6.424	TRUE	TRUE	4.98	6						
2016.10.12	12:24:14.363			1	TRUE	5.363	4.0083	4.0143	3.508	6.500	TRUE	TRUE	5.03	6						
2016.10.12	12:24:14.819			1	TRUE	5.363	4.0054	4.0180	3.492	6.454	TRUE	TRUE	4.79	6						
2016.10.12	12:24:15.251			1	TRUE	5.349	4.0062	4.0099	3.471	6.482	TRUE	TRUE	4.68	6						
2016.10.12	12:24:15.724			1	TRUE	5.352	4.0098	4.0114	3.543	6.475	TRUE	TRUE	4.66	6						
2016.10.12	12:24:16.202			1	TRUE	5.346	4.0124	4.0157	3.543	6.491	TRUE	TRUE	4.75	6						
2016.10.12	12:24:16.669			1	TRUE	5.348	4.0078	4.0070	3.527	6.455	TRUE	TRUE	4.81	6						
2016.10.12	12:24:17.118			0	TRUE	5.350	4.0140	4.0201	3.541	6.464	TRUE	TRUE	4.84	6						
2016.10.12	12:24:17.582			0	TRUE	5.336	4.0014	4.0119	3.571	6.476	TRUE	TRUE	4.95	6						
2016.10.12	12:24:18.048			0	TRUE	5.347	4.0014	4.0065	3.515	6.462	TRUE	TRUE	4.84	6						
2016.10.12	12:24:18.515			0	TRUE	5.351	4.0035	4.0158	3.523	6.452	TRUE	TRUE	4.89	6						
2016.10.12	12:24:18.966			1	TRUE	5.359	4.0053	4.0095	3.505	6.447	TRUE	TRUE	4.83	6						
2016.10.12	12:24:19.430			1	TRUE	5.339	4.0069	4.0188	3.497	6.487	TRUE	TRUE	4.95	6						
2016.10.12	12:24:19.896			0	TRUE	5.357	3.9975	4.0104	3.533	6.415	TRUE	TRUE	4.61	6						
2016.10.12	12:24:20.356			1	TRUE	5.351	4.0061	4.0066	3.497	6.466	TRUE	TRUE	4.93	6						
2016.10.12	12:24:20.800			1	TRUE	5.353	4.0095	4.0145	3.517	6.453	TRUE	TRUE	4.84	6						
2016.10.12	12:24:21.276			1	TRUE	5.351	4.0075	4.0084	3.528	6.442	TRUE	TRUE	5.06	6						
2016.10.12	12:24:21.733			1	TRUE	5.352	4.0091	4.0132	3.544	6.437	TRUE	TRUE	4.93	6						
2016.10.12	12:24:22.191			1	TRUE	5.357	4.0089	4.0094	3.486	6.516	TRUE	TRUE	4.76	6						
2016.10.12	12:24:22.648			1	TRUE	5.352	4.0111	4.0155	3.513	6.478	TRUE	TRUE	4.95	6						
2016.10.12	12:24:23.117			1	TRUE	5.352	4.0106	4.0117	3.525	6.463	TRUE	TRUE	4.89	6						
2016.10.12	12:24:23.581			1	TRUE	5.360	4.0098	4.0142	3.515	6.458	TRUE	TRUE	4.81	6						
2016.10.12	12:24:24.046			1	TRUE	5.352	4.0079	4.0107	3.528	6.454	TRUE	TRUE	4.82	6						
2016.10.12	12:24:24.509			0	TRUE	5.339	4.0040	4.0094	3.520	6.467	TRUE	TRUE	4.87	6						
2016.10.12	12:24:24.949			1	TRUE	5.348	4.0094	4.0146	3.567	6.464	TRUE	TRUE	4.94	6						
2016.10.12	12:24:25.429			0	TRUE	5.337	4.0115	4.0160	3.513	6.458	TRUE	TRUE	5.33	4						
2016.10.12	12:24:25.883			1	TRUE	5.350	4.0070	4.0097	3.557	6.483	TRUE	TRUE	5.08	6						
2016.10.12	12:24:26.339			1	TRUE	5.354	4.0091	4.0117	3.510	6.456	TRUE	TRUE	4.69	6						
2016.10.12	12:24:26.808			0	TRUE	5.355	4.0023	4.0087	3.523	6.502	TRUE	TRUE	5.13	6						
2016.10.12	12:24:27.252			1	TRUE	5.353	4.0054	4.0070	3.514	6.469	TRUE	TRUE	4.73	6						
2016.10.12	12:24:27.702			1	TRUE	5.353	4.0075	4.0120	3.529	6.506	TRUE	TRUE	4.73	6						
2016.10.12	12:24:28.191			1	TRUE	5.359	4.0095	4.0084	3.542	6.437	TRUE	TRUE	4.87	6						
2016.10.12	12:24:28.652			1	TRUE	5.350	4.0084	4.0125	3.503	6.484	TRUE	TRUE	4.95	6						
2016.10.12	12:24:29.095			1	TRUE	5.353	4.0083	4.0131	3.520	6.457	TRUE	TRUE	4.91	6						
2016.10.12	12:24:29.550			1	TRUE	5.354	4.0110	4.0127	3.570	6.437	TRUE	TRUE	4.65	6						
2016.10.12	12:24:30.031			1	TRUE	5.359	4.0142	4.0154	3.520	6.477	TRUE	TRUE	4.73	6						
2016.10.12	12:24:30.478			1	TRUE	5.347	4.0098	4.0152	3.509	6.458	TRUE	TRUE	5.07	6						
2016.10.12	12:24:30.940			0	TRUE	5.355	4.0053	4.0090	3.498	6.485	FALSE	TRUE	5.01	6						
2016.10.12	12:24:31.429			1	TRUE	5.349	4.0084	4.0096	3.472	6.488	TRUE	TRUE	4.83	6						
2016.10.12	12:24:31.873			1	TRUE	5.355	4.0099	4.0139	3.548	6.459	TRUE	TRUE	5.05	6						
2016.10.12	12:24:32.361			1	TRUE	5.352	4.0070	4.0117	3.498	6.478	TRUE	TRUE	4.83	6						
2016.10.12	12:24:32.790			1	TRUE	5.341	4.0051	4.0082	3.492	6.472	TRUE	TRUE	4.74	6						
2016.10.12	12:24:33.256			1	TRUE	5.348	4.0087	4.0110	3.490	6.470	TRUE	TRUE	4.60	6						
2016.10.12	12:24:33.716			0	TRUE	5.352	4.0104	4.0238	3.534	6.499	TRUE	TRUE	4.75	6						
2016.10.12	12:24:34.198			1	TRUE	5.351	4.0080	4.0158	3.534	6.444	TRUE	TRUE	4.87	6						
2016.10.12	12:24:34.640			0	TRUE	5.349	4.0043	4.0058	3.505	6.456	FALSE	TRUE	4.72	6						
2016.10.12	12:24:35.073			0	TRUE	5.353	4.0079	4.0125	3.538	6.454	FALSE	TRUE	4.83	6						
2016.10.12	12:24:35.553			0	TRUE	5.356	4.0007	4.0124	3.528	6.475	TRUE	TRUE	5.09	6						
2016.10.12	12:24:36.022			0	TRUE	5.353	4.0017	4.0165	3.552	6.454	FALSE	TRUE	5.12	6						
2016.10.12	12:24:36.468			0	TRUE	5.356	4.0036	4.0080	3.500	6.456	TRUE	TRUE	4.93	6						
2016.10.12	12:24:36.944			1	TRUE	5.335	4.0110	4.0121	3.490	6.458	TRUE	TRUE	4.82	6						
2016.10.12	12:24:37.400			0	TRUE	5.355	4.0037	4.0090	3.512	6.469	TRUE	TRUE	5.03	6						
2016.10.12	12:24:37.857			1	TRUE	5.349	4.0117	4.0199	3.512	6.469	TRUE	TRUE	5.10	6						
2016.10.12	12:24:38.319			1	TRUE	5.352	4.0097	4.0138	3.525	6.461	TRUE	TRUE	5.10	6						
2016.10.12	12:24:38.794			1	TRUE	5.339	4.0067	4.0137	3.533	6.495	TRUE	TRUE	4.74	6						
2016.10.12	12:24:39.255			0	TRUE	5.348	4.0043	4.0032	3.505	6.439	TRUE	TRUE	5.37	5						
2016.10.12	12:24:39.708			1	TRUE	5.356	4.0122	4.0131	3.516	6.457	TRUE	TRUE	4.83	6						
2016.10.12	12:24:40.163			1	TRUE	5.355	4.0144	4.0169	3.554	6.434	TRUE	TRUE	4.80	6						
2016.10.12	12:24:40.630			1	TRUE	5.357	4.0056	4.0145	3.546	6.446	TRUE	TRUE	4.63	6						
2016.10.12	12:24:41.104			1	TRUE	5.352	4.0113	4.0171	3.521	6.438	TRUE	TRUE	4.77	6						
2016.10.12	12:24:41.552			0	TRUE	5.355	4.0022	4.0129	3.542	6.405	TRUE	TRUE	5.04	6						
2016.10.12	12:24:42.007			1	TRUE	5.356	4.0121	4.0153	3.552	6.447	TRUE	TRUE	4.93	6						
2016.10.12	12:24:42.472			1	TRUE	5.344	4.0099	4.0100	3.510	6.468	TRUE	TRUE	4.88	6						
2016.10.12	12:24:42.930			0	TRUE	5.364	4.0042	4.0176	3.517	6.428	TRUE	TRUE	4.72	6						
2016.10.12	12:24:43.396			1	TRUE	5.346	4.0121	4.0143	3.529	6.467	TRUE	TRUE	4.74	6						
2016.10.12	12:24:43.847			1	TRUE	5.345	4.0053	4.0094	3.534	6.526	TRUE	TRUE	4.89	6						
2016.10.12	12:24:44.326			0	TRUE	5.341	4.0070	4.0109	NaN	NaN	TRUE	TRUE	4.67	6						
2016.10.12	12:24:44.785			0	TRUE	5.359	4.0010	4.0135	3.542	6.457	TRUE	TRUE	4.92	6						
2016.10.12	12:24:45.234			1	TRUE	5.352	4.0093	4.0144	3.553	6.475	TRUE	TRUE	4.75	6						
2016.10.12	12:24:45.719			1	TRUE	5.350	4.0061	4.0189	3.519	6.483	TRUE	TRUE	4.88	6						
2016.10.12	12:24:46.183			1	TRUE	5.345	4.0067	4.0149	3.552	6.453	TRUE	TRUE	4.87	6						
2016.10.12	12:24:46.613			1	TRUE	5.365	4.0097	4.0138	3.514	6.476	TRUE	TRUE	4.92	6						
2016.10.12	12:24:47.081			0	TRUE	5.351	4.0096	4.0215	3.525	6.449	TRUE	TRUE	4.73	6						
2016.10.12	12:24:47.556			1	TRUE	5.349	4.0102	4.0163	3.554	6.425	TRUE	TRUE	5.05	6						
2016.10.12	12:24:48.014			1	TRUE	5.351	4.0057	4.0138	3.527	6.467	TRUE	TRUE	4.79	6						
2016.10.12	12:24:48.454			1	TRUE	5.353	4.0089	4.0114	3.542	6.453	TRUE	TRUE	4.69	6						
2016.10.12	12:24:48.931			1	TRUE	5.349	4.0122	4.0137	3.529	6.437	TRUE	TRUE	4.93	6						
2016.10.12	12:24:49.389			1	TRUE	5.349	4.0102	4.0124	3.502	6.477	TRUE	TRUE	4.72	6						
2016.10.12	12:24:49.834			0	TRUE	5.349	4.0110	4.0226	3.535	6.460	TRUE	TRUE	5.00	6						
2016.10.12	12:24:50.285			1	TRUE	5.361	4.0111	4.0180	3.501	6.483	TRUE	TRUE	4.99	6						
2016.10.12	12:24:50.766			1	TRUE	5.355	4.0111	4.0138	3.478	6.502	TRUE	TRUE	4.61	6						
2016.10.12	12:24:51.231			1	TRUE	5.359	4.0155	4.0146	3.510	6.445	TRUE	TRUE	4.97	6						
2016.10.12	12:24:51.659			0	TRUE	5.360	4.0059	4.0115	3.507	6.490	TRUE	TRUE	5.23	5						
2016.10.12	12:24:52.155			0	TRUE	5.348	4.0035	4.0161	3.572	6.494	FALSE	TRUE	4.88	6						
2016.10.12	12:24:52.615			1	TRUE	5.355	4.0070	4.0109	3.521	6.447	TRUE	TRUE	4.95	6						
2016.10.12	12:24:53.084			0	TRUE	5.354	4.0047	4.0233	3.535	6.458	TRUE	TRUE	5.16	6						
2016.10.12	12:24:53.541			0	TRUE	5.346	4.0005	4.0128	3.597	6.468	TRUE	TRUE	4.72	6						
2016.10.12	12:24:54.457			1	TRUE	5.351	4.0062	4.0110	3.585	6.443	TRUE	TRUE	4.84	6						
2016.10.12	12:24:54.917			1	TRUE	5.353	4.0105	4.0136	3.528	6.440	TRUE	TRUE	4.74	6						
2016.10.12	12:24:55.367			1	TRUE	5.344	4.0060	4.0162	3.512	6.464	TRUE	TRUE	4.91	6						
2016.10.12	12:24:55.836			1	TRUE	5.354	4.0080	4.0145	3.502	6.462	TRUE	TRUE	5.05	6						
2016.10.12	12:24:56.303			0	TRUE	5.337	4.0003	4.0119	3.530	6.432	TRUE	TRUE	4.86	6						
2016.10.12	12:24:56.785			1	TRUE	5.344	4.0100	4.0142	3.501	6.513	TRUE	TRUE	4.94	6						
2016.10.12	12:24:57.225			1	TRUE	5.360	4.0097	4.0139	3.525	6.497	TRUE	TRUE	5.11	6						
2016.10.12	12:24:57.657			1	TRUE	5.348	4.0090	4.0115	3.555	6.437	TRUE	TRUE	4.86	6						
2016.10.12	12:24:58.136			1	TRUE	5.336	4.0050	4.0090	3.504	6.433	TRUE	TRUE	4.93	6						
2016.10.12	12:24:58.626			1	TRUE	5.343	4.0057	4.0088	3.504	6.464	TRUE	TRUE	5.19	6						
2016.10.12	12:24:59.079			0	TRUE	5.351	4.0041	4.0066	3.479	6.485	TRUE	TRUE	4.85	6						
2016.10.12	12:24:59.547			1	TRUE	5.350	4.0083	4.0194	3.516	6.469	TRUE	TRUE	4.81	6						
2016.10.12	12:24:59.996			0	TRUE	5.352	4.0021	4.0073	3.557	6.472	TRUE	TRUE	4.72	6						
2016.10.12	12:25:00.458			0	TRUE	5.337	4.0107	4.0149	3.505	6.458	FALSE	TRUE	5.04	6						
2016.10.12	12:25:00.903			1	TRUE	5.346	4.0098	4.0125	3.518	6.511	TRUE	TRUE	4.96	6						
2016.10.12	12:25:01.357			1	TRUE	5.338	4.0081	4.0089	3.490	6.503	TRUE	TRUE	4.78	6						
2016.10.12	12:25:01.840			1	TRUE	5.350	4.0110	4.0144	3.528	6.466	TRUE	TRUE	4.96	6						
2016.10.12	12:25:02.319			0	TRUE	5.350	4.0092	4.0113	3.549	6.455	FALSE	TRUE	4.87	6						
2016.10.12	12:25:02.775			1	TRUE	5.346	4.0061	4.0088	3.499	6.458	TRUE	TRUE	4.52	6						
2016.10.12	12:25:03.207			1	TRUE	5.360	4.0115	4.0131	3.547	6.472	TRUE	TRUE	4.82	6						
2016.10.12	12:25:03.690			0	TRUE	5.342	4.0067	4.0118	3.508	6.462	TRUE	TRUE	5.68	4						
2016.10.12	12:25:04.153			1	TRUE	5.340	4.0055	4.0100	3.547	6.461	TRUE	TRUE	5.02	6						
2016.10.12	12:25:04.614			0	TRUE	5.350	4.0044	4.0096	3.491	6.494	TRUE	TRUE	4.96	6						
2016.10.12	12:25:05.052			1	TRUE	5.349	4.0114	4.0159	3.563	6.465	TRUE	TRUE	4.74	6						
2016.10.12	12:25:05.455			0	TRUE	5.344	4.0124	4.0104	3.542	6.478	FALSE	TRUE	4.75	6						
2016.10.12	12:25:05.987			1	TRUE	5.355	4.0116	4.0108	3.491	6.505	TRUE	TRUE	4.82	6						
2016.10.12	12:25:06.441			1	TRUE	5.348	4.0111	4.0158	3.517	6.487	TRUE	TRUE	4.84	6						
2016.10.12	12:25:06.897			1	TRUE	5.355	4.0123	4.0142	3.556	6.447	TRUE	TRUE	5.07	6						
2016.10.12	12:25:07.383			1	TRUE	5.338	4.0055	4.0080	3.456	6.521	TRUE	TRUE	5.06	6						
2016.10.12	12:25:07.829			0	TRUE	5.336	4.0049	4.0101	3.547	6.478	TRUE	TRUE	4.93	6						
2016.10.12	12:25:08.283			1	TRUE	5.356	4.0081	4.0106	3.516	6.473	TRUE	TRUE	4.89	6						
2016.10.12	12:25:08.746			1	TRUE	5.355	4.0084	4.0152	3.517	6.505	TRUE	TRUE	4.71	6						
2016.10.12	12:25:09.208			1	TRUE	5.366	4.0113	4.0165	3.495	6.500	TRUE	TRUE	4.98	6						
2016.10.12	12:25:09.661			0	TRUE	5.349	4.0039	4.0190	3.571	6.494	TRUE	TRUE	5.01	6						
2016.10.12	12:25:10.123			1	TRUE	5.353	4.0064	4.0157	3.530	6.473	TRUE	TRUE	4.74	6						
2016.10.12	12:25:10.593			0	TRUE	5.352	4.0009	4.0044	3.500	6.453	TRUE	TRUE	5.12	6						
2016.10.12	12:25:11.058			0	TRUE	5.346	4.0048	4.0216	3.564	6.439	TRUE	TRUE	4.76	6						
2016.10.12	12:25:11.525			1	TRUE	5.347	4.0111	4.0150	3.520	6.489	TRUE	TRUE	5.11	6						
2016.10.12	12:25:11.953			1	TRUE	5.353	4.0063	4.0088	3.507	6.457	TRUE	TRUE	4.84	6						
2016.10.12	12:25:12.434			1	TRUE	5.350	4.0124	4.0147	3.546	6.481	TRUE	TRUE	4.99	6						
2016.10.12	12:25:12.905			0	TRUE	5.364	3.9982	4.0047	3.526	6.457	TRUE	TRUE	4.78	6						
2016.10.12	12:25:13.357			0	TRUE	5.354	4.0066	4.0208	3.551	6.479	TRUE	TRUE	4.73	6						
2016.10.12	12:25:13.826			1	TRUE	5.345	4.0087	4.0092	3.504	6.469	TRUE	TRUE	4.91	6						
2016.10.12	12:25:14.289			1	TRUE	5.341	4.0088	4.0125	3.471	6.489	TRUE	TRUE	5.09	6						
2016.10.12	12:25:14.749			0	TRUE	5.352	4.0021	4.0161	3.552	6.479	TRUE	TRUE	4.90	6						
2016.10.12	12:25:15.204			0	TRUE	5.352	4.0066	4.0128	3.516	6.452	FALSE	TRUE	4.89	6						
2016.10.12	12:25:15.681			0	TRUE	5.349	4.0045	4.0069	3.492	6.459	TRUE	TRUE	4.62	6						
2016.10.12	12:25:16.589			1	TRUE	5.356	4.0105	4.0115	3.538	6.473	TRUE	TRUE	4.90	6						
2016.10.12	12:25:17.048			0	TRUE	5.350	4.0021	4.0170	3.507	6.469	TRUE	TRUE	4.91	6						
2016.10.12	12:25:17.523			0	TRUE	5.349	4.0026	4.0162	3.540	6.445	TRUE	TRUE	4.92	6						
2016.10.12	12:25:17.984			0	TRUE	5.345	4.0109	4.0121	3.553	6.452	FALSE	TRUE	4.83	6						
2016.10.12	12:25:18.451			1	TRUE	5.355	4.0084	4.0093	3.545	6.436	TRUE	TRUE	4.71	6						
2016.10.12	12:25:18.887			1	TRUE	5.348	4.0118	4.0111	3.522	6.463	TRUE	TRUE	4.95	6						
2016.10.12	12:25:19.338			1	TRUE	5.336	4.0138	4.0199	3.497	6.481	TRUE	TRUE	4.96	6						
2016.10.12	12:25:19.820			1	TRUE	5.353	4.0121	4.0127	3.500	6.467	TRUE	TRUE	4.85	6						
2016.10.12	12:25:20.281			1	TRUE	5.334	4.0099	4.0154	3.507	6.476	TRUE	TRUE	5.11	6						
2016.10.12	12:25:20.718			1	TRUE	5.362	4.0097	4.0129	3.479	6.475	TRUE	TRUE	4.83	6						
2016.10.12	12:25:21.196			0	TRUE	5.348	4.0003	4.0037	3.500	6.498	TRUE	TRUE	4.98	6						
2016.10.12	12:25:21.672			1	TRUE	5.343	4.0051	4.0097	3.545	6.475	TRUE	TRUE	4.71	6						
2016.10.12	12:25:22.091			0	TRUE	5.354	4.0042	4.0069	3.543	6.488	TRUE	TRUE	4.88	6						
2016.10.12	12:25:22.599			1	TRUE	5.351	4.0094	4.0121	3.525	6.458	TRUE	TRUE	4.55	6						
2016.10.12	12:25:23.040			1	TRUE	5.353	4.0106	4.0124	3.492	6.468	TRUE	TRUE	4.86	6						
2016.10.12	12:25:23.495			1	TRUE	5.337	4.0054	4.0086	3.493	6.443	TRUE	TRUE	4.78	6						
2016.10.12	12:25:23.961			0	TRUE	5.357	4.0045	4.0076	3.505	6.481	TRUE	TRUE	4.66	6						
2016.10.12	12:25:24.411			1	TRUE	5.351	4.0118	4.0176	3.548	6.489	TRUE	TRUE	4.75	6						
2016.10.12	12:25:24.894			1	TRUE	5.350	4.0104	4.0136	3.496	6.439	TRUE	TRUE	4.72	6						
2016.10.12	12:25:25.378			1	TRUE	5.350	4.0096	4.0141	3.545	6.460	TRUE	TRUE	4.84	6						
2016.10.12	12:25:25.806			0	TRUE	5.353	4.0033	4.0164	3.490	6.470	TRUE	TRUE	4.81	6						
2016.10.12	12:25:26.254			1	TRUE	5.348	4.0094	4.0156	3.527	6.450	TRUE	TRUE	5.01	6						
2016.10.12	12:25:26.724			1	TRUE	5.345	4.0065	4.0089	3.503	6.498	TRUE	TRUE	4.89	6						
2016.10.12	12:25:27.200			1	TRUE	5.347	4.0105	4.0145	3.507	6.472	TRUE	TRUE	5.10	6						
2016.10.12	12:25:27.649			1	TRUE	5.357	4.0069	4.0125	3.514	6.459	TRUE	TRUE	4.90	6						
2016.10.12	12:25:28.129			1	TRUE	5.349	4.0085	4.0152	3.524	6.479	TRUE	TRUE	4.81	6						
2016.10.12	12:25:28.591			1	TRUE	5.359	4.0087	4.0105	3.568	6.430	TRUE	TRUE	4.77	6						
2016.10.12	12:25:29.021			1	TRUE	5.358	4.0072	4.0115	3.470	6.473	TRUE	TRUE	4.77	6						
2016.10.12	12:25:29.503			1	TRUE	5.351	4.0079	4.0105	3.497	6.462	TRUE	TRUE	4.79	6						
2016.10.12	12:25:29.960			1	TRUE	5.354	4.0077	4.0129	3.563	6.476	TRUE	TRUE	4.82	6						
2016.10.12	12:25:30.425			1	TRUE	5.351	4.0067	4.0118	3.549	6.441	TRUE	TRUE	4.97	6						
2016.10.12	12:25:30.872			1	TRUE	5.347	4.0078	4.0128	3.514	6.476	TRUE	TRUE	4.89	6						
2016.10.12	12:25:31.336			1	TRUE	5.346	4.0064	4.0187	3.557	6.425	TRUE	TRUE	4.82	6						
2016.10.12	12:25:31.807			1	TRUE	5.357	4.0068	4.0093	3.523	6.450	TRUE	TRUE	4.77	6						
2016.10.12	12:25:32.246			1	TRUE	5.351	4.0133	4.0147	3.540	6.457	TRUE	TRUE	4.85	6						
2016.10.12	12:25:32.726			0	TRUE	5.337	4.0014	4.0110	3.538	6.482	TRUE	TRUE	4.97	6						
2016.10.12	12:25:33.193			1	TRUE	5.357	4.0093	4.0127	3.517	6.490	TRUE	TRUE	4.81	6						
2016.10.12	12:25:33.638			0	TRUE	5.350	4.0119	4.0125	3.527	6.457	FALSE	TRUE	4.92	6						
2016.10.12	12:25:34.092			1	TRUE	5.343	4.0097	4.0168	3.549	6.521	TRUE	TRUE	4.99	6						
2016.10.12	12:25:34.581			1	TRUE	5.359	4.0096	4.0154	3.536	6.448	TRUE	TRUE	4.80	6						
2016.10.12	12:25:35.020			1	TRUE	5.349	4.0067	4.0180	3.513	6.453	TRUE	TRUE	4.94	6						
2016.10.12	12:25:35.481			0	TRUE	5.339	4.0033	4.0077	3.529	6.464	TRUE	TRUE	4.84	6						
2016.10.12	12:25:35.915			0	TRUE	5.347	4.0029	4.0066	3.503	6.469	TRUE	TRUE	4.73	6						
2016.10.12	12:25:36.433			1	TRUE	5.351	4.0096	4.0127	3.554	6.461	TRUE	TRUE	4.96	6						
2016.10.12	12:25:36.870			0	TRUE	5.351	4.0036	4.0103	3.549	6.461	TRUE	TRUE	4.72	6						
2016.10.12	12:25:37.326			1	TRUE	5.351	4.0094	4.0151	3.522	6.456	TRUE	TRUE	4.87	6						
2016.10.12	12:25:37.785			1	TRUE	5.353	4.0092	4.0084	3.517	6.462	TRUE	TRUE	4.92	6						
2016.10.12	12:25:38.257			1	TRUE	5.341	4.0078	4.0117	3.540	6.485	TRUE	TRUE	4.95	6						
2016.10.12	12:25:38.684			1	TRUE	5.341	4.0110	4.0154	3.543	6.435	TRUE	TRUE	4.90	6						
2016.10.12	12:25:39.195			1	TRUE	5.354	4.0097	4.0123	3.530	6.432	TRUE	TRUE	4.78	6						
2016.10.12	12:25:39.631			1	TRUE	5.355	4.0088	4.0148	3.553	6.473	TRUE	TRUE	5.12	6						
2016.10.12	12:25:40.071			1	TRUE	5.353	4.0112	4.0161	3.573	6.457	TRUE	TRUE	5.06	6						
2016.10.12	12:25:40.567			1	TRUE	5.352	4.0103	4.0156	3.536	6.475	TRUE	TRUE	4.94	6						
2016.10.12	12:25:41.026			1	TRUE	5.351	4.0082	4.0157	3.539	6.454	TRUE	TRUE	5.14	6						
2016.10.12	12:25:41.451			0	TRUE	5.348	3.9998	4.0069	3.498	6.478	TRUE	TRUE	4.87	6						
2016.10.12	12:25:41.943			1	TRUE	5.357	4.0095	4.0101	3.518	6.428	TRUE	TRUE	4.75	6						
2016.10.12	12:25:42.397			1	TRUE	5.356	4.0059	4.0187	3.543	6.444	TRUE	TRUE	4.96	6						
2016.10.12	12:25:42.853			0	TRUE	5.357	4.0124	4.0207	3.542	6.467	TRUE	TRUE	5.06	6						
2016.10.12	12:25:43.334			1	TRUE	5.352	4.0115	4.0153	3.522	6.446	TRUE	TRUE	5.01	6						
2016.10.12	12:25:43.796			1	TRUE	5.346	4.0092	4.0104	3.534	6.447	TRUE	TRUE	4.95	6						
2016.10.12	12:25:44.246			1	TRUE	5.348	4.0116	4.0142	3.560	6.414	TRUE	TRUE	5.19	6						
2016.10.12	12:25:44.706			1	TRUE	5.354	4.0132	4.0158	3.544	6.421	TRUE	TRUE	5.09	6						
2016.10.12	12:25:45.189			1	TRUE	5.357	4.0093	4.0195	3.539	6.479	TRUE	TRUE	5.29	6						
2016.10.12	12:25:45.622			0	TRUE	5.326	4.0028	4.0201	3.603	6.477	TRUE	TRUE	4.96	6						
2016.10.12	12:25:46.068			0	TRUE	5.347	4.0033	4.0049	3.508	6.479	TRUE	TRUE	4.89	6						
2016.10.12	12:25:46.513			1	TRUE	5.343	4.0071	4.0128	3.550	6.521	TRUE	TRUE	4.84	6						
2016.10.12	12:25:47.014			1	TRUE	5.358	4.0084	4.0134	3.535	6.459	TRUE	TRUE	4.82	6						
2016.10.12	12:25:47.465			1	TRUE	5.351	4.0114	4.0148	3.470	6.509	TRUE	TRUE	4.93	6						
2016.10.12	12:25:47.922			0	TRUE	5.352	4.0057	4.0241	3.501	6.478	FALSE	TRUE	5.11	6						
2016.10.12	12:25:48.400			0	TRUE	5.345	4.0035	4.0092	3.559	6.453	TRUE	TRUE	4.82	6						
2016.10.12	12:25:48.870			1	TRUE	5.355	4.0096	4.0194	3.522	6.475	TRUE	TRUE	4.90	6						
2016.10.12	12:25:49.322			1	TRUE	5.355	4.0109	4.0154	3.536	6.476	TRUE	TRUE	4.77	6						
2016.10.12	12:25:49.793			0	TRUE	5.358	4.0091	4.0218	3.547	6.454	TRUE	TRUE	4.87	6						
2016.10.12	12:25:50.250			1	TRUE	5.339	4.0081	4.0073	3.497	6.477	TRUE	TRUE	4.93	6						
2016.10.12	12:25:50.675			1	TRUE	5.336	4.0083	4.0128	3.489	6.485	TRUE	TRUE	4.90	6						
2016.10.12	12:25:51.173			0	TRUE	5.334	4.0109	4.0229	3.539	6.480	FALSE	TRUE	5.03	6						
2016.10.12	12:25:51.631			0	TRUE	5.350	4.0042	4.0170	3.529	6.437	TRUE	TRUE	4.69	6						
2016.10.12	12:25:52.060			1	TRUE	5.355	4.0111	4.0136	3.541	6.449	TRUE	TRUE	4.86	6						
2016.10.12	12:25:52.528			1	TRUE	5.344	4.0104	4.0126	3.492	6.462	TRUE	TRUE	4.69	6						
2016.10.12	12:25:53.015			1	TRUE	5.339	4.0099	4.0126	3.487	6.505	TRUE	TRUE	5.07	6						
2016.10.12	12:25:53.461			1	TRUE	5.353	4.0081	4.0186	3.526	6.456	TRUE	TRUE	4.76	6						
2016.10.12	12:25:53.923			0	TRUE	5.344	4.0038	4.0078	3.519	6.444	FALSE	TRUE	4.82	6						
2016.10.12	12:25:54.397			0	TRUE	5.353	4.0040	4.0202	3.522	6.486	TRUE	TRUE	4.91	6						
2016.10.12	12:25:54.869			1	TRUE	5.347	4.0119	4.0199	3.531	6.488	TRUE	TRUE	4.90	6						
2016.10.12	12:25:55.277			0	TRUE	5.351	4.0045	4.0109	3.526	6.485	TRUE	TRUE	4.96	6						
2016.10.12	12:43:39.347			1	TRUE	5.349	4.0087	4.0126	3.501	6.490	TRUE	TRUE	4.96	6						
2016.10.12	12:43:39.827			1	TRUE	5.353	4.0083	4.0144	3.519	6.470	TRUE	TRUE	4.84	6						
2016.10.12	12:43:40.272			1	TRUE	5.355	4.0087	4.0107	3.506	6.449	TRUE	TRUE	4.74	6						
2016.10.12	12:43:40.753			1	TRUE	5.346	4.0094	4.0144	3.512	6.508	TRUE	TRUE	4.92	6						
2016.10.12	12:43:41.206			1	TRUE	5.350	4.0115	4.0162	3.534	6.462	TRUE	TRUE	4.79	6						
2016.10.12	12:43:41.670			1	TRUE	5.354	4.0095	4.0156	3.534	6.470	TRUE	TRUE	5.22	6						
2016.10.12	12:43:42.122			1	TRUE	5.335	4.0054	4.0094	3.529	6.460	TRUE	TRUE	4.95	6						
2016.10.12	12:43:42.581			0	TRUE	5.358	4.0035	4.0147	3.515	6.443	TRUE	TRUE	4.88	6						
2016.10.12	12:43:43.063			1	TRUE	5.341	4.0085	4.0071	3.516	6.480	TRUE	TRUE	5.10	6						
2016.10.12	12:43:43.511			0	TRUE	5.349	4.0144	4.0229	3.570	6.443	TRUE	TRUE	4.90	6						
2016.10.12	12:43:43.958			0	TRUE	5.344	4.0016	4.0133	3.581	6.446	TRUE	TRUE	4.69	6						
2016.10.12	12:43:44.422			1	TRUE	5.346	4.0097	4.0174	3.510	6.470	TRUE	TRUE	4.79	6						
2016.10.12	12:43:44.881			1	TRUE	5.345	4.0088	4.0118	3.546	6.478	TRUE	TRUE	4.91	6						
2016.10.12	12:43:45.349			1	TRUE	5.339	4.0071	4.0108	3.532	6.482	TRUE	TRUE	4.94	6						
2016.10.12	12:43:45.809			1	TRUE	5.336	4.0104	4.0156	3.507	6.431	TRUE	TRUE	5.04	6						
2016.10.12	12:43:46.272			1	TRUE	5.349	4.0111	4.0109	3.553	6.416	TRUE	TRUE	4.80	6						
2016.10.12	12:43:46.726			0	TRUE	5.348	4.0034	4.0139	3.547	6.456	TRUE	TRUE	4.76	6						
2016.10.12	12:43:47.194			1	TRUE	5.347	4.0096	4.0135	3.514	6.455	TRUE	TRUE	4.72	6						
2016.10.12	12:43:47.668			1	TRUE	5.354	4.0112	4.0144	3.536	6.460	TRUE	TRUE	4.89	6						
2016.10.12	12:43:48.096			1	TRUE	5.351	4.0088	4.0145	3.569	6.412	TRUE	TRUE	4.87	6						
2016.10.12	12:43:48.580			0	TRUE	5.346	4.0101	4.0152	3.498	6.480	FALSE	TRUE	4.94	6						
2016.10.12	12:43:49.042			0	TRUE	5.357	4.0082	4.0204	3.538	6.453	TRUE	TRUE	4.94	6						
2016.10.12	12:43:49.502			0	TRUE	5.340	4.0048	4.0092	3.525	6.450	TRUE	TRUE	4.90	6						
2016.10.12	12:43:49.951			0	TRUE	5.360	4.0137	4.0155	3.504	6.486	FALSE	TRUE	5.00	6						
2016.10.12	12:43:50.425			0	TRUE	5.347	4.0032	4.0196	3.547	6.425	TRUE	TRUE	5.07	6						
2016.10.12	12:43:50.872			1	TRUE	5.351	4.0074	4.0082	3.566	6.467	TRUE	TRUE	4.99	6						
2016.10.12	12:43:51.329			1	TRUE	5.348	4.0080	4.0104	3.520	6.446	TRUE	TRUE	4.79	6						
2016.10.12	12:43:51.800			1	TRUE	5.356	4.0105	4.0120	3.559	6.521	TRUE	TRUE	4.83	6						
2016.10.12	12:43:52.251			0	TRUE	5.338	4.0018	4.0093	3.522	6.474	TRUE	TRUE	4.88	6						
2016.10.12	12:43:52.740			0	TRUE	5.346	4.0037	4.0072	3.515	6.481	TRUE	TRUE	4.98	6						
2016.10.12	12:43:53.181			1	TRUE	5.349	4.0120	4.0142	3.527	6.488	TRUE	TRUE	4.83	6						
2016.10.12	12:43:53.640			1	TRUE	5.354	4.0140	4.0141	3.554	6.452	TRUE	TRUE	4.98	6						
2016.10.12	12:43:54.113			0	TRUE	5.343	4.0011	4.0116	3.513	6.473	TRUE	TRUE	5.02	6						
2016.10.12	12:43:54.560			0	TRUE	5.353	4.0046	4.0100	3.496	6.484	TRUE	TRUE	5.13	6						
2016.10.12	12:43:55.028			1	TRUE	5.353	4.0123	4.0162	3.547	6.433	TRUE	TRUE	4.99	6						
2016.10.12	12:43:55.496			1	TRUE	5.352	4.0083	4.0113	3.470	6.468	TRUE	TRUE	4.75	6						
2016.10.12	12:43:55.974			1	TRUE	5.339	4.0098	4.0139	3.521	6.524	TRUE	TRUE	5.09	6						
2016.10.12	12:43:56.392			0	TRUE	5.343	3.9969	4.0104	3.508	6.478	TRUE	TRUE	4.89	6						
2016.10.12	12:43:56.872			1	TRUE	5.350	4.0066	4.0196	3.541	6.423	TRUE	TRUE	4.86	6						
2016.10.12	12:43:57.333			1	TRUE	5.343	4.0076	4.0086	3.517	6.469	TRUE	TRUE	4.90	6						
2016.10.12	12:43:57.839			1	TRUE	5.358	4.0052	4.0066	3.527	6.413	TRUE	TRUE	4.96	6						
2016.10.12	12:43:58.723			1	TRUE	5.346	4.0128	4.0145	3.577	6.478	TRUE	TRUE	4.99	6						
2016.10.12	12:43:59.194			1	TRUE	5.339	4.0111	4.0167	3.532	6.498	TRUE	TRUE	4.99	6						
2016.10.12	12:43:59.634			1	TRUE	5.354	4.0110	4.0060	3.503	6.463	TRUE	TRUE	4.74	6						
2016.10.12	12:44:00.070			0	TRUE	5.356	4.0051	4.0201	3.545	6.419	TRUE	TRUE	4.92	6						
2016.10.12	12:44:00.551			1	TRUE	5.342	4.0080	4.0097	3.494	6.453	TRUE	TRUE	4.85	6						
2016.10.12	12:44:01.027			1	TRUE	5.350	4.0133	4.0189	3.523	6.506	TRUE	TRUE	5.03	6						
2016.10.12	12:44:01.479			0	TRUE	5.363	4.0052	4.0230	3.528	6.443	TRUE	TRUE	4.88	6						
2016.10.12	12:44:01.950			1	TRUE	5.349	4.0054	4.0183	3.560	6.464	TRUE	TRUE	4.79	6						
2016.10.12	12:44:02.410			1	TRUE	5.340	4.0088	4.0128	3.520	6.425	TRUE	TRUE	4.79	6						
2016.10.12	12:44:02.870			1	TRUE	5.349	4.0087	4.0121	3.498	6.440	TRUE	TRUE	4.84	6						
2016.10.12	12:44:03.339			0	TRUE	5.362	4.0069	4.0226	3.524	6.419	TRUE	TRUE	4.96	6						
2016.10.12	12:44:04.250			0	TRUE	5.350	4.0047	4.0168	3.519	6.455	TRUE	TRUE	4.92	6						
2016.10.12	12:44:04.697			0	TRUE	5.350	4.0047	4.0190	3.565	6.470	TRUE	TRUE	5.02	6						
2016.10.12	12:44:05.194			0	TRUE	5.349	4.0158	4.0205	3.500	6.488	TRUE	TRUE	4.88	6						
2016.10.12	12:44:05.630			0	TRUE	5.348	4.0024	4.0146	3.518	6.473	TRUE	TRUE	5.14	6						
2016.10.12	12:44:06.076			1	TRUE	5.350	4.0055	4.0054	3.553	6.477	TRUE	TRUE	5.01	6						
2016.10.12	12:44:06.573			1	TRUE	5.354	4.0117	4.0161	3.521	6.475	TRUE	TRUE	4.89	6						
2016.10.12	12:44:07.006			0	TRUE	5.353	4.0093	4.0210	3.587	6.438	TRUE	TRUE	4.84	6						
2016.10.12	12:44:07.486			0	TRUE	5.341	4.0028	4.0097	3.590	6.457	TRUE	TRUE	5.13	6						
2016.10.12	12:44:07.940			1	TRUE	5.349	4.0089	4.0191	3.514	6.488	TRUE	TRUE	4.72	6						
2016.10.12	12:44:08.410			1	TRUE	5.344	4.0115	4.0155	3.517	6.467	TRUE	TRUE	4.93	6						
2016.10.12	12:44:08.868			1	TRUE	5.352	4.0108	4.0132	3.559	6.437	TRUE	TRUE	4.71	6						
2016.10.12	12:44:09.309			1	TRUE	5.373	4.0121	4.0155	3.500	6.495	TRUE	TRUE	4.80	6						
2016.10.12	12:44:09.793			0	TRUE	5.350	4.0060	4.0213	3.547	6.496	TRUE	TRUE	5.04	6						
2016.10.12	12:44:10.245			1	TRUE	5.345	4.0112	4.0156	3.481	6.486	TRUE	TRUE	4.74	6						
2016.10.12	12:44:10.699			1	TRUE	5.347	4.0092	4.0134	3.559	6.444	TRUE	TRUE	4.97	6						
2016.10.12	12:44:11.181			0	TRUE	5.354	4.0087	4.0215	3.542	6.470	TRUE	TRUE	4.99	6						
2016.10.12	12:44:11.609			0	TRUE	5.351	4.0077	4.0111	3.534	6.443	FALSE	TRUE	4.84	6						
2016.10.12	12:44:12.093			1	TRUE	5.343	4.0120	4.0197	3.530	6.490	TRUE	TRUE	4.87	6						
2016.10.12	12:44:12.526			1	TRUE	5.357	4.0056	4.0057	3.485	6.494	TRUE	TRUE	4.84	6						
2016.10.12	12:44:13.015			1	TRUE	5.345	4.0091	4.0116	3.540	6.511	TRUE	TRUE	4.97	6						
2016.10.12	12:44:13.472			0	TRUE	5.354	4.0132	4.0198	3.523	6.463	TRUE	TRUE	5.49	4						
2016.10.12	12:44:13.926			1	TRUE	5.375	4.0076	4.0116	3.495	6.445	TRUE	TRUE	4.89	6						
2016.10.12	12:44:14.391			1	TRUE	5.334	4.0100	4.0191	3.567	6.444	TRUE	TRUE	5.18	6						
2016.10.12	12:44:14.856			0	TRUE	5.331	4.0053	4.0066	3.497	6.468	FALSE	TRUE	4.93	6						
2016.10.12	12:44:15.309			0	TRUE	5.352	4.0069	4.0233	3.533	6.449	TRUE	TRUE	4.81	6						
2016.10.12	12:44:15.794			1	TRUE	5.351	4.0076	4.0155	3.494	6.478	TRUE	TRUE	4.91	6						
2016.10.12	12:44:16.232			1	TRUE	5.340	4.0068	4.0075	3.486	6.505	TRUE	TRUE	4.88	6						
2016.10.12	12:44:16.683			0	TRUE	5.346	4.0085	4.0209	3.561	6.443	TRUE	TRUE	4.99	6						
2016.10.12	12:44:17.165			1	TRUE	5.350	4.0073	4.0098	3.503	6.436	TRUE	TRUE	4.93	6						
2016.10.12	12:44:17.638			0	TRUE	5.355	4.0098	4.0115	3.507	6.473	FALSE	TRUE	4.99	6						
2016.10.12	12:44:18.060			1	TRUE	5.351	4.0058	4.0174	3.539	6.421	TRUE	TRUE	4.64	6						
2016.10.12	12:44:18.537			1	TRUE	5.347	4.0088	4.0130	3.536	6.451	TRUE	TRUE	4.87	6						
2016.10.12	12:44:19.014			0	TRUE	5.355	4.0072	4.0097	3.534	6.440	FALSE	TRUE	4.84	6						
2016.10.12	12:44:19.473			0	TRUE	5.336	4.0137	4.0210	3.538	6.475	TRUE	TRUE	5.19	6						
2016.10.12	12:44:19.933			0	TRUE	5.349	4.0106	4.0124	3.553	6.448	FALSE	TRUE	5.26	4						
2016.10.12	12:44:20.404			1	TRUE	5.350	4.0088	4.0188	3.517	6.472	TRUE	TRUE	4.98	6						
2016.10.12	12:44:20.854			0	TRUE	5.354	4.0046	4.0162	3.510	6.491	TRUE	TRUE	4.82	6						
2016.10.12	12:44:21.315			1	TRUE	5.354	4.0053	4.0136	3.499	6.476	TRUE	TRUE	4.85	6						
2016.10.12	12:44:21.787			0	TRUE	5.349	4.0028	4.0170	3.557	6.451	TRUE	TRUE	4.90	6						
2016.10.12	12:44:22.224			1	TRUE	5.351	4.0103	4.0144	3.517	6.493	TRUE	TRUE	4.83	6						
2016.10.12	12:44:22.652			1	TRUE	5.351	4.0071	4.0119	3.528	6.451	TRUE	TRUE	4.83	6						
2016.10.12	12:44:23.141			1	TRUE	5.352	4.0090	4.0148	3.501	6.430	TRUE	TRUE	4.88	6						
2016.10.12	12:44:23.624			0	TRUE	5.342	4.0105	4.0158	3.531	6.445	TRUE	TRUE	5.39	5						
2016.10.12	12:44:24.059			0	TRUE	5.337	4.0024	4.0049	3.500	6.491	TRUE	TRUE	4.71	6						
2016.10.12	12:44:24.528			1	TRUE	5.342	4.0053	4.0088	3.529	6.477	TRUE	TRUE	5.04	6						
2016.10.12	12:44:25.002			0	TRUE	5.351	4.0032	4.0182	3.561	6.462	TRUE	TRUE	4.91	6						
2016.10.12	12:44:25.466			1	TRUE	5.354	4.0131	4.0111	3.495	6.479	TRUE	TRUE	4.84	6						
2016.10.12	12:44:25.909			0	TRUE	5.355	4.0057	4.0203	3.543	6.458	TRUE	TRUE	4.92	6						
2016.10.12	12:44:26.399			1	TRUE	5.355	4.0099	4.0118	3.521	6.436	TRUE	TRUE	4.83	6						
2016.10.12	12:44:26.849			1	TRUE	5.357	4.0101	4.0118	3.531	6.479	TRUE	TRUE	4.87	6						
2016.10.12	12:44:27.301			1	TRUE	5.342	4.0101	4.0170	3.516	6.494	TRUE	TRUE	5.01	6						
2016.10.12	12:44:27.756			1	TRUE	5.351	4.0062	4.0063	3.534	6.432	TRUE	TRUE	4.80	6						
2016.10.12	12:44:28.222			0	TRUE	5.354	4.0039	4.0086	3.489	6.487	TRUE	TRUE	4.85	6						
2016.10.12	12:44:28.680			1	TRUE	5.349	4.0112	4.0157	3.510	6.472	TRUE	TRUE	4.90	6						
2016.10.12	12:44:29.132			1	TRUE	5.354	4.0115	4.0156	3.521	6.492	TRUE	TRUE	4.82	6						
2016.10.12	12:44:29.625			0	TRUE	5.348	4.0144	4.0221	3.560	6.455	TRUE	TRUE	4.88	6						
2016.10.12	12:44:30.051			0	TRUE	5.358	4.0079	4.0204	3.508	6.473	TRUE	TRUE	4.72	6						
2016.10.12	12:44:30.522			0	TRUE	5.353	4.0099	4.0120	3.511	6.496	FALSE	TRUE	5.01	6						
2016.10.12	12:44:31.000			1	TRUE	5.347	4.0058	4.0097	3.476	6.494	TRUE	TRUE	5.08	6						
2016.10.12	12:44:31.454			0	TRUE	5.352	4.0024	4.0179	3.538	6.463	TRUE	TRUE	4.78	6						
2016.10.12	12:44:31.909			1	TRUE	5.351	4.0097	4.0111	3.518	6.446	TRUE	TRUE	4.92	6						
2016.10.12	12:44:32.386			0	TRUE	5.332	4.0026	4.0063	3.509	6.502	FALSE	TRUE	4.93	6						
2016.10.12	12:44:32.835			0	TRUE	5.353	4.0078	4.0103	3.494	6.482	TRUE	TRUE	4.37	4						
2016.10.12	12:44:33.265			1	TRUE	5.349	4.0119	4.0148	3.509	6.441	TRUE	TRUE	4.83	6						
2016.10.12	12:44:33.762			1	TRUE	5.353	4.0073	4.0096	3.509	6.496	TRUE	TRUE	4.98	6						
2016.10.12	12:44:34.224			1	TRUE	5.349	4.0075	4.0131	3.520	6.499	TRUE	TRUE	4.83	6						
2016.10.12	12:44:34.671			1	TRUE	5.353	4.0074	4.0097	3.513	6.484	TRUE	TRUE	4.73	6						
2016.10.12	12:44:35.137			1	TRUE	5.357	4.0092	4.0101	3.519	6.472	TRUE	TRUE	4.80	6						
2016.10.12	12:44:35.596			1	TRUE	5.351	4.0090	4.0132	3.517	6.505	TRUE	TRUE	4.67	6						
2016.10.12	12:44:36.052			0	TRUE	5.359	4.0031	4.0105	3.512	6.459	TRUE	TRUE	4.48	6						
2016.10.12	12:44:36.530			1	TRUE	5.350	4.0086	4.0079	3.518	6.467	TRUE	TRUE	5.01	6						
2016.10.12	12:44:36.988			0	TRUE	5.351	4.0067	4.0222	3.515	6.476	TRUE	TRUE	4.81	6						
2016.10.12	12:44:37.446			0	TRUE	5.355	4.0037	4.0109	3.577	6.451	TRUE	TRUE	4.95	6						
2016.10.12	12:44:37.862			1	TRUE	5.362	4.0097	4.0097	3.504	6.485	TRUE	TRUE	4.90	6						
2016.10.12	12:44:38.395			1	TRUE	5.354	4.0051	4.0128	3.494	6.469	TRUE	TRUE	4.86	6						
2016.10.12	12:44:38.839			1	TRUE	5.353	4.0137	4.0131	3.539	6.447	TRUE	TRUE	5.19	6						
2016.10.12	12:44:39.298			0	TRUE	5.362	4.0131	4.0160	3.534	6.429	FALSE	TRUE	4.86	6						
2016.10.12	12:44:39.735			0	TRUE	5.353	4.0040	4.0085	3.488	6.491	TRUE	TRUE	5.24	6						
2016.10.12	12:44:40.214			0	TRUE	5.346	4.0051	4.0223	3.604	6.498	TRUE	TRUE	4.85	6						
2016.10.12	12:44:40.658			1	TRUE	5.342	4.0133	4.0184	3.516	6.477	TRUE	TRUE	4.95	6						
2016.10.12	12:44:41.112			0	TRUE	5.350	4.0092	4.0226	3.549	6.419	TRUE	TRUE	5.02	6						
2016.10.12	12:44:41.613			0	TRUE	5.360	4.0028	4.0116	3.546	6.422	TRUE	TRUE	4.81	6						
2016.10.12	12:44:42.054			1	TRUE	5.348	4.0083	4.0085	3.574	6.484	TRUE	TRUE	4.71	6						
2016.10.12	12:44:42.507			1	TRUE	5.347	4.0142	4.0152	3.508	6.423	TRUE	TRUE	4.67	6						
2016.10.12	12:44:42.987			0	TRUE	5.327	4.0013	4.0039	3.509	6.460	TRUE	TRUE	4.91	6						
2016.10.12	12:44:43.439			1	TRUE	5.351	4.0073	4.0134	3.553	6.468	TRUE	TRUE	5.01	6						
2016.10.12	12:44:43.904			0	TRUE	5.357	4.0023	4.0183	3.534	6.481	TRUE	TRUE	5.24	6						
2016.10.12	12:44:44.386			0	TRUE	5.352	4.0032	4.0176	3.559	6.465	TRUE	TRUE	4.84	6						
2016.10.12	12:44:44.816			0	TRUE	5.340	4.0045	4.0100	3.513	6.461	TRUE	TRUE	4.72	6						
2016.10.12	12:44:45.280			1	TRUE	5.352	4.0066	4.0105	3.538	6.508	TRUE	TRUE	4.83	6						
2016.10.12	12:44:45.730			1	TRUE	5.358	4.0131	4.0173	3.568	6.425	TRUE	TRUE	4.90	6						
2016.10.12	12:44:46.196			0	TRUE	5.357	4.0048	4.0094	3.544	6.477	TRUE	TRUE	4.81	6						
2016.10.12	12:44:46.674			0	TRUE	5.352	4.0009	4.0151	3.556	6.424	TRUE	TRUE	4.79	6						
2016.10.12	12:44:47.126			1	TRUE	5.351	4.0104	4.0154	3.551	6.463	TRUE	TRUE	4.90	6						
2016.10.12	12:44:47.594			1	TRUE	5.351	4.0057	4.0097	3.510	6.516	TRUE	TRUE	4.89	6						
2016.10.12	12:44:48.046			1	TRUE	5.349	4.0067	4.0114	3.493	6.456	TRUE	TRUE	4.88	6						
2016.10.12	12:44:48.502			1	TRUE	5.347	4.0080	4.0153	3.511	6.485	TRUE	TRUE	4.75	6						
2016.10.12	12:44:48.985			1	TRUE	5.347	4.0116	4.0156	3.535	6.459	TRUE	TRUE	4.88	6						
2016.10.12	12:44:49.429			1	TRUE	5.350	4.0083	4.0104	3.525	6.464	TRUE	TRUE	5.02	6						
2016.10.12	12:44:49.870			0	TRUE	5.344	4.0012	4.0104	3.564	6.452	TRUE	TRUE	5.22	5						
2016.10.12	12:44:50.354			0	TRUE	5.363	4.0113	4.0151	3.550	6.476	FALSE	TRUE	5.37	6						
2016.10.12	12:44:50.806			1	TRUE	5.338	4.0063	4.0056	3.514	6.480	TRUE	TRUE	5.06	6						
2016.10.12	12:44:51.285			1	TRUE	5.350	4.0065	4.0193	3.510	6.473	TRUE	TRUE	4.87	6						
2016.10.12	12:44:51.747			0	TRUE	5.338	4.0044	4.0093	3.567	6.458	FALSE	TRUE	4.90	6						
2016.10.12	12:44:52.200			1	TRUE	5.355	4.0083	4.0193	3.528	6.458	TRUE	TRUE	4.72	6						
2016.10.12	12:44:52.657			1	TRUE	5.356	4.0096	4.0133	3.525	6.523	TRUE	TRUE	4.93	6						
2016.10.12	12:44:53.090			1	TRUE	5.335	4.0073	4.0107	3.499	6.433	TRUE	TRUE	4.99	6						
2016.10.12	12:44:53.589			0	TRUE	5.351	4.0114	4.0143	3.543	6.456	FALSE	TRUE	4.81	6						
2016.10.12	12:44:54.042			0	TRUE	5.345	4.0104	4.0115	3.501	6.457	FALSE	TRUE	5.89	3						
2016.10.12	12:44:54.514			1	TRUE	5.350	4.0118	4.0157	3.547	6.472	TRUE	TRUE	4.79	6						
2016.10.12	12:44:54.983			1	TRUE	5.348	4.0064	4.0103	3.475	6.498	TRUE	TRUE	5.25	6						
2016.10.12	12:44:55.416			1	TRUE	5.363	4.0095	4.0148	3.521	6.468	TRUE	TRUE	4.62	6						
2016.10.12	12:44:55.881			0	TRUE	5.353	4.0034	4.0184	3.566	6.466	TRUE	TRUE	4.70	6						
2016.10.12	12:44:56.317			0	TRUE	5.350	4.0090	4.0211	3.551	6.440	TRUE	TRUE	4.78	6						
2016.10.12	12:44:56.820			0	TRUE	5.348	4.0061	4.0139	3.505	6.506	FALSE	TRUE	4.75	6						
2016.10.12	12:44:57.270			1	TRUE	5.335	4.0082	4.0114	3.534	6.485	TRUE	TRUE	4.89	6						
2016.10.12	12:44:57.710			1	TRUE	5.351	4.0122	4.0198	3.513	6.465	TRUE	TRUE	5.31	6						
2016.10.12	12:44:58.208			1	TRUE	5.355	4.0091	4.0134	3.495	6.435	TRUE	TRUE	4.90	6						
2016.10.12	12:44:58.635			1	TRUE	5.345	4.0061	4.0124	3.522	6.472	TRUE	TRUE	4.79	6						
2016.10.12	12:44:59.075			1	TRUE	5.351	4.0118	4.0168	3.542	6.457	TRUE	TRUE	4.85	6						
2016.10.12	12:44:59.595			1	TRUE	5.348	4.0090	4.0112	3.516	6.467	TRUE	TRUE	5.13	6						
2016.10.12	12:45:00.022			0	TRUE	5.343	4.0059	4.0135	3.501	6.444	FALSE	TRUE	4.90	6						
2016.10.12	12:45:00.476			0	TRUE	5.360	4.0064	4.0222	3.548	6.474	TRUE	TRUE	4.69	6						
2016.10.12	12:45:00.930			1	TRUE	5.351	4.0099	4.0151	3.544	6.454	TRUE	TRUE	4.75	6						
2016.10.12	12:45:01.407			1	TRUE	5.354	4.0050	4.0189	3.532	6.458	TRUE	TRUE	4.83	6						
2016.10.12	12:45:01.822			0	TRUE	5.355	4.0063	4.0228	3.535	6.452	TRUE	TRUE	4.89	6						
2016.10.12	12:45:02.333			0	TRUE	5.358	4.0113	4.0119	3.522	6.461	FALSE	TRUE	5.11	6						
2016.10.12	12:45:02.801			1	TRUE	5.344	4.0081	4.0152	3.582	6.462	TRUE	TRUE	4.74	6						
2016.10.12	12:45:03.228			1	TRUE	5.336	4.0117	4.0146	3.476	6.500	TRUE	TRUE	4.65	6						
2016.10.12	12:45:03.683			1	TRUE	5.363	4.0089	4.0105	3.484	6.478	TRUE	TRUE	4.86	6						
2016.10.12	12:45:04.188			1	TRUE	5.346	4.0123	4.0152	3.545	6.479	TRUE	TRUE	4.87	6						
2016.10.12	12:45:04.649			1	TRUE	5.356	4.0139	4.0166	3.550	6.460	TRUE	TRUE	4.79	6						
2016.10.12	12:45:05.075			1	TRUE	5.353	4.0093	4.0110	3.536	6.456	TRUE	TRUE	5.01	6						
2016.10.12	12:45:05.591			1	TRUE	5.353	4.0065	4.0192	3.541	6.458	TRUE	TRUE	4.92	6						
2016.10.12	12:45:06.017			1	TRUE	5.355	4.0058	4.0124	3.550	6.435	TRUE	TRUE	4.81	6						
2016.10.12	12:45:06.458			1	TRUE	5.348	4.0086	4.0144	3.552	6.462	TRUE	TRUE	4.94	6						
2016.10.12	12:45:06.947			1	TRUE	5.345	4.0085	4.0140	3.534	6.463	TRUE	TRUE	5.04	6						
2016.10.12	12:45:07.398			1	TRUE	5.357	4.0106	4.0147	3.527	6.459	TRUE	TRUE	4.84	6						
2016.10.12	12:45:07.872			0	TRUE	5.352	4.0087	4.0233	3.565	6.487	TRUE	TRUE	4.84	6						
2016.10.12	12:45:08.346			1	TRUE	5.352	4.0117	4.0142	3.504	6.445	TRUE	TRUE	4.69	6						
2016.10.12	12:45:08.785			0	TRUE	5.352	4.0038	4.0216	3.538	6.472	TRUE	TRUE	4.77	6						
2016.10.12	12:45:09.245			1	TRUE	5.360	4.0097	4.0134	3.510	6.468	TRUE	TRUE	4.99	6						
2016.10.12	12:45:09.705			1	TRUE	5.353	4.0106	4.0158	3.513	6.502	TRUE	TRUE	4.89	6						
2016.10.12	12:45:10.183			1	TRUE	5.345	4.0114	4.0168	3.547	6.505	TRUE	TRUE	4.83	6						
2016.10.12	12:45:10.633			1	TRUE	5.351	4.0103	4.0145	3.560	6.423	TRUE	TRUE	4.86	6						
2016.10.12	12:45:11.091			1	TRUE	5.351	4.0054	4.0177	3.523	6.497	TRUE	TRUE	4.84	6						
2016.10.12	12:45:11.547			1	TRUE	5.348	4.0082	4.0138	3.525	6.435	TRUE	TRUE	4.82	6						
2016.10.12	12:45:12.032			1	TRUE	5.361	4.0122	4.0120	3.527	6.456	TRUE	TRUE	4.65	6						
2016.10.12	12:45:12.473			1	TRUE	5.355	4.0106	4.0163	3.520	6.496	TRUE	TRUE	4.92	6						
2016.10.12	12:45:12.950			1	TRUE	5.348	4.0110	4.0134	3.510	6.446	TRUE	TRUE	4.87	6						
2016.10.12	12:45:13.412			0	TRUE	5.347	4.0024	4.0160	3.563	6.467	TRUE	TRUE	5.25	5						
2016.10.12	12:45:13.856			1	TRUE	5.345	4.0086	4.0123	3.533	6.481	TRUE	TRUE	4.96	6						
2016.10.12	12:45:14.325			0	TRUE	5.361	4.0036	4.0087	3.528	6.431	TRUE	TRUE	4.66	6						
2016.10.12	12:45:14.801			0	TRUE	5.358	4.0034	4.0103	3.530	6.448	TRUE	TRUE	4.59	6						
2016.10.12	12:45:15.230			1	TRUE	5.352	4.0059	4.0152	3.565	6.450	TRUE	TRUE	4.84	6						
2016.10.12	12:45:15.711			1	TRUE	5.355	4.0102	4.0154	3.549	6.450	TRUE	TRUE	4.60	6						
2016.10.12	12:45:16.159			1	TRUE	5.351	4.0141	4.0190	3.486	6.458	TRUE	TRUE	4.90	6						
2016.10.12	12:45:16.640			1	TRUE	5.345	4.0100	4.0161	3.538	6.479	TRUE	TRUE	4.87	6						
2016.10.12	12:45:17.088			1	TRUE	5.343	4.0116	4.0152	3.488	6.494	TRUE	TRUE	4.83	6						
2016.10.12	12:45:17.538			1	TRUE	5.353	4.0080	4.0112	3.498	6.482	TRUE	TRUE	4.97	6						
2016.10.12	12:45:18.003			1	TRUE	5.351	4.0098	4.0148	3.561	6.470	TRUE	TRUE	4.55	6						
2016.10.12	12:45:18.475			0	TRUE	5.350	4.0032	4.0225	3.586	6.473	TRUE	TRUE	4.65	6						
2016.10.12	12:45:18.927			1	TRUE	5.351	4.0066	4.0078	3.487	6.510	TRUE	TRUE	4.67	6						
2016.10.12	12:45:19.394			0	TRUE	5.354	4.0045	4.0189	3.538	6.469	TRUE	TRUE	4.78	6						
2016.10.12	12:45:19.858			1	TRUE	5.346	4.0098	4.0096	3.539	6.452	TRUE	TRUE	4.84	6						
2016.10.12	12:45:20.284			0	TRUE	5.346	4.0115	4.0127	3.559	6.456	FALSE	TRUE	5.03	6						
2016.10.12	12:45:20.798			0	TRUE	5.353	4.0117	4.0132	3.536	6.476	FALSE	TRUE	5.25	6						
2016.10.12	12:45:21.238			1	TRUE	5.340	4.0085	4.0089	3.528	6.444	TRUE	TRUE	4.79	6						
2016.10.12	12:45:21.690			0	TRUE	5.345	4.0074	4.0210	3.565	6.443	TRUE	TRUE	4.82	6						
2016.10.12	12:45:22.153			1	TRUE	5.359	4.0052	4.0173	3.520	6.499	TRUE	TRUE	4.94	6						
2016.10.12	12:45:22.627			0	TRUE	5.352	4.0049	4.0221	3.573	6.457	TRUE	TRUE	4.80	6						
2016.10.12	12:45:23.077			0	TRUE	5.348	4.0028	4.0183	3.559	6.441	TRUE	TRUE	4.87	6						
2016.10.12	12:45:23.552			1	TRUE	5.357	4.0099	4.0142	3.537	6.469	TRUE	TRUE	4.86	6						
2016.10.12	12:45:24.004			1	TRUE	5.354	4.0101	4.0123	3.592	6.423	TRUE	TRUE	4.81	6						
2016.10.12	12:45:24.472			0	TRUE	5.355	4.0037	4.0172	3.524	6.495	TRUE	TRUE	4.87	6						
2016.10.12	12:45:24.920			1	TRUE	5.342	4.0075	4.0155	3.510	6.454	TRUE	TRUE	5.12	6						
2016.10.12	12:45:25.396			1	TRUE	5.355	4.0077	4.0092	3.519	6.452	TRUE	TRUE	4.92	6						
2016.10.12	12:45:25.859			1	TRUE	5.358	4.0117	4.0154	3.532	6.463	TRUE	TRUE	4.99	6						
2016.10.12	12:45:26.311			1	TRUE	5.357	4.0058	4.0108	3.492	6.476	TRUE	TRUE	5.10	6						
2016.10.12	12:45:26.747			0	TRUE	5.352	4.0114	4.0217	3.498	6.467	TRUE	TRUE	4.84	6						
2016.10.12	12:45:27.247			0	TRUE	5.335	4.0040	4.0128	3.568	6.451	TRUE	TRUE	4.84	6						
2016.10.12	12:45:27.693			1	TRUE	5.344	4.0050	4.0075	3.538	6.486	TRUE	TRUE	4.72	6						
2016.10.12	12:45:28.148			1	TRUE	5.354	4.0070	4.0110	3.501	6.438	TRUE	TRUE	4.78	6						
2016.10.12	12:45:28.631			0	TRUE	5.351	4.0045	4.0109	3.522	6.473	TRUE	TRUE	4.77	6						
2016.10.12	12:45:29.074			0	TRUE	5.351	4.0006	4.0254	3.549	6.446	TRUE	TRUE	5.19	6						
2016.10.12	12:45:29.523			1	TRUE	5.363	4.0063	4.0148	3.480	6.466	TRUE	TRUE	4.70	6						
2016.10.12	12:45:30.021			0	TRUE	5.351	4.0074	4.0202	3.527	6.517	TRUE	TRUE	4.99	6						
2016.10.12	12:45:30.927			1	TRUE	5.352	4.0103	4.0147	3.508	6.469	TRUE	TRUE	4.97	6						
2016.10.12	12:45:31.391			1	TRUE	5.359	4.0060	4.0099	3.527	6.460	TRUE	TRUE	4.82	6						
2016.10.12	12:45:31.843			1	TRUE	5.350	4.0062	4.0110	3.549	6.473	TRUE	TRUE	4.81	6						
2016.10.12	12:45:32.278			1	TRUE	5.356	4.0094	4.0117	3.539	6.488	TRUE	TRUE	4.86	6						
2016.10.12	12:45:32.766			1	TRUE	5.351	4.0084	4.0122	3.513	6.468	TRUE	TRUE	5.25	6						
2016.10.12	12:45:33.219			1	TRUE	5.350	4.0118	4.0128	3.518	6.436	TRUE	TRUE	4.65	6						
2016.10.12	12:45:33.685			1	TRUE	5.354	4.0102	4.0174	3.494	6.494	TRUE	TRUE	5.07	6						
2016.10.12	12:45:34.153			1	TRUE	5.351	4.0113	4.0142	3.529	6.440	TRUE	TRUE	4.69	6						
2016.10.12	12:45:34.607			1	TRUE	5.361	4.0102	4.0127	3.534	6.466	TRUE	TRUE	4.84	6						
2016.10.12	12:45:35.061			1	TRUE	5.344	4.0058	4.0183	3.560	6.404	TRUE	TRUE	4.98	6						
2016.10.12	12:45:35.520			1	TRUE	5.357	4.0093	4.0099	3.505	6.476	TRUE	TRUE	4.64	6						
2016.10.12	12:45:35.996			0	TRUE	5.349	4.0029	4.0156	3.538	6.485	TRUE	TRUE	4.78	6						
2016.10.12	12:45:36.448			1	TRUE	5.348	4.0077	4.0140	3.577	6.464	TRUE	TRUE	4.74	6						
2016.10.12	12:45:36.917			0	TRUE	5.354	4.0016	4.0158	3.517	6.487	TRUE	TRUE	4.83	6						
2016.10.12	12:45:37.387			1	TRUE	5.351	4.0091	4.0122	3.546	6.413	TRUE	TRUE	5.10	6						
2016.10.12	12:45:37.824			1	TRUE	5.360	4.0094	4.0154	3.514	6.443	TRUE	TRUE	4.75	6						
2016.10.12	12:45:38.268			1	TRUE	5.351	4.0100	4.0185	3.575	6.495	TRUE	TRUE	4.97	6						
2016.10.12	12:45:38.757			0	TRUE	5.346	4.0028	4.0058	3.493	6.457	TRUE	TRUE	4.81	6						
2016.10.12	12:45:39.205			1	TRUE	5.352	4.0102	4.0121	3.523	6.436	TRUE	TRUE	4.79	6						
2016.10.12	12:45:41.868			0	TRUE	5.350	4.0047	4.0122	3.503	6.499	TRUE	TRUE	4.99	6						
2016.10.12	12:45:42.318			1	TRUE	5.344	4.0092	4.0067	3.538	6.490	TRUE	TRUE	4.99	6						
2016.10.12	12:45:42.786			1	TRUE	5.351	4.0060	4.0103	3.524	6.445	TRUE	TRUE	4.65	6						
2016.10.12	12:45:43.246			1	TRUE	5.357	4.0087	4.0124	3.518	6.486	TRUE	TRUE	4.96	6						
2016.10.12	12:45:43.723			0	TRUE	5.367	4.0047	4.0113	3.534	6.465	TRUE	TRUE	4.76	6						
2016.10.12	12:45:45.856			0	TRUE	5.351	4.0090	4.0206	3.530	6.501	TRUE	TRUE	4.87	6						
2016.10.12	12:45:46.332			0	TRUE	5.335	4.0000	4.0127	3.533	6.463	TRUE	TRUE	5.17	6						
2016.10.12	12:45:46.793			1	TRUE	5.338	4.0067	4.0098	3.516	6.485	TRUE	TRUE	4.83	6						
2016.10.12	12:45:47.227			1	TRUE	5.353	4.0119	4.0149	3.512	6.446	TRUE	TRUE	4.82	6						
2016.10.12	12:45:47.665			0	TRUE	5.358	4.0073	4.0114	3.521	6.481	FALSE	TRUE	4.82	6						
2016.10.12	12:45:48.166			1	TRUE	5.361	4.0063	4.0084	3.516	6.454	TRUE	TRUE	4.81	6						
2016.10.12	12:45:48.604			1	TRUE	5.344	4.0053	4.0175	3.520	6.474	TRUE	TRUE	5.02	6						
2016.10.12	12:45:49.069			1	TRUE	5.355	4.0059	4.0124	3.537	6.484	TRUE	TRUE	5.09	6						
2016.10.12	12:45:49.541			1	TRUE	5.359	4.0060	4.0074	3.495	6.461	TRUE	TRUE	4.89	6						
2016.10.12	12:45:49.999			0	TRUE	5.353	4.0087	4.0247	3.535	6.471	TRUE	TRUE	4.80	6						
2016.10.12	12:45:50.441			1	TRUE	5.343	4.0086	4.0133	3.517	6.463	TRUE	TRUE	4.89	6						
2016.10.12	12:45:50.928			0	TRUE	5.347	4.0035	4.0245	3.500	6.435	TRUE	TRUE	4.94	6						
2016.10.12	12:45:51.393			1	TRUE	5.351	4.0076	4.0122	3.534	6.489	TRUE	TRUE	4.67	6						
2016.10.12	12:45:51.835			0	TRUE	5.355	4.0034	4.0188	3.518	6.450	TRUE	TRUE	4.80	6						
2016.10.12	12:45:52.325			1	TRUE	5.339	4.0081	4.0117	3.559	6.464	TRUE	TRUE	4.81	6						
2016.10.12	12:45:52.783			1	TRUE	5.353	4.0086	4.0107	3.534	6.426	TRUE	TRUE	4.77	6						
2016.10.12	12:45:53.244			0	TRUE	5.353	4.0045	4.0140	3.489	6.476	TRUE	TRUE	4.84	6						
2016.10.12	12:45:53.694			1	TRUE	5.348	4.0052	4.0094	3.537	6.496	TRUE	TRUE	4.92	6						
2016.10.12	12:45:54.145			1	TRUE	5.347	4.0078	4.0141	3.549	6.425	TRUE	TRUE	4.95	6						
2016.10.12	12:45:54.619			1	TRUE	5.346	4.0124	4.0159	3.540	6.436	TRUE	TRUE	4.84	6						
2016.10.12	12:45:55.083			1	TRUE	5.336	4.0058	4.0128	3.559	6.475	TRUE	TRUE	5.17	6						
2016.10.12	12:45:55.525			1	TRUE	5.342	4.0061	4.0181	3.528	6.471	TRUE	TRUE	5.06	6						
2016.10.12	12:45:55.999			1	TRUE	5.355	4.0102	4.0132	3.538	6.451	TRUE	TRUE	4.93	6						
2016.10.12	12:45:56.456			1	TRUE	5.354	4.0118	4.0159	3.537	6.454	TRUE	TRUE	4.98	6						
2016.10.12	12:45:56.902			1	TRUE	5.336	4.0052	4.0070	3.532	6.473	TRUE	TRUE	4.68	6						
2016.10.12	12:45:57.395			1	TRUE	5.351	4.0100	4.0145	3.517	6.455	TRUE	TRUE	4.78	6						
2016.10.12	12:45:57.856			1	TRUE	5.356	4.0051	4.0089	3.525	6.443	TRUE	TRUE	4.76	6						
2016.10.12	12:45:58.319			0	TRUE	5.335	4.0044	4.0143	3.530	6.485	TRUE	TRUE	4.53	6						
2016.10.12	12:45:58.770			1	TRUE	5.346	4.0107	4.0181	3.561	6.472	TRUE	TRUE	4.86	6						
2016.10.12	12:45:59.227			1	TRUE	5.360	4.0118	4.0150	3.523	6.458	TRUE	TRUE	4.94	6						
2016.10.12	12:45:59.659			0	TRUE	5.353	4.0070	4.0102	3.530	6.431	FALSE	TRUE	4.87	6						
2016.10.12	12:46:00.132			1	TRUE	5.353	4.0056	4.0080	3.491	6.458	TRUE	TRUE	4.94	6						
2016.10.12	12:46:00.629			1	TRUE	5.352	4.0054	4.0088	3.503	6.435	TRUE	TRUE	4.74	6						
2016.10.12	12:46:01.075			0	TRUE	5.366	4.0113	4.0110	3.496	6.430	FALSE	TRUE	4.88	6						
2016.10.12	12:46:01.530			1	TRUE	5.362	4.0096	4.0172	3.538	6.437	TRUE	TRUE	4.66	6						
2016.10.12	12:46:02.008			0	TRUE	5.340	4.0093	4.0125	3.484	6.492	TRUE	TRUE	5.48	3						
2016.10.12	12:46:02.445			1	TRUE	5.351	4.0149	4.0158	3.526	6.491	TRUE	TRUE	4.96	6						
2016.10.12	12:46:02.926			1	TRUE	5.353	4.0105	4.0125	3.477	6.465	TRUE	TRUE	4.98	6						
2016.10.12	12:46:03.391			1	TRUE	5.352	4.0100	4.0138	3.558	6.459	TRUE	TRUE	5.04	6						
2016.10.12	12:46:03.838			0	TRUE	5.352	4.0048	4.0098	3.547	6.478	TRUE	TRUE	4.89	6						
2016.10.12	12:46:04.269			1	TRUE	5.355	4.0064	4.0089	3.482	6.463	TRUE	TRUE	4.98	6						
2016.10.12	12:46:04.779			1	TRUE	5.346	4.0104	4.0118	3.558	6.459	TRUE	TRUE	4.82	6						
2016.10.12	12:46:05.680			0	TRUE	5.347	4.0048	4.0075	3.562	6.469	TRUE	TRUE	4.83	6						
2016.10.12	12:46:06.145			1	TRUE	5.354	4.0138	4.0136	3.538	6.498	TRUE	TRUE	4.90	6						
2016.10.12	12:46:06.595			1	TRUE	5.348	4.0073	4.0126	3.515	6.486	TRUE	TRUE	4.73	6						
2016.10.12	12:46:07.076			1	TRUE	5.348	4.0069	4.0111	3.496	6.445	TRUE	TRUE	5.37	6						
2016.10.12	12:46:07.520			1	TRUE	5.352	4.0108	4.0146	3.536	6.454	TRUE	TRUE	5.16	6						
2016.10.12	12:46:07.987			1	TRUE	5.352	4.0076	4.0148	3.545	6.513	TRUE	TRUE	4.97	6						
2016.10.12	12:46:08.459			0	TRUE	5.354	4.0034	4.0041	3.542	6.465	TRUE	TRUE	4.83	6						
2016.10.12	12:46:08.913			1	TRUE	5.350	4.0056	4.0097	3.504	6.492	TRUE	TRUE	4.89	6						
2016.10.12	12:46:09.389			0	TRUE	5.339	4.0038	4.0162	3.540	6.484	FALSE	TRUE	5.09	6						
2016.10.12	12:46:09.827			1	TRUE	5.347	4.0067	4.0111	3.540	6.479	TRUE	TRUE	4.90	6						
2016.10.12	12:46:10.270			1	TRUE	5.349	4.0068	4.0137	3.548	6.464	TRUE	TRUE	4.82	6						
2016.10.12	12:46:10.762			1	TRUE	5.341	4.0096	4.0174	3.517	6.500	TRUE	TRUE	5.10	6						
2016.10.12	12:46:11.231			0	TRUE	5.353	4.0101	4.0210	3.533	6.468	TRUE	TRUE	4.76	6						
2016.10.12	12:46:11.683			0	TRUE	5.351	4.0019	4.0057	3.478	6.497	TRUE	TRUE	5.06	6						
2016.10.12	12:46:12.123			1	TRUE	5.356	4.0077	4.0119	3.547	6.478	TRUE	TRUE	4.90	6						
2016.10.12	12:46:12.593			1	TRUE	5.348	4.0079	4.0090	3.538	6.459	TRUE	TRUE	4.91	6						
2016.10.12	12:46:13.049			1	TRUE	5.356	4.0108	4.0145	3.572	6.463	TRUE	TRUE	4.78	6						
2016.10.12	12:46:13.509			1	TRUE	5.347	4.0088	4.0164	3.549	6.481	TRUE	TRUE	4.93	6						
2016.10.12	12:46:13.970			1	TRUE	5.346	4.0051	4.0099	3.553	6.481	TRUE	TRUE	4.81	6						
2016.10.12	12:46:14.437			1	TRUE	5.364	4.0125	4.0119	3.515	6.453	TRUE	TRUE	4.84	6						
2016.10.12	12:46:14.873			1	TRUE	5.352	4.0056	4.0174	3.582	6.464	TRUE	TRUE	4.77	6						
2016.10.12	12:46:15.356			1	TRUE	5.336	4.0101	4.0143	3.507	6.461	TRUE	TRUE	5.09	6						
2016.10.12	12:46:15.829			0	TRUE	5.353	4.0028	4.0183	3.525	6.493	TRUE	TRUE	4.86	6						
2016.10.12	12:46:16.286			1	TRUE	5.350	4.0114	4.0118	3.532	6.470	TRUE	TRUE	4.82	6						
2016.10.12	12:46:16.725			1	TRUE	5.349	4.0078	4.0098	3.506	6.475	TRUE	TRUE	4.57	6						
2016.10.12	12:46:17.206			1	TRUE	5.353	4.0131	4.0124	3.520	6.443	TRUE	TRUE	4.91	6						
2016.10.12	12:46:17.667			1	TRUE	5.355	4.0125	4.0166	3.550	6.467	TRUE	TRUE	4.95	6						
2016.10.12	12:46:18.122			1	TRUE	5.345	4.0082	4.0166	3.525	6.489	TRUE	TRUE	4.88	6						
2016.10.12	12:46:18.603			1	TRUE	5.346	4.0073	4.0141	3.523	6.461	TRUE	TRUE	5.17	6						
2016.10.12	12:46:19.067			0	TRUE	5.352	4.0004	4.0140	3.514	6.493	TRUE	TRUE	4.89	6						
2016.10.12	12:46:19.509			1	TRUE	5.346	4.0071	4.0110	3.493	6.494	TRUE	TRUE	4.91	6						
2016.10.12	12:46:19.950			1	TRUE	5.348	4.0120	4.0171	3.509	6.504	TRUE	TRUE	4.80	6						
2016.10.12	12:46:20.416			1	TRUE	5.343	4.0087	4.0157	3.522	6.437	TRUE	TRUE	4.89	6						
2016.10.12	12:46:20.896			1	TRUE	5.357	4.0068	4.0106	3.513	6.441	TRUE	TRUE	4.89	6						
2016.10.12	12:46:21.361			0	TRUE	5.349	4.0073	4.0074	3.485	6.468	FALSE	TRUE	4.89	6						
2016.10.12	12:46:21.809			1	TRUE	5.343	4.0086	4.0111	3.528	6.401	TRUE	TRUE	4.83	6						
2016.10.12	12:46:22.280			1	TRUE	5.353	4.0077	4.0081	3.558	6.447	TRUE	TRUE	4.93	6						
2016.10.12	12:46:22.725			0	TRUE	5.365	4.0040	4.0174	3.481	6.464	TRUE	TRUE	4.83	6						
2016.10.12	12:46:23.207			1	TRUE	5.346	4.0100	4.0119	3.521	6.461	TRUE	TRUE	4.79	6						
2016.10.12	12:46:23.654			0	TRUE	5.338	4.0063	4.0086	3.505	6.485	FALSE	TRUE	4.70	6						
2016.10.12	12:46:24.107			1	TRUE	5.346	4.0085	4.0128	3.512	6.488	TRUE	TRUE	4.99	6						
2016.10.12	12:46:24.590			0	TRUE	5.344	4.0051	4.0134	3.578	6.483	FALSE	TRUE	4.94	6						
2016.10.12	12:46:25.050			0	TRUE	5.337	4.0026	4.0082	3.491	6.512	TRUE	TRUE	5.07	6						
2016.10.12	12:46:25.513			0	TRUE	5.354	4.0015	4.0116	3.498	6.483	TRUE	TRUE	4.90	6						
2016.10.12	12:46:25.976			1	TRUE	5.346	4.0155	4.0192	3.477	6.456	TRUE	TRUE	4.71	6						
2016.10.12	12:46:26.428			0	TRUE	5.352	4.0046	4.0104	3.486	6.475	TRUE	TRUE	4.81	6						
2016.10.12	12:46:26.862			1	TRUE	5.346	4.0098	4.0134	3.510	6.486	TRUE	TRUE	5.13	6						
2016.10.12	12:46:27.353			1	TRUE	5.353	4.0088	4.0089	3.544	6.419	TRUE	TRUE	5.02	6						
2016.10.12	12:46:27.811			0	TRUE	5.352	4.0020	4.0047	3.546	6.466	TRUE	TRUE	4.84	6						
2016.10.12	12:46:28.247			1	TRUE	5.346	4.0091	4.0195	3.519	6.447	TRUE	TRUE	4.88	6						
2016.10.12	12:46:28.706			1	TRUE	5.349	4.0089	4.0125	3.494	6.470	TRUE	TRUE	4.81	6						
2016.10.12	12:46:29.203			0	TRUE	5.341	4.0027	4.0139	3.538	6.473	TRUE	TRUE	5.08	6						
2016.10.12	12:46:29.656			1	TRUE	5.350	4.0053	4.0085	3.543	6.499	TRUE	TRUE	4.88	6						
2016.10.12	12:46:30.100			1	TRUE	5.349	4.0089	4.0137	3.500	6.487	TRUE	TRUE	4.88	6						
2016.10.12	12:46:30.553			0	TRUE	5.350	4.0056	4.0208	3.520	6.450	TRUE	TRUE	4.84	6						
2016.10.12	12:46:31.038			1	TRUE	5.349	4.0104	4.0165	3.521	6.460	TRUE	TRUE	4.69	6						
2016.10.12	12:46:31.474			1	TRUE	5.359	4.0119	4.0168	3.545	6.443	TRUE	TRUE	4.88	6						
2016.10.12	12:46:31.985			1	TRUE	5.356	4.0067	4.0126	3.518	6.443	TRUE	TRUE	4.83	6						
2016.10.12	12:46:32.413			1	TRUE	5.342	4.0070	4.0087	3.483	6.461	TRUE	TRUE	4.88	6						
2016.10.12	12:46:32.872			0	TRUE	5.351	4.0016	4.0079	3.534	6.456	TRUE	TRUE	5.14	6						
2016.10.12	12:46:33.349			0	TRUE	5.353	4.0086	4.0231	3.557	6.486	TRUE	TRUE	4.87	6						
2016.10.12	12:46:33.817			0	TRUE	5.354	3.9995	4.0042	3.502	6.489	FALSE	TRUE	5.03	6						
2016.10.12	12:46:34.255			1	TRUE	5.326	4.0132	4.0199	3.562	6.479	TRUE	TRUE	4.97	6						
2016.10.12	12:46:34.691			0	TRUE	5.346	4.0046	4.0067	3.477	6.504	TRUE	TRUE	4.70	6						
2016.10.12	12:46:35.194			1	TRUE	5.339	4.0062	4.0092	3.481	6.481	TRUE	TRUE	4.78	6						
2016.10.12	12:46:35.641			0	TRUE	5.352	4.0028	4.0216	3.551	6.418	TRUE	TRUE	5.02	6						
2016.10.12	12:46:36.159			0	TRUE	5.352	4.0112	4.0193	3.556	6.455	TRUE	TRUE	5.32	4						
2016.10.12	12:46:37.027			1	TRUE	5.350	4.0069	4.0103	3.506	6.496	TRUE	TRUE	4.91	6						
2016.10.12	12:46:37.459			1	TRUE	5.347	4.0136	4.0145	3.518	6.423	TRUE	TRUE	4.78	6						
2016.10.12	12:46:37.924			1	TRUE	5.352	4.0050	4.0103	3.497	6.515	TRUE	TRUE	4.92	6						
2016.10.12	12:46:38.412			0	TRUE	5.341	4.0132	4.0160	3.510	6.451	FALSE	TRUE	4.87	6						
2016.10.12	12:46:38.879			0	TRUE	5.353	4.0035	4.0163	3.500	6.501	TRUE	TRUE	5.18	6						
2016.10.12	12:46:39.328			0	TRUE	5.351	4.0079	4.0234	3.520	6.447	TRUE	TRUE	4.82	6						
2016.10.12	12:46:39.799			0	TRUE	5.365	4.0097	4.0125	3.517	6.442	FALSE	TRUE	4.95	6						
2016.10.12	12:46:40.227			0	TRUE	5.351	4.0045	4.0194	3.543	6.417	TRUE	TRUE	4.78	6						
2016.10.12	12:46:40.725			1	TRUE	5.356	4.0134	4.0155	3.546	6.424	TRUE	TRUE	4.79	6						
2016.10.12	12:46:41.177			1	TRUE	5.356	4.0059	4.0180	3.547	6.429	TRUE	TRUE	5.07	6						
2016.10.12	12:46:41.656			1	TRUE	5.349	4.0093	4.0093	3.516	6.503	TRUE	TRUE	4.85	6						
2016.10.12	12:46:42.077			1	TRUE	5.351	4.0092	4.0105	3.516	6.507	TRUE	TRUE	4.99	6						
2016.10.12	12:46:42.586			1	TRUE	5.349	4.0102	4.0108	3.512	6.466	TRUE	TRUE	4.83	6						
2016.10.12	12:46:43.017			1	TRUE	5.356	4.0088	4.0095	3.525	6.487	TRUE	TRUE	5.22	6						
2016.10.12	12:46:43.478			1	TRUE	5.361	4.0118	4.0149	3.512	6.470	TRUE	TRUE	5.01	6						
2016.10.12	12:46:43.952			0	TRUE	5.353	4.0027	4.0109	3.583	6.460	TRUE	TRUE	4.88	6						
2016.10.12	12:46:44.863			1	TRUE	5.344	4.0070	4.0104	3.526	6.475	TRUE	TRUE	5.16	6						
2016.10.12	12:46:45.329			1	TRUE	5.346	4.0114	4.0130	3.491	6.500	TRUE	TRUE	4.91	6						
2016.10.12	12:46:45.793			1	TRUE	5.333	4.0057	4.0070	3.481	6.477	TRUE	TRUE	4.68	6						
2016.10.12	12:46:46.235			1	TRUE	5.343	4.0099	4.0146	3.509	6.452	TRUE	TRUE	4.69	6						
2016.10.12	12:46:46.671			1	TRUE	5.355	4.0059	4.0110	3.528	6.436	TRUE	TRUE	5.02	6						
2016.10.12	12:46:47.172			1	TRUE	5.354	4.0083	4.0146	3.516	6.454	TRUE	TRUE	4.71	6						
2016.10.12	12:46:47.622			0	TRUE	5.344	4.0102	4.0194	3.520	6.477	FALSE	TRUE	5.16	6						
2016.10.12	12:46:48.074			0	TRUE	5.342	4.0034	4.0111	3.526	6.438	TRUE	TRUE	5.00	6						
2016.10.12	12:46:48.528			0	TRUE	5.336	4.0062	4.0042	3.480	6.477	TRUE	TRUE	5.01	6						
2016.10.12	12:46:49.020			0	TRUE	5.347	4.0128	4.0166	3.533	6.472	FALSE	TRUE	4.75	6						
2016.10.12	12:46:49.461			0	TRUE	5.342	4.0079	4.0079	3.556	6.432	FALSE	TRUE	4.75	6						
2016.10.12	12:46:49.945			1	TRUE	5.338	4.0072	4.0087	3.515	6.461	TRUE	TRUE	4.90	6						
2016.10.12	12:46:50.406			1	TRUE	5.346	4.0061	4.0119	3.531	6.484	TRUE	TRUE	5.27	6						
2016.10.12	12:46:50.844			0	TRUE	5.350	4.0022	4.0127	3.544	6.422	TRUE	TRUE	4.86	6						
2016.10.12	12:46:51.287			1	TRUE	5.356	4.0058	4.0160	3.531	6.441	TRUE	TRUE	4.84	6						
2016.10.12	12:46:51.795			1	TRUE	5.351	4.0117	4.0160	3.544	6.462	TRUE	TRUE	4.95	6						
2016.10.12	12:46:52.239			1	TRUE	5.350	4.0088	4.0099	3.481	6.459	TRUE	TRUE	5.03	6						
2016.10.12	12:46:52.713			1	TRUE	5.353	4.0096	4.0150	3.559	6.489	TRUE	TRUE	4.80	6						
2016.10.12	12:46:53.167			1	TRUE	5.355	4.0081	4.0130	3.470	6.508	TRUE	TRUE	4.89	6						
2016.10.12	12:46:53.608			1	TRUE	5.359	4.0090	4.0125	3.520	6.442	TRUE	TRUE	4.70	6						
2016.10.12	12:46:54.060			1	TRUE	5.355	4.0085	4.0147	3.541	6.481	TRUE	TRUE	4.90	6						
2016.10.12	12:46:54.549			0	TRUE	5.343	4.0093	4.0179	3.556	6.484	FALSE	TRUE	4.96	6						
2016.10.12	12:46:54.992			1	TRUE	5.343	4.0100	4.0147	3.517	6.454	TRUE	TRUE	4.81	6						
2016.10.12	12:46:55.460			0	TRUE	5.352	4.0010	4.0096	3.488	6.489	TRUE	TRUE	4.77	6						
2016.10.12	12:46:55.922			1	TRUE	5.344	4.0086	4.0108	3.497	6.450	TRUE	TRUE	4.89	6						
2016.10.12	12:46:56.390			1	TRUE	5.350	4.0100	4.0122	3.515	6.459	TRUE	TRUE	4.75	6						
2016.10.12	12:46:56.852			1	TRUE	5.350	4.0069	4.0195	3.524	6.452	TRUE	TRUE	4.81	6						
2016.10.12	12:46:57.305			1	TRUE	5.355	4.0124	4.0151	3.516	6.456	TRUE	TRUE	4.73	6						
2016.10.12	12:46:57.770			1	TRUE	5.354	4.0113	4.0160	3.557	6.517	TRUE	TRUE	4.91	6						
2016.10.12	12:46:58.224			1	TRUE	5.350	4.0060	4.0113	3.541	6.434	TRUE	TRUE	5.01	6						
2016.10.12	12:46:58.655			1	TRUE	5.355	4.0076	4.0147	3.541	6.486	TRUE	TRUE	4.84	6						
2016.10.12	12:46:59.167			1	TRUE	5.332	4.0054	4.0086	3.550	6.452	TRUE	TRUE	4.88	6						
2016.10.12	12:46:59.617			1	TRUE	5.350	4.0062	4.0111	3.556	6.498	TRUE	TRUE	4.87	6						
2016.10.12	12:47:00.104			0	TRUE	5.355	4.0045	4.0210	3.535	6.467	TRUE	TRUE	4.78	6						
2016.10.12	12:47:00.987			1	TRUE	5.348	4.0092	4.0121	3.521	6.435	TRUE	TRUE	4.96	6						
2016.10.12	12:47:01.471			1	TRUE	5.353	4.0105	4.0112	3.497	6.457	TRUE	TRUE	4.89	6						
2016.10.12	12:47:01.921			1	TRUE	5.351	4.0065	4.0151	3.558	6.431	TRUE	TRUE	4.85	6						
2016.10.12	12:47:02.395			1	TRUE	5.356	4.0075	4.0108	3.515	6.491	TRUE	TRUE	4.85	6						
2016.10.12	12:47:02.865			1	TRUE	5.363	4.0089	4.0122	3.503	6.467	TRUE	TRUE	4.94	6						
2016.10.12	12:47:03.277			1	TRUE	5.340	4.0076	4.0117	3.483	6.509	TRUE	TRUE	5.13	6						
2016.10.12	12:47:03.787			1	TRUE	5.338	4.0118	4.0132	3.520	6.472	TRUE	TRUE	5.03	6						
2016.10.12	12:47:04.227			1	TRUE	5.345	4.0067	4.0146	3.542	6.448	TRUE	TRUE	4.97	6						
2016.10.12	12:47:04.679			1	TRUE	5.350	4.0091	4.0121	3.529	6.503	TRUE	TRUE	4.79	6						
2016.10.12	12:47:05.125			1	TRUE	5.352	4.0077	4.0110	3.500	6.465	TRUE	TRUE	5.12	6						
2016.10.12	12:47:05.607			0	TRUE	5.347	4.0033	4.0088	3.505	6.473	TRUE	TRUE	4.87	6						
2016.10.12	12:47:06.082			1	TRUE	5.354	4.0094	4.0190	3.590	6.445	TRUE	TRUE	4.78	6						
2016.10.12	12:47:06.529			1	TRUE	5.356	4.0099	4.0123	3.551	6.491	TRUE	TRUE	4.76	6						
2016.10.12	12:47:06.995			1	TRUE	5.353	4.0110	4.0153	3.526	6.443	TRUE	TRUE	4.83	6						
2016.10.12	12:47:07.457			1	TRUE	5.354	4.0128	4.0151	3.522	6.467	TRUE	TRUE	4.74	6						
2016.10.12	12:47:07.902			0	TRUE	5.338	4.0128	4.0202	3.520	6.465	TRUE	TRUE	5.17	5						
2016.10.12	12:47:08.375			1	TRUE	5.351	4.0081	4.0105	3.540	6.484	TRUE	TRUE	4.71	6						
2016.10.12	12:47:08.838			0	TRUE	5.343	4.0035	4.0173	3.535	6.526	TRUE	TRUE	5.36	4						
2016.10.12	12:47:09.271			1	TRUE	5.351	4.0072	4.0111	3.534	6.457	TRUE	TRUE	4.91	6						
2016.10.12	12:47:09.782			0	TRUE	5.348	4.0033	4.0066	3.486	6.484	TRUE	TRUE	5.35	6						
2016.10.12	12:47:10.223			0	TRUE	5.351	4.0043	4.0155	3.507	6.497	TRUE	TRUE	4.79	6						
2016.10.12	12:47:10.692			1	TRUE	5.348	4.0128	4.0138	3.521	6.454	TRUE	TRUE	4.86	6						
2016.10.12	12:47:11.147			1	TRUE	5.347	4.0062	4.0186	3.535	6.450	TRUE	TRUE	5.02	6						
2016.10.12	12:47:11.621			0	TRUE	5.355	4.0063	4.0064	3.512	6.487	TRUE	TRUE	5.31	5						
2016.10.12	12:47:12.060			0	TRUE	5.351	4.0040	4.0082	3.493	6.488	TRUE	TRUE	4.67	6						
2016.10.12	12:47:12.531			1	TRUE	5.348	4.0057	4.0098	3.520	6.505	TRUE	TRUE	4.68	6						
2016.10.12	12:47:12.989			1	TRUE	5.355	4.0097	4.0148	3.535	6.426	TRUE	TRUE	5.06	6						
2016.10.12	12:47:13.450			1	TRUE	5.345	4.0096	4.0104	3.525	6.478	TRUE	TRUE	5.16	6						
2016.10.12	12:47:13.889			0	TRUE	5.342	4.0046	4.0102	3.525	6.486	TRUE	TRUE	5.00	6						
2016.10.12	12:47:14.366			1	TRUE	5.342	4.0069	4.0077	3.526	6.477	TRUE	TRUE	4.98	6						
2016.10.12	12:47:14.825			0	TRUE	5.353	4.0093	4.0171	3.558	6.469	TRUE	TRUE	4.36	5						
2016.10.12	12:47:15.295			1	TRUE	5.331	4.0086	4.0164	3.482	6.461	TRUE	TRUE	4.95	6						
2016.10.12	12:47:15.763			1	TRUE	5.344	4.0073	4.0124	3.513	6.480	TRUE	TRUE	4.97	6						
2016.10.12	12:47:16.211			1	TRUE	5.354	4.0139	4.0153	3.532	6.458	TRUE	TRUE	5.34	6						
2016.10.12	12:47:16.680			1	TRUE	5.356	4.0085	4.0101	3.527	6.473	TRUE	TRUE	4.81	6						
2016.10.12	12:47:17.127			1	TRUE	5.355	4.0061	4.0164	3.528	6.435	TRUE	TRUE	4.81	6						
2016.10.12	12:47:17.591			1	TRUE	5.348	4.0079	4.0148	3.539	6.469	TRUE	TRUE	4.88	6						
2016.10.12	12:47:18.053			0	TRUE	5.348	4.0044	4.0094	3.510	6.469	FALSE	TRUE	4.96	6						
2016.10.12	12:47:18.528			1	TRUE	5.351	4.0077	4.0199	3.524	6.467	TRUE	TRUE	4.81	6						
2016.10.12	12:55:22.414			1	TRUE	5.350	4.0068	4.0137	3.509	6.498	TRUE	TRUE	4.99	6						
2016.10.12	12:55:22.854			0	TRUE	5.331	4.0060	4.0142	3.580	6.458	TRUE	TRUE	5.56	3						
2016.10.12	12:55:23.325			1	TRUE	5.350	4.0057	4.0192	3.551	6.424	TRUE	TRUE	4.95	6						
2016.10.12	12:55:23.798			1	TRUE	5.344	4.0084	4.0090	3.546	6.418	TRUE	TRUE	4.94	6						
2016.10.12	12:55:24.247			1	TRUE	5.347	4.0080	4.0134	3.557	6.495	TRUE	TRUE	4.77	6						
2016.10.12	12:55:24.681			0	TRUE	5.347	4.0038	4.0067	3.475	6.527	TRUE	TRUE	4.70	6						
2016.10.12	12:55:25.166			0	TRUE	5.352	4.0024	4.0174	3.518	6.433	TRUE	TRUE	4.79	6						
2016.10.12	12:55:25.629			1	TRUE	5.347	4.0092	4.0185	3.563	6.454	TRUE	TRUE	4.91	6						
2016.10.12	12:55:26.550			0	TRUE	5.355	4.0140	4.0231	3.561	6.456	TRUE	TRUE	4.83	6						
2016.10.12	12:55:26.999			0	TRUE	5.341	4.0035	4.0085	3.473	6.479	TRUE	TRUE	4.97	6						
2016.10.12	12:55:27.456			0	TRUE	5.347	4.0047	4.0155	3.558	6.477	TRUE	TRUE	4.87	6						
2016.10.12	12:55:27.930			1	TRUE	5.354	4.0116	4.0181	3.520	6.456	TRUE	TRUE	4.83	6						
2016.10.12	12:55:28.390			1	TRUE	5.353	4.0089	4.0104	3.498	6.511	TRUE	TRUE	5.06	6						
2016.10.12	12:55:28.851			1	TRUE	5.355	4.0106	4.0155	3.494	6.469	TRUE	TRUE	4.93	6						
2016.10.12	12:55:29.305			1	TRUE	5.352	4.0112	4.0149	3.550	6.474	TRUE	TRUE	5.09	6						
2016.10.12	12:55:29.786			0	TRUE	5.345	4.0068	4.0223	3.540	6.489	TRUE	TRUE	4.82	6						
2016.10.12	12:55:30.230			1	TRUE	5.356	4.0054	4.0134	3.521	6.477	TRUE	TRUE	5.14	6						
2016.10.12	12:55:30.649			1	TRUE	5.345	4.0082	4.0125	3.467	6.509	TRUE	TRUE	4.93	6						
2016.10.12	12:55:31.159			1	TRUE	5.358	4.0095	4.0058	3.484	6.522	TRUE	TRUE	4.83	6						
2016.10.12	12:55:31.616			1	TRUE	5.356	4.0101	4.0142	3.513	6.431	TRUE	TRUE	4.71	6						
2016.10.12	12:55:32.080			1	TRUE	5.346	4.0073	4.0129	3.513	6.485	TRUE	TRUE	4.93	6						
2016.10.12	12:55:32.537			1	TRUE	5.357	4.0095	4.0190	3.523	6.436	TRUE	TRUE	4.94	6						
2016.10.12	12:55:33.001			1	TRUE	5.335	4.0081	4.0132	3.505	6.453	TRUE	TRUE	4.95	6						
2016.10.12	12:55:33.473			1	TRUE	5.353	4.0124	4.0128	3.511	6.441	TRUE	TRUE	4.83	6						
2016.10.12	12:55:33.930			0	TRUE	5.335	4.0035	4.0078	3.459	6.499	TRUE	TRUE	4.90	6						
2016.10.12	12:55:34.389			1	TRUE	5.344	4.0078	4.0173	3.546	6.456	TRUE	TRUE	4.96	6						
2016.10.12	12:55:34.829			0	TRUE	5.350	4.0058	4.0116	3.525	6.458	FALSE	TRUE	4.85	6						
2016.10.12	12:55:35.263			1	TRUE	5.355	4.0055	4.0133	3.558	6.456	TRUE	TRUE	4.61	6						
2016.10.12	12:55:35.749			1	TRUE	5.354	4.0103	4.0138	3.498	6.503	TRUE	TRUE	4.71	6						
2016.10.12	12:55:36.224			1	TRUE	5.347	4.0065	4.0146	3.547	6.484	TRUE	TRUE	4.80	6						
2016.10.12	12:55:36.655			1	TRUE	5.345	4.0130	4.0137	3.527	6.445	TRUE	TRUE	4.82	6						
2016.10.12	12:55:37.146			1	TRUE	5.353	4.0095	4.0141	3.505	6.489	TRUE	TRUE	4.92	6						
2016.10.12	12:55:37.611			1	TRUE	5.338	4.0104	4.0142	3.498	6.452	TRUE	TRUE	4.51	6						
2016.10.12	12:55:38.062			1	TRUE	5.346	4.0069	4.0122	3.491	6.449	TRUE	TRUE	4.69	6						
2016.10.12	12:55:38.512			1	TRUE	5.352	4.0111	4.0160	3.557	6.435	TRUE	TRUE	4.98	6						
2016.10.12	12:55:38.992			0	TRUE	5.344	4.0030	4.0078	3.509	6.477	TRUE	TRUE	4.95	6						
2016.10.12	12:55:39.449			0	TRUE	5.352	4.0130	4.0231	3.549	6.472	TRUE	TRUE	4.72	6						
2016.10.12	12:55:39.910			0	TRUE	5.344	4.0226	4.0197	3.545	6.433	TRUE	TRUE	4.87	6						
2016.10.12	12:55:40.390			1	TRUE	5.356	4.0103	4.0147	3.537	6.461	TRUE	TRUE	4.67	6						
2016.10.12	12:55:40.831			0	TRUE	5.356	4.0101	4.0132	3.522	6.423	TRUE	TRUE	5.71	4						
2016.10.12	12:55:41.293			1	TRUE	5.345	4.0052	4.0125	3.535	6.504	TRUE	TRUE	4.94	6						
2016.10.12	12:55:41.759			0	TRUE	5.339	4.0079	4.0107	3.462	6.480	FALSE	TRUE	4.99	6						
2016.10.12	12:55:42.208			1	TRUE	5.355	4.0129	4.0130	3.536	6.462	TRUE	TRUE	5.02	6						
2016.10.12	12:55:42.649			1	TRUE	5.350	4.0077	4.0118	3.532	6.458	TRUE	TRUE	4.62	6						
2016.10.12	12:55:43.146			1	TRUE	5.355	4.0081	4.0099	3.500	6.451	TRUE	TRUE	5.22	6						
2016.10.12	12:55:43.610			1	TRUE	5.352	4.0063	4.0119	3.527	6.473	TRUE	TRUE	4.64	6						
2016.10.12	12:55:44.042			1	TRUE	5.361	4.0080	4.0133	3.547	6.485	TRUE	TRUE	4.97	6						
2016.10.12	12:55:44.493			1	TRUE	5.347	4.0070	4.0098	3.542	6.505	TRUE	TRUE	4.80	6						
2016.10.12	12:55:44.986			1	TRUE	5.339	4.0051	4.0099	3.491	6.502	TRUE	TRUE	5.11	6						
2016.10.12	12:55:45.439			1	TRUE	5.350	4.0065	4.0192	3.534	6.442	TRUE	TRUE	4.99	6						
2016.10.12	12:55:45.906			1	TRUE	5.370	4.0091	4.0151	3.510	6.461	TRUE	TRUE	5.16	6						
2016.10.12	12:55:46.356			1	TRUE	5.353	4.0113	4.0158	3.561	6.438	TRUE	TRUE	5.00	6						
2016.10.12	12:55:46.827			0	TRUE	5.350	4.0062	4.0214	3.561	6.470	TRUE	TRUE	4.83	6						
2016.10.12	12:55:47.286			1	TRUE	5.339	4.0080	4.0076	3.490	6.478	TRUE	TRUE	4.91	6						
2016.10.12	12:55:47.750			1	TRUE	5.352	4.0096	4.0111	3.548	6.454	TRUE	TRUE	4.78	6						
2016.10.12	12:55:48.202			0	TRUE	5.357	4.0026	4.0148	3.487	6.505	TRUE	TRUE	4.87	6						
2016.10.12	12:55:48.671			0	TRUE	5.347	4.0013	4.0153	3.558	6.471	TRUE	TRUE	5.06	6						
2016.10.12	12:55:49.123			1	TRUE	5.351	4.0058	4.0057	3.522	6.505	TRUE	TRUE	5.27	6						
2016.10.12	12:55:49.604			1	TRUE	5.356	4.0100	4.0087	3.563	6.479	TRUE	TRUE	4.92	6						
2016.10.12	12:55:50.064			1	TRUE	5.340	4.0064	4.0114	3.517	6.486	TRUE	TRUE	4.96	6						
2016.10.12	12:55:50.506			1	TRUE	5.357	4.0112	4.0117	3.521	6.485	TRUE	TRUE	4.77	6						
2016.10.12	12:55:50.986			0	TRUE	5.347	4.0040	4.0089	3.522	6.472	TRUE	TRUE	4.71	6						
2016.10.12	12:55:51.443			0	TRUE	5.349	4.0054	4.0077	3.516	6.491	FALSE	TRUE	4.80	6						
2016.10.12	12:55:51.914			1	TRUE	5.353	4.0124	4.0124	3.548	6.496	TRUE	TRUE	5.27	6						
2016.10.12	12:55:52.368			0	TRUE	5.345	4.0120	4.0256	3.521	6.463	TRUE	TRUE	4.97	6						
2016.10.12	12:55:52.819			1	TRUE	5.355	4.0077	4.0112	3.529	6.446	TRUE	TRUE	4.64	6						
2016.10.12	12:55:53.274			1	TRUE	5.340	4.0130	4.0146	3.570	6.448	TRUE	TRUE	4.87	6						
2016.10.12	12:55:53.746			0	TRUE	5.350	4.0161	4.0220	3.548	6.439	TRUE	TRUE	4.86	6						
2016.10.12	12:55:54.230			0	TRUE	5.339	4.0027	4.0082	3.499	6.508	TRUE	TRUE	5.31	6						
2016.10.12	12:55:54.673			0	TRUE	5.354	4.0047	4.0091	3.531	6.475	TRUE	TRUE	4.79	6						
2016.10.12	12:55:55.118			1	TRUE	5.358	4.0095	4.0104	3.501	6.484	TRUE	TRUE	4.95	6						
2016.10.12	12:55:55.610			1	TRUE	5.343	4.0060	4.0086	3.486	6.478	TRUE	TRUE	4.82	6						
2016.10.12	12:55:56.062			1	TRUE	5.342	4.0093	4.0153	3.506	6.448	TRUE	TRUE	4.86	6						
2016.10.12	12:55:56.473			1	TRUE	5.355	4.0104	4.0150	3.507	6.493	TRUE	TRUE	4.99	6						
2016.10.12	12:55:56.973			1	TRUE	5.343	4.0050	4.0112	3.520	6.516	TRUE	TRUE	5.02	6						
2016.10.12	12:55:57.446			1	TRUE	5.352	4.0093	4.0183	3.518	6.475	TRUE	TRUE	4.86	6						
2016.10.12	12:55:57.863			1	TRUE	5.351	4.0062	4.0080	3.522	6.448	TRUE	TRUE	4.63	6						
2016.10.12	12:55:58.352			1	TRUE	5.347	4.0109	4.0159	3.508	6.462	TRUE	TRUE	5.02	6						
2016.10.12	12:55:58.812			1	TRUE	5.348	4.0068	4.0196	3.518	6.490	TRUE	TRUE	4.79	6						
2016.10.12	12:55:59.281			0	TRUE	5.351	4.0021	4.0068	3.536	6.470	TRUE	TRUE	5.05	6						
2016.10.12	12:55:59.741			1	TRUE	5.352	4.0120	4.0141	3.483	6.476	TRUE	TRUE	5.14	6						
2016.10.12	12:56:00.210			0	TRUE	5.336	4.0038	4.0084	3.486	6.471	FALSE	TRUE	5.22	6						
2016.10.12	12:56:00.675			1	TRUE	5.351	4.0087	4.0154	3.540	6.453	TRUE	TRUE	5.02	6						
2016.10.12	12:56:01.125			1	TRUE	5.344	4.0079	4.0109	3.510	6.509	TRUE	TRUE	4.84	6						
2016.10.12	12:56:01.584			1	TRUE	5.353	4.0137	4.0150	3.558	6.466	TRUE	TRUE	4.86	6						
2016.10.12	12:56:02.051			1	TRUE	5.360	4.0098	4.0113	3.492	6.499	TRUE	TRUE	4.97	6						
2016.10.12	12:56:02.500			1	TRUE	5.333	4.0057	4.0109	3.490	6.448	TRUE	TRUE	4.92	6						
2016.10.12	12:56:02.977			1	TRUE	5.332	4.0085	4.0179	3.554	6.470	TRUE	TRUE	4.91	6						
2016.10.12	12:56:03.434			1	TRUE	5.353	4.0069	4.0090	3.521	6.441	TRUE	TRUE	4.83	6						
2016.10.12	12:56:03.875			0	TRUE	5.349	4.0029	4.0180	3.560	6.470	TRUE	TRUE	4.73	6						
2016.10.12	12:56:04.361			0	TRUE	5.341	4.0071	4.0106	3.543	6.477	FALSE	TRUE	5.36	5						
2016.10.12	12:56:04.811			1	TRUE	5.354	4.0109	4.0164	3.552	6.461	TRUE	TRUE	5.09	6						
2016.10.12	12:56:05.274			1	TRUE	5.356	4.0120	4.0138	3.501	6.469	TRUE	TRUE	4.90	6						
2016.10.12	12:56:05.732			1	TRUE	5.358	4.0091	4.0156	3.544	6.459	TRUE	TRUE	4.83	6						
2016.10.12	12:56:06.204			0	TRUE	5.347	4.0048	4.0188	3.557	6.464	TRUE	TRUE	4.96	6						
2016.10.12	12:56:06.652			0	TRUE	5.351	4.0123	4.0196	3.534	6.463	TRUE	TRUE	5.44	4						
2016.10.12	12:56:07.128			1	TRUE	5.343	4.0075	4.0140	3.543	6.472	TRUE	TRUE	4.91	6						
2016.10.12	12:56:07.569			1	TRUE	5.347	4.0103	4.0163	3.524	6.456	TRUE	TRUE	4.85	6						
2016.10.12	12:56:08.039			0	TRUE	5.340	4.0071	4.0109	3.530	6.461	FALSE	TRUE	4.88	6						
2016.10.12	12:56:08.460			1	TRUE	5.358	4.0103	4.0134	3.488	6.481	TRUE	TRUE	4.77	6						
2016.10.12	12:56:08.954			0	TRUE	5.345	4.0026	4.0182	3.554	6.461	TRUE	TRUE	4.87	6						
2016.10.12	12:56:09.430			1	TRUE	5.354	4.0056	4.0100	3.521	6.482	TRUE	TRUE	4.85	6						
2016.10.12	12:56:09.879			1	TRUE	5.355	4.0111	4.0166	3.526	6.450	TRUE	TRUE	4.99	6						
2016.10.12	12:56:10.348			1	TRUE	5.351	4.0096	4.0171	3.480	6.478	TRUE	TRUE	5.10	6						
2016.10.12	12:56:10.805			1	TRUE	5.331	4.0105	4.0157	3.546	6.455	TRUE	TRUE	4.92	6						
2016.10.12	12:56:11.270			1	TRUE	5.340	4.0050	4.0111	3.551	6.462	TRUE	TRUE	4.80	6						
2016.10.12	12:56:11.721			0	TRUE	5.356	4.0042	4.0189	3.544	6.462	TRUE	TRUE	4.94	6						
2016.10.12	12:56:12.197			1	TRUE	5.349	4.0077	4.0158	3.571	6.475	TRUE	TRUE	5.03	6						
2016.10.12	12:56:12.639			1	TRUE	5.346	4.0114	4.0150	3.559	6.457	TRUE	TRUE	4.92	6						
2016.10.12	12:56:13.109			1	TRUE	5.350	4.0076	4.0194	3.531	6.472	TRUE	TRUE	4.73	6						
2016.10.12	12:56:13.554			1	TRUE	5.353	4.0081	4.0158	3.543	6.472	TRUE	TRUE	4.76	6						
2016.10.12	12:56:14.029			1	TRUE	5.330	4.0071	4.0158	3.534	6.456	TRUE	TRUE	4.86	6						
2016.10.12	12:56:14.476			0	TRUE	5.363	4.0066	4.0123	3.516	6.469	FALSE	TRUE	4.82	6						
2016.10.12	12:56:14.941			1	TRUE	5.342	4.0078	4.0092	3.494	6.466	TRUE	TRUE	4.78	6						
2016.10.12	12:56:15.427			0	TRUE	5.352	4.0049	4.0130	3.540	6.479	TRUE	TRUE	4.70	6						
2016.10.12	12:56:15.861			0	TRUE	5.355	3.9985	4.0036	3.541	6.489	TRUE	TRUE	4.95	6						
2016.10.12	12:56:16.321			1	TRUE	5.351	4.0147	4.0164	3.522	6.516	TRUE	TRUE	5.00	6						
2016.10.12	12:56:16.805			1	TRUE	5.343	4.0103	4.0127	3.515	6.487	TRUE	TRUE	4.88	6						
2016.10.12	12:56:17.258			0	TRUE	5.367	4.0019	4.0078	3.544	6.441	TRUE	TRUE	5.03	6						
2016.10.12	12:56:17.688			1	TRUE	5.353	4.0098	4.0106	3.507	6.457	TRUE	TRUE	4.92	6						
2016.10.12	12:56:18.178			1	TRUE	5.357	4.0078	4.0149	3.549	6.470	TRUE	TRUE	4.77	6						
2016.10.12	12:56:18.632			1	TRUE	5.357	4.0063	4.0170	3.506	6.509	TRUE	TRUE	5.12	6						
2016.10.12	12:56:19.078			0	TRUE	5.355	4.0037	4.0166	3.503	6.464	TRUE	TRUE	4.92	6						
2016.10.12	12:56:19.556			0	TRUE	5.347	4.0073	4.0209	3.482	6.492	TRUE	TRUE	5.11	6						
2016.10.12	12:56:20.024			1	TRUE	5.352	4.0091	4.0082	3.496	6.501	TRUE	TRUE	5.29	6						
2016.10.12	12:56:20.462			1	TRUE	5.348	4.0070	4.0086	3.538	6.501	TRUE	TRUE	4.73	6						
2016.10.12	12:56:20.957			1	TRUE	5.358	4.0103	4.0126	3.509	6.479	TRUE	TRUE	4.58	6						
2016.10.12	12:56:21.406			1	TRUE	5.354	4.0053	4.0073	3.514	6.475	TRUE	TRUE	4.93	6						
2016.10.12	12:56:21.859			1	TRUE	5.348	4.0050	4.0092	3.507	6.496	TRUE	TRUE	4.82	6						
2016.10.12	12:56:22.324			0	TRUE	5.341	4.0074	4.0105	3.517	6.485	TRUE	TRUE	4.73	5						
2016.10.12	12:56:22.803			1	TRUE	5.346	4.0094	4.0173	3.539	6.487	TRUE	TRUE	5.00	6						
2016.10.12	12:56:23.246			1	TRUE	5.356	4.0109	4.0123	3.509	6.471	TRUE	TRUE	4.96	6						
2016.10.12	12:56:23.718			0	TRUE	5.353	4.0049	4.0113	3.506	6.452	FALSE	TRUE	4.77	6						
2016.10.12	12:56:24.191			1	TRUE	5.364	4.0060	4.0172	3.478	6.488	TRUE	TRUE	4.72	6						
2016.10.12	12:56:24.631			1	TRUE	5.343	4.0065	4.0093	3.512	6.440	TRUE	TRUE	4.92	6						
2016.10.12	12:56:25.053			1	TRUE	5.349	4.0079	4.0151	3.526	6.446	TRUE	TRUE	4.85	6						
2016.10.12	12:56:25.571			1	TRUE	5.354	4.0080	4.0108	3.545	6.456	TRUE	TRUE	4.81	6						
2016.10.12	12:56:26.004			1	TRUE	5.353	4.0128	4.0159	3.524	6.492	TRUE	TRUE	4.93	6						
2016.10.12	12:56:26.455			1	TRUE	5.354	4.0077	4.0197	3.526	6.492	TRUE	TRUE	4.82	6						
2016.10.12	12:56:26.924			1	TRUE	5.351	4.0109	4.0182	3.525	6.448	TRUE	TRUE	4.94	6						
2016.10.12	12:56:27.403			1	TRUE	5.351	4.0069	4.0131	3.549	6.432	TRUE	TRUE	4.81	6						
2016.10.12	12:56:27.846			0	TRUE	5.354	4.0049	4.0145	3.540	6.475	TRUE	TRUE	4.81	6						
2016.10.12	12:56:28.293			1	TRUE	5.358	4.0057	4.0095	3.491	6.463	TRUE	TRUE	4.88	6						
2016.10.12	12:56:28.788			1	TRUE	5.349	4.0067	4.0086	3.529	6.464	TRUE	TRUE	4.88	6						
2016.10.12	12:56:29.234			1	TRUE	5.350	4.0097	4.0142	3.505	6.460	TRUE	TRUE	4.82	6						
2016.10.12	12:56:29.686			1	TRUE	5.348	4.0126	4.0160	3.563	6.454	TRUE	TRUE	5.43	6						
2016.10.12	12:56:30.152			0	TRUE	5.348	3.9981	4.0056	3.560	6.465	TRUE	TRUE	5.03	6						
2016.10.12	12:56:30.619			1	TRUE	5.354	4.0056	4.0168	3.524	6.483	TRUE	TRUE	5.00	6						
2016.10.12	12:56:31.094			1	TRUE	5.329	4.0083	4.0103	3.489	6.456	TRUE	TRUE	5.20	6						
2016.10.12	12:56:31.555			0	TRUE	5.348	4.0026	4.0088	3.560	6.422	TRUE	TRUE	5.00	6						
2016.10.12	12:56:32.003			1	TRUE	5.352	4.0114	4.0152	3.547	6.472	TRUE	TRUE	4.80	6						
2016.10.12	12:56:32.454			0	TRUE	5.352	4.0036	4.0133	3.531	6.448	TRUE	TRUE	4.76	6						
2016.10.12	12:56:32.926			1	TRUE	5.353	4.0062	4.0156	3.546	6.430	TRUE	TRUE	5.20	6						
2016.10.12	12:56:33.397			0	TRUE	5.344	4.0134	4.0126	3.526	6.458	TRUE	TRUE	5.25	5						
2016.10.12	12:56:33.860			1	TRUE	5.353	4.0060	4.0179	3.525	6.469	TRUE	TRUE	4.94	6						
2016.10.12	12:56:34.286			0	TRUE	5.343	4.0136	4.0217	3.521	6.458	TRUE	TRUE	4.81	6						
2016.10.12	12:56:34.779			0	TRUE	5.355	4.0068	4.0206	3.540	6.422	TRUE	TRUE	4.96	6						
2016.10.12	12:56:35.224			1	TRUE	5.356	4.0085	4.0132	3.503	6.470	TRUE	TRUE	4.74	6						
2016.10.12	12:56:35.694			1	TRUE	5.352	4.0064	4.0168	3.549	6.435	TRUE	TRUE	4.79	6						
2016.10.12	12:56:36.162			0	TRUE	5.357	4.0140	4.0260	3.505	6.475	TRUE	TRUE	5.27	6						
2016.10.12	12:56:36.610			1	TRUE	5.355	4.0080	4.0122	3.545	6.435	TRUE	TRUE	4.70	6						
2016.10.12	12:56:37.078			1	TRUE	5.353	4.0113	4.0107	3.509	6.477	TRUE	TRUE	4.97	6						
2016.10.12	12:56:37.527			1	TRUE	5.354	4.0074	4.0171	3.509	6.488	TRUE	TRUE	4.90	6						
2016.10.12	12:56:37.987			1	TRUE	5.358	4.0063	4.0075	3.493	6.490	TRUE	TRUE	4.75	6						
2016.10.12	12:56:38.458			1	TRUE	5.353	4.0094	4.0124	3.518	6.436	TRUE	TRUE	4.63	6						
2016.10.12	12:56:38.930			0	TRUE	5.340	4.0073	4.0191	3.533	6.422	TRUE	TRUE	5.56	5						
2016.10.12	12:56:39.379			0	TRUE	5.350	4.0052	4.0203	3.545	6.431	TRUE	TRUE	4.96	6						
2016.10.12	12:56:39.856			1	TRUE	5.361	4.0130	4.0176	3.535	6.444	TRUE	TRUE	4.84	6						
2016.10.12	12:56:40.267			1	TRUE	5.347	4.0095	4.0143	3.535	6.435	TRUE	TRUE	4.75	6						
2016.10.12	12:56:40.788			1	TRUE	5.356	4.0123	4.0200	3.513	6.472	TRUE	TRUE	4.90	6						
2016.10.12	12:56:41.212			0	TRUE	5.354	4.0084	4.0203	3.535	6.460	TRUE	TRUE	4.81	6						
2016.10.12	12:56:41.660			1	TRUE	5.358	4.0071	4.0111	3.524	6.498	TRUE	TRUE	5.00	6						
2016.10.12	12:56:42.138			1	TRUE	5.344	4.0117	4.0168	3.486	6.486	TRUE	TRUE	5.02	6						
2016.10.12	12:56:42.615			1	TRUE	5.336	4.0073	4.0110	3.528	6.488	TRUE	TRUE	4.89	6						
2016.10.12	12:56:43.069			0	TRUE	5.341	3.9968	4.0125	3.530	6.442	TRUE	TRUE	4.95	6						
2016.10.12	12:56:43.523			1	TRUE	5.358	4.0101	4.0169	3.543	6.436	TRUE	TRUE	4.78	6						
2016.10.12	12:56:43.994			1	TRUE	5.354	4.0121	4.0144	3.529	6.464	TRUE	TRUE	4.96	6						
2016.10.12	12:56:44.447			0	TRUE	5.337	4.0040	4.0081	3.503	6.506	TRUE	TRUE	4.96	6						
2016.10.12	12:56:44.866			1	TRUE	5.349	4.0129	4.0158	3.549	6.448	TRUE	TRUE	4.96	6						
2016.10.12	12:56:45.387			1	TRUE	5.347	4.0060	4.0121	3.541	6.473	TRUE	TRUE	4.76	6						
2016.10.12	12:56:45.833			1	TRUE	5.351	4.0117	4.0161	3.554	6.447	TRUE	TRUE	4.96	6						
2016.10.12	12:56:46.245			1	TRUE	5.357	4.0072	4.0091	3.535	6.494	TRUE	TRUE	5.11	6						
2016.10.12	12:56:46.751			1	TRUE	5.353	4.0052	4.0101	3.536	6.490	TRUE	TRUE	4.67	6						
2016.10.12	12:56:47.219			0	TRUE	5.351	4.0046	4.0352	3.568	6.431	TRUE	TRUE	5.49	4						
2016.10.12	12:56:47.686			1	TRUE	5.347	4.0109	4.0162	3.527	6.442	TRUE	TRUE	5.22	6						
2016.10.12	12:56:48.102			1	TRUE	5.341	4.0065	4.0126	3.563	6.480	TRUE	TRUE	4.89	6						
2016.10.12	12:56:48.595			1	TRUE	5.353	4.0081	4.0105	3.519	6.438	TRUE	TRUE	4.84	6						
2016.10.12	12:56:49.068			0	TRUE	5.355	4.0078	4.0225	3.556	6.420	TRUE	TRUE	4.88	6						
2016.10.12	12:56:49.512			1	TRUE	5.354	4.0134	4.0145	3.527	6.442	TRUE	TRUE	4.67	6						
2016.10.12	12:56:49.990			1	TRUE	5.349	4.0051	4.0175	3.555	6.432	TRUE	TRUE	4.72	6						
2016.10.12	12:56:50.443			1	TRUE	5.345	4.0084	4.0131	3.486	6.481	TRUE	TRUE	4.94	6						
2016.10.12	12:56:50.905			1	TRUE	5.340	4.0098	4.0146	3.524	6.437	TRUE	TRUE	5.00	6						
2016.10.12	12:56:51.381			0	TRUE	5.356	4.0043	4.0074	3.524	6.463	TRUE	TRUE	5.01	6						
2016.10.12	12:56:51.833			1	TRUE	5.342	4.0055	4.0110	3.524	6.507	TRUE	TRUE	5.03	6						
2016.10.12	12:56:52.291			1	TRUE	5.357	4.0107	4.0106	3.494	6.467	TRUE	TRUE	4.89	6						
2016.10.12	12:56:52.729			1	TRUE	5.361	4.0103	4.0157	3.511	6.466	TRUE	TRUE	4.80	6						
2016.10.12	12:56:53.232			1	TRUE	5.347	4.0099	4.0125	3.587	6.425	TRUE	TRUE	4.84	6						
2016.10.12	12:56:53.636			0	TRUE	5.349	4.0088	4.0222	3.538	6.451	TRUE	TRUE	4.89	6						
2016.10.12	12:56:54.104			0	TRUE	5.353	4.0100	4.0225	3.553	6.404	TRUE	TRUE	4.78	6						
2016.10.12	12:56:54.609			1	TRUE	5.345	4.0128	4.0163	3.557	6.471	TRUE	TRUE	5.04	6						
2016.10.12	12:56:55.060			1	TRUE	5.352	4.0121	4.0183	3.511	6.481	TRUE	TRUE	4.83	6						
2016.10.12	12:56:55.508			1	TRUE	5.350	4.0128	4.0139	3.488	6.499	TRUE	TRUE	5.04	6						
2016.10.12	12:56:55.965			1	TRUE	5.346	4.0089	4.0105	3.498	6.453	TRUE	TRUE	4.79	6						
2016.10.12	12:56:56.438			0	TRUE	5.349	4.0010	4.0154	3.530	6.441	TRUE	TRUE	4.91	6						
2016.10.12	12:56:56.903			1	TRUE	5.351	4.0094	4.0102	3.517	6.467	TRUE	TRUE	4.95	6						
2016.10.12	12:56:57.365			0	TRUE	5.331	4.0066	4.0099	3.521	6.434	TRUE	TRUE	5.49	5						
2016.10.12	12:56:57.809			0	TRUE	5.351	4.0180	4.0225	3.518	6.504	TRUE	TRUE	5.16	6						
2016.10.12	12:56:58.279			1	TRUE	5.332	4.0116	4.0153	3.543	6.430	TRUE	TRUE	4.83	6						
2016.10.12	12:56:58.737			1	TRUE	5.353	4.0104	4.0148	3.554	6.446	TRUE	TRUE	4.82	6						
2016.10.12	12:56:59.204			1	TRUE	5.354	4.0117	4.0165	3.519	6.482	TRUE	TRUE	4.78	6						
2016.10.12	12:56:59.658			1	TRUE	5.353	4.0122	4.0167	3.522	6.443	TRUE	TRUE	4.75	6						
2016.10.12	12:57:00.121			1	TRUE	5.362	4.0085	4.0142	3.496	6.444	TRUE	TRUE	4.63	6						
