2016.10.12	01:00:00.297			1	TRUE	5.341	4.0074	4.0176	3.490	6.471	TRUE	TRUE	5.03	6						
2016.10.12	01:00:00.761			1	TRUE	5.359	4.0099	4.0141	3.500	6.479	TRUE	TRUE	4.70	6						
2016.10.12	01:00:01.229			0	TRUE	5.334	4.0049	4.0111	3.604	6.423	TRUE	TRUE	5.65	2						
2016.10.12	01:00:03.236			0	TRUE	5.336	4.0091	4.0157	3.569	6.467	TRUE	TRUE	5.30	5						
2016.10.12	01:00:03.697			1	TRUE	5.353	4.0110	4.0180	3.531	6.448	TRUE	TRUE	4.76	6						
2016.10.12	01:00:04.175			1	TRUE	5.350	4.0109	4.0154	3.511	6.507	TRUE	TRUE	5.04	6						
2016.10.12	01:00:06.318			1	TRUE	5.350	4.0072	4.0087	3.511	6.473	TRUE	TRUE	4.92	6						
2016.10.12	01:00:08.861			0	TRUE	5.337	4.0144	4.0179	3.544	6.466	TRUE	TRUE	5.86	3						
2016.10.12	01:00:11.336			1	TRUE	5.347	4.0098	4.0124	3.532	6.460	TRUE	TRUE	4.84	6						
2016.10.12	01:00:13.835			1	TRUE	5.363	4.0075	4.0121	3.503	6.475	TRUE	TRUE	4.94	6						
2016.10.12	01:00:14.292			1	TRUE	5.346	4.0051	4.0153	3.510	6.425	TRUE	TRUE	4.81	6						
2016.10.12	01:00:21.535			0	TRUE	5.345	4.0047	4.0113	3.514	6.476	FALSE	TRUE	4.80	6						
2016.10.12	01:00:24.084			0	TRUE	5.337	4.0035	4.0136	3.530	6.405	TRUE	TRUE	5.25	5						
2016.10.12	01:00:24.535			0	TRUE	5.338	4.0070	4.0121	3.538	6.425	TRUE	TRUE	5.58	4						
2016.10.12	01:00:26.331			1	TRUE	5.359	4.0087	4.0142	3.515	6.494	TRUE	TRUE	5.24	6						
2016.10.12	01:00:30.550			0	TRUE	5.343	4.0111	4.0203	3.516	6.439	TRUE	TRUE	4.81	6						
2016.10.12	01:00:31.052			0	TRUE	5.338	4.0093	4.0142	3.597	6.456	TRUE	TRUE	5.58	2						
2016.10.12	01:00:31.500			0	TRUE	5.345	4.0087	4.0130	3.578	6.458	FALSE	TRUE	5.31	6						
2016.10.12	01:00:31.960			1	TRUE	5.337	4.0061	4.0105	3.535	6.471	TRUE	TRUE	4.88	6						
2016.10.12	01:00:32.421			1	TRUE	5.354	4.0057	4.0105	3.517	6.452	TRUE	TRUE	4.83	6						
2016.10.12	01:00:32.890			1	TRUE	5.353	4.0085	4.0155	3.543	6.453	TRUE	TRUE	4.78	6						
2016.10.12	01:00:33.342			1	TRUE	5.341	4.0069	4.0135	3.551	6.495	TRUE	TRUE	4.93	6						
2016.10.12	01:00:33.816			1	TRUE	5.343	4.0148	4.0188	3.534	6.497	TRUE	TRUE	4.96	6						
2016.10.12	01:00:36.089			0	TRUE	5.345	4.0040	4.0091	3.544	6.512	TRUE	TRUE	4.87	6						
2016.10.12	01:00:36.526			1	TRUE	5.361	4.0081	4.0151	3.528	6.480	TRUE	TRUE	5.05	6						
2016.10.12	01:00:37.012			1	TRUE	5.349	4.0053	4.0100	3.539	6.489	TRUE	TRUE	4.75	6						
2016.10.12	01:00:39.180			0	TRUE	5.350	4.0018	4.0145	3.525	6.475	TRUE	TRUE	4.79	6						
2016.10.12	01:00:39.645			0	TRUE	5.344	3.9984	4.0106	3.591	6.458	TRUE	TRUE	5.50	3						
2016.10.12	01:00:40.065			1	TRUE	5.337	4.0114	4.0154	3.470	6.486	TRUE	TRUE	4.87	6						
2016.10.12	01:00:40.566			1	TRUE	5.354	4.0113	4.0172	3.512	6.451	TRUE	TRUE	4.84	6						
2016.10.12	01:00:41.005			1	TRUE	5.358	4.0061	4.0109	3.513	6.454	TRUE	TRUE	4.65	6						
2016.10.12	01:00:41.495			1	TRUE	5.340	4.0079	4.0130	3.556	6.432	TRUE	TRUE	4.95	6						
2016.10.12	01:00:41.944			0	TRUE	5.337	4.0095	4.0184	3.541	6.485	FALSE	TRUE	5.08	6						
2016.10.12	01:00:42.405			0	TRUE	5.344	3.9997	4.0071	3.544	6.458	TRUE	TRUE	4.74	6						
2016.10.12	01:00:42.854			1	TRUE	5.350	4.0120	4.0178	3.548	6.521	TRUE	TRUE	4.92	6						
2016.10.12	01:00:43.300			1	TRUE	5.357	4.0074	4.0126	3.534	6.521	TRUE	TRUE	4.89	6						
2016.10.12	01:00:43.776			1	TRUE	5.354	4.0063	4.0111	3.521	6.490	TRUE	TRUE	5.11	6						
2016.10.12	01:00:44.240			1	TRUE	5.361	4.0099	4.0198	3.510	6.462	TRUE	TRUE	4.64	6						
2016.10.12	01:00:44.714			0	TRUE	5.350	4.0019	4.0066	3.585	6.413	TRUE	TRUE	5.01	6						
2016.10.12	01:00:45.171			1	TRUE	5.357	4.0066	4.0115	3.527	6.481	TRUE	TRUE	5.10	6						
2016.10.12	01:00:45.641			1	TRUE	5.340	4.0096	4.0144	3.485	6.470	TRUE	TRUE	4.80	6						
2016.10.12	01:00:46.104			0	TRUE	5.330	4.0060	4.0163	3.584	6.436	TRUE	TRUE	6.32	3						
2016.10.12	01:00:46.561			0	TRUE	5.349	4.0056	4.0127	3.523	6.445	FALSE	TRUE	4.82	6						
2016.10.12	01:00:47.019			0	TRUE	5.350	4.0071	4.0233	3.574	6.442	TRUE	TRUE	4.86	6						
2016.10.12	01:00:47.489			1	TRUE	5.347	4.0098	4.0146	3.504	6.462	TRUE	TRUE	4.89	6						
2016.10.12	01:00:47.930			0	TRUE	5.360	3.9996	4.0059	3.501	6.494	TRUE	TRUE	4.84	6						
2016.10.12	01:00:48.392			0	TRUE	5.350	4.0041	4.0178	3.534	6.451	TRUE	TRUE	4.78	6						
2016.10.12	01:00:48.863			1	TRUE	5.351	4.0091	4.0143	3.483	6.469	TRUE	TRUE	5.12	6						
2016.10.12	01:00:49.312			1	TRUE	5.347	4.0050	4.0122	3.497	6.486	TRUE	TRUE	4.78	6						
2016.10.12	01:00:49.792			1	TRUE	5.346	4.0094	4.0125	3.520	6.464	TRUE	TRUE	4.90	6						
2016.10.12	01:00:50.255			0	TRUE	5.346	4.0114	4.0152	3.503	6.489	TRUE	TRUE	4.54	5						
2016.10.12	01:00:50.704			0	TRUE	5.349	4.0002	4.0020	3.514	6.474	TRUE	TRUE	4.76	6						
2016.10.12	01:00:51.167			0	TRUE	5.351	4.0079	4.0223	3.514	6.443	TRUE	TRUE	5.00	6						
2016.10.12	01:00:51.635			1	TRUE	5.349	4.0146	4.0193	3.527	6.459	TRUE	TRUE	4.97	6						
2016.10.12	01:00:52.076			0	TRUE	5.380	4.0046	4.0190	3.520	6.491	TRUE	TRUE	4.69	6						
2016.10.12	01:00:52.556			1	TRUE	5.359	4.0088	4.0129	3.476	6.485	TRUE	TRUE	4.87	6						
2016.10.12	01:00:53.006			0	TRUE	5.347	4.0077	4.0116	3.504	6.457	FALSE	TRUE	5.08	6						
2016.10.12	01:00:53.479			1	TRUE	5.351	4.0050	4.0127	3.560	6.472	TRUE	TRUE	4.83	6						
2016.10.12	01:00:53.920			1	TRUE	5.357	4.0069	4.0182	3.514	6.475	TRUE	TRUE	5.03	6						
2016.10.12	01:00:54.408			0	TRUE	5.353	4.0029	4.0061	3.525	6.440	TRUE	TRUE	4.91	6						
2016.10.12	01:00:54.862			1	TRUE	5.348	4.0121	4.0149	3.477	6.466	TRUE	TRUE	4.78	6						
2016.10.12	01:00:55.318			1	TRUE	5.351	4.0072	4.0152	3.551	6.451	TRUE	TRUE	4.65	6						
2016.10.12	01:00:55.775			1	TRUE	5.347	4.0128	4.0182	3.560	6.504	TRUE	TRUE	5.00	6						
2016.10.12	01:00:56.257			0	TRUE	5.350	4.0049	4.0197	3.536	6.451	TRUE	TRUE	4.95	6						
2016.10.12	01:00:56.668			0	TRUE	5.341	4.0020	4.0048	3.484	6.493	TRUE	TRUE	5.02	6						
2016.10.12	01:00:57.168			0	TRUE	5.348	4.0048	4.0093	3.548	6.438	TRUE	TRUE	5.25	6						
2016.10.12	01:00:57.623			1	TRUE	5.335	4.0078	4.0113	3.502	6.479	TRUE	TRUE	5.00	6						
2016.10.12	01:00:58.086			1	TRUE	5.346	4.0114	4.0183	3.562	6.489	TRUE	TRUE	5.20	6						
2016.10.12	01:00:58.550			1	TRUE	5.347	4.0052	4.0121	3.550	6.483	TRUE	TRUE	4.89	6						
2016.10.12	01:00:59.010			1	TRUE	5.355	4.0108	4.0112	3.534	6.456	TRUE	TRUE	4.75	6						
2016.10.12	01:00:59.487			0	TRUE	5.352	4.0006	4.0162	3.516	6.443	TRUE	TRUE	5.12	6						
2016.10.12	01:00:59.922			0	TRUE	5.343	4.0186	4.0208	3.522	6.467	TRUE	TRUE	5.37	4						
2016.10.12	01:01:00.385			1	TRUE	5.358	4.0053	4.0096	3.499	6.458	TRUE	TRUE	4.81	6						
2016.10.12	01:01:00.864			0	TRUE	5.341	4.0192	4.0233	3.527	6.481	TRUE	TRUE	4.93	6						
2016.10.12	01:01:01.305			1	TRUE	5.352	4.0065	4.0116	3.523	6.474	TRUE	TRUE	4.75	6						
2016.10.12	01:01:01.775			0	TRUE	5.350	4.0129	4.0222	3.566	6.469	TRUE	TRUE	4.99	6						
2016.10.12	01:01:02.231			0	TRUE	5.347	4.0049	4.0189	3.529	6.491	TRUE	TRUE	4.81	6						
2016.10.12	01:01:02.686			0	TRUE	5.337	4.0096	4.0141	3.567	6.466	TRUE	TRUE	6.85	1						
2016.10.12	01:01:03.155			0	TRUE	5.337	4.0059	4.0107	NaN	NaN	TRUE	TRUE	4.70	6						
2016.10.12	01:01:03.619			0	TRUE	5.346	4.0056	4.0122	3.482	6.499	TRUE	TRUE	4.77	5						
2016.10.12	01:01:04.537			0	TRUE	5.339	4.0126	4.0174	3.545	6.504	TRUE	TRUE	6.74	1						
2016.10.12	01:01:04.996			1	TRUE	5.344	4.0087	4.0115	3.561	6.440	TRUE	TRUE	5.37	6						
2016.10.12	01:01:05.477			1	TRUE	5.343	4.0069	4.0106	3.523	6.486	TRUE	TRUE	5.27	6						
2016.10.12	01:01:05.931			1	TRUE	5.354	4.0116	4.0161	3.520	6.477	TRUE	TRUE	4.74	6						
2016.10.12	01:01:06.380			1	TRUE	5.347	4.0051	4.0090	3.513	6.438	TRUE	TRUE	4.78	6						
2016.10.12	01:01:06.849			1	TRUE	5.335	4.0075	4.0195	3.580	6.464	TRUE	TRUE	5.01	6						
2016.10.12	01:01:07.275			1	TRUE	5.353	4.0103	4.0155	3.530	6.430	TRUE	TRUE	4.80	6						
2016.10.12	01:01:07.759			1	TRUE	5.345	4.0070	4.0172	3.532	6.486	TRUE	TRUE	4.85	6						
2016.10.12	01:01:08.223			1	TRUE	5.356	4.0079	4.0115	3.474	6.490	TRUE	TRUE	4.71	6						
2016.10.12	01:01:08.685			1	TRUE	5.350	4.0075	4.0117	3.539	6.443	TRUE	TRUE	4.94	6						
2016.10.12	01:01:09.143			1	TRUE	5.353	4.0066	4.0119	3.546	6.442	TRUE	TRUE	4.88	6						
2016.10.12	01:01:09.597			1	TRUE	5.350	4.0101	4.0178	3.498	6.500	TRUE	TRUE	4.82	6						
2016.10.12	01:01:10.074			1	TRUE	5.351	4.0076	4.0113	3.505	6.469	TRUE	TRUE	4.84	6						
2016.10.12	01:01:12.251			0	TRUE	5.339	4.0102	4.0133	3.559	6.430	TRUE	TRUE	6.32	1						
2016.10.12	01:01:12.703			0	TRUE	5.344	4.0042	4.0094	3.474	6.524	TRUE	TRUE	5.00	6						
2016.10.12	01:01:13.180			1	TRUE	5.350	4.0077	4.0191	3.544	6.468	TRUE	TRUE	5.16	6						
2016.10.12	01:01:13.637			0	TRUE	5.335	4.0079	4.0126	3.593	6.458	TRUE	TRUE	5.74	2						
2016.10.12	01:01:14.054			1	TRUE	5.341	4.0088	4.0146	3.549	6.440	TRUE	TRUE	4.86	6						
2016.10.12	01:01:14.558			0	TRUE	5.344	4.0044	4.0110	3.515	6.460	TRUE	TRUE	5.08	6						
2016.10.12	01:01:15.018			1	TRUE	5.356	4.0076	4.0167	3.546	6.517	TRUE	TRUE	4.83	6						
2016.10.12	01:01:15.484			0	TRUE	5.345	4.0009	4.0044	3.501	6.459	TRUE	TRUE	5.05	6						
2016.10.12	01:01:15.935			1	TRUE	5.353	4.0139	4.0159	3.507	6.480	TRUE	TRUE	4.89	6						
2016.10.12	01:01:16.392			1	TRUE	5.356	4.0107	4.0139	3.501	6.480	TRUE	TRUE	4.64	6						
2016.10.12	01:01:16.855			1	TRUE	5.343	4.0129	4.0143	3.539	6.441	TRUE	TRUE	4.78	6						
2016.10.12	01:01:17.325			0	TRUE	5.346	4.0099	4.0219	3.498	6.447	TRUE	TRUE	4.77	6						
2016.10.12	01:01:17.768			0	TRUE	5.354	4.0050	4.0048	3.479	6.455	TRUE	TRUE	5.01	6						
2016.10.12	01:01:18.269			1	TRUE	5.346	4.0111	4.0165	3.508	6.434	TRUE	TRUE	5.02	6						
2016.10.12	01:01:18.665			1	TRUE	5.340	4.0065	4.0112	3.546	6.463	TRUE	TRUE	5.04	6						
2016.10.12	01:01:19.139			0	TRUE	5.343	4.0075	4.0126	3.519	6.462	FALSE	TRUE	5.61	3						
2016.10.12	01:01:19.634			1	TRUE	5.354	4.0056	4.0111	3.550	6.427	TRUE	TRUE	4.91	6						
2016.10.12	01:01:20.083			1	TRUE	5.352	4.0112	4.0156	3.521	6.448	TRUE	TRUE	5.26	6						
2016.10.12	01:01:20.555			1	TRUE	5.341	4.0123	4.0200	3.542	6.515	TRUE	TRUE	5.08	6						
2016.10.12	01:01:20.999			1	TRUE	5.340	4.0061	4.0062	3.551	6.470	TRUE	TRUE	4.79	6						
2016.10.12	01:01:21.470			0	TRUE	5.350	4.0058	4.0035	3.499	6.469	TRUE	TRUE	4.65	6						
2016.10.12	01:01:21.911			1	TRUE	5.343	4.0081	4.0128	3.490	6.443	TRUE	TRUE	4.74	6						
2016.10.12	01:01:22.382			0	TRUE	5.333	4.0035	4.0072	3.498	6.437	TRUE	TRUE	4.94	6						
2016.10.12	01:01:22.857			0	TRUE	5.325	4.0025	4.0033	3.503	6.480	FALSE	TRUE	4.89	6						
2016.10.12	01:01:23.317			1	TRUE	5.338	4.0112	4.0164	3.546	6.479	TRUE	TRUE	5.08	6						
2016.10.12	01:01:23.758			0	TRUE	5.346	4.0109	4.0164	3.596	6.453	TRUE	TRUE	5.16	5						
2016.10.12	01:01:24.233			0	TRUE	5.341	4.0138	4.0214	3.535	6.454	TRUE	TRUE	4.75	6						
2016.10.12	01:01:24.695			0	TRUE	5.344	4.0042	4.0097	3.495	6.471	TRUE	TRUE	4.75	6						
2016.10.12	01:01:25.160			1	TRUE	5.344	4.0124	4.0149	3.503	6.495	TRUE	TRUE	4.82	6						
2016.10.12	01:01:25.625			1	TRUE	5.355	4.0075	4.0194	3.535	6.465	TRUE	TRUE	4.95	6						
2016.10.12	01:01:26.077			1	TRUE	5.350	4.0057	4.0192	3.490	6.521	TRUE	TRUE	4.95	6						
2016.10.12	01:01:26.525			0	TRUE	5.350	4.0040	4.0108	3.580	6.450	TRUE	TRUE	5.24	6						
2016.10.12	01:01:26.994			1	TRUE	5.354	4.0065	4.0140	3.499	6.496	TRUE	TRUE	5.14	6						
2016.10.12	01:01:27.470			1	TRUE	5.338	4.0061	4.0086	3.462	6.461	TRUE	TRUE	4.92	6						
2016.10.12	01:01:27.931			0	TRUE	5.343	4.0029	4.0114	3.535	6.477	TRUE	TRUE	4.74	6						
2016.10.12	01:01:28.369			1	TRUE	5.349	4.0065	4.0085	3.464	6.474	TRUE	TRUE	4.91	6						
2016.10.12	01:01:28.856			1	TRUE	5.355	4.0057	4.0086	3.498	6.472	TRUE	TRUE	4.75	6						
2016.10.12	01:01:29.278			0	TRUE	5.328	4.0069	4.0169	3.632	6.428	TRUE	TRUE	5.23	5						
2016.10.12	01:01:29.772			1	TRUE	5.338	4.0106	4.0161	3.532	6.432	TRUE	TRUE	5.10	6						
2016.10.12	01:01:30.192			0	TRUE	5.344	4.0087	4.0227	3.567	6.420	TRUE	TRUE	4.93	6						
2016.10.12	01:01:30.662			0	TRUE	5.344	4.0014	4.0170	3.543	6.473	TRUE	TRUE	4.89	6						
2016.10.12	01:01:31.156			1	TRUE	5.347	4.0057	4.0094	3.514	6.509	TRUE	TRUE	4.93	6						
2016.10.12	01:01:31.612			1	TRUE	5.352	4.0063	4.0162	3.519	6.476	TRUE	TRUE	4.76	6						
2016.10.12	01:01:32.081			0	TRUE	5.345	4.0063	4.0123	3.512	6.485	TRUE	TRUE	6.40	1						
2016.10.12	01:01:32.516			0	TRUE	5.350	4.0123	4.0222	3.558	6.445	TRUE	TRUE	5.11	6						
2016.10.12	01:01:32.985			1	TRUE	5.360	4.0061	4.0119	3.514	6.507	TRUE	TRUE	4.86	6						
2016.10.12	01:01:33.455			1	TRUE	5.350	4.0081	4.0122	3.554	6.456	TRUE	TRUE	5.17	6						
2016.10.12	01:01:33.922			0	TRUE	5.351	4.0043	4.0163	3.548	6.472	TRUE	TRUE	4.79	6						
2016.10.12	01:01:34.374			1	TRUE	5.348	4.0071	4.0110	3.492	6.451	TRUE	TRUE	4.72	6						
2016.10.12	01:01:34.827			0	TRUE	5.343	4.0132	4.0214	3.528	6.498	TRUE	TRUE	4.87	6						
2016.10.12	01:01:35.299			1	TRUE	5.343	4.0078	4.0130	3.472	6.487	TRUE	TRUE	4.85	6						
2016.10.12	01:01:35.752			1	TRUE	5.353	4.0084	4.0136	3.505	6.478	TRUE	TRUE	4.91	6						
2016.10.12	01:01:36.240			1	TRUE	5.350	4.0070	4.0119	3.540	6.469	TRUE	TRUE	5.21	6						
2016.10.12	01:01:36.683			1	TRUE	5.356	4.0057	4.0122	3.533	6.457	TRUE	TRUE	4.63	6						
2016.10.12	01:01:37.140			1	TRUE	5.341	4.0083	4.0115	3.547	6.473	TRUE	TRUE	4.94	6						
2016.10.12	01:01:37.579			0	TRUE	5.332	4.0101	4.0157	3.577	6.464	TRUE	TRUE	6.32	1						
2016.10.12	01:01:38.061			1	TRUE	5.349	4.0126	4.0198	3.564	6.483	TRUE	TRUE	4.84	6						
2016.10.12	01:01:38.512			0	TRUE	5.348	4.0049	4.0154	3.536	6.450	TRUE	TRUE	4.85	6						
2016.10.12	01:01:38.993			1	TRUE	5.349	4.0120	4.0163	3.539	6.445	TRUE	TRUE	5.22	6						
2016.10.12	01:01:39.437			0	TRUE	5.334	4.0041	4.0110	3.560	6.495	TRUE	TRUE	4.95	6						
2016.10.12	01:01:39.895			1	TRUE	5.344	4.0087	4.0087	3.497	6.497	TRUE	TRUE	5.10	6						
2016.10.12	01:01:40.367			0	TRUE	5.357	4.0049	4.0077	3.520	6.469	TRUE	TRUE	4.75	6						
2016.10.12	01:01:40.833			1	TRUE	5.346	4.0089	4.0118	3.507	6.513	TRUE	TRUE	4.99	6						
2016.10.12	01:01:41.295			1	TRUE	5.344	4.0140	4.0200	3.540	6.466	TRUE	TRUE	5.05	6						
2016.10.12	01:01:41.743			0	TRUE	5.354	3.9949	3.9997	3.505	6.503	TRUE	TRUE	4.82	6						
2016.10.12	01:01:42.205			0	TRUE	5.340	4.0025	4.0112	3.569	6.425	TRUE	TRUE	5.41	5						
2016.10.12	01:01:42.673			0	TRUE	5.357	4.0116	4.0222	3.546	6.475	TRUE	TRUE	4.81	6						
2016.10.12	01:01:43.133			0	TRUE	5.350	4.0035	4.0068	3.478	6.520	TRUE	TRUE	4.89	6						
2016.10.12	01:01:43.598			0	TRUE	5.344	4.0014	4.0100	3.511	6.449	TRUE	TRUE	5.00	6						
2016.10.12	01:01:44.056			1	TRUE	5.346	4.0076	4.0101	3.490	6.455	TRUE	TRUE	5.10	6						
2016.10.12	01:01:44.509			1	TRUE	5.360	4.0091	4.0147	3.501	6.488	TRUE	TRUE	4.90	6						
2016.10.12	01:01:45.005			0	TRUE	5.331	4.0083	4.0203	3.539	6.475	TRUE	TRUE	4.91	6						
2016.10.12	01:01:45.457			0	TRUE	5.348	4.0125	4.0212	3.455	6.509	TRUE	TRUE	4.94	6						
2016.10.12	01:01:45.910			0	TRUE	5.331	3.9954	4.0039	3.518	6.429	TRUE	TRUE	5.11	6						
2016.10.12	01:01:46.356			1	TRUE	5.350	4.0130	4.0144	3.533	6.457	TRUE	TRUE	4.84	6						
2016.10.12	01:01:46.820			1	TRUE	5.345	4.0092	4.0172	3.590	6.457	TRUE	TRUE	4.85	6						
2016.10.12	01:01:47.294			0	TRUE	5.348	4.0037	4.0077	3.520	6.496	TRUE	TRUE	5.46	5						
2016.10.12	01:01:47.755			0	TRUE	5.329	4.0109	4.0168	3.604	6.461	TRUE	TRUE	5.64	3						
2016.10.12	01:01:48.203			0	TRUE	5.343	4.0064	4.0136	3.557	6.473	TRUE	TRUE	5.20	4						
2016.10.12	01:01:48.664			0	TRUE	5.355	4.0016	4.0169	3.548	6.481	TRUE	TRUE	4.97	6						
2016.10.12	01:01:49.138			1	TRUE	5.352	4.0086	4.0139	3.511	6.445	TRUE	TRUE	4.91	6						
2016.10.12	01:01:49.582			1	TRUE	5.350	4.0057	4.0078	3.502	6.498	TRUE	TRUE	4.90	6						
2016.10.12	01:01:50.060			0	TRUE	5.349	4.0117	4.0144	3.520	6.490	TRUE	TRUE	5.70	4						
2016.10.12	01:01:50.512			1	TRUE	5.357	4.0054	4.0120	3.531	6.466	TRUE	TRUE	4.77	6						
2016.10.12	01:01:50.975			0	TRUE	5.342	4.0027	4.0144	3.590	6.463	TRUE	TRUE	4.95	6						
2016.10.12	01:01:51.423			1	TRUE	5.343	4.0061	4.0118	3.574	6.455	TRUE	TRUE	4.75	6						
2016.10.12	01:01:51.890			1	TRUE	5.339	4.0078	4.0117	3.483	6.490	TRUE	TRUE	4.84	6						
2016.10.12	01:01:52.352			0	TRUE	5.345	4.0092	4.0148	3.581	6.520	TRUE	TRUE	5.35	5						
2016.10.12	01:01:52.809			0	TRUE	5.341	4.0171	4.0237	3.565	6.453	TRUE	TRUE	4.78	6						
2016.10.12	01:01:53.292			1	TRUE	5.349	4.0059	4.0089	3.483	6.471	TRUE	TRUE	4.73	6						
2016.10.12	01:01:53.736			0	TRUE	5.342	4.0030	4.0079	3.584	6.401	TRUE	TRUE	5.29	6						
2016.10.12	01:01:54.200			1	TRUE	5.342	4.0076	4.0136	3.548	6.468	TRUE	TRUE	4.94	6						
2016.10.12	01:01:54.678			0	TRUE	5.323	4.0064	4.0128	3.588	6.431	TRUE	TRUE	6.18	1						
2016.10.12	01:01:55.123			0	TRUE	5.338	4.0102	4.0155	3.577	6.474	TRUE	TRUE	5.50	3						
2016.10.12	01:01:55.583			0	TRUE	5.333	4.0060	4.0120	3.584	6.452	FALSE	TRUE	4.98	6						
2016.10.12	01:01:56.048			1	TRUE	5.327	4.0074	4.0162	3.563	6.444	TRUE	TRUE	5.48	6						
2016.10.12	01:01:56.460			1	TRUE	5.359	4.0088	4.0115	3.505	6.478	TRUE	TRUE	5.02	6						
2016.10.12	01:01:56.972			1	TRUE	5.349	4.0080	4.0131	3.571	6.456	TRUE	TRUE	4.98	6						
2016.10.12	01:01:57.431			0	TRUE	5.337	4.0112	4.0144	3.565	6.416	TRUE	TRUE	6.56	1						
2016.10.12	01:01:57.895			1	TRUE	5.359	4.0089	4.0131	3.518	6.477	TRUE	TRUE	5.19	6						
2016.10.12	01:01:58.340			1	TRUE	5.339	4.0066	4.0129	3.549	6.472	TRUE	TRUE	5.09	6						
2016.10.12	01:01:58.811			1	TRUE	5.338	4.0095	4.0153	3.517	6.449	TRUE	TRUE	5.11	6						
2016.10.12	01:01:59.261			1	TRUE	5.354	4.0119	4.0158	3.513	6.443	TRUE	TRUE	4.72	6						
2016.10.12	01:01:59.730			1	TRUE	5.345	4.0091	4.0154	3.496	6.480	TRUE	TRUE	4.74	6						
2016.10.12	01:02:00.199			1	TRUE	5.342	4.0073	4.0102	3.492	6.442	TRUE	TRUE	4.79	6						
2016.10.12	01:02:00.657			0	TRUE	5.358	4.0127	4.0223	3.500	6.498	TRUE	TRUE	4.80	6						
2016.10.12	01:02:01.119			1	TRUE	5.360	4.0055	4.0106	3.487	6.470	TRUE	TRUE	4.77	6						
2016.10.12	01:02:01.575			0	TRUE	5.348	4.0040	4.0104	3.518	6.444	TRUE	TRUE	4.82	6						
2016.10.12	01:02:02.054			0	TRUE	5.341	4.0034	4.0077	3.494	6.465	TRUE	TRUE	4.93	6						
2016.10.12	01:02:02.495			1	TRUE	5.328	4.0070	4.0178	3.614	6.452	TRUE	TRUE	5.08	6						
2016.10.12	01:02:04.505			0	TRUE	5.346	4.0155	4.0215	3.542	6.461	TRUE	TRUE	5.09	6						
2016.10.12	01:02:04.973			0	TRUE	5.344	4.0056	4.0116	3.594	6.438	FALSE	TRUE	5.16	6						
2016.10.12	01:02:05.440			1	TRUE	5.338	4.0103	4.0162	3.573	6.472	TRUE	TRUE	5.01	6						
2016.10.12	01:02:05.900			0	TRUE	5.354	4.0020	4.0162	3.510	6.501	TRUE	TRUE	5.39	6						
2016.10.12	01:02:06.343			1	TRUE	5.347	4.0125	4.0161	3.503	6.492	TRUE	TRUE	4.80	6						
2016.10.12	01:02:06.817			0	TRUE	5.340	4.0040	4.0094	3.495	6.471	TRUE	TRUE	4.81	6						
2016.10.12	01:02:07.276			0	TRUE	5.342	4.0166	4.0202	3.539	6.462	TRUE	TRUE	5.36	4						
2016.10.12	01:02:07.722			0	TRUE	5.337	4.0068	4.0206	3.551	6.445	TRUE	TRUE	4.81	6						
2016.10.12	01:02:08.190			1	TRUE	5.343	4.0113	4.0138	3.614	6.419	TRUE	TRUE	5.11	6						
2016.10.12	01:02:10.299			0	TRUE	5.338	4.0043	4.0093	3.460	6.494	TRUE	TRUE	5.01	6						
2016.10.12	01:02:10.757			1	TRUE	5.361	4.0051	4.0086	3.504	6.491	TRUE	TRUE	4.86	6						
2016.10.12	01:02:11.234			1	TRUE	5.363	4.0051	4.0102	3.530	6.476	TRUE	TRUE	4.84	6						
2016.10.12	01:02:11.699			1	TRUE	5.350	4.0087	4.0162	3.506	6.466	TRUE	TRUE	4.73	6						
2016.10.12	01:02:12.130			0	TRUE	5.353	4.0006	4.0162	3.559	6.490	TRUE	TRUE	4.74	6						
2016.10.12	01:02:12.590			1	TRUE	5.350	4.0068	4.0125	3.544	6.471	TRUE	TRUE	5.07	6						
2016.10.12	01:02:13.060			0	TRUE	5.344	4.0046	4.0153	3.519	6.456	TRUE	TRUE	4.78	6						
2016.10.12	01:02:13.533			1	TRUE	5.351	4.0114	4.0144	3.530	6.465	TRUE	TRUE	4.77	6						
2016.10.12	01:02:13.984			1	TRUE	5.354	4.0051	4.0145	3.560	6.427	TRUE	TRUE	4.85	6						
2016.10.12	01:02:14.455			0	TRUE	5.345	4.0020	4.0082	3.459	6.489	TRUE	TRUE	4.93	6						
2016.10.12	01:02:14.894			1	TRUE	5.347	4.0111	4.0186	3.512	6.430	TRUE	TRUE	4.84	6						
2016.10.12	01:02:16.985			1	TRUE	5.345	4.0154	4.0193	3.550	6.482	TRUE	TRUE	4.75	6						
2016.10.12	01:02:17.457			0	TRUE	5.348	4.0048	4.0119	3.542	6.443	TRUE	TRUE	4.84	6						
2016.10.12	01:02:17.855			0	TRUE	5.366	4.0049	4.0182	3.525	6.487	TRUE	TRUE	4.81	6						
2016.10.12	01:02:18.384			0	TRUE	5.352	4.0106	4.0170	3.563	6.510	TRUE	TRUE	5.29	5						
2016.10.12	01:02:18.790			0	TRUE	5.336	4.0099	4.0171	3.503	6.471	FALSE	TRUE	5.15	5						
2016.10.12	01:02:19.307			1	TRUE	5.351	4.0152	4.0175	3.486	6.506	TRUE	TRUE	4.59	6						
2016.10.12	01:02:19.740			0	TRUE	5.346	4.0046	4.0077	3.485	6.456	TRUE	TRUE	4.97	6						
2016.10.12	01:02:20.212			0	TRUE	5.345	4.0015	4.0045	3.487	6.509	TRUE	TRUE	5.13	6						
2016.10.12	01:02:20.685			0	TRUE	5.342	4.0108	4.0143	3.570	6.418	TRUE	TRUE	5.68	4						
2016.10.12	01:02:21.136			1	TRUE	5.348	4.0067	4.0150	3.552	6.491	TRUE	TRUE	4.98	6						
2016.10.12	01:02:23.391			1	TRUE	5.345	4.0054	4.0110	3.482	6.502	TRUE	TRUE	4.81	6						
2016.10.12	01:02:23.859			1	TRUE	5.344	4.0100	4.0147	3.515	6.458	TRUE	TRUE	5.18	6						
2016.10.12	01:02:24.267			0	TRUE	5.349	4.0038	4.0085	3.533	6.473	TRUE	TRUE	5.07	6						
2016.10.12	01:02:24.760			0	TRUE	5.345	4.0101	4.0201	3.514	6.463	TRUE	TRUE	5.10	6						
2016.10.12	01:02:25.223			1	TRUE	5.353	4.0088	4.0103	3.538	6.446	TRUE	TRUE	5.05	6						
2016.10.12	01:02:25.687			0	TRUE	5.347	3.9989	4.0058	3.534	6.437	TRUE	TRUE	5.00	6						
2016.10.12	01:02:26.155			0	TRUE	5.344	4.0039	4.0101	3.506	6.507	TRUE	TRUE	4.92	6						
2016.10.12	01:02:26.629			1	TRUE	5.340	4.0106	4.0171	3.589	6.391	TRUE	TRUE	5.33	6						
2016.10.12	01:02:27.091			1	TRUE	5.348	4.0100	4.0140	3.508	6.482	TRUE	TRUE	4.97	6						
2016.10.12	01:02:27.519			1	TRUE	5.340	4.0102	4.0160	3.546	6.460	TRUE	TRUE	5.08	6						
2016.10.12	01:02:28.014			0	TRUE	5.353	4.0030	4.0219	3.552	6.450	TRUE	TRUE	5.01	6						
2016.10.12	01:02:28.474			1	TRUE	5.355	4.0104	4.0152	3.515	6.505	TRUE	TRUE	4.98	6						
2016.10.12	01:02:28.922			1	TRUE	5.346	4.0120	4.0170	3.495	6.483	TRUE	TRUE	4.73	6						
2016.10.12	01:02:29.373			1	TRUE	5.344	4.0083	4.0125	3.498	6.460	TRUE	TRUE	4.69	6						
2016.10.12	01:02:29.856			1	TRUE	5.340	4.0157	4.0183	3.472	6.450	TRUE	TRUE	5.16	6						
2016.10.12	01:02:30.298			0	TRUE	5.356	4.0036	4.0096	3.503	6.457	TRUE	TRUE	4.86	6						
2016.10.12	01:02:30.756			0	TRUE	5.350	4.0112	4.0146	3.548	6.437	FALSE	TRUE	4.85	6						
2016.10.12	01:02:31.223			0	TRUE	5.353	4.0048	4.0150	3.545	6.450	TRUE	TRUE	4.80	6						
2016.10.12	01:02:31.700			1	TRUE	5.345	4.0066	4.0107	3.483	6.500	TRUE	TRUE	4.89	6						
2016.10.12	01:02:32.144			1	TRUE	5.343	4.0051	4.0103	3.558	6.429	TRUE	TRUE	5.49	6						
2016.10.12	01:02:32.601			0	TRUE	5.353	4.0011	4.0134	3.543	6.460	TRUE	TRUE	4.94	6						
2016.10.12	01:02:33.068			0	TRUE	5.338	4.0046	4.0122	3.546	6.441	TRUE	TRUE	4.95	6						
2016.10.12	01:02:33.521			1	TRUE	5.333	4.0146	4.0196	3.577	6.490	TRUE	TRUE	5.07	6						
2016.10.12	01:02:33.990			1	TRUE	5.349	4.0094	4.0176	3.556	6.447	TRUE	TRUE	4.94	6						
2016.10.12	01:02:34.461			0	TRUE	5.339	4.0030	4.0076	3.605	6.458	TRUE	TRUE	5.04	6						
2016.10.12	01:02:34.906			1	TRUE	5.350	4.0087	4.0115	3.550	6.465	TRUE	TRUE	5.42	6						
2016.10.12	01:02:35.366			1	TRUE	5.352	4.0102	4.0173	3.567	6.437	TRUE	TRUE	4.76	6						
2016.10.12	01:02:35.819			1	TRUE	5.363	4.0109	4.0152	3.495	6.455	TRUE	TRUE	4.82	6						
2016.10.12	01:02:36.296			0	TRUE	5.345	4.0088	4.0042	3.541	6.469	FALSE	TRUE	5.17	6						
2016.10.12	01:02:36.784			0	TRUE	5.343	4.0167	4.0372	3.546	6.463	TRUE	TRUE	4.90	6						
2016.10.12	01:02:37.211			1	TRUE	5.344	4.0053	4.0129	3.556	6.476	TRUE	TRUE	5.37	6						
2016.10.12	01:02:37.693			0	TRUE	5.329	3.9997	4.0130	3.578	6.477	TRUE	TRUE	5.23	6						
2016.10.12	01:02:38.140			0	TRUE	5.351	4.0044	4.0117	3.510	6.441	TRUE	TRUE	4.85	6						
2016.10.12	01:02:38.582			0	TRUE	5.348	4.0187	4.0225	3.506	6.485	TRUE	TRUE	4.91	6						
2016.10.12	01:02:39.069			1	TRUE	5.323	4.0091	4.0166	3.594	6.412	TRUE	TRUE	5.18	6						
2016.10.12	01:02:39.523			0	TRUE	5.343	4.0136	4.0156	3.546	6.440	TRUE	TRUE	5.52	4						
2016.10.12	01:02:39.984			1	TRUE	5.352	4.0095	4.0184	3.487	6.501	TRUE	TRUE	4.97	6						
2016.10.12	01:02:40.444			1	TRUE	5.349	4.0103	4.0174	3.498	6.483	TRUE	TRUE	4.94	6						
2016.10.12	01:02:40.907			1	TRUE	5.332	4.0060	4.0111	3.534	6.496	TRUE	TRUE	4.97	6						
2016.10.12	01:02:41.354			1	TRUE	5.353	4.0070	4.0103	3.494	6.443	TRUE	TRUE	4.71	6						
2016.10.12	01:02:41.823			0	TRUE	5.350	4.0047	4.0097	3.558	6.453	TRUE	TRUE	4.94	6						
2016.10.12	01:02:42.281			1	TRUE	5.351	4.0120	4.0104	3.526	6.462	TRUE	TRUE	4.77	6						
2016.10.12	01:02:42.754			1	TRUE	5.338	4.0052	4.0118	3.557	6.482	TRUE	TRUE	4.96	6						
2016.10.12	01:02:43.200			0	TRUE	5.345	4.0151	4.0270	3.560	6.458	TRUE	TRUE	4.97	6						
2016.10.12	01:02:43.684			0	TRUE	5.340	4.0058	4.0106	3.582	6.426	TRUE	TRUE	6.57	1						
2016.10.12	01:02:44.125			1	TRUE	5.348	4.0060	4.0117	3.503	6.493	TRUE	TRUE	4.96	6						
2016.10.12	01:02:44.591			0	TRUE	5.347	4.0096	4.0224	3.574	6.451	TRUE	TRUE	4.83	6						
2016.10.12	01:02:45.055			1	TRUE	5.346	4.0054	4.0196	3.540	6.439	TRUE	TRUE	4.82	6						
2016.10.12	01:02:45.473			0	TRUE	5.342	4.0029	4.0102	3.603	6.434	TRUE	TRUE	5.05	6						
2016.10.12	01:02:45.969			1	TRUE	5.345	4.0085	4.0158	3.524	6.493	TRUE	TRUE	4.80	6						
2016.10.12	01:02:48.067			1	TRUE	5.344	4.0053	4.0104	3.518	6.508	TRUE	TRUE	4.89	6						
2016.10.12	01:02:48.507			1	TRUE	5.347	4.0092	4.0140	3.507	6.471	TRUE	TRUE	4.95	6						
2016.10.12	01:02:49.003			0	TRUE	5.355	4.0039	4.0081	3.505	6.460	TRUE	TRUE	4.70	6						
2016.10.12	01:02:49.897			1	TRUE	5.344	4.0107	4.0170	3.529	6.448	TRUE	TRUE	4.87	6						
2016.10.12	01:02:50.366			1	TRUE	5.351	4.0110	4.0186	3.536	6.495	TRUE	TRUE	4.86	6						
2016.10.12	01:02:50.818			1	TRUE	5.348	4.0056	4.0100	3.561	6.446	TRUE	TRUE	4.88	6						
2016.10.12	01:02:51.288			1	TRUE	5.349	4.0148	4.0199	3.487	6.489	TRUE	TRUE	4.94	6						
2016.10.12	01:02:51.752			0	TRUE	5.354	3.9966	4.0060	3.533	6.482	TRUE	TRUE	5.03	6						
2016.10.12	01:02:52.211			1	TRUE	5.339	4.0065	4.0137	3.577	6.452	TRUE	TRUE	5.10	6						
2016.10.12	01:02:52.680			1	TRUE	5.351	4.0062	4.0092	3.534	6.487	TRUE	TRUE	4.84	6						
2016.10.12	01:02:53.109			1	TRUE	5.349	4.0094	4.0189	3.538	6.441	TRUE	TRUE	4.73	6						
2016.10.12	01:02:53.590			1	TRUE	5.341	4.0118	4.0193	3.527	6.448	TRUE	TRUE	5.16	6						
2016.10.12	01:02:54.071			1	TRUE	5.334	4.0068	4.0096	3.503	6.481	TRUE	TRUE	5.25	6						
2016.10.12	01:02:54.509			0	TRUE	5.336	4.0029	4.0077	3.500	6.466	TRUE	TRUE	4.90	6						
2016.10.12	01:02:54.973			1	TRUE	5.349	4.0108	4.0150	3.475	6.496	TRUE	TRUE	4.92	6						
2016.10.12	01:02:57.156			1	TRUE	5.344	4.0094	4.0119	3.527	6.445	TRUE	TRUE	4.89	6						
2016.10.12	01:02:57.623			1	TRUE	5.351	4.0067	4.0110	3.503	6.517	TRUE	TRUE	4.59	6						
2016.10.12	01:02:58.108			0	TRUE	5.344	4.0085	4.0124	3.590	6.441	TRUE	TRUE	5.25	5						
2016.10.12	01:02:58.539			0	TRUE	5.343	4.0029	4.0133	3.478	6.474	TRUE	TRUE	4.84	6						
2016.10.12	01:02:58.997			0	TRUE	5.353	4.0046	4.0083	3.472	6.464	TRUE	TRUE	4.73	6						
2016.10.12	01:02:59.465			0	TRUE	5.343	4.0020	4.0067	3.493	6.489	TRUE	TRUE	4.91	6						
2016.10.12	01:02:59.915			1	TRUE	5.340	4.0064	4.0116	3.526	6.414	TRUE	TRUE	5.31	6						
2016.10.12	01:03:00.393			0	TRUE	5.362	4.0083	4.0203	3.486	6.477	TRUE	TRUE	4.77	6						
2016.10.12	01:03:00.848			0	TRUE	5.328	4.0038	4.0097	3.606	6.470	TRUE	TRUE	5.65	3						
2016.10.12	01:03:01.308			1	TRUE	5.349	4.0052	4.0088	3.566	6.467	TRUE	TRUE	4.78	6						
2016.10.12	01:03:01.749			1	TRUE	5.350	4.0073	4.0062	3.518	6.454	TRUE	TRUE	4.84	6						
2016.10.12	01:03:02.227			1	TRUE	5.355	4.0051	4.0104	3.483	6.482	TRUE	TRUE	4.86	6						
2016.10.12	01:03:02.699			1	TRUE	5.347	4.0063	4.0103	3.492	6.500	TRUE	TRUE	4.85	6						
2016.10.12	01:03:03.153			0	TRUE	5.336	4.0126	4.0146	3.544	6.476	TRUE	TRUE	5.23	5						
2016.10.12	01:03:03.611			1	TRUE	5.354	4.0067	4.0166	3.542	6.420	TRUE	TRUE	4.82	6						
2016.10.12	01:03:04.072			1	TRUE	5.353	4.0117	4.0180	3.556	6.479	TRUE	TRUE	5.02	6						
2016.10.12	01:03:04.536			1	TRUE	5.359	4.0083	4.0193	3.530	6.417	TRUE	TRUE	4.72	6						
2016.10.12	01:03:04.993			1	TRUE	5.347	4.0108	4.0133	3.504	6.470	TRUE	TRUE	4.76	6						
2016.10.12	01:03:05.458			0	TRUE	5.350	3.9995	4.0086	3.514	6.473	TRUE	TRUE	4.73	6						
2016.10.12	01:03:05.919			0	TRUE	5.341	4.0052	4.0111	3.611	6.455	TRUE	TRUE	5.24	5						
2016.10.12	01:03:06.373			1	TRUE	5.361	4.0070	4.0107	3.491	6.474	TRUE	TRUE	4.79	6						
2016.10.12	01:03:06.898			1	TRUE	5.351	4.0089	4.0143	3.538	6.466	TRUE	TRUE	4.89	6						
2016.10.12	01:03:07.309			0	TRUE	5.352	4.0010	4.0070	3.505	6.507	TRUE	TRUE	4.78	6						
2016.10.12	01:03:07.771			1	TRUE	5.352	4.0091	4.0172	3.522	6.478	TRUE	TRUE	5.16	6						
2016.10.12	01:03:09.855			1	TRUE	5.335	4.0080	4.0122	3.521	6.482	TRUE	TRUE	5.09	6						
2016.10.12	01:03:10.281			0	TRUE	5.353	4.0166	4.0228	3.605	6.440	TRUE	TRUE	4.97	6						
2016.10.12	01:03:10.754			0	TRUE	5.345	4.0047	4.0190	3.541	6.436	TRUE	TRUE	4.73	6						
2016.10.12	01:03:11.252			1	TRUE	5.339	4.0085	4.0123	3.609	6.433	TRUE	TRUE	5.17	6						
2016.10.12	01:03:11.697			1	TRUE	5.350	4.0070	4.0110	3.547	6.464	TRUE	TRUE	4.86	6						
2016.10.12	01:03:12.149			1	TRUE	5.331	4.0072	4.0123	3.496	6.472	TRUE	TRUE	5.04	6						
2016.10.12	01:03:12.608			1	TRUE	5.351	4.0058	4.0119	3.487	6.469	TRUE	TRUE	5.01	6						
2016.10.12	01:03:13.084			0	TRUE	5.331	4.0094	4.0060	3.491	6.494	FALSE	TRUE	4.93	6						
2016.10.12	01:03:13.547			1	TRUE	5.341	4.0107	4.0139	3.546	6.455	TRUE	TRUE	4.87	6						
2016.10.12	01:03:13.989			1	TRUE	5.351	4.0078	4.0124	3.530	6.455	TRUE	TRUE	4.83	6						
2016.10.12	01:03:14.453			0	TRUE	5.345	4.0069	4.0195	3.568	6.467	TRUE	TRUE	5.46	5						
2016.10.12	01:03:14.917			0	TRUE	5.354	4.0038	4.0167	3.544	6.458	TRUE	TRUE	4.76	6						
2016.10.12	01:03:15.384			0	TRUE	5.345	4.0039	4.0129	3.574	6.441	TRUE	TRUE	5.22	6						
2016.10.12	01:03:15.817			1	TRUE	5.345	4.0071	4.0109	3.482	6.478	TRUE	TRUE	4.85	6						
2016.10.12	01:03:16.313			1	TRUE	5.348	4.0054	4.0131	3.557	6.462	TRUE	TRUE	5.15	6						
2016.10.12	01:03:16.745			1	TRUE	5.353	4.0106	4.0116	3.520	6.445	TRUE	TRUE	4.67	6						
2016.10.12	01:03:17.227			0	TRUE	5.333	4.0103	4.0128	3.490	6.462	FALSE	TRUE	4.95	6						
2016.10.12	01:03:17.694			0	TRUE	5.347	4.0137	4.0219	3.531	6.449	TRUE	TRUE	4.85	6						
2016.10.12	01:03:18.129			0	TRUE	5.347	4.0022	4.0075	3.567	6.470	TRUE	TRUE	5.08	6						
2016.10.12	01:03:18.598			0	TRUE	5.339	4.0077	4.0203	3.557	6.434	TRUE	TRUE	4.99	6						
2016.10.12	01:03:19.073			0	TRUE	5.347	4.0046	4.0093	3.542	6.483	TRUE	TRUE	4.68	6						
2016.10.12	01:03:19.521			0	TRUE	5.345	4.0018	4.0093	3.513	6.481	TRUE	TRUE	5.06	6						
2016.10.12	01:03:19.988			1	TRUE	5.336	4.0099	4.0141	3.548	6.484	TRUE	TRUE	5.05	6						
2016.10.12	01:03:20.460			1	TRUE	5.346	4.0111	4.0159	3.524	6.509	TRUE	TRUE	4.91	6						
2016.10.12	01:03:20.887			0	TRUE	5.357	4.0042	4.0139	3.512	6.445	TRUE	TRUE	4.58	6						
2016.10.12	01:03:21.388			0	TRUE	5.345	4.0165	4.0220	3.588	6.394	TRUE	TRUE	4.89	6						
2016.10.12	01:03:21.831			1	TRUE	5.354	4.0076	4.0130	3.543	6.438	TRUE	TRUE	4.91	6						
2016.10.12	01:03:22.286			0	TRUE	5.356	4.0023	4.0059	3.470	6.476	TRUE	TRUE	4.76	6						
2016.10.12	01:03:22.761			1	TRUE	5.350	4.0084	4.0120	3.493	6.488	TRUE	TRUE	4.83	6						
2016.10.12	01:03:23.203			1	TRUE	5.349	4.0084	4.0133	3.506	6.451	TRUE	TRUE	4.84	6						
2016.10.12	01:03:23.684			0	TRUE	5.348	4.0154	4.0229	3.516	6.437	TRUE	TRUE	4.65	6						
2016.10.12	01:03:24.108			1	TRUE	5.356	4.0091	4.0119	3.490	6.480	TRUE	TRUE	4.84	6						
2016.10.12	01:03:24.600			1	TRUE	5.351	4.0058	4.0186	3.539	6.428	TRUE	TRUE	4.98	6						
2016.10.12	01:03:25.049			1	TRUE	5.354	4.0130	4.0134	3.551	6.461	TRUE	TRUE	5.10	6						
2016.10.12	01:03:25.513			1	TRUE	5.353	4.0068	4.0190	3.526	6.470	TRUE	TRUE	4.80	6						
2016.10.12	01:03:27.636			1	TRUE	5.351	4.0077	4.0057	3.552	6.499	TRUE	TRUE	4.96	6						
2016.10.12	01:03:28.096			1	TRUE	5.351	4.0108	4.0139	3.507	6.470	TRUE	TRUE	4.86	6						
2016.10.12	01:03:28.551			1	TRUE	5.344	4.0086	4.0103	3.525	6.460	TRUE	TRUE	5.01	6						
2016.10.12	01:03:29.016			1	TRUE	5.349	4.0076	4.0095	3.481	6.483	TRUE	TRUE	5.11	6						
2016.10.12	01:03:29.485			1	TRUE	5.360	4.0102	4.0129	3.544	6.481	TRUE	TRUE	4.94	6						
2016.10.12	01:03:29.945			0	TRUE	5.336	4.0149	4.0209	3.531	6.503	TRUE	TRUE	5.25	6						
2016.10.12	01:03:30.413			1	TRUE	5.337	4.0076	4.0109	3.592	6.448	TRUE	TRUE	5.46	6						
2016.10.12	01:03:30.870			1	TRUE	5.348	4.0057	4.0090	3.574	6.444	TRUE	TRUE	4.95	6						
2016.10.12	01:03:31.313			1	TRUE	5.349	4.0073	4.0132	3.536	6.476	TRUE	TRUE	4.83	6						
2016.10.12	01:03:31.775			0	TRUE	5.342	4.0131	4.0166	3.505	6.477	FALSE	TRUE	4.84	6						
2016.10.12	01:03:32.256			1	TRUE	5.331	4.0084	4.0163	3.532	6.455	TRUE	TRUE	5.02	6						
2016.10.12	01:03:32.698			1	TRUE	5.357	4.0064	4.0120	3.523	6.460	TRUE	TRUE	4.73	6						
2016.10.12	01:03:33.175			0	TRUE	5.347	4.0146	4.0242	3.575	6.439	TRUE	TRUE	4.73	6						
2016.10.12	01:03:33.645			1	TRUE	5.353	4.0100	4.0196	3.525	6.462	TRUE	TRUE	5.21	6						
2016.10.12	01:03:34.085			1	TRUE	5.346	4.0092	4.0175	3.523	6.470	TRUE	TRUE	5.03	6						
2016.10.12	01:03:34.545			1	TRUE	5.353	4.0100	4.0172	3.484	6.473	TRUE	TRUE	5.48	6						
2016.10.12	01:03:35.021			1	TRUE	5.357	4.0101	4.0166	3.533	6.499	TRUE	TRUE	4.87	6						
2016.10.12	01:03:35.463			1	TRUE	5.352	4.0063	4.0176	3.514	6.501	TRUE	TRUE	4.76	6						
2016.10.12	01:03:35.927			0	TRUE	5.355	4.0035	4.0097	3.533	6.481	TRUE	TRUE	4.89	6						
2016.10.12	01:03:36.380			0	TRUE	5.348	4.0044	4.0060	3.499	6.469	TRUE	TRUE	4.82	6						
2016.10.12	01:03:36.855			1	TRUE	5.361	4.0075	4.0117	3.507	6.494	TRUE	TRUE	4.78	6						
2016.10.12	01:03:37.325			1	TRUE	5.357	4.0056	4.0123	3.498	6.472	TRUE	TRUE	4.76	6						
2016.10.12	01:03:37.783			0	TRUE	5.349	4.0098	4.0213	3.565	6.475	TRUE	TRUE	4.89	6						
2016.10.12	01:03:38.265			1	TRUE	5.355	4.0073	4.0189	3.555	6.469	TRUE	TRUE	4.84	6						
2016.10.12	01:03:38.670			0	TRUE	5.339	3.9926	4.0012	3.463	6.459	TRUE	TRUE	5.23	6						
2016.10.12	01:03:39.164			1	TRUE	5.347	4.0091	4.0144	3.489	6.442	TRUE	TRUE	4.64	6						
2016.10.12	01:03:39.622			0	TRUE	5.334	4.0033	4.0154	3.537	6.508	TRUE	TRUE	4.92	6						
2016.10.12	01:03:40.093			1	TRUE	5.349	4.0080	4.0123	3.539	6.506	TRUE	TRUE	5.00	6						
2016.10.12	01:03:40.538			1	TRUE	5.357	4.0116	4.0141	3.533	6.458	TRUE	TRUE	4.73	6						
2016.10.12	01:03:41.005			0	TRUE	5.347	4.0090	4.0146	3.509	6.503	TRUE	TRUE	5.52	4						
2016.10.12	01:03:41.462			1	TRUE	5.346	4.0095	4.0144	3.535	6.485	TRUE	TRUE	4.86	6						
2016.10.12	01:03:41.914			1	TRUE	5.345	4.0120	4.0173	3.588	6.451	TRUE	TRUE	5.39	6						
2016.10.12	01:03:42.382			1	TRUE	5.347	4.0094	4.0152	3.523	6.448	TRUE	TRUE	4.91	6						
2016.10.12	01:03:42.852			0	TRUE	5.347	4.0028	4.0138	3.546	6.473	TRUE	TRUE	4.80	6						
2016.10.12	01:03:45.411			1	TRUE	5.331	4.0137	4.0191	3.605	6.494	TRUE	TRUE	5.17	6						
2016.10.12	01:03:45.882			0	TRUE	5.351	4.0036	4.0062	3.540	6.464	TRUE	TRUE	4.88	6						
2016.10.12	01:03:46.350			1	TRUE	5.345	4.0053	4.0073	3.545	6.452	TRUE	TRUE	4.85	6						
2016.10.12	01:03:46.809			0	TRUE	5.346	4.0023	4.0080	3.561	6.495	TRUE	TRUE	5.00	6						
2016.10.12	01:03:48.821			0	TRUE	5.351	4.0019	4.0165	3.567	6.468	TRUE	TRUE	4.80	6						
2016.10.12	01:03:49.273			1	TRUE	5.343	4.0108	4.0174	3.605	6.451	TRUE	TRUE	5.26	6						
2016.10.12	01:03:49.716			0	TRUE	5.353	4.0050	4.0110	3.576	6.466	FALSE	TRUE	4.75	6						
2016.10.12	01:03:50.199			1	TRUE	5.342	4.0067	4.0132	3.567	6.506	TRUE	TRUE	4.98	6						
2016.10.12	01:03:50.654			0	TRUE	5.349	4.0026	4.0040	3.501	6.500	TRUE	TRUE	4.93	6						
2016.10.12	01:03:51.094			0	TRUE	5.351	4.0032	4.0079	3.512	6.485	TRUE	TRUE	5.12	6						
2016.10.12	01:03:51.580			1	TRUE	5.343	4.0079	4.0084	3.533	6.482	TRUE	TRUE	4.92	6						
2016.10.12	01:03:52.016			0	TRUE	5.328	4.0044	4.0092	3.579	6.433	TRUE	TRUE	5.72	4						
2016.10.12	01:03:52.499			0	TRUE	5.352	4.0158	4.0206	3.544	6.498	FALSE	TRUE	4.69	6						
2016.10.12	01:03:52.960			1	TRUE	5.344	4.0060	4.0125	3.537	6.458	TRUE	TRUE	4.86	6						
2016.10.12	01:03:53.434			0	TRUE	5.355	4.0023	4.0163	3.536	6.469	TRUE	TRUE	4.90	6						
2016.10.12	01:03:53.879			0	TRUE	5.357	4.0037	4.0104	3.522	6.456	TRUE	TRUE	4.79	6						
2016.10.12	01:03:54.347			1	TRUE	5.340	4.0059	4.0101	3.562	6.463	TRUE	TRUE	4.69	6						
2016.10.12	01:03:54.801			1	TRUE	5.343	4.0090	4.0125	3.526	6.453	TRUE	TRUE	4.87	6						
2016.10.12	01:03:55.270			1	TRUE	5.348	4.0078	4.0094	3.497	6.480	TRUE	TRUE	4.80	6						
2016.10.12	01:03:55.676			0	TRUE	5.350	4.0074	4.0203	3.545	6.457	TRUE	TRUE	4.82	6						
2016.10.12	01:03:56.215			0	TRUE	5.345	4.0030	4.0070	3.525	6.455	TRUE	TRUE	4.75	6						
2016.10.12	01:03:56.668			0	TRUE	5.340	4.0040	4.0054	3.526	6.426	TRUE	TRUE	4.80	6						
2016.10.12	01:03:57.116			0	TRUE	5.341	4.0025	4.0121	3.552	6.474	TRUE	TRUE	6.61	1						
2016.10.12	01:03:57.562			0	TRUE	5.367	4.0044	4.0177	3.522	6.455	TRUE	TRUE	4.79	6						
2016.10.12	01:03:58.021			0	TRUE	5.350	4.0072	4.0220	3.553	6.435	TRUE	TRUE	4.98	6						
2016.10.12	01:03:58.491			1	TRUE	5.351	4.0052	4.0080	3.520	6.455	TRUE	TRUE	4.81	6						
2016.10.12	01:04:00.598			1	TRUE	5.350	4.0098	4.0104	3.553	6.445	TRUE	TRUE	5.10	6						
2016.10.12	01:04:01.072			0	TRUE	5.333	3.9971	4.0028	3.622	6.480	TRUE	TRUE	4.94	6						
2016.10.12	01:04:01.538			0	TRUE	5.354	4.0143	4.0235	3.521	6.492	TRUE	TRUE	4.72	6						
2016.10.12	01:04:03.703			0	TRUE	5.342	4.0069	4.0124	3.550	6.483	TRUE	TRUE	5.35	4						
2016.10.12	01:04:04.169			0	TRUE	5.340	4.0048	4.0130	3.593	6.429	TRUE	TRUE	5.76	1						
2016.10.12	01:04:04.622			0	TRUE	5.349	4.0036	4.0058	3.489	6.516	TRUE	TRUE	4.92	6						
2016.10.12	01:04:05.081			0	TRUE	5.329	4.0016	4.0134	3.580	6.463	TRUE	TRUE	5.25	6						
2016.10.12	01:04:05.546			0	TRUE	5.336	4.0023	4.0085	3.541	6.474	TRUE	TRUE	4.84	6						
2016.10.12	01:04:06.292			1	TRUE	5.344	4.0062	4.0083	3.482	6.480	TRUE	TRUE	5.02	6						
2016.10.12	01:04:06.758			0	TRUE	5.360	3.9992	4.0159	3.502	6.477	TRUE	TRUE	5.04	6						
2016.10.12	01:04:07.234			0	TRUE	5.347	4.0193	4.0247	3.528	6.484	TRUE	TRUE	5.14	6						
2016.10.12	01:04:07.666			0	TRUE	5.354	4.0067	4.0111	3.503	6.481	FALSE	TRUE	4.83	6						
2016.10.12	01:04:08.145			1	TRUE	5.353	4.0056	4.0152	3.536	6.508	TRUE	TRUE	4.76	6						
2016.10.12	01:04:08.601			0	TRUE	5.340	4.0145	4.0182	3.518	6.447	TRUE	TRUE	5.36	5						
2016.10.12	01:04:09.053			0	TRUE	5.354	4.0049	4.0125	3.491	6.518	TRUE	TRUE	4.83	6						
2016.10.12	01:04:09.509			1	TRUE	5.356	4.0057	4.0103	3.537	6.452	TRUE	TRUE	5.00	6						
2016.10.12	01:04:09.978			1	TRUE	5.351	4.0068	4.0129	3.479	6.496	TRUE	TRUE	4.86	6						
2016.10.12	01:04:10.449			1	TRUE	5.346	4.0089	4.0147	3.538	6.447	TRUE	TRUE	4.75	6						
2016.10.12	01:04:10.869			1	TRUE	5.341	4.0075	4.0101	3.526	6.460	TRUE	TRUE	4.70	6						
2016.10.12	01:04:11.370			0	TRUE	5.348	4.0034	4.0151	3.556	6.455	TRUE	TRUE	4.90	6						
2016.10.12	01:04:11.821			1	TRUE	5.340	4.0108	4.0143	3.551	6.442	TRUE	TRUE	4.87	6						
2016.10.12	01:04:12.281			0	TRUE	5.342	4.0129	4.0208	3.546	6.478	TRUE	TRUE	4.93	6						
2016.10.12	01:04:12.750			1	TRUE	5.321	4.0127	4.0171	3.575	6.457	TRUE	TRUE	5.17	6						
2016.10.12	01:04:13.199			1	TRUE	5.350	4.0101	4.0132	3.462	6.495	TRUE	TRUE	4.91	6						
2016.10.12	01:04:13.673			1	TRUE	5.351	4.0054	4.0107	3.480	6.472	TRUE	TRUE	4.75	6						
2016.10.12	01:04:14.130			0	TRUE	5.349	4.0074	4.0220	3.565	6.440	TRUE	TRUE	4.86	6						
2016.10.12	01:04:14.585			1	TRUE	5.359	4.0115	4.0166	3.507	6.472	TRUE	TRUE	4.85	6						
2016.10.12	01:04:15.057			1	TRUE	5.345	4.0157	4.0178	3.543	6.452	TRUE	TRUE	5.30	6						
2016.10.12	01:04:15.502			1	TRUE	5.350	4.0095	4.0147	3.542	6.487	TRUE	TRUE	4.76	6						
2016.10.12	01:04:15.980			0	TRUE	5.343	4.0081	4.0138	3.605	6.424	FALSE	TRUE	5.24	6						
2016.10.12	01:04:16.441			0	TRUE	5.342	4.0083	4.0121	3.501	6.463	FALSE	TRUE	5.13	6						
2016.10.12	01:04:16.898			0	TRUE	5.349	4.0043	4.0106	3.522	6.479	TRUE	TRUE	4.89	6						
2016.10.12	01:04:17.334			0	TRUE	5.352	4.0132	4.0208	3.505	6.471	TRUE	TRUE	5.01	6						
2016.10.12	01:04:17.792			1	TRUE	5.362	4.0176	4.0193	3.492	6.476	TRUE	TRUE	4.79	6						
2016.10.12	01:04:18.279			1	TRUE	5.350	4.0058	4.0102	3.487	6.485	TRUE	TRUE	4.79	6						
2016.10.12	01:04:20.272			1	TRUE	5.343	4.0055	4.0119	3.479	6.495	TRUE	TRUE	4.97	6						
2016.10.12	01:04:20.745			1	TRUE	5.352	4.0060	4.0105	3.552	6.498	TRUE	TRUE	4.85	6						
2016.10.12	01:04:21.214			1	TRUE	5.351	4.0093	4.0156	3.554	6.454	TRUE	TRUE	4.90	6						
2016.10.12	01:04:21.677			0	TRUE	5.347	4.0017	4.0071	3.591	6.467	TRUE	TRUE	5.00	6						
2016.10.12	01:04:22.126			0	TRUE	5.345	4.0132	4.0229	3.491	6.483	TRUE	TRUE	4.92	6						
2016.10.12	01:04:22.591			1	TRUE	5.345	4.0052	4.0081	3.492	6.468	TRUE	TRUE	4.89	6						
2016.10.12	01:04:23.054			1	TRUE	5.349	4.0077	4.0136	3.525	6.476	TRUE	TRUE	4.89	6						
2016.10.12	01:04:23.527			1	TRUE	5.348	4.0062	4.0111	3.497	6.471	TRUE	TRUE	4.79	6						
2016.10.12	01:04:23.953			0	TRUE	5.349	4.0147	4.0210	3.502	6.475	TRUE	TRUE	4.84	6						
2016.10.12	01:04:24.459			1	TRUE	5.332	4.0076	4.0134	3.511	6.523	TRUE	TRUE	4.96	6						
2016.10.12	01:04:24.882			0	TRUE	5.336	4.0075	4.0187	3.597	6.458	TRUE	TRUE	5.59	4						
2016.10.12	01:04:25.352			0	TRUE	5.353	4.0043	4.0060	3.548	6.428	TRUE	TRUE	4.65	6						
2016.10.12	01:04:25.828			1	TRUE	5.347	4.0051	4.0116	3.520	6.497	TRUE	TRUE	4.74	6						
2016.10.12	01:04:26.266			1	TRUE	5.351	4.0087	4.0189	3.566	6.464	TRUE	TRUE	4.87	6						
2016.10.12	01:04:26.748			1	TRUE	5.350	4.0078	4.0121	3.510	6.468	TRUE	TRUE	4.67	6						
2016.10.12	01:04:27.198			1	TRUE	5.351	4.0074	4.0107	3.488	6.515	TRUE	TRUE	4.98	6						
2016.10.12	01:04:27.659			1	TRUE	5.350	4.0070	4.0110	3.551	6.471	TRUE	TRUE	4.95	6						
2016.10.12	01:04:28.124			0	TRUE	5.351	4.0035	4.0177	3.518	6.424	TRUE	TRUE	5.03	6						
2016.10.12	01:04:30.283			1	TRUE	5.348	4.0082	4.0095	3.494	6.504	TRUE	TRUE	4.83	6						
2016.10.12	01:04:30.728			1	TRUE	5.329	4.0149	4.0198	3.582	6.525	TRUE	TRUE	5.06	6						
2016.10.12	01:04:31.217			1	TRUE	5.350	4.0059	4.0118	3.518	6.409	TRUE	TRUE	4.95	6						
2016.10.12	01:04:31.666			1	TRUE	5.352	4.0059	4.0145	3.496	6.491	TRUE	TRUE	4.91	6						
2016.10.12	01:04:32.120			1	TRUE	5.338	4.0098	4.0076	3.517	6.463	TRUE	TRUE	4.83	6						
2016.10.12	01:04:32.561			1	TRUE	5.343	4.0131	4.0185	3.485	6.474	TRUE	TRUE	4.87	6						
2016.10.12	01:04:33.047			1	TRUE	5.360	4.0118	4.0143	3.506	6.419	TRUE	TRUE	4.68	6						
2016.10.12	01:04:33.507			0	TRUE	5.342	4.0020	4.0076	3.532	6.475	TRUE	TRUE	5.06	6						
2016.10.12	01:04:33.957			0	TRUE	5.347	4.0178	4.0203	3.520	6.484	TRUE	TRUE	4.84	6						
2016.10.12	01:04:34.415			0	TRUE	5.339	4.0024	4.0162	3.586	6.421	TRUE	TRUE	5.13	6						
2016.10.12	01:04:34.869			0	TRUE	5.357	4.0026	4.0097	3.543	6.440	FALSE	TRUE	5.07	6						
2016.10.12	01:04:35.327			0	TRUE	5.355	4.0036	4.0091	3.540	6.500	TRUE	TRUE	4.91	6						
2016.10.12	01:04:35.826			0	TRUE	5.336	4.0098	4.0149	3.552	6.459	FALSE	TRUE	5.20	6						
2016.10.12	01:04:36.280			0	TRUE	5.338	4.0078	4.0174	3.561	6.439	TRUE	TRUE	6.22	2						
2016.10.12	01:04:36.724			0	TRUE	5.352	3.9938	3.9995	3.572	6.448	TRUE	TRUE	4.97	6						
2016.10.12	01:04:37.198			0	TRUE	5.345	4.0133	4.0147	3.572	6.409	TRUE	TRUE	5.43	5						
2016.10.12	01:04:37.662			1	TRUE	5.334	4.0083	4.0128	3.533	6.478	TRUE	TRUE	4.90	6						
2016.10.12	01:04:38.111			1	TRUE	5.359	4.0085	4.0135	3.523	6.458	TRUE	TRUE	4.78	6						
2016.10.12	01:04:38.570			1	TRUE	5.355	4.0076	4.0126	3.495	6.483	TRUE	TRUE	4.75	6						
2016.10.12	01:04:39.035			0	TRUE	5.346	4.0142	4.0233	3.503	6.441	TRUE	TRUE	4.84	6						
2016.10.12	01:04:39.502			1	TRUE	5.339	4.0116	4.0157	3.517	6.461	TRUE	TRUE	5.11	6						
2016.10.12	01:04:39.956			0	TRUE	5.353	4.0045	4.0097	3.503	6.479	TRUE	TRUE	4.79	6						
2016.10.12	01:04:40.428			0	TRUE	5.342	4.0141	4.0216	3.603	6.457	TRUE	TRUE	5.03	6						
2016.10.12	01:04:40.848			1	TRUE	5.341	4.0059	4.0086	3.480	6.480	TRUE	TRUE	4.88	6						
2016.10.12	01:04:41.305			0	TRUE	5.337	4.0076	4.0122	3.584	6.442	TRUE	TRUE	6.45	1						
2016.10.12	01:04:41.799			0	TRUE	5.333	4.0041	4.0116	3.552	6.478	TRUE	TRUE	5.17	5						
2016.10.12	01:04:42.266			0	TRUE	5.358	4.0032	4.0056	3.489	6.486	TRUE	TRUE	4.77	6						
2016.10.12	01:04:44.471			0	TRUE	5.325	4.0138	4.0183	3.575	6.436	TRUE	TRUE	6.07	2						
2016.10.12	01:04:44.917			1	TRUE	5.350	4.0111	4.0159	3.522	6.467	TRUE	TRUE	4.88	6						
2016.10.12	01:04:45.392			0	TRUE	5.353	4.0046	4.0091	3.509	6.442	TRUE	TRUE	4.81	6						
2016.10.12	01:04:45.862			1	TRUE	5.342	4.0083	4.0140	3.523	6.437	TRUE	TRUE	4.78	6						
2016.10.12	01:04:46.297			0	TRUE	5.336	4.0087	4.0152	3.596	6.428	TRUE	TRUE	5.28	5						
2016.10.12	01:04:46.775			1	TRUE	5.341	4.0076	4.0093	3.483	6.470	TRUE	TRUE	4.98	6						
2016.10.12	01:04:47.218			0	TRUE	5.350	4.0041	4.0073	3.553	6.468	TRUE	TRUE	5.04	6						
2016.10.12	01:04:47.721			1	TRUE	5.355	4.0051	4.0159	3.543	6.457	TRUE	TRUE	4.89	6						
2016.10.12	01:04:48.158			0	TRUE	5.344	4.0127	4.0198	3.533	6.492	FALSE	TRUE	4.95	6						
2016.10.12	01:04:48.636			1	TRUE	5.342	4.0053	4.0108	3.523	6.503	TRUE	TRUE	4.82	6						
2016.10.12	01:04:49.080			0	TRUE	5.355	4.0066	4.0118	3.507	6.467	FALSE	TRUE	4.76	6						
2016.10.12	01:04:49.538			0	TRUE	5.361	4.0044	4.0103	3.510	6.487	TRUE	TRUE	5.06	6						
2016.10.12	01:04:49.984			1	TRUE	5.350	4.0063	4.0132	3.488	6.449	TRUE	TRUE	4.98	6						
2016.10.12	01:04:50.473			0	TRUE	5.350	4.0125	4.0090	3.535	6.453	TRUE	TRUE	5.19	5						
2016.10.12	01:04:50.923			0	TRUE	5.363	4.0110	4.0211	3.492	6.494	TRUE	TRUE	4.96	6						
2016.10.12	01:04:51.365			1	TRUE	5.341	4.0075	4.0143	3.539	6.486	TRUE	TRUE	4.96	6						
2016.10.12	01:04:51.847			0	TRUE	5.333	4.0144	4.0254	3.541	6.520	TRUE	TRUE	4.85	6						
2016.10.12	01:04:52.312			0	TRUE	5.352	4.0092	4.0219	3.527	6.476	TRUE	TRUE	4.86	6						
2016.10.12	01:04:52.759			0	TRUE	5.349	4.0000	4.0065	3.528	6.499	TRUE	TRUE	4.96	6						
2016.10.12	01:04:53.231			1	TRUE	5.338	4.0056	4.0089	3.544	6.468	TRUE	TRUE	4.84	6						
2016.10.12	01:04:53.682			0	TRUE	5.332	4.0022	4.0106	3.612	6.483	TRUE	TRUE	4.91	6						
2016.10.12	01:04:54.141			0	TRUE	5.324	4.0082	4.0101	3.593	6.440	TRUE	TRUE	5.54	5						
2016.10.12	01:04:54.607			1	TRUE	5.342	4.0054	4.0113	3.537	6.485	TRUE	TRUE	5.19	6						
2016.10.12	01:04:55.062			1	TRUE	5.345	4.0074	4.0130	3.537	6.460	TRUE	TRUE	5.07	6						
2016.10.12	01:04:55.515			0	TRUE	5.347	4.0007	4.0155	3.475	6.443	TRUE	TRUE	4.79	6						
2016.10.12	01:04:55.987			0	TRUE	5.340	4.0088	4.0138	3.548	6.507	TRUE	TRUE	6.14	2						
2016.10.12	01:04:56.462			1	TRUE	5.355	4.0084	4.0095	3.547	6.445	TRUE	TRUE	4.93	6						
2016.10.12	01:04:56.905			1	TRUE	5.346	4.0123	4.0195	3.535	6.483	TRUE	TRUE	5.01	6						
2016.10.12	01:04:57.368			1	TRUE	5.334	4.0094	4.0155	3.553	6.476	TRUE	TRUE	5.27	6						
2016.10.12	01:04:57.827			1	TRUE	5.339	4.0067	4.0147	3.492	6.492	TRUE	TRUE	4.93	6						
2016.10.12	01:04:58.296			1	TRUE	5.344	4.0101	4.0110	3.515	6.438	TRUE	TRUE	4.95	6						
2016.10.12	01:04:58.769			0	TRUE	5.351	4.0143	4.0261	3.538	6.455	TRUE	TRUE	5.10	6						
2016.10.12	01:04:59.209			0	TRUE	5.355	4.0091	4.0210	3.567	6.446	FALSE	TRUE	4.83	6						
2016.10.12	01:04:59.671			1	TRUE	5.349	4.0141	4.0161	3.528	6.506	TRUE	TRUE	4.88	6						
2016.10.12	01:05:00.140			1	TRUE	5.336	4.0109	4.0156	3.509	6.513	TRUE	TRUE	4.75	6						
2016.10.12	01:05:00.614			1	TRUE	5.343	4.0071	4.0153	3.498	6.479	TRUE	TRUE	5.17	6						
2016.10.12	01:05:01.071			1	TRUE	5.355	4.0126	4.0124	3.549	6.475	TRUE	TRUE	4.85	6						
2016.10.12	01:05:01.526			1	TRUE	5.346	4.0067	4.0118	3.497	6.440	TRUE	TRUE	5.43	6						
2016.10.12	01:05:01.996			1	TRUE	5.342	4.0106	4.0136	3.506	6.454	TRUE	TRUE	4.69	6						
2016.10.12	01:05:02.443			0	TRUE	5.346	4.0154	4.0205	3.581	6.429	TRUE	TRUE	5.04	6						
2016.10.12	01:05:02.861			1	TRUE	5.358	4.0069	4.0176	3.519	6.484	TRUE	TRUE	4.86	6						
2016.10.12	01:05:03.361			1	TRUE	5.349	4.0085	4.0123	3.497	6.464	TRUE	TRUE	4.90	6						
2016.10.12	01:05:03.842			1	TRUE	5.344	4.0139	4.0186	3.556	6.464	TRUE	TRUE	4.92	6						
2016.10.12	01:05:04.292			1	TRUE	5.337	4.0056	4.0185	3.519	6.476	TRUE	TRUE	5.10	6						
2016.10.12	01:05:04.743			1	TRUE	5.351	4.0067	4.0142	3.534	6.500	TRUE	TRUE	4.82	6						
2016.10.12	01:05:05.198			1	TRUE	5.343	4.0108	4.0156	3.468	6.471	TRUE	TRUE	4.95	6						
2016.10.12	01:05:05.669			0	TRUE	5.347	4.0038	4.0176	3.570	6.428	TRUE	TRUE	5.27	6						
2016.10.12	01:05:06.113			1	TRUE	5.342	4.0082	4.0146	3.510	6.484	TRUE	TRUE	5.07	6						
2016.10.12	01:05:06.605			1	TRUE	5.342	4.0053	4.0117	3.562	6.512	TRUE	TRUE	5.02	6						
2016.10.12	01:05:08.854			1	TRUE	5.347	4.0053	4.0103	3.573	6.455	TRUE	TRUE	5.08	6						
2016.10.12	01:05:09.290			0	TRUE	5.341	4.0177	4.0227	3.560	6.457	TRUE	TRUE	5.22	6						
2016.10.12	01:05:09.760			1	TRUE	5.349	4.0076	4.0143	3.475	6.473	TRUE	TRUE	4.82	6						
2016.10.12	01:05:10.220			1	TRUE	5.342	4.0076	4.0129	3.558	6.422	TRUE	TRUE	4.80	6						
2016.10.12	01:05:10.680			1	TRUE	5.346	4.0069	4.0093	3.506	6.507	TRUE	TRUE	4.85	6						
2016.10.12	01:05:11.155			1	TRUE	5.349	4.0054	4.0196	3.560	6.440	TRUE	TRUE	5.02	6						
2016.10.12	01:05:11.624			0	TRUE	5.344	4.0154	4.0184	3.533	6.475	TRUE	TRUE	5.26	5						
2016.10.12	01:05:12.063			1	TRUE	5.349	4.0095	4.0183	3.557	6.455	TRUE	TRUE	4.76	6						
2016.10.12	01:05:12.538			1	TRUE	5.344	4.0084	4.0171	3.524	6.498	TRUE	TRUE	4.87	6						
2016.10.12	01:05:12.996			0	TRUE	5.360	3.9943	4.0025	3.580	6.453	TRUE	TRUE	4.90	6						
2016.10.12	01:05:13.467			0	TRUE	5.338	4.0134	4.0154	3.539	6.433	TRUE	TRUE	5.62	5						
2016.10.12	01:05:13.911			1	TRUE	5.339	4.0091	4.0085	3.525	6.464	TRUE	TRUE	4.64	6						
2016.10.12	01:05:14.378			0	TRUE	5.331	4.0125	4.0185	3.600	6.464	TRUE	TRUE	6.33	1						
2016.10.12	01:05:14.855			0	TRUE	5.336	4.0027	4.0072	3.504	6.445	TRUE	TRUE	5.00	6						
2016.10.12	01:05:15.292			0	TRUE	5.344	4.0039	4.0156	3.527	6.430	TRUE	TRUE	4.86	6						
2016.10.12	01:05:15.760			0	TRUE	5.342	4.0143	4.0219	3.553	6.442	TRUE	TRUE	5.20	6						
2016.10.12	01:05:16.219			1	TRUE	5.352	4.0053	4.0200	3.518	6.484	TRUE	TRUE	4.92	6						
2016.10.12	01:05:16.664			0	TRUE	5.343	4.0096	4.0155	3.504	6.506	FALSE	TRUE	4.97	6						
2016.10.12	01:05:17.139			1	TRUE	5.348	4.0080	4.0143	3.469	6.474	TRUE	TRUE	4.87	6						
2016.10.12	01:05:17.607			1	TRUE	5.337	4.0088	4.0144	3.538	6.452	TRUE	TRUE	5.00	6						
2016.10.12	01:05:18.065			0	TRUE	5.354	4.0117	4.0153	3.478	6.486	FALSE	TRUE	4.88	6						
2016.10.12	01:05:18.530			1	TRUE	5.361	4.0093	4.0144	3.530	6.457	TRUE	TRUE	4.81	6						
2016.10.12	01:05:18.976			0	TRUE	5.355	4.0045	4.0054	3.504	6.508	TRUE	TRUE	4.83	6						
2016.10.12	01:05:19.461			0	TRUE	5.347	4.0040	4.0130	3.578	6.438	TRUE	TRUE	4.82	6						
2016.10.12	01:05:19.902			1	TRUE	5.351	4.0097	4.0170	3.558	6.488	TRUE	TRUE	4.87	6						
2016.10.12	01:05:20.817			1	TRUE	5.360	4.0092	4.0141	3.518	6.491	TRUE	TRUE	5.04	6						
2016.10.12	01:05:21.292			0	TRUE	5.346	4.0145	4.0227	3.563	6.487	TRUE	TRUE	4.96	6						
2016.10.12	01:05:21.758			0	TRUE	5.340	3.9985	4.0030	3.603	6.429	TRUE	TRUE	5.15	6						
2016.10.12	01:05:22.215			0	TRUE	5.337	4.0062	4.0111	3.565	6.471	TRUE	TRUE	6.14	1						
2016.10.12	01:05:22.682			0	TRUE	5.342	4.0045	4.0225	3.558	6.438	TRUE	TRUE	4.80	6						
2016.10.12	01:05:23.131			0	TRUE	5.327	4.0017	4.0069	3.618	6.434	TRUE	TRUE	5.35	5						
2016.10.12	01:05:23.604			1	TRUE	5.342	4.0052	4.0109	3.555	6.474	TRUE	TRUE	5.09	6						
2016.10.12	01:05:24.070			1	TRUE	5.339	4.0108	4.0143	3.495	6.479	TRUE	TRUE	5.18	6						
2016.10.12	01:05:24.460			1	TRUE	5.329	4.0108	4.0151	3.589	6.472	TRUE	TRUE	5.01	6						
2016.10.12	01:05:24.964			1	TRUE	5.355	4.0087	4.0103	3.530	6.460	TRUE	TRUE	4.98	6						
2016.10.12	01:05:25.442			1	TRUE	5.350	4.0055	4.0175	3.558	6.464	TRUE	TRUE	4.83	6						
2016.10.12	01:05:25.898			1	TRUE	5.348	4.0134	4.0193	3.558	6.449	TRUE	TRUE	5.15	6						
2016.10.12	01:05:26.356			1	TRUE	5.350	4.0078	4.0162	3.513	6.478	TRUE	TRUE	4.97	6						
2016.10.12	01:05:26.843			1	TRUE	5.346	4.0052	4.0119	3.505	6.501	TRUE	TRUE	4.82	6						
2016.10.12	01:05:27.245			0	TRUE	5.341	4.0076	4.0138	3.611	6.475	TRUE	TRUE	6.03	1						
2016.10.12	01:05:27.712			1	TRUE	5.350	4.0081	4.0121	3.501	6.479	TRUE	TRUE	4.74	6						
2016.10.12	01:05:28.204			1	TRUE	5.342	4.0060	4.0159	3.542	6.456	TRUE	TRUE	5.07	6						
2016.10.12	01:05:28.684			1	TRUE	5.348	4.0093	4.0168	3.546	6.488	TRUE	TRUE	4.91	6						
2016.10.12	01:05:29.117			1	TRUE	5.351	4.0115	4.0157	3.525	6.438	TRUE	TRUE	4.90	6						
2016.10.12	01:05:29.576			1	TRUE	5.347	4.0075	4.0086	3.555	6.440	TRUE	TRUE	4.84	6						
2016.10.12	01:05:30.055			1	TRUE	5.356	4.0059	4.0193	3.521	6.466	TRUE	TRUE	4.87	6						
2016.10.12	01:05:30.470			1	TRUE	5.343	4.0128	4.0169	3.494	6.480	TRUE	TRUE	4.88	6						
2016.10.12	01:05:30.948			0	TRUE	5.346	4.0038	4.0191	3.565	6.435	TRUE	TRUE	4.80	6						
2016.10.12	01:05:31.415			0	TRUE	5.350	4.0039	4.0178	3.584	6.484	TRUE	TRUE	5.19	6						
2016.10.12	01:05:31.884			0	TRUE	5.346	4.0047	4.0128	3.506	6.482	TRUE	TRUE	4.83	6						
2016.10.12	01:05:34.441			0	TRUE	5.334	4.0150	4.0187	3.550	6.479	TRUE	TRUE	5.57	5						
2016.10.12	01:05:34.887			1	TRUE	5.350	4.0130	4.0162	3.493	6.478	TRUE	TRUE	5.06	6						
2016.10.12	01:05:35.348			0	TRUE	5.335	4.0212	4.0248	3.547	6.455	TRUE	TRUE	5.00	6						
2016.10.12	01:05:35.814			0	TRUE	5.352	4.0061	4.0185	3.517	6.487	FALSE	TRUE	5.06	6						
2016.10.12	01:05:36.271			1	TRUE	5.357	4.0113	4.0151	3.509	6.458	TRUE	TRUE	4.91	6						
2016.10.12	01:05:36.725			0	TRUE	5.345	4.0024	4.0074	3.522	6.471	TRUE	TRUE	4.76	6						
2016.10.12	01:05:37.191			1	TRUE	5.351	4.0106	4.0113	3.539	6.462	TRUE	TRUE	4.89	6						
2016.10.12	01:05:37.655			0	TRUE	5.349	4.0045	4.0167	3.565	6.500	TRUE	TRUE	4.71	6						
2016.10.12	01:05:38.118			1	TRUE	5.349	4.0073	4.0158	3.527	6.489	TRUE	TRUE	4.94	6						
2016.10.12	01:05:38.553			1	TRUE	5.360	4.0109	4.0129	3.505	6.477	TRUE	TRUE	4.89	6						
2016.10.12	01:05:39.031			1	TRUE	5.355	4.0063	4.0175	3.547	6.480	TRUE	TRUE	5.14	6						
2016.10.12	01:05:41.111			1	TRUE	5.341	4.0068	4.0118	3.479	6.482	TRUE	TRUE	4.93	6						
2016.10.12	01:05:41.570			0	TRUE	5.327	4.0096	4.0163	3.605	6.457	TRUE	TRUE	5.30	5						
2016.10.12	01:05:42.034			1	TRUE	5.345	4.0157	4.0199	3.511	6.468	TRUE	TRUE	4.87	6						
2016.10.12	01:05:42.497			1	TRUE	5.350	4.0112	4.0155	3.521	6.458	TRUE	TRUE	4.92	6						
2016.10.12	01:05:44.498			1	TRUE	5.348	4.0115	4.0152	3.455	6.481	TRUE	TRUE	4.94	6						
2016.10.12	01:05:44.955			0	TRUE	5.373	3.9986	4.0092	3.522	6.459	TRUE	TRUE	5.02	6						
2016.10.12	01:05:45.438			0	TRUE	5.343	4.0103	4.0462	3.535	6.480	TRUE	TRUE	5.38	4						
2016.10.12	01:05:45.887			0	TRUE	5.347	4.0041	4.0068	3.551	6.420	TRUE	TRUE	5.60	5						
2016.10.12	01:05:46.360			0	TRUE	5.322	4.0119	4.0201	3.586	6.428	TRUE	TRUE	5.40	4						
2016.10.12	01:05:48.511			0	TRUE	5.329	4.0020	4.0085	3.512	6.499	TRUE	TRUE	5.02	6						
2016.10.12	01:05:48.961			1	TRUE	5.344	4.0081	4.0134	3.567	6.439	TRUE	TRUE	5.41	6						
2016.10.12	01:05:50.998			0	TRUE	5.344	4.0040	4.0078	3.486	6.496	TRUE	TRUE	4.90	6						
2016.10.12	01:05:51.462			1	TRUE	5.341	4.0100	4.0152	3.535	6.462	TRUE	TRUE	4.93	6						
2016.10.12	01:05:58.090			0	TRUE	5.345	4.0046	4.0120	3.582	6.440	TRUE	TRUE	5.00	6						
2016.10.12	01:05:58.540			0	TRUE	5.348	4.0056	4.0110	3.509	6.462	FALSE	TRUE	4.87	6						
2016.10.12	01:05:59.000			1	TRUE	5.354	4.0113	4.0200	3.521	6.462	TRUE	TRUE	4.86	6						
2016.10.12	01:05:59.485			0	TRUE	5.346	4.0043	4.0090	3.502	6.486	TRUE	TRUE	4.86	6						
2016.10.12	01:05:59.939			0	TRUE	5.347	4.0153	4.0227	3.542	6.451	TRUE	TRUE	5.07	6						
2016.10.12	01:06:00.396			0	TRUE	5.346	4.0026	4.0089	3.512	6.448	TRUE	TRUE	4.96	6						
2016.10.12	01:06:02.082			1	TRUE	5.358	4.0068	4.0125	3.523	6.477	TRUE	TRUE	5.01	6						
2016.10.12	01:06:02.540			0	TRUE	5.339	4.0060	4.0079	3.577	6.479	FALSE	TRUE	5.01	6						
2016.10.12	01:06:02.989			0	TRUE	5.346	4.0120	4.0211	3.557	6.465	TRUE	TRUE	4.93	6						
2016.10.12	01:06:03.453			0	TRUE	5.348	4.0083	4.0129	3.601	6.448	TRUE	TRUE	5.31	5						
2016.10.12	01:06:03.892			0	TRUE	5.336	4.0004	4.0072	3.515	6.472	FALSE	TRUE	4.94	6						
2016.10.12	01:06:04.371			1	TRUE	5.339	4.0100	4.0148	3.509	6.467	TRUE	TRUE	4.85	6						
2016.10.12	01:09:03.998			0	TRUE	5.352	4.0097	4.0147	3.538	6.460	TRUE	TRUE	5.71	5						
2016.10.12	01:09:04.476			1	TRUE	5.351	4.0062	4.0087	3.520	6.483	TRUE	TRUE	5.12	6						
2016.10.12	01:09:04.915			0	TRUE	5.343	4.0036	4.0099	3.499	6.479	TRUE	TRUE	5.24	6						
2016.10.12	01:09:05.369			1	TRUE	5.333	4.0077	4.0115	3.502	6.515	TRUE	TRUE	4.91	6						
2016.10.12	01:09:05.859			1	TRUE	5.350	4.0086	4.0132	3.523	6.451	TRUE	TRUE	4.95	6						
2016.10.12	01:09:06.302			0	TRUE	5.353	3.9997	4.0029	3.626	6.437	TRUE	TRUE	4.92	6						
2016.10.12	01:09:06.761			1	TRUE	5.347	4.0105	4.0141	3.589	6.442	TRUE	TRUE	4.96	6						
2016.10.12	01:09:07.207			0	TRUE	5.347	4.0042	4.0138	3.513	6.479	TRUE	TRUE	4.90	6						
2016.10.12	01:09:09.415			1	TRUE	5.353	4.0063	4.0122	3.520	6.496	TRUE	TRUE	5.08	6						
2016.10.12	01:09:09.878			1	TRUE	5.330	4.0051	4.0145	3.589	6.470	TRUE	TRUE	4.95	6						
2016.10.12	01:09:10.343			1	TRUE	5.349	4.0065	4.0108	3.556	6.465	TRUE	TRUE	4.87	6						
2016.10.12	01:09:10.799			0	TRUE	5.350	4.0068	4.0112	3.502	6.487	FALSE	TRUE	5.04	6						
2016.10.12	01:09:11.269			1	TRUE	5.350	4.0057	4.0189	3.546	6.451	TRUE	TRUE	4.79	6						
2016.10.12	01:09:11.699			1	TRUE	5.337	4.0098	4.0079	3.466	6.499	TRUE	TRUE	4.93	6						
2016.10.12	01:09:12.182			1	TRUE	5.345	4.0063	4.0089	3.535	6.474	TRUE	TRUE	4.84	6						
2016.10.12	01:09:12.655			0	TRUE	5.360	4.0025	4.0080	3.513	6.474	TRUE	TRUE	4.94	6						
2016.10.12	01:09:13.117			0	TRUE	5.351	4.0032	4.0139	3.577	6.453	TRUE	TRUE	4.98	6						
2016.10.12	01:09:13.559			1	TRUE	5.342	4.0074	4.0108	3.498	6.506	TRUE	TRUE	4.95	6						
2016.10.12	01:09:14.053			1	TRUE	5.350	4.0058	4.0101	3.514	6.487	TRUE	TRUE	4.74	6						
2016.10.12	01:09:14.495			0	TRUE	5.344	4.0182	4.0269	3.512	6.492	TRUE	TRUE	4.70	6						
2016.10.12	01:09:14.945			1	TRUE	5.348	4.0090	4.0145	3.523	6.488	TRUE	TRUE	4.76	6						
2016.10.12	01:09:15.424			1	TRUE	5.341	4.0092	4.0119	3.489	6.502	TRUE	TRUE	5.00	6						
2016.10.12	01:09:15.882			0	TRUE	5.330	4.0099	4.0152	3.586	6.418	TRUE	TRUE	5.96	3						
2016.10.12	01:09:16.320			1	TRUE	5.343	4.0080	4.0115	3.522	6.460	TRUE	TRUE	4.74	6						
2016.10.12	01:09:16.780			0	TRUE	5.351	4.0042	4.0070	3.488	6.449	TRUE	TRUE	4.82	6						
2016.10.12	01:09:17.255			0	TRUE	5.359	3.9998	4.0056	3.506	6.489	TRUE	TRUE	4.86	6						
2016.10.12	01:09:17.701			0	TRUE	5.343	4.0116	4.0181	3.534	6.453	TRUE	TRUE	5.55	4						
2016.10.12	01:09:18.200			1	TRUE	5.341	4.0086	4.0111	3.488	6.488	TRUE	TRUE	4.87	6						
2016.10.12	01:09:18.655			1	TRUE	5.341	4.0075	4.0105	3.501	6.492	TRUE	TRUE	4.93	6						
2016.10.12	01:09:19.081			0	TRUE	5.331	4.0131	4.0212	3.528	6.490	TRUE	TRUE	5.00	6						
2016.10.12	01:09:19.562			0	TRUE	5.344	3.9924	3.9996	3.502	6.515	TRUE	TRUE	4.86	6						
2016.10.12	01:09:20.063			1	TRUE	5.347	4.0104	4.0191	3.572	6.443	TRUE	TRUE	4.75	6						
2016.10.12	01:09:20.500			1	TRUE	5.352	4.0056	4.0196	3.512	6.511	TRUE	TRUE	4.95	6						
2016.10.12	01:09:20.914			1	TRUE	5.352	4.0072	4.0099	3.545	6.455	TRUE	TRUE	4.99	6						
2016.10.12	01:09:21.394			1	TRUE	5.329	4.0078	4.0134	3.486	6.471	TRUE	TRUE	4.83	6						
2016.10.12	01:09:21.863			1	TRUE	5.349	4.0114	4.0185	3.582	6.449	TRUE	TRUE	4.69	6						
2016.10.12	01:09:22.317			1	TRUE	5.350	4.0112	4.0151	3.569	6.471	TRUE	TRUE	5.10	6						
2016.10.12	01:09:22.796			0	TRUE	5.347	4.0129	4.0223	3.528	6.466	TRUE	TRUE	5.12	6						
2016.10.12	01:09:23.238			1	TRUE	5.357	4.0067	4.0126	3.541	6.476	TRUE	TRUE	4.83	6						
2016.10.12	01:09:23.705			1	TRUE	5.347	4.0066	4.0120	3.546	6.526	TRUE	TRUE	4.78	6						
2016.10.12	01:09:24.187			0	TRUE	5.356	3.9994	4.0041	3.487	6.493	TRUE	TRUE	4.75	6						
2016.10.12	01:09:24.626			1	TRUE	5.339	4.0106	4.0150	3.550	6.491	TRUE	TRUE	4.99	6						
2016.10.12	01:09:25.077			1	TRUE	5.330	4.0104	4.0127	3.560	6.492	TRUE	TRUE	5.50	6						
2016.10.12	01:09:25.551			1	TRUE	5.354	4.0062	4.0123	3.536	6.470	TRUE	TRUE	4.88	6						
2016.10.12	01:09:26.016			1	TRUE	5.343	4.0120	4.0195	3.533	6.448	TRUE	TRUE	4.83	6						
2016.10.12	01:09:26.471			0	TRUE	5.348	4.0037	4.0112	3.524	6.480	TRUE	TRUE	4.82	6						
2016.10.12	01:09:26.923			0	TRUE	5.349	4.0077	4.0204	3.513	6.495	TRUE	TRUE	5.02	6						
2016.10.12	01:09:27.405			1	TRUE	5.352	4.0092	4.0193	3.555	6.462	TRUE	TRUE	5.38	6						
