2016.09.21	07:07:10.716			0	TRUE	5.343	4.0255	3.530	6.481	TRUE	TRUE	4.79	6						
2016.09.21	07:07:12.442			0	TRUE	5.357	4.0264	3.531	6.486	TRUE	TRUE	4.74	6						
2016.09.21	07:07:13.877			0	TRUE	5.353	4.0287	3.530	6.496	TRUE	TRUE	4.71	6						
2016.09.21	07:07:15.142			0	TRUE	5.351	4.0271	3.520	6.466	TRUE	TRUE	4.75	6						
2016.09.21	07:07:20.895			0	TRUE	5.350	4.0267	3.542	6.483	TRUE	TRUE	4.76	6						
2016.09.21	07:07:21.335			0	TRUE	5.357	4.0253	3.517	6.494	TRUE	TRUE	5.01	6						
2016.09.21	07:07:21.819			0	TRUE	5.363	4.0109	3.539	6.452	TRUE	TRUE	4.61	5						
2016.09.21	07:07:22.282			0	TRUE	5.348	4.0255	3.562	6.447	TRUE	TRUE	4.63	6						
2016.09.21	07:07:22.730			0	TRUE	5.340	4.0263	3.553	6.467	TRUE	TRUE	4.70	6						
2016.09.21	07:07:23.189			1	TRUE	5.339	4.0189	3.567	6.431	TRUE	TRUE	4.86	6						
2016.09.21	07:07:23.659			1	TRUE	5.347	4.0213	3.563	6.441	TRUE	TRUE	4.85	6						
2016.09.21	07:07:26.420			0	TRUE	5.353	4.0288	3.500	6.480	TRUE	TRUE	4.97	6						
2016.09.21	07:07:26.889			1	TRUE	5.348	4.0244	3.507	6.487	TRUE	TRUE	4.71	6						
2016.09.21	07:07:27.332			0	TRUE	5.340	4.0188	3.506	6.436	TRUE	TRUE	4.25	5						
2016.09.21	07:07:27.776			1	TRUE	5.349	4.0247	3.496	6.467	TRUE	TRUE	4.76	6						
2016.09.21	07:07:28.256			0	TRUE	5.350	4.0032	3.534	6.469	TRUE	TRUE	4.82	6						
2016.09.21	07:07:28.714			0	TRUE	5.351	4.0292	3.549	6.478	TRUE	TRUE	4.76	6						
2016.09.21	07:07:29.191			0	TRUE	5.347	4.0280	3.550	6.477	TRUE	TRUE	4.71	6						
2016.09.21	07:07:29.642			1	TRUE	5.345	4.0191	3.541	6.472	TRUE	TRUE	4.77	6						
2016.09.21	07:07:30.135			0	TRUE	5.348	4.0309	3.493	6.468	TRUE	TRUE	4.73	6						
2016.09.21	07:07:30.559			0	TRUE	5.343	4.0313	3.507	6.463	TRUE	TRUE	4.71	6						
2016.09.21	07:07:31.028			1	TRUE	5.359	4.0234	3.552	6.475	TRUE	TRUE	4.99	6						
2016.09.21	07:07:31.487			0	TRUE	5.367	4.0292	3.504	6.446	TRUE	TRUE	4.78	6						
2016.09.21	07:07:31.965			0	TRUE	5.349	4.0298	3.521	6.445	TRUE	TRUE	4.77	6						
2016.09.21	07:07:32.427			0	TRUE	5.353	4.0259	3.530	6.432	TRUE	TRUE	4.89	6						
2016.09.21	07:07:32.865			0	TRUE	5.355	4.0296	3.528	6.465	TRUE	TRUE	4.75	6						
2016.09.21	07:07:33.347			1	TRUE	5.357	4.0249	3.531	6.470	TRUE	TRUE	4.73	6						
2016.09.21	07:07:33.814			1	TRUE	5.345	4.0126	3.478	6.489	TRUE	TRUE	4.61	6						
2016.09.21	07:07:34.235			1	TRUE	5.356	4.0214	3.493	6.463	TRUE	TRUE	4.48	6						
2016.09.21	07:07:34.699			0	TRUE	5.346	4.0020	3.471	6.496	TRUE	TRUE	4.68	6						
2016.09.21	07:07:35.181			1	TRUE	5.333	4.0170	3.504	6.452	TRUE	TRUE	4.92	6						
2016.09.21	07:07:35.629			0	TRUE	5.357	4.0027	3.500	6.488	TRUE	TRUE	4.78	6						
2016.09.21	07:07:36.071			1	TRUE	5.338	4.0248	3.584	6.477	TRUE	TRUE	4.84	6						
2016.09.21	07:07:36.556			0	TRUE	5.330	4.0291	3.531	6.457	TRUE	TRUE	4.95	6						
2016.09.21	07:07:37.022			1	TRUE	5.355	4.0153	3.531	6.491	TRUE	TRUE	4.91	6						
2016.09.21	07:07:37.497			0	TRUE	5.365	4.0250	3.537	6.481	TRUE	TRUE	4.91	6						
2016.09.21	07:07:37.942			0	TRUE	5.353	4.0306	3.490	6.457	TRUE	TRUE	4.72	6						
2016.09.21	07:07:38.394			1	TRUE	5.343	4.0122	3.496	6.482	TRUE	TRUE	4.87	6						
2016.09.21	07:07:38.860			1	TRUE	5.348	4.0164	3.522	6.436	TRUE	TRUE	4.72	6						
2016.09.21	07:07:39.342			0	TRUE	5.338	4.0290	3.541	6.455	TRUE	TRUE	4.77	6						
2016.09.21	07:07:39.797			1	TRUE	5.359	4.0190	3.527	6.477	TRUE	TRUE	4.92	6						
2016.09.21	07:07:40.248			0	TRUE	5.356	4.0301	3.509	6.491	TRUE	TRUE	4.78	6						
2016.09.21	07:07:40.717			0	TRUE	5.343	4.0040	3.547	6.492	TRUE	TRUE	4.80	6						
2016.09.21	07:07:41.166			1	TRUE	5.345	4.0245	3.487	6.475	TRUE	TRUE	4.75	6						
2016.09.21	07:07:41.640			0	TRUE	5.350	4.0277	3.510	6.480	TRUE	TRUE	4.89	6						
2016.09.21	07:07:42.104			0	TRUE	5.349	4.0047	3.500	6.477	TRUE	TRUE	4.70	6						
2016.09.21	07:07:42.546			0	TRUE	5.352	4.0295	3.529	6.460	TRUE	TRUE	4.73	6						
2016.09.21	07:07:43.010			1	TRUE	5.356	4.0154	3.553	6.453	TRUE	TRUE	4.88	6						
2016.09.21	07:07:43.473			0	TRUE	5.349	4.0275	3.551	6.414	TRUE	TRUE	4.93	6						
2016.09.21	07:07:43.927			0	TRUE	5.359	4.0115	3.530	6.462	TRUE	TRUE	4.29	4						
2016.09.21	07:07:44.386			0	TRUE	5.350	4.0278	3.506	6.465	TRUE	TRUE	4.82	6						
2016.09.21	07:07:44.871			0	TRUE	5.340	4.0278	3.497	6.440	TRUE	TRUE	4.90	6						
2016.09.21	07:07:45.301			0	TRUE	5.355	4.0305	3.553	6.478	TRUE	TRUE	4.76	6						
2016.09.21	07:07:45.779			0	TRUE	5.351	4.0044	3.501	6.448	TRUE	TRUE	4.63	6						
2016.09.21	07:07:46.253			0	TRUE	5.346	4.0000	3.487	6.474	TRUE	TRUE	4.81	6						
2016.09.21	07:07:46.717			0	TRUE	5.338	4.0286	3.552	6.469	TRUE	TRUE	4.93	6						
2016.09.21	07:07:47.174			0	TRUE	5.348	4.0279	3.497	6.484	TRUE	TRUE	4.77	6						
2016.09.21	07:07:47.619			0	TRUE	5.343	4.0240	3.496	6.475	FALSE	TRUE	4.81	6						
2016.09.21	07:07:48.080			1	TRUE	5.340	4.0194	3.487	6.474	TRUE	TRUE	4.79	6						
2016.09.21	07:07:48.567			0	TRUE	5.350	4.0287	3.552	6.470	TRUE	TRUE	4.78	6						
2016.09.21	07:07:49.006			0	TRUE	5.355	4.0040	3.527	6.483	TRUE	TRUE	4.87	6						
2016.09.21	07:07:49.464			1	TRUE	5.351	4.0177	3.480	6.510	TRUE	TRUE	4.67	6						
2016.09.21	07:07:49.946			1	TRUE	5.347	4.0221	3.487	6.484	TRUE	TRUE	4.83	6						
2016.09.21	07:07:50.378			0	TRUE	5.354	4.0040	3.502	6.487	TRUE	TRUE	4.81	6						
2016.09.21	07:07:50.830			0	TRUE	5.351	4.0162	3.500	6.468	TRUE	TRUE	4.60	5						
2016.09.21	07:07:51.326			1	TRUE	5.353	4.0230	3.538	6.496	TRUE	TRUE	4.82	6						
2016.09.21	07:07:51.786			1	TRUE	5.339	4.0132	3.538	6.457	TRUE	TRUE	5.07	6						
2016.09.21	07:07:52.233			1	TRUE	5.340	4.0246	3.514	6.488	TRUE	TRUE	4.80	6						
2016.09.21	07:07:52.701			0	TRUE	5.345	4.0271	3.547	6.473	TRUE	TRUE	4.80	6						
2016.09.21	07:07:53.158			0	TRUE	5.342	4.0305	3.540	6.488	TRUE	TRUE	4.93	6						
2016.09.21	07:07:53.612			0	TRUE	5.352	4.0267	3.463	6.465	TRUE	TRUE	4.80	6						
2016.09.21	07:07:54.087			0	TRUE	5.347	4.0121	3.501	6.486	TRUE	TRUE	4.39	5						
2016.09.21	07:07:54.545			0	TRUE	5.358	4.0258	3.533	6.496	TRUE	TRUE	4.87	6						
2016.09.21	07:07:55.012			1	TRUE	5.348	4.0151	3.481	6.453	TRUE	TRUE	4.81	6						
2016.09.21	07:07:55.452			1	TRUE	5.345	4.0118	3.536	6.465	TRUE	TRUE	4.83	6						
2016.09.21	07:07:55.917			1	TRUE	5.354	4.0104	3.537	6.489	TRUE	TRUE	4.73	6						
2016.09.21	07:07:56.381			1	TRUE	5.345	4.0130	3.530	6.440	TRUE	TRUE	4.68	6						
2016.09.21	07:07:56.830			0	TRUE	5.345	4.0003	3.588	6.486	TRUE	TRUE	4.75	6						
2016.09.21	07:07:57.303			1	TRUE	5.340	4.0246	3.535	6.446	TRUE	TRUE	4.90	6						
2016.09.21	07:07:57.778			1	TRUE	5.343	4.0200	3.482	6.487	TRUE	TRUE	4.75	6						
2016.09.21	07:07:58.235			1	TRUE	5.340	4.0189	3.484	6.485	TRUE	TRUE	4.89	6						
2016.09.21	07:07:58.685			1	TRUE	5.351	4.0202	3.545	6.490	TRUE	TRUE	4.70	6						
2016.09.21	07:07:59.156			0	TRUE	5.355	4.0146	3.527	6.454	TRUE	TRUE	4.38	5						
2016.09.21	07:07:59.608			0	TRUE	5.361	4.0052	3.531	6.467	FALSE	TRUE	4.89	6						
2016.09.21	07:08:00.061			0	TRUE	5.337	4.0117	3.486	6.481	TRUE	TRUE	4.73	5						
2016.09.21	07:08:00.515			1	TRUE	5.347	4.0157	3.503	6.455	TRUE	TRUE	4.92	6						
2016.09.21	07:08:01.000			0	TRUE	5.345	4.0316	3.498	6.470	TRUE	TRUE	4.82	6						
2016.09.21	07:08:01.459			1	TRUE	5.357	4.0240	3.490	6.512	TRUE	TRUE	4.71	6						
2016.09.21	07:08:01.916			1	TRUE	5.341	4.0179	3.533	6.471	TRUE	TRUE	4.90	6						
2016.09.21	07:08:02.378			0	TRUE	5.355	3.9964	3.518	6.498	TRUE	TRUE	4.78	6						
2016.09.21	07:08:02.828			0	TRUE	5.352	4.0257	3.475	6.475	TRUE	TRUE	4.65	6						
2016.09.21	07:08:03.286			1	TRUE	5.343	4.0176	3.544	6.479	TRUE	TRUE	4.95	6						
2016.09.21	07:08:03.757			0	TRUE	5.363	4.0283	3.508	6.489	FALSE	TRUE	4.97	6						
2016.09.21	07:08:04.212			0	TRUE	5.355	4.0312	3.506	6.458	TRUE	TRUE	4.88	6						
2016.09.21	07:08:04.682			0	TRUE	5.353	4.0251	3.530	6.457	TRUE	TRUE	4.78	6						
2016.09.21	07:08:05.137			1	TRUE	5.340	4.0173	3.516	6.455	TRUE	TRUE	4.82	6						
2016.09.21	07:08:05.610			0	TRUE	5.358	4.0342	3.510	6.509	TRUE	TRUE	4.82	6						
2016.09.21	07:08:06.068			0	TRUE	5.362	4.0372	3.545	6.456	TRUE	TRUE	4.74	6						
2016.09.21	07:08:06.514			0	TRUE	5.349	4.0253	3.517	6.503	TRUE	TRUE	4.49	6						
2016.09.21	07:08:06.993			1	TRUE	5.359	4.0198	3.514	6.501	TRUE	TRUE	5.14	6						
2016.09.21	07:08:07.447			0	TRUE	5.346	4.0260	3.518	6.429	TRUE	TRUE	4.71	6						
2016.09.21	07:08:07.881			1	TRUE	5.345	4.0246	3.514	6.487	TRUE	TRUE	4.75	6						
2016.09.21	07:08:08.358			1	TRUE	5.349	4.0124	3.574	6.460	TRUE	TRUE	4.57	6						
2016.09.21	07:08:08.837			0	TRUE	5.348	4.0257	3.508	6.469	TRUE	TRUE	4.52	6						
2016.09.21	07:08:09.296			0	TRUE	5.348	4.0251	3.527	6.478	TRUE	TRUE	4.92	6						
2016.09.21	07:08:09.747			0	TRUE	5.336	4.0005	3.489	6.485	FALSE	TRUE	4.93	6						
2016.09.21	07:08:10.222			0	TRUE	5.350	4.0148	3.531	6.508	FALSE	TRUE	5.09	5						
2016.09.21	07:08:10.676			0	TRUE	5.347	4.0265	3.515	6.478	TRUE	TRUE	4.87	6						
2016.09.21	07:08:11.133			1	TRUE	5.352	4.0124	3.521	6.480	TRUE	TRUE	4.80	6						
2016.09.21	07:08:11.600			0	TRUE	5.352	4.0337	3.535	6.440	TRUE	TRUE	4.72	6						
2016.09.21	07:08:12.056			0	TRUE	5.349	4.0016	3.511	6.468	TRUE	TRUE	4.86	6						
2016.09.21	07:08:12.522			0	TRUE	5.358	4.0279	3.531	6.446	TRUE	TRUE	4.72	6						
2016.09.21	07:08:12.966			1	TRUE	5.354	4.0213	3.523	6.475	TRUE	TRUE	4.86	6						
2016.09.21	07:08:13.449			1	TRUE	5.344	4.0111	3.514	6.459	TRUE	TRUE	4.79	6						
2016.09.21	07:08:13.863			0	TRUE	5.356	3.9978	3.505	6.484	TRUE	TRUE	4.72	6						
2016.09.21	07:08:14.347			1	TRUE	5.341	4.0165	3.483	6.485	TRUE	TRUE	4.73	6						
2016.09.21	07:08:14.833			1	TRUE	5.330	4.0139	3.542	6.440	TRUE	TRUE	4.91	6						
2016.09.21	07:08:15.285			1	TRUE	5.341	4.0207	3.499	6.473	TRUE	TRUE	4.71	6						
2016.09.21	07:08:15.742			0	TRUE	5.357	4.1166	3.516	6.503	TRUE	TRUE	4.78	6						
2016.09.21	07:08:16.219			1	TRUE	5.353	4.0161	3.502	6.489	TRUE	TRUE	4.53	6						
2016.09.21	07:08:16.684			0	TRUE	5.348	4.0271	3.509	6.428	TRUE	TRUE	4.79	6						
2016.09.21	07:08:17.134			1	TRUE	5.361	4.0191	3.524	6.453	TRUE	TRUE	4.84	6						
2016.09.21	07:08:17.570			0	TRUE	5.341	4.0264	3.527	6.443	TRUE	TRUE	4.79	6						
2016.09.21	07:08:18.050			0	TRUE	5.363	4.0260	3.509	6.449	TRUE	TRUE	4.85	6						
2016.09.21	07:08:18.512			0	TRUE	5.344	4.0279	3.494	6.466	TRUE	TRUE	4.75	6						
2016.09.21	07:08:18.980			0	TRUE	5.351	4.0277	3.482	6.476	TRUE	TRUE	4.71	6						
2016.09.21	07:08:19.450			1	TRUE	5.346	4.0211	3.474	6.493	TRUE	TRUE	4.92	6						
2016.09.21	07:08:19.900			1	TRUE	5.341	4.0243	3.537	6.433	TRUE	TRUE	4.88	6						
2016.09.21	07:08:20.348			1	TRUE	5.349	4.0175	3.568	6.480	TRUE	TRUE	4.89	6						
2016.09.21	07:08:20.835			1	TRUE	5.341	4.0149	3.505	6.478	TRUE	TRUE	4.90	6						
2016.09.21	07:08:21.265			0	TRUE	5.354	4.0302	3.548	6.472	TRUE	TRUE	4.89	6						
2016.09.21	07:08:21.738			1	TRUE	5.337	4.0239	3.497	6.478	TRUE	TRUE	4.81	6						
2016.09.21	07:08:22.211			1	TRUE	5.331	4.0244	3.484	6.480	TRUE	TRUE	4.86	6						
2016.09.21	07:08:22.654			0	TRUE	5.354	4.0278	3.518	6.448	TRUE	TRUE	4.77	6						
2016.09.21	07:08:23.119			1	TRUE	5.336	4.0202	3.504	6.447	TRUE	TRUE	4.81	6						
2016.09.21	07:08:23.570			0	TRUE	5.363	4.0302	3.532	6.466	TRUE	TRUE	4.94	6						
2016.09.21	07:08:24.083			1	TRUE	5.343	4.0237	3.497	6.487	TRUE	TRUE	4.73	6						
2016.09.21	07:08:24.506			0	TRUE	5.353	4.0301	3.536	6.483	TRUE	TRUE	4.74	6						
2016.09.21	07:08:24.975			0	TRUE	5.349	4.0265	3.509	6.470	TRUE	TRUE	5.01	6						
2016.09.21	07:08:25.427			0	TRUE	5.348	4.0044	3.548	6.494	TRUE	TRUE	4.63	6						
2016.09.21	07:08:25.897			1	TRUE	5.354	4.0160	3.475	6.496	TRUE	TRUE	4.70	6						
2016.09.21	07:08:26.338			0	TRUE	5.350	4.0037	3.523	6.464	TRUE	TRUE	4.81	6						
2016.09.21	07:08:26.811			0	TRUE	5.347	4.0037	3.514	6.464	TRUE	TRUE	4.61	6						
2016.09.21	07:08:27.263			1	TRUE	5.354	4.0063	3.581	6.462	TRUE	TRUE	4.83	6						
2016.09.21	07:08:27.719			1	TRUE	5.339	4.0161	3.495	6.468	TRUE	TRUE	4.71	6						
2016.09.21	07:08:28.191			1	TRUE	5.359	4.0239	3.510	6.506	TRUE	TRUE	5.00	6						
2016.09.21	07:08:28.645			0	TRUE	5.352	4.0301	3.529	6.462	TRUE	TRUE	4.78	6						
2016.09.21	07:08:29.107			0	TRUE	5.351	4.0303	3.510	6.477	TRUE	TRUE	4.70	6						
2016.09.21	07:08:29.582			1	TRUE	5.350	4.0100	3.486	6.496	TRUE	TRUE	4.83	6						
2016.09.21	07:08:30.046			0	TRUE	5.335	4.0257	3.525	6.460	TRUE	TRUE	5.10	5						
2016.09.21	07:08:30.493			0	TRUE	5.351	4.0301	3.553	6.451	TRUE	TRUE	4.87	6						
2016.09.21	07:08:30.962			0	TRUE	5.349	4.0253	3.530	6.507	TRUE	TRUE	4.70	6						
2016.09.21	07:08:31.425			1	TRUE	5.353	4.0249	3.519	6.494	TRUE	TRUE	4.95	6						
2016.09.21	07:08:31.883			0	TRUE	5.354	4.0340	3.539	6.472	TRUE	TRUE	4.73	6						
2016.09.21	07:08:32.336			0	TRUE	5.347	4.0153	3.528	6.494	FALSE	TRUE	4.75	6						
2016.09.21	07:08:32.793			1	TRUE	5.352	4.0244	3.549	6.441	TRUE	TRUE	4.67	6						
2016.09.21	07:08:33.260			1	TRUE	5.345	4.0249	3.517	6.497	TRUE	TRUE	4.60	6						
2016.09.21	07:08:33.729			1	TRUE	5.349	4.0249	3.487	6.478	TRUE	TRUE	4.77	6						
2016.09.21	07:08:34.204			0	TRUE	5.359	4.0296	3.530	6.472	TRUE	TRUE	4.82	6						
2016.09.21	07:08:34.636			0	TRUE	5.348	4.0254	3.494	6.488	TRUE	TRUE	4.88	6						
2016.09.21	07:08:35.109			0	TRUE	5.356	4.0291	3.517	6.486	TRUE	TRUE	4.69	6						
2016.09.21	07:08:35.561			1	TRUE	5.337	4.0108	3.484	6.454	TRUE	TRUE	4.77	6						
2016.09.21	07:08:36.002			0	TRUE	5.341	4.0166	3.477	6.471	TRUE	TRUE	4.60	5						
2016.09.21	07:08:36.500			0	TRUE	5.350	4.0259	3.540	6.425	TRUE	TRUE	4.50	6						
2016.09.21	07:08:36.949			1	TRUE	5.338	4.0123	3.538	6.469	TRUE	TRUE	4.71	6						
2016.09.21	07:08:37.412			1	TRUE	5.351	4.0228	3.546	6.488	TRUE	TRUE	4.84	6						
2016.09.21	07:08:37.887			1	TRUE	5.363	4.0135	3.574	6.454	TRUE	TRUE	4.77	6						
2016.09.21	07:08:38.325			0	TRUE	5.347	4.0270	3.538	6.513	TRUE	TRUE	4.73	6						
2016.09.21	07:08:38.794			1	TRUE	5.345	4.0144	3.552	6.430	TRUE	TRUE	4.68	6						
2016.09.21	07:08:39.268			0	TRUE	5.357	4.0252	3.531	6.475	TRUE	TRUE	4.80	6						
2016.09.21	07:08:39.714			1	TRUE	5.347	4.0133	3.554	6.495	TRUE	TRUE	4.72	6						
2016.09.21	07:08:40.178			1	TRUE	5.348	4.0243	3.517	6.465	TRUE	TRUE	4.70	6						
2016.09.21	07:08:40.645			0	TRUE	5.351	4.0285	3.528	6.528	TRUE	TRUE	4.73	6						
2016.09.21	07:08:41.106			0	TRUE	5.350	4.0282	3.576	6.449	TRUE	TRUE	4.68	6						
2016.09.21	07:08:41.570			1	TRUE	5.346	4.0116	3.483	6.492	TRUE	TRUE	4.78	6						
2016.09.21	07:08:42.027			0	TRUE	5.342	4.0262	3.527	6.470	TRUE	TRUE	4.90	6						
2016.09.21	07:08:42.470			1	TRUE	5.356	4.0061	3.535	6.439	TRUE	TRUE	4.77	6						
2016.09.21	07:08:42.929			0	TRUE	5.350	4.0128	3.538	6.465	TRUE	TRUE	4.75	5						
2016.09.21	07:08:43.418			0	TRUE	5.344	4.0160	3.499	6.484	FALSE	TRUE	4.76	6						
2016.09.21	07:08:43.861			1	TRUE	5.337	4.0138	3.476	6.470	TRUE	TRUE	4.60	6						
2016.09.21	07:08:44.321			1	TRUE	5.349	4.0153	3.510	6.458	TRUE	TRUE	4.66	6						
2016.09.21	07:08:44.790			1	TRUE	5.334	4.0216	3.504	6.457	TRUE	TRUE	5.15	6						
2016.09.21	07:08:45.267			0	TRUE	5.348	4.0284	3.584	6.440	TRUE	TRUE	4.75	6						
2016.09.21	07:08:45.704			0	TRUE	5.353	4.0333	3.501	6.479	TRUE	TRUE	4.76	6						
2016.09.21	07:08:46.173			0	TRUE	5.351	4.0269	3.509	6.479	TRUE	TRUE	4.56	6						
2016.09.21	07:08:46.626			0	TRUE	5.342	4.0253	3.562	6.456	TRUE	TRUE	4.80	6						
2016.09.21	07:08:47.086			0	TRUE	5.360	4.0119	3.502	6.461	TRUE	TRUE	5.00	5						
2016.09.21	07:08:47.549			0	TRUE	5.351	3.9987	3.494	6.481	TRUE	TRUE	4.85	6						
2016.09.21	07:08:48.016			1	TRUE	5.361	4.0145	3.539	6.521	TRUE	TRUE	4.82	6						
2016.09.21	07:08:48.475			1	TRUE	5.337	4.0195	3.511	6.459	TRUE	TRUE	4.82	6						
2016.09.21	07:08:48.928			0	TRUE	5.337	3.9960	3.529	6.469	TRUE	TRUE	4.87	6						
2016.09.21	07:08:49.383			0	TRUE	5.344	4.0257	3.506	6.474	TRUE	TRUE	4.89	6						
2016.09.21	07:08:49.853			0	TRUE	5.345	4.0322	3.544	6.424	TRUE	TRUE	4.78	6						
2016.09.21	07:08:50.307			1	TRUE	5.353	4.0245	3.492	6.488	TRUE	TRUE	4.86	6						
2016.09.21	07:08:50.784			0	TRUE	5.341	4.0255	3.482	6.469	TRUE	TRUE	4.61	6						
2016.09.21	07:08:51.234			0	TRUE	5.342	4.0040	3.550	6.475	TRUE	TRUE	4.88	6						
2016.09.21	07:08:51.697			1	TRUE	5.347	4.0152	3.483	6.494	TRUE	TRUE	4.76	6						
2016.09.21	07:08:52.171			0	TRUE	5.350	4.0324	3.523	6.476	TRUE	TRUE	4.77	6						
2016.09.21	07:08:52.615			0	TRUE	5.355	4.0263	3.549	6.439	TRUE	TRUE	4.78	6						
2016.09.21	07:08:53.091			0	TRUE	5.347	4.0044	3.509	6.499	TRUE	TRUE	4.74	6						
2016.09.21	07:08:53.526			1	TRUE	5.343	4.0179	3.481	6.433	TRUE	TRUE	4.80	6						
2016.09.21	07:08:54.015			0	TRUE	5.332	3.9953	3.546	6.456	TRUE	TRUE	5.11	6						
2016.09.21	07:08:54.457			1	TRUE	5.355	4.0164	3.559	6.476	TRUE	TRUE	4.53	6						
2016.09.21	07:08:54.939			0	TRUE	5.347	4.0252	3.499	6.492	TRUE	TRUE	4.94	6						
2016.09.21	07:08:55.374			0	TRUE	5.354	4.0268	3.468	6.507	TRUE	TRUE	4.63	6						
2016.09.21	07:08:55.836			1	TRUE	5.343	4.0104	3.483	6.491	TRUE	TRUE	5.04	6						
2016.09.21	07:08:56.315			1	TRUE	5.338	4.0128	3.545	6.444	TRUE	TRUE	5.05	6						
2016.09.21	07:08:56.822			1	TRUE	5.350	4.0244	3.521	6.507	TRUE	TRUE	4.89	6						
2016.09.21	07:08:57.243			1	TRUE	5.340	4.0147	3.483	6.478	TRUE	TRUE	4.73	6						
2016.09.21	07:08:57.705			1	TRUE	5.350	4.0155	3.497	6.465	TRUE	TRUE	4.80	6						
2016.09.21	07:08:58.167			0	TRUE	5.342	4.0255	3.500	6.471	TRUE	TRUE	4.77	5						
2016.09.21	07:08:58.623			0	TRUE	5.351	4.0277	3.515	6.469	TRUE	TRUE	4.76	6						
2016.09.21	07:08:59.030			0	TRUE	5.339	4.0282	3.493	6.485	TRUE	TRUE	4.84	6						
2016.09.21	07:08:59.542			0	TRUE	5.344	4.0152	3.526	6.484	TRUE	TRUE	4.93	5						
2016.09.21	07:08:59.993			1	TRUE	5.349	4.0249	3.493	6.475	TRUE	TRUE	4.68	6						
2016.09.21	07:09:00.452			0	TRUE	5.353	4.0260	3.532	6.469	TRUE	TRUE	4.81	6						
2016.09.21	07:09:00.922			0	TRUE	5.335	4.0308	3.527	6.475	TRUE	TRUE	5.01	6						
2016.09.21	07:09:01.368			1	TRUE	5.353	4.0154	3.494	6.473	TRUE	TRUE	4.73	6						
2016.09.21	07:09:01.831			1	TRUE	5.334	4.0168	3.537	6.473	TRUE	TRUE	4.67	6						
2016.09.21	07:09:02.307			0	TRUE	5.343	4.0319	3.514	6.466	TRUE	TRUE	4.93	6						
2016.09.21	07:09:02.767			0	TRUE	5.348	4.0263	3.572	6.464	TRUE	TRUE	5.02	6						
2016.09.21	07:09:03.220			0	TRUE	5.345	4.0261	3.506	6.497	TRUE	TRUE	4.68	6						
2016.09.21	07:09:03.691			0	TRUE	5.351	4.0230	3.487	6.455	TRUE	TRUE	4.31	4						
2016.09.21	07:09:04.155			1	TRUE	5.342	4.0153	3.540	6.474	TRUE	TRUE	4.94	6						
2016.09.21	07:09:04.616			0	TRUE	5.346	4.0259	3.494	6.489	TRUE	TRUE	4.77	6						
2016.09.21	07:09:05.072			0	TRUE	5.338	3.9996	3.500	6.482	TRUE	TRUE	4.76	6						
2016.09.21	07:09:05.536			0	TRUE	5.352	4.0283	3.537	6.444	TRUE	TRUE	4.78	6						
2016.09.21	07:09:05.990			0	TRUE	5.347	4.0296	3.523	6.521	FALSE	TRUE	4.83	6						
2016.09.21	07:09:06.472			0	TRUE	5.357	4.0267	3.539	6.490	TRUE	TRUE	4.86	6						
2016.09.21	07:09:06.917			0	TRUE	5.354	4.0029	3.520	6.456	TRUE	TRUE	4.59	6						
2016.09.21	07:09:07.387			0	TRUE	5.351	4.0028	3.583	6.438	TRUE	TRUE	4.66	6						
2016.09.21	07:09:07.845			1	TRUE	5.340	4.0141	3.578	6.484	TRUE	TRUE	4.97	6						
2016.09.21	07:09:08.298			0	TRUE	5.351	4.0030	3.517	6.449	TRUE	TRUE	4.65	6						
2016.09.21	07:09:08.749			0	TRUE	5.347	4.0258	3.505	6.453	TRUE	TRUE	4.68	6						
2016.09.21	07:09:09.223			0	TRUE	5.349	4.0276	3.561	6.489	TRUE	TRUE	4.79	6						
2016.09.21	07:09:09.680			1	TRUE	5.355	4.0246	3.500	6.499	TRUE	TRUE	4.88	6						
2016.09.21	07:09:10.137			0	TRUE	5.359	4.0304	3.509	6.502	TRUE	TRUE	4.57	6						
2016.09.21	07:09:10.615			0	TRUE	5.347	4.0000	3.500	6.496	TRUE	TRUE	4.75	6						
2016.09.21	07:09:11.070			0	TRUE	5.359	4.0328	3.551	6.422	TRUE	TRUE	4.70	6						
2016.09.21	07:09:11.534			0	TRUE	5.346	4.0273	3.485	6.491	TRUE	TRUE	4.84	6						
2016.09.21	07:09:11.979			0	TRUE	5.344	4.0258	3.539	6.481	TRUE	TRUE	4.85	6						
2016.09.21	07:09:12.458			1	TRUE	5.339	4.0248	3.565	6.444	TRUE	TRUE	4.72	6						
2016.09.21	07:09:12.911			0	TRUE	5.342	4.0253	3.545	6.485	TRUE	TRUE	4.82	6						
2016.09.21	07:09:13.370			0	TRUE	5.344	4.0258	3.555	6.501	TRUE	TRUE	4.60	5						
2016.09.21	07:09:13.827			0	TRUE	5.341	4.0254	3.535	6.476	TRUE	TRUE	4.80	6						
2016.09.21	07:09:14.287			0	TRUE	5.346	4.0036	3.543	6.449	TRUE	TRUE	4.71	6						
2016.09.21	07:09:14.739			1	TRUE	5.336	4.0121	3.549	6.466	TRUE	TRUE	4.88	6						
2016.09.21	07:09:15.216			1	TRUE	5.332	4.0121	3.547	6.466	TRUE	TRUE	4.86	6						
2016.09.21	07:09:15.657			1	TRUE	5.350	4.0113	3.486	6.505	TRUE	TRUE	4.68	6						
2016.09.21	07:09:16.143			0	TRUE	5.344	4.0090	3.503	6.473	TRUE	TRUE	4.66	5						
2016.09.21	07:09:16.581			1	TRUE	5.332	4.0165	3.558	6.444	TRUE	TRUE	4.85	6						
2016.09.21	07:09:17.035			0	TRUE	5.339	4.0021	3.503	6.440	TRUE	TRUE	4.72	6						
2016.09.21	07:09:17.525			1	TRUE	5.353	4.0172	3.532	6.504	TRUE	TRUE	4.90	6						
2016.09.21	07:09:17.966			1	TRUE	5.347	4.0086	3.514	6.439	TRUE	TRUE	4.61	6						
2016.09.21	07:09:18.447			1	TRUE	5.336	4.0249	3.536	6.459	TRUE	TRUE	4.97	6						
2016.09.21	07:09:18.909			0	TRUE	5.335	4.0304	3.550	6.472	TRUE	TRUE	4.94	6						
2016.09.21	07:09:19.358			0	TRUE	5.338	4.0267	3.496	6.487	TRUE	TRUE	4.87	6						
2016.09.21	07:09:19.829			0	TRUE	5.358	4.0176	3.530	6.473	TRUE	TRUE	4.21	3						
2016.09.21	07:09:20.258			0	TRUE	5.368	4.0184	3.525	6.461	TRUE	TRUE	4.40	5						
2016.09.21	07:09:20.743			0	TRUE	5.345	4.0253	3.508	6.416	TRUE	TRUE	4.74	6						
2016.09.21	07:09:21.192			0	TRUE	5.350	4.0266	3.515	6.459	TRUE	TRUE	4.84	6						
2016.09.21	07:09:21.670			0	TRUE	5.358	4.0253	3.521	6.457	TRUE	TRUE	4.87	6						
2016.09.21	07:09:22.130			0	TRUE	5.355	4.0170	3.521	6.506	FALSE	TRUE	4.88	6						
2016.09.21	07:09:22.593			0	TRUE	5.335	4.0022	3.460	6.493	TRUE	TRUE	4.88	6						
2016.09.21	07:09:23.048			0	TRUE	5.350	4.0351	3.550	6.446	TRUE	TRUE	4.51	6						
2016.09.21	07:09:23.503			0	TRUE	5.344	4.0294	3.533	6.448	FALSE	TRUE	4.70	6						
2016.09.21	07:09:23.948			0	TRUE	5.359	4.0036	3.507	6.500	TRUE	TRUE	4.85	6						
2016.09.21	07:09:24.435			0	TRUE	5.361	4.0043	3.509	6.492	TRUE	TRUE	4.74	6						
2016.09.21	07:09:24.890			1	TRUE	5.340	4.0113	3.510	6.448	TRUE	TRUE	4.90	6						
2016.09.21	07:09:25.333			0	TRUE	5.360	4.0332	3.538	6.487	TRUE	TRUE	4.71	6						
2016.09.21	07:09:25.813			0	TRUE	5.355	4.0350	3.568	6.445	TRUE	TRUE	4.76	6						
2016.09.21	07:09:26.284			1	TRUE	5.350	4.0053	3.544	6.436	TRUE	TRUE	4.97	6						
2016.09.21	07:09:26.740			1	TRUE	5.345	4.0231	3.481	6.503	TRUE	TRUE	4.87	6						
2016.09.21	07:09:27.206			0	TRUE	5.349	4.0272	3.510	6.458	TRUE	TRUE	4.83	6						
2016.09.21	07:09:27.650			0	TRUE	5.346	4.0040	3.515	6.456	TRUE	TRUE	4.69	6						
2016.09.21	07:09:28.141			1	TRUE	5.349	4.0139	3.516	6.444	TRUE	TRUE	4.61	6						
2016.09.21	07:09:28.587			1	TRUE	5.333	4.0201	3.526	6.420	TRUE	TRUE	4.86	6						
2016.09.21	07:09:29.030			0	TRUE	5.365	4.0286	3.532	6.475	TRUE	TRUE	4.85	6						
2016.09.21	07:09:39.126			1	TRUE	5.353	4.0218	3.486	6.495	TRUE	TRUE	4.62	6						
2016.09.21	07:09:39.563			1	TRUE	5.346	4.0054	3.524	6.444	TRUE	TRUE	4.71	6						
2016.09.21	07:09:40.052			0	TRUE	NaN	NaN	NaN	NaN	TRUE	TRUE	 	0						
2016.09.21	07:09:40.515			0	TRUE	5.346	4.0218	3.527	6.496	TRUE	TRUE	4.52	5						
2016.09.21	07:09:40.967			1	TRUE	5.350	4.0169	3.487	6.461	TRUE	TRUE	4.86	6						
2016.09.21	07:09:41.443			0	TRUE	5.348	4.0275	3.507	6.476	TRUE	TRUE	4.69	6						
2016.09.21	07:09:41.881			0	TRUE	5.342	4.0269	3.535	6.486	TRUE	TRUE	4.41	5						
2016.09.21	07:09:44.132			0	TRUE	5.345	4.0254	3.512	6.493	FALSE	TRUE	4.73	6						
2016.09.21	07:09:44.582			0	TRUE	5.360	4.0014	3.509	6.496	TRUE	TRUE	4.67	6						
2016.09.21	07:09:45.039			0	TRUE	5.348	4.0252	3.502	6.495	TRUE	TRUE	4.98	6						
2016.09.21	07:09:45.518			0	TRUE	5.360	4.0292	3.508	6.485	TRUE	TRUE	4.82	6						
2016.09.21	07:09:45.965			0	TRUE	5.335	4.0253	3.524	6.492	TRUE	TRUE	4.85	6						
2016.09.21	07:09:46.452			0	TRUE	5.333	4.0037	3.533	6.441	FALSE	TRUE	4.71	6						
2016.09.21	07:09:48.575			1	TRUE	5.349	4.0051	3.554	6.482	TRUE	TRUE	4.68	6						
2016.09.21	07:09:49.032			0	TRUE	5.350	4.0355	3.537	6.441	TRUE	TRUE	4.73	6						
2016.09.21	07:09:49.963			0	TRUE	5.349	4.0017	3.526	6.408	TRUE	TRUE	4.71	6						
2016.09.21	07:09:50.420			0	TRUE	5.348	4.0263	3.488	6.449	TRUE	TRUE	4.79	6						
2016.09.21	07:09:50.890			0	TRUE	5.338	4.0245	3.556	6.468	FALSE	TRUE	4.94	6						
2016.09.21	07:09:51.338			0	TRUE	5.354	4.0254	3.523	6.469	TRUE	TRUE	4.67	6						
2016.09.21	07:09:53.570			1	TRUE	5.354	4.0149	3.548	6.438	TRUE	TRUE	5.04	6						
2016.09.21	07:09:54.029			1	TRUE	5.345	4.0199	3.503	6.509	TRUE	TRUE	5.01	6						
2016.09.21	07:09:54.493			1	TRUE	5.351	4.0169	3.542	6.459	TRUE	TRUE	4.67	6						
2016.09.21	07:09:54.944			0	TRUE	5.356	4.0279	3.531	6.457	TRUE	TRUE	4.87	6						
2016.09.21	07:09:55.420			0	TRUE	5.363	4.0264	3.520	6.490	TRUE	TRUE	4.79	6						
2016.09.21	07:09:55.858			1	TRUE	5.336	4.0145	3.544	6.459	TRUE	TRUE	5.13	6						
2016.09.21	07:09:56.323			0	TRUE	5.342	4.0252	3.506	6.458	TRUE	TRUE	4.70	6						
2016.09.21	07:09:56.809			1	TRUE	5.349	4.0228	3.529	6.467	TRUE	TRUE	4.71	6						
2016.09.21	07:09:57.252			1	TRUE	5.353	4.0188	3.476	6.498	TRUE	TRUE	4.55	6						
2016.09.21	07:09:57.735			0	TRUE	5.336	4.0336	3.505	6.486	FALSE	TRUE	4.84	6						
2016.09.21	07:09:58.183			0	TRUE	5.336	4.0280	3.566	6.449	TRUE	TRUE	4.81	6						
2016.09.21	07:09:58.634			0	TRUE	5.343	4.0261	3.514	6.451	TRUE	TRUE	4.76	6						
2016.09.21	07:09:59.104			0	TRUE	5.348	4.0294	3.545	6.445	TRUE	TRUE	4.90	6						
2016.09.21	07:09:59.558			1	TRUE	5.347	4.0193	3.514	6.475	TRUE	TRUE	4.87	6						
2016.09.21	07:10:00.027			0	TRUE	5.356	4.0288	3.509	6.420	TRUE	TRUE	4.56	6						
2016.09.21	07:10:00.488			0	TRUE	5.362	4.0282	3.532	6.415	TRUE	TRUE	4.47	6						
2016.09.21	07:10:00.955			0	TRUE	5.345	4.0045	3.519	6.456	TRUE	TRUE	4.79	6						
2016.09.21	07:10:01.404			0	TRUE	5.341	4.0278	3.496	6.479	TRUE	TRUE	4.87	6						
2016.09.21	07:10:01.867			1	TRUE	5.353	4.0143	3.500	6.494	TRUE	TRUE	4.89	6						
2016.09.21	07:10:02.337			0	TRUE	5.351	4.0251	3.576	6.477	TRUE	TRUE	4.75	6						
2016.09.21	07:10:02.790			0	TRUE	5.348	4.0282	3.519	6.500	TRUE	TRUE	4.76	6						
2016.09.21	07:10:03.251			1	TRUE	5.350	4.0204	3.511	6.433	TRUE	TRUE	4.72	6						
2016.09.21	07:10:03.714			0	TRUE	5.349	4.0280	3.523	6.502	TRUE	TRUE	4.74	6						
2016.09.21	07:10:04.180			0	TRUE	5.358	4.0257	3.490	6.492	TRUE	TRUE	4.78	6						
2016.09.21	07:10:04.642			1	TRUE	5.334	4.0150	3.547	6.438	TRUE	TRUE	4.94	6						
2016.09.21	07:10:05.101			1	TRUE	5.351	4.0242	3.561	6.481	TRUE	TRUE	4.93	6						
2016.09.21	07:10:05.532			0	TRUE	5.352	4.0287	3.536	6.465	TRUE	TRUE	4.71	6						
2016.09.21	07:10:06.008			0	TRUE	5.352	4.0311	3.515	6.473	TRUE	TRUE	4.94	6						
2016.09.21	07:10:06.475			1	TRUE	5.339	4.0248	3.484	6.462	TRUE	TRUE	4.87	6						
2016.09.21	07:10:06.951			0	TRUE	5.356	4.0036	3.569	6.459	TRUE	TRUE	4.73	6						
2016.09.21	07:10:07.408			1	TRUE	5.353	4.0248	3.540	6.465	TRUE	TRUE	4.74	6						
2016.09.21	07:10:07.866			1	TRUE	5.349	4.0245	3.494	6.499	TRUE	TRUE	4.75	6						
2016.09.21	07:10:08.321			1	TRUE	5.348	4.0249	3.537	6.496	TRUE	TRUE	4.83	6						
2016.09.21	07:10:08.797			0	TRUE	5.356	4.0280	3.545	6.427	TRUE	TRUE	4.68	6						
2016.09.21	07:10:09.241			0	TRUE	5.355	4.0284	3.562	6.438	TRUE	TRUE	4.71	6						
2016.09.21	07:10:09.715			0	TRUE	5.344	4.0246	3.517	6.508	TRUE	TRUE	4.64	5						
2016.09.21	07:10:10.167			0	TRUE	5.358	4.0041	3.528	6.451	TRUE	TRUE	4.56	6						
2016.09.21	07:10:10.616			0	TRUE	5.345	4.0250	3.527	6.459	TRUE	TRUE	4.77	6						
2016.09.21	07:10:11.087			0	TRUE	5.353	4.0316	3.519	6.469	TRUE	TRUE	4.66	6						
2016.09.21	07:10:11.538			0	TRUE	5.352	4.0306	3.513	6.479	TRUE	TRUE	4.85	6						
2016.09.21	07:10:12.008			0	TRUE	5.352	4.0344	3.501	6.470	TRUE	TRUE	4.77	6						
2016.09.21	07:10:12.453			1	TRUE	5.346	4.0174	3.547	6.500	TRUE	TRUE	4.79	6						
2016.09.21	07:10:12.936			1	TRUE	5.360	4.0122	3.509	6.499	TRUE	TRUE	4.88	6						
2016.09.21	07:10:13.362			1	TRUE	5.347	4.0249	3.529	6.435	TRUE	TRUE	4.65	6						
2016.09.21	07:10:13.861			0	TRUE	5.345	4.0180	3.535	6.409	TRUE	TRUE	4.58	5						
2016.09.21	07:10:14.314			0	TRUE	5.353	4.0152	3.511	6.458	TRUE	TRUE	4.53	5						
2016.09.21	07:10:14.779			0	TRUE	5.351	4.0307	3.543	6.468	TRUE	TRUE	4.68	6						
2016.09.21	07:10:15.236			0	TRUE	5.346	4.0269	3.496	6.446	TRUE	TRUE	4.66	6						
2016.09.21	07:10:15.688			0	TRUE	5.354	4.0001	3.493	6.498	TRUE	TRUE	4.91	6						
2016.09.21	07:10:16.159			1	TRUE	5.349	4.0051	3.502	6.416	TRUE	TRUE	4.64	6						
2016.09.21	07:10:16.623			0	TRUE	5.347	4.0312	3.510	6.483	TRUE	TRUE	4.94	6						
2016.09.21	07:10:17.089			0	TRUE	5.337	4.0281	3.525	6.460	TRUE	TRUE	4.75	6						
2016.09.21	07:10:17.548			0	TRUE	5.344	4.0270	3.530	6.476	TRUE	TRUE	4.85	6						
2016.09.21	07:10:18.011			0	TRUE	5.352	4.0250	3.571	6.421	TRUE	TRUE	4.80	6						
2016.09.21	07:10:18.459			1	TRUE	5.341	4.0185	3.547	6.482	TRUE	TRUE	4.93	6						
2016.09.21	07:10:18.901			0	TRUE	5.344	3.9969	3.510	6.472	TRUE	TRUE	4.81	6						
2016.09.21	07:10:19.373			0	TRUE	5.357	4.0252	3.536	6.504	TRUE	TRUE	4.73	6						
2016.09.21	07:10:19.850			0	TRUE	5.354	4.0118	3.558	6.465	TRUE	TRUE	4.59	5						
2016.09.21	07:10:20.300			1	TRUE	5.348	4.0110	3.515	6.474	TRUE	TRUE	4.81	6						
2016.09.21	07:10:24.261			0	TRUE	5.344	4.0044	3.505	6.501	TRUE	TRUE	4.82	6						
2016.09.21	07:10:24.712			1	TRUE	5.339	4.0113	3.480	6.453	TRUE	TRUE	4.79	6						
2016.09.21	07:10:25.173			0	TRUE	5.352	4.0254	3.532	6.448	TRUE	TRUE	4.93	6						
2016.09.21	07:10:25.634			1	TRUE	5.342	4.0123	3.537	6.437	TRUE	TRUE	5.02	6						
2016.09.21	07:10:26.103			1	TRUE	5.360	4.0150	3.498	6.464	TRUE	TRUE	4.93	6						
2016.09.21	07:10:26.556			1	TRUE	5.356	4.0089	3.518	6.476	TRUE	TRUE	4.83	6						
2016.09.21	07:10:27.011			1	TRUE	5.353	4.0136	3.547	6.495	TRUE	TRUE	4.85	6						
2016.09.21	07:10:27.480			0	TRUE	5.351	3.9966	3.520	6.456	TRUE	TRUE	4.83	6						
2016.09.21	07:10:27.944			0	TRUE	5.349	4.0174	3.512	6.485	TRUE	TRUE	4.50	5						
2016.09.21	07:10:28.387			0	TRUE	5.352	4.0134	3.515	6.439	TRUE	TRUE	4.40	5						
2016.09.21	07:10:28.881			0	TRUE	5.349	4.0137	3.488	6.444	TRUE	TRUE	4.56	5						
2016.09.21	07:10:29.324			0	TRUE	5.345	4.0250	3.526	6.480	TRUE	TRUE	4.74	6						
2016.09.21	07:10:29.809			1	TRUE	5.365	4.0164	3.528	6.463	TRUE	TRUE	4.83	6						
2016.09.21	07:10:30.271			0	TRUE	5.356	4.0286	3.522	6.462	TRUE	TRUE	4.75	6						
2016.09.21	07:10:30.735			1	TRUE	5.355	4.0246	3.497	6.468	TRUE	TRUE	4.66	6						
2016.09.21	07:10:31.191			0	TRUE	5.348	4.0033	3.556	6.444	TRUE	TRUE	4.78	6						
2016.09.21	07:10:31.725			0	TRUE	5.327	4.0162	3.485	6.448	TRUE	TRUE	 	0						
2016.09.21	07:10:32.127			1	TRUE	5.350	4.0153	3.587	6.457	TRUE	TRUE	4.73	6						
2016.09.21	07:10:32.565			1	TRUE	5.346	4.0215	3.530	6.443	TRUE	TRUE	4.84	6						
2016.09.21	07:10:33.026			0	TRUE	5.345	4.0271	3.520	6.472	TRUE	TRUE	5.04	6						
2016.09.21	07:10:33.519			1	TRUE	5.349	4.0236	3.456	6.523	TRUE	TRUE	4.55	6						
2016.09.21	07:10:33.953			0	TRUE	5.360	4.0252	3.496	6.500	TRUE	TRUE	4.65	6						
2016.09.21	07:10:34.425			0	TRUE	5.349	4.0250	3.524	6.446	TRUE	TRUE	4.83	6						
2016.09.21	07:10:34.902			0	TRUE	5.349	4.0137	3.504	6.465	TRUE	TRUE	4.44	5						
2016.09.21	07:10:35.377			0	TRUE	NaN	NaN	NaN	NaN	TRUE	TRUE	 	0						
2016.09.21	07:11:39.906			1	TRUE	5.351	4.0133	3.515	6.481	TRUE	TRUE	4.78	6						
2016.09.21	07:11:40.374			0	TRUE	5.338	4.0038	3.512	6.462	TRUE	TRUE	4.68	6						
2016.09.21	07:11:40.824			1	TRUE	5.342	4.0148	3.508	6.504	TRUE	TRUE	4.77	6						
2016.09.21	07:11:41.294			0	TRUE	5.332	4.0003	3.522	6.427	FALSE	TRUE	4.91	6						
2016.09.21	07:11:41.767			0	TRUE	5.354	4.0301	3.514	6.414	FALSE	TRUE	4.83	6						
2016.09.21	07:11:42.217			1	TRUE	5.342	4.0159	3.506	6.454	TRUE	TRUE	4.87	6						
2016.09.21	07:11:42.671			0	TRUE	5.355	4.0303	3.521	6.459	TRUE	TRUE	4.76	6						
2016.09.21	07:11:43.147			0	TRUE	5.354	4.0354	3.553	6.441	TRUE	TRUE	4.74	6						
2016.09.21	07:11:43.616			0	TRUE	5.351	4.0254	3.512	6.433	TRUE	TRUE	4.64	6						
2016.09.21	07:11:44.065			1	TRUE	5.343	4.0239	3.547	6.440	TRUE	TRUE	4.91	6						
2016.09.21	07:11:44.528			0	TRUE	5.366	4.0272	3.473	6.441	TRUE	TRUE	4.70	6						
2016.09.21	07:11:44.971			0	TRUE	5.352	4.0265	3.535	6.475	TRUE	TRUE	4.72	6						
2016.09.21	07:11:45.448			0	TRUE	5.337	4.0279	3.488	6.455	TRUE	TRUE	5.01	6						
2016.09.21	07:11:45.901			0	TRUE	5.355	4.0282	3.508	6.488	TRUE	TRUE	4.81	6						
2016.09.21	07:11:46.376			0	TRUE	5.345	4.1119	3.529	6.424	TRUE	TRUE	4.77	6						
2016.09.21	07:11:46.813			1	TRUE	5.346	4.0181	3.443	6.390	TRUE	TRUE	4.74	6						
2016.09.21	07:11:47.292			0	TRUE	5.338	4.0250	3.562	6.417	TRUE	TRUE	4.87	6						
2016.09.21	07:11:47.783			0	TRUE	5.343	4.0320	3.509	6.484	TRUE	TRUE	4.95	6						
2016.09.21	07:11:48.219			1	TRUE	5.348	4.0124	3.470	6.497	TRUE	TRUE	4.87	6						
2016.09.21	07:11:48.672			1	TRUE	5.339	4.0135	3.541	6.456	TRUE	TRUE	5.18	6						
2016.09.21	07:11:49.147			0	TRUE	5.345	4.0309	3.513	6.468	TRUE	TRUE	4.78	6						
2016.09.21	07:11:49.603			0	TRUE	5.334	4.0257	3.520	6.478	FALSE	TRUE	4.80	6						
2016.09.21	07:11:50.046			1	TRUE	5.351	4.0171	3.523	6.470	TRUE	TRUE	4.86	6						
2016.09.21	07:11:50.521			0	TRUE	5.371	4.0307	3.501	6.483	TRUE	TRUE	4.70	6						
2016.09.21	07:11:50.996			0	TRUE	5.352	4.0270	3.529	6.490	TRUE	TRUE	4.81	6						
2016.09.21	07:11:51.438			1	TRUE	5.349	4.0140	3.516	6.475	TRUE	TRUE	4.95	6						
2016.09.21	07:11:51.924			0	TRUE	5.354	4.0292	3.535	6.484	TRUE	TRUE	4.84	6						
2016.09.21	07:11:52.365			0	TRUE	5.342	4.0283	3.562	6.462	TRUE	TRUE	4.71	6						
2016.09.21	07:11:52.835			1	TRUE	5.343	4.0164	3.507	6.464	TRUE	TRUE	4.78	6						
2016.09.21	07:11:53.274			0	TRUE	5.352	3.9998	3.513	6.462	TRUE	TRUE	5.03	6						
2016.09.21	07:11:53.756			1	TRUE	5.351	4.0130	3.500	6.478	TRUE	TRUE	4.89	6						
2016.09.21	07:11:54.198			0	TRUE	5.353	4.0254	3.536	6.465	TRUE	TRUE	4.84	6						
2016.09.21	07:11:54.658			0	TRUE	5.360	4.0274	3.532	6.502	TRUE	TRUE	4.72	6						
2016.09.21	07:11:55.125			1	TRUE	5.345	4.0196	3.521	6.487	TRUE	TRUE	4.89	6						
2016.09.21	07:11:55.591			0	TRUE	5.352	4.0259	3.481	6.507	TRUE	TRUE	4.65	6						
2016.09.21	07:11:56.045			0	TRUE	5.352	4.0042	3.566	6.425	TRUE	TRUE	4.67	6						
2016.09.21	07:11:56.513			0	TRUE	5.344	4.0332	3.502	6.478	FALSE	TRUE	4.90	6						
2016.09.21	07:11:56.970			0	TRUE	5.361	4.0324	3.520	6.487	TRUE	TRUE	4.68	6						
2016.09.21	07:11:57.432			0	TRUE	5.353	4.0331	3.503	6.486	TRUE	TRUE	4.73	6						
2016.09.21	07:11:57.905			0	TRUE	5.347	4.0016	3.568	6.503	TRUE	TRUE	4.88	6						
2016.09.21	07:11:58.357			1	TRUE	5.357	4.0210	3.483	6.449	TRUE	TRUE	4.69	6						
2016.09.21	07:11:58.813			0	TRUE	5.358	4.0270	3.562	6.455	TRUE	TRUE	4.72	6						
2016.09.21	07:11:59.281			0	TRUE	5.351	4.0250	3.520	6.470	TRUE	TRUE	4.51	6						
2016.09.21	07:11:59.736			0	TRUE	5.353	3.9997	3.487	6.495	TRUE	TRUE	4.89	6						
2016.09.21	07:12:00.193			1	TRUE	5.349	4.0138	3.510	6.450	TRUE	TRUE	4.68	6						
2016.09.21	07:12:00.667			0	TRUE	5.332	3.9979	3.485	6.504	TRUE	TRUE	4.82	6						
2016.09.21	07:12:01.124			0	TRUE	5.343	4.0253	3.537	6.449	TRUE	TRUE	4.68	6						
2016.09.21	07:12:01.580			0	TRUE	5.340	4.0262	3.469	6.479	TRUE	TRUE	4.87	6						
2016.09.21	07:12:02.045			0	TRUE	5.344	4.0302	3.513	6.487	TRUE	TRUE	4.80	6						
2016.09.21	07:12:02.515			0	TRUE	5.338	4.0275	3.482	6.453	TRUE	TRUE	4.88	6						
2016.09.21	07:12:02.963			0	TRUE	5.360	4.0254	3.499	6.457	TRUE	TRUE	5.06	6						
2016.09.21	07:12:03.417			0	TRUE	5.351	4.0177	3.508	6.476	FALSE	TRUE	4.71	6						
2016.09.21	07:12:03.886			1	TRUE	5.343	4.0215	3.551	6.499	TRUE	TRUE	4.96	6						
2016.09.21	07:12:04.344			0	TRUE	5.352	4.0287	3.531	6.487	TRUE	TRUE	4.71	6						
2016.09.21	07:12:04.839			1	TRUE	5.323	4.0104	3.483	6.443	TRUE	TRUE	4.95	6						
2016.09.21	07:12:05.265			0	TRUE	5.356	4.0289	3.537	6.471	TRUE	TRUE	4.66	6						
2016.09.21	07:12:05.724			0	TRUE	5.354	4.0282	3.498	6.462	TRUE	TRUE	4.75	6						
2016.09.21	07:12:06.198			0	TRUE	5.342	4.0262	3.514	6.454	TRUE	TRUE	4.80	6						
2016.09.21	07:12:06.656			0	TRUE	5.335	4.0105	3.500	6.505	FALSE	TRUE	4.89	6						
2016.09.21	07:12:07.113			0	TRUE	5.352	3.9956	3.469	6.491	TRUE	TRUE	4.88	6						
2016.09.21	07:12:07.567			0	TRUE	5.352	4.0322	3.504	6.519	TRUE	TRUE	4.72	6						
2016.09.21	07:12:08.042			0	TRUE	5.351	4.0042	3.451	6.488	TRUE	TRUE	4.69	6						
2016.09.21	07:12:08.501			0	TRUE	5.354	4.0257	3.490	6.497	TRUE	TRUE	4.92	6						
2016.09.21	07:12:08.959			1	TRUE	5.342	4.0067	3.513	6.480	TRUE	TRUE	4.81	6						
2016.09.21	07:12:09.414			1	TRUE	5.345	4.0219	3.530	6.471	TRUE	TRUE	4.77	6						
2016.09.21	07:12:09.881			0	TRUE	5.350	4.0008	3.524	6.491	TRUE	TRUE	4.76	6						
2016.09.21	07:12:10.340			1	TRUE	5.332	4.0116	3.554	6.429	TRUE	TRUE	5.03	6						
2016.09.21	07:12:10.799			0	TRUE	5.351	4.0273	3.524	6.461	TRUE	TRUE	4.71	6						
2016.09.21	07:12:11.265			1	TRUE	5.361	4.0163	3.545	6.461	TRUE	TRUE	4.93	6						
2016.09.21	07:12:11.717			0	TRUE	5.335	4.0262	3.584	6.459	TRUE	TRUE	5.21	4						
2016.09.21	07:12:12.174			1	TRUE	5.351	4.0079	3.504	6.482	TRUE	TRUE	4.91	6						
2016.09.21	07:12:12.658			0	TRUE	5.359	4.0270	3.487	6.517	TRUE	TRUE	4.62	6						
2016.09.21	07:12:13.101			1	TRUE	5.355	4.0164	3.507	6.475	TRUE	TRUE	4.84	6						
2016.09.21	07:12:13.566			1	TRUE	5.329	4.0193	3.559	6.447	TRUE	TRUE	4.92	6						
2016.09.21	07:12:14.034			0	TRUE	5.346	4.0192	3.558	6.439	TRUE	TRUE	4.65	5						
2016.09.21	07:12:14.491			1	TRUE	5.345	4.0172	3.522	6.479	TRUE	TRUE	4.75	6						
2016.09.21	07:12:14.960			1	TRUE	5.348	4.0170	3.506	6.484	TRUE	TRUE	4.80	6						
2016.09.21	07:12:15.375			0	TRUE	5.346	4.0019	3.499	6.464	TRUE	TRUE	4.77	6						
2016.09.21	07:12:15.877			1	TRUE	5.356	4.0170	3.518	6.502	TRUE	TRUE	4.72	6						
2016.09.21	07:12:16.327			1	TRUE	5.351	4.0082	3.547	6.491	TRUE	TRUE	4.72	6						
2016.09.21	07:12:16.801			1	TRUE	5.354	4.0246	3.514	6.444	TRUE	TRUE	4.87	6						
2016.09.21	07:12:17.270			0	TRUE	5.360	4.0266	3.518	6.478	TRUE	TRUE	4.64	6						
2016.09.21	07:12:17.714			0	TRUE	5.352	4.0022	3.522	6.456	TRUE	TRUE	4.82	6						
2016.09.21	07:12:18.188			1	TRUE	5.338	4.0201	3.537	6.474	TRUE	TRUE	4.89	6						
2016.09.21	07:12:18.623			0	TRUE	5.344	4.0251	3.551	6.442	TRUE	TRUE	4.74	6						
2016.09.21	07:12:19.111			1	TRUE	5.345	4.0194	3.545	6.458	TRUE	TRUE	4.93	6						
2016.09.21	07:12:19.545			0	TRUE	5.346	4.0233	3.476	6.445	FALSE	TRUE	4.84	6						
2016.09.21	07:12:20.016			1	TRUE	5.348	4.0241	3.513	6.452	TRUE	TRUE	4.95	6						
2016.09.21	07:12:20.495			0	TRUE	5.362	4.0253	3.523	6.450	TRUE	TRUE	4.80	6						
2016.09.21	07:12:20.936			1	TRUE	5.324	4.0240	3.536	6.460	TRUE	TRUE	4.93	6						
2016.09.21	07:12:21.410			0	TRUE	5.346	4.0062	3.551	6.473	TRUE	TRUE	5.13	5						
2016.09.21	07:12:21.872			0	TRUE	5.357	4.0308	3.547	6.473	TRUE	TRUE	4.82	6						
2016.09.21	07:12:22.340			1	TRUE	5.347	4.0181	3.487	6.474	TRUE	TRUE	4.67	6						
2016.09.21	07:12:22.790			1	TRUE	5.355	4.0243	3.529	6.451	TRUE	TRUE	4.91	6						
2016.09.21	07:12:23.249			1	TRUE	5.351	4.0239	3.505	6.495	TRUE	TRUE	4.86	6						
2016.09.21	07:12:23.726			0	TRUE	5.353	4.0270	3.491	6.468	TRUE	TRUE	4.69	6						
2016.09.21	07:12:24.164			0	TRUE	5.339	4.0254	3.557	6.445	TRUE	TRUE	4.89	6						
2016.09.21	07:12:24.624			1	TRUE	5.343	4.0199	3.538	6.447	TRUE	TRUE	4.69	6						
2016.09.21	07:12:25.080			1	TRUE	5.345	4.0161	3.575	6.462	TRUE	TRUE	4.93	6						
2016.09.21	07:12:25.548			0	TRUE	5.364	4.0284	3.530	6.484	TRUE	TRUE	4.88	6						
2016.09.21	07:12:26.017			0	TRUE	5.370	4.0323	3.472	6.521	TRUE	TRUE	4.64	6						
2016.09.21	07:12:26.460			0	TRUE	5.332	4.0039	3.541	6.468	TRUE	TRUE	4.77	6						
2016.09.21	07:12:26.939			0	TRUE	5.349	4.0047	3.569	6.444	TRUE	TRUE	4.69	6						
2016.09.21	07:12:27.373			0	TRUE	5.338	4.0288	3.582	6.449	TRUE	TRUE	4.90	6						
2016.09.21	07:12:27.872			0	TRUE	5.343	4.0047	3.497	6.484	TRUE	TRUE	4.74	6						
2016.09.21	07:12:28.321			0	TRUE	5.342	4.0032	3.525	6.474	TRUE	TRUE	5.15	6						
2016.09.21	07:12:28.777			0	TRUE	5.348	4.0280	3.497	6.495	TRUE	TRUE	4.81	6						
2016.09.21	07:12:29.244			0	TRUE	5.349	4.0279	3.516	6.534	TRUE	TRUE	4.86	6						
2016.09.21	07:12:29.705			0	TRUE	5.346	4.0292	3.520	6.500	TRUE	TRUE	4.77	6						
2016.09.21	07:12:30.154			0	TRUE	5.352	4.0304	3.518	6.476	TRUE	TRUE	4.77	6						
2016.09.21	07:12:30.618			1	TRUE	5.352	4.0149	3.545	6.450	TRUE	TRUE	4.92	6						
2016.09.21	07:12:31.085			0	TRUE	5.352	4.0300	3.532	6.422	TRUE	TRUE	4.56	6						
2016.09.21	07:12:31.537			1	TRUE	5.352	4.0095	3.544	6.462	TRUE	TRUE	4.64	6						
2016.09.21	07:12:32.005			1	TRUE	5.341	4.0159	3.506	6.436	TRUE	TRUE	4.81	6						
2016.09.21	07:12:32.467			1	TRUE	5.347	4.0154	3.523	6.465	TRUE	TRUE	4.90	6						
2016.09.21	07:12:32.929			1	TRUE	5.343	4.0249	3.537	6.434	TRUE	TRUE	4.79	6						
2016.09.21	07:12:33.404			1	TRUE	5.350	4.0140	3.541	6.472	TRUE	TRUE	4.94	6						
2016.09.21	07:12:33.855			1	TRUE	5.351	4.0170	3.493	6.463	TRUE	TRUE	4.74	6						
2016.09.21	07:12:34.309			0	TRUE	5.341	4.0259	3.509	6.501	TRUE	TRUE	4.83	6						
2016.09.21	07:12:34.771			1	TRUE	5.343	4.0096	3.484	6.487	TRUE	TRUE	4.76	6						
2016.09.21	07:12:35.244			0	TRUE	5.344	4.0274	3.567	6.486	TRUE	TRUE	4.75	6						
2016.09.21	07:12:35.686			0	TRUE	5.337	4.0269	3.540	6.457	TRUE	TRUE	4.82	6						
2016.09.21	07:12:36.152			0	TRUE	5.351	3.9978	3.503	6.502	TRUE	TRUE	4.81	6						
2016.09.21	07:12:36.607			1	TRUE	5.351	4.0155	3.487	6.446	TRUE	TRUE	4.80	6						
2016.09.21	07:12:37.062			0	TRUE	5.352	4.0025	3.544	6.488	TRUE	TRUE	4.93	6						
2016.09.21	07:12:37.540			1	TRUE	5.349	4.0240	3.506	6.457	TRUE	TRUE	4.94	6						
2016.09.21	07:12:38.006			0	TRUE	5.347	4.0264	3.533	6.473	TRUE	TRUE	4.70	6						
2016.09.21	07:12:38.471			0	TRUE	5.343	4.0267	3.496	6.459	TRUE	TRUE	4.68	6						
2016.09.21	07:12:38.922			0	TRUE	5.340	4.0039	3.559	6.448	TRUE	TRUE	4.85	6						
2016.09.21	07:12:39.378			0	TRUE	5.346	4.0035	3.508	6.454	TRUE	TRUE	4.75	6						
2016.09.21	07:12:39.835			1	TRUE	5.362	4.0050	3.521	6.471	TRUE	TRUE	4.60	6						
2016.09.21	07:12:40.297			0	TRUE	5.340	4.0262	3.555	6.468	TRUE	TRUE	4.96	6						
2016.09.21	07:12:40.771			1	TRUE	5.351	4.0184	3.534	6.481	TRUE	TRUE	4.78	6						
2016.09.21	07:12:41.241			1	TRUE	5.362	4.0246	3.516	6.486	TRUE	TRUE	4.82	6						
2016.09.21	07:12:41.683			1	TRUE	5.348	4.0247	3.512	6.472	TRUE	TRUE	4.67	6						
2016.09.21	07:12:42.151			0	TRUE	5.347	4.0037	3.544	6.431	TRUE	TRUE	4.85	6						
2016.09.21	07:12:42.585			0	TRUE	5.357	4.0262	3.503	6.463	TRUE	TRUE	4.79	6						
2016.09.21	07:12:43.063			1	TRUE	5.358	4.0196	3.517	6.449	TRUE	TRUE	4.81	6						
2016.09.21	07:12:43.535			0	TRUE	5.338	4.0346	3.525	6.441	FALSE	TRUE	4.72	6						
2016.09.21	07:12:43.988			0	TRUE	5.345	4.0277	3.563	6.482	TRUE	TRUE	4.92	6						
2016.09.21	07:12:44.471			0	TRUE	5.336	4.0265	3.521	6.479	TRUE	TRUE	4.73	6						
2016.09.21	07:12:44.919			0	TRUE	5.346	4.0275	3.495	6.440	TRUE	TRUE	4.76	6						
2016.09.21	07:12:45.369			1	TRUE	5.339	4.0240	3.554	6.502	TRUE	TRUE	4.87	6						
2016.09.21	07:12:45.847			0	TRUE	5.352	4.0117	3.534	6.459	TRUE	TRUE	4.39	5						
2016.09.21	07:12:46.298			1	TRUE	5.346	4.0248	3.507	6.479	TRUE	TRUE	4.98	6						
2016.09.21	07:12:46.754			0	TRUE	5.342	4.0164	3.510	6.463	TRUE	TRUE	4.58	5						
2016.09.21	07:12:47.224			1	TRUE	5.342	4.0143	3.470	6.490	TRUE	TRUE	4.76	6						
2016.09.21	07:12:47.664			0	TRUE	5.361	4.0333	3.489	6.464	TRUE	TRUE	4.85	6						
2016.09.21	07:12:48.151			0	TRUE	5.349	4.0310	3.503	6.521	TRUE	TRUE	4.98	6						
2016.09.21	07:12:48.599			0	TRUE	5.353	4.0241	3.552	6.430	TRUE	TRUE	4.67	5						
2016.09.21	07:12:49.047			0	TRUE	5.361	4.0370	3.524	6.458	TRUE	TRUE	4.66	6						
2016.09.21	07:12:49.524			0	TRUE	5.356	4.0286	3.512	6.489	TRUE	TRUE	4.81	6						
2016.09.21	07:12:49.986			1	TRUE	5.342	4.0235	3.550	6.461	TRUE	TRUE	4.76	6						
2016.09.21	07:12:50.431			0	TRUE	5.351	4.0294	3.524	6.504	TRUE	TRUE	4.87	6						
2016.09.21	07:12:50.913			1	TRUE	5.366	4.0145	3.510	6.493	TRUE	TRUE	4.74	6						
2016.09.21	07:12:51.368			0	TRUE	5.352	4.0270	3.536	6.428	TRUE	TRUE	4.61	6						
2016.09.21	07:12:51.822			0	TRUE	5.340	4.0224	3.546	6.444	FALSE	TRUE	4.65	6						
2016.09.21	07:12:52.278			1	TRUE	5.340	4.0194	3.516	6.465	TRUE	TRUE	4.82	6						
2016.09.21	07:12:52.755			0	TRUE	5.356	4.0252	3.536	6.444	TRUE	TRUE	4.85	6						
2016.09.21	07:12:53.246			0	TRUE	5.345	4.0251	3.518	6.482	TRUE	TRUE	4.85	6						
2016.09.21	07:12:53.676			1	TRUE	5.351	4.0237	3.507	6.450	TRUE	TRUE	4.78	6						
2016.09.21	07:12:54.135			1	TRUE	5.343	4.0071	3.569	6.447	TRUE	TRUE	4.78	6						
2016.09.21	07:12:54.585			1	TRUE	5.329	4.0240	3.556	6.435	TRUE	TRUE	4.92	6						
2016.09.21	07:12:55.060			1	TRUE	5.348	4.0153	3.515	6.492	TRUE	TRUE	4.65	6						
2016.09.21	07:12:55.525			1	TRUE	5.349	4.0194	3.536	6.470	TRUE	TRUE	4.77	6						
2016.09.21	07:12:55.968			1	TRUE	5.345	4.0245	3.471	6.502	TRUE	TRUE	4.66	6						
2016.09.21	07:12:56.462			0	TRUE	5.333	4.0276	3.497	6.455	TRUE	TRUE	4.93	6						
2016.09.21	07:12:56.909			0	TRUE	5.344	3.9990	3.568	6.469	TRUE	TRUE	4.68	6						
2016.09.21	07:12:57.356			1	TRUE	5.333	4.0249	3.506	6.414	TRUE	TRUE	4.52	6						
2016.09.21	07:12:57.824			1	TRUE	5.350	4.0206	3.494	6.499	TRUE	TRUE	4.72	6						
2016.09.21	07:12:58.293			0	TRUE	5.350	4.0042	3.496	6.505	TRUE	TRUE	4.86	6						
2016.09.21	07:12:58.733			0	TRUE	5.338	4.0295	3.538	6.473	TRUE	TRUE	4.86	6						
2016.09.21	07:12:59.205			1	TRUE	5.333	4.0246	3.510	6.479	TRUE	TRUE	4.80	6						
2016.09.21	07:12:59.671			1	TRUE	5.341	4.0123	3.496	6.461	TRUE	TRUE	4.59	6						
2016.09.21	07:13:00.124			1	TRUE	5.338	4.0171	3.531	6.478	TRUE	TRUE	4.94	6						
2016.09.21	07:13:00.589			0	TRUE	5.339	4.0301	3.545	6.475	TRUE	TRUE	4.89	6						
2016.09.21	07:13:01.052			0	TRUE	5.350	4.0292	3.583	6.421	TRUE	TRUE	4.67	6						
2016.09.21	07:13:01.493			1	TRUE	5.353	4.0199	3.531	6.463	TRUE	TRUE	4.98	6						
2016.09.21	07:13:01.966			0	TRUE	5.335	3.9936	3.523	6.455	TRUE	TRUE	4.87	6						
2016.09.21	07:13:02.430			0	TRUE	5.344	4.0264	3.531	6.444	TRUE	TRUE	4.98	6						
2016.09.21	07:13:02.880			0	TRUE	5.359	4.0014	3.520	6.485	TRUE	TRUE	4.87	6						
2016.09.21	07:13:03.343			0	TRUE	5.344	4.0273	3.515	6.491	TRUE	TRUE	4.94	6						
2016.09.21	07:13:03.821			0	TRUE	5.340	4.0263	3.565	6.463	TRUE	TRUE	4.58	6						
2016.09.21	07:13:04.285			0	TRUE	5.344	4.0302	3.532	6.459	TRUE	TRUE	4.82	6						
2016.09.21	07:13:04.728			1	TRUE	5.340	4.0110	3.527	6.457	TRUE	TRUE	4.77	6						
2016.09.21	07:13:05.189			0	TRUE	5.351	4.0036	3.558	6.439	TRUE	TRUE	4.71	6						
2016.09.21	07:13:05.655			1	TRUE	5.350	4.0207	3.508	6.498	TRUE	TRUE	4.97	6						
2016.09.21	07:13:06.104			0	TRUE	5.356	4.0151	3.502	6.471	FALSE	TRUE	4.91	6						
2016.09.21	07:13:06.575			0	TRUE	5.353	4.0312	3.535	6.449	TRUE	TRUE	4.82	6						
2016.09.21	07:13:07.045			0	TRUE	5.359	4.0259	3.517	6.468	TRUE	TRUE	4.86	6						
2016.09.21	07:13:07.483			0	TRUE	5.345	4.0320	3.546	6.467	TRUE	TRUE	4.82	6						
2016.09.21	07:13:07.956			1	TRUE	5.361	4.0066	3.525	6.458	TRUE	TRUE	4.45	6						
2016.09.21	07:13:08.426			0	TRUE	5.350	4.0359	3.531	6.433	TRUE	TRUE	4.81	6						
2016.09.21	07:13:08.894			0	TRUE	5.354	3.9949	3.546	6.516	TRUE	TRUE	4.81	6						
2016.09.21	07:13:09.342			1	TRUE	5.349	4.0140	3.541	6.513	TRUE	TRUE	4.89	6						
2016.09.21	07:13:09.819			1	TRUE	5.351	4.0050	3.555	6.434	TRUE	TRUE	4.66	6						
2016.09.21	07:13:10.273			0	TRUE	5.347	4.0135	3.534	6.460	TRUE	TRUE	4.64	5						
2016.09.21	07:13:10.717			1	TRUE	5.349	4.0160	3.533	6.482	TRUE	TRUE	4.78	6						
2016.09.21	07:13:11.177			1	TRUE	5.357	4.0172	3.504	6.494	TRUE	TRUE	5.04	6						
2016.09.21	07:13:11.635			0	TRUE	5.362	4.0345	3.542	6.478	TRUE	TRUE	4.96	6						
2016.09.21	07:13:12.122			0	TRUE	5.358	4.0296	3.480	6.441	TRUE	TRUE	4.77	6						
2016.09.21	07:13:12.574			0	TRUE	5.347	4.0114	3.554	6.472	TRUE	TRUE	4.53	5						
2016.09.21	07:13:13.047			0	TRUE	5.343	4.0266	3.588	6.469	TRUE	TRUE	4.83	6						
2016.09.21	07:13:13.516			0	TRUE	5.335	4.0269	3.563	6.475	TRUE	TRUE	4.94	6						
2016.09.21	07:13:13.942			1	TRUE	5.338	4.0185	3.538	6.471	TRUE	TRUE	4.87	6						
2016.09.21	07:13:14.424			0	TRUE	5.353	4.0265	3.521	6.518	TRUE	TRUE	4.86	6						
2016.09.21	07:13:14.889			0	TRUE	5.354	4.0290	3.563	6.447	TRUE	TRUE	4.74	6						
2016.09.21	07:13:15.344			0	TRUE	5.348	3.9972	3.508	6.450	TRUE	TRUE	4.95	6						
2016.09.21	07:13:15.787			0	TRUE	5.353	4.0299	3.563	6.469	TRUE	TRUE	4.84	6						
2016.09.21	07:13:16.267			1	TRUE	5.349	4.0220	3.543	6.514	TRUE	TRUE	4.86	6						
2016.09.21	07:13:16.724			1	TRUE	5.349	4.0165	3.520	6.454	TRUE	TRUE	4.83	6						
2016.09.21	07:13:17.168			0	TRUE	5.338	4.0275	3.493	6.489	TRUE	TRUE	4.66	6						
2016.09.21	07:13:17.637			0	TRUE	5.327	4.0162	3.561	6.434	FALSE	TRUE	4.90	6						
2016.09.21	07:13:18.108			0	TRUE	5.352	3.9946	3.510	6.497	TRUE	TRUE	4.79	6						
2016.09.21	07:13:18.550			0	TRUE	5.347	4.0283	3.543	6.481	TRUE	TRUE	5.05	6						
2016.09.21	07:13:19.032			0	TRUE	5.344	4.0365	3.501	6.503	TRUE	TRUE	4.78	6						
2016.09.21	07:13:19.476			1	TRUE	5.360	4.0082	3.534	6.489	TRUE	TRUE	4.98	6						
2016.09.21	07:13:19.953			0	TRUE	5.353	4.0001	3.507	6.465	TRUE	TRUE	4.65	6						
2016.09.21	07:13:20.418			0	TRUE	5.344	4.0264	3.566	6.443	TRUE	TRUE	4.86	6						
2016.09.21	07:13:20.865			0	TRUE	5.348	4.0256	3.565	6.488	TRUE	TRUE	4.86	6						
2016.09.21	07:13:21.331			0	TRUE	5.347	3.9994	3.526	6.469	TRUE	TRUE	4.83	6						
2016.09.21	07:13:21.785			1	TRUE	5.356	4.0050	3.504	6.490	TRUE	TRUE	4.80	6						
2016.09.21	07:13:22.261			0	TRUE	5.347	4.0259	3.490	6.466	TRUE	TRUE	4.76	6						
2016.09.21	07:13:22.690			0	TRUE	5.330	4.0260	3.503	6.435	TRUE	TRUE	4.84	6						
2016.09.21	07:13:23.182			1	TRUE	5.360	4.0159	3.509	6.464	TRUE	TRUE	4.88	6						
2016.09.21	07:13:23.637			0	TRUE	5.329	4.0278	3.497	6.467	TRUE	TRUE	4.83	6						
2016.09.21	07:13:24.094			0	TRUE	5.346	4.0255	3.533	6.493	TRUE	TRUE	4.73	6						
2016.09.21	07:13:24.546			1	TRUE	5.350	4.0171	3.507	6.508	TRUE	TRUE	4.88	6						
2016.09.21	07:13:25.009			1	TRUE	5.349	4.0183	3.526	6.502	TRUE	TRUE	4.61	6						
2016.09.21	07:13:25.472			1	TRUE	5.342	4.0188	3.517	6.468	TRUE	TRUE	4.82	6						
2016.09.21	07:13:25.986			0	TRUE	5.340	4.0301	3.528	6.418	TRUE	TRUE	5.01	6						
2016.09.21	07:13:26.396			0	TRUE	5.340	4.0314	3.527	6.474	TRUE	TRUE	4.91	6						
2016.09.21	07:13:26.857			1	TRUE	5.340	4.0165	3.490	6.486	TRUE	TRUE	4.77	6						
2016.09.21	07:13:27.326			0	TRUE	5.327	4.0251	3.510	6.425	TRUE	TRUE	4.87	6						
2016.09.21	07:13:27.788			0	TRUE	5.357	4.0251	3.526	6.460	TRUE	TRUE	4.94	6						
2016.09.21	07:13:28.237			1	TRUE	5.352	4.0144	3.489	6.491	TRUE	TRUE	4.92	6						
2016.09.21	07:13:28.711			0	TRUE	5.355	4.0302	3.505	6.472	TRUE	TRUE	4.77	6						
2016.09.21	07:13:29.161			0	TRUE	5.349	4.0311	3.514	6.467	TRUE	TRUE	4.69	6						
2016.09.21	07:13:29.616			1	TRUE	5.331	4.0185	3.519	6.441	TRUE	TRUE	4.61	6						
2016.09.21	07:13:30.095			1	TRUE	5.355	4.0200	3.497	6.496	TRUE	TRUE	4.76	6						
2016.09.21	07:13:30.541			0	TRUE	5.356	4.0266	3.506	6.469	TRUE	TRUE	4.63	6						
2016.09.21	07:13:45.908			1	TRUE	5.350	4.0246	3.489	6.484	TRUE	TRUE	4.78	6						
2016.09.21	07:14:04.791			0	TRUE	5.337	4.0005	3.501	6.474	TRUE	TRUE	4.92	6						
2016.09.21	07:14:05.251			0	TRUE	5.346	4.0260	3.557	6.470	TRUE	TRUE	4.87	6						
2016.09.21	07:14:05.707			0	TRUE	5.348	4.0266	3.530	6.432	TRUE	TRUE	4.74	6						
2016.09.21	07:14:06.185			1	TRUE	5.339	4.0112	3.550	6.461	TRUE	TRUE	4.89	6						
2016.09.21	07:14:06.632			0	TRUE	5.352	4.0048	3.551	6.514	TRUE	TRUE	4.80	6						
2016.09.21	07:14:07.100			0	TRUE	5.343	4.0042	3.523	6.487	TRUE	TRUE	4.83	6						
2016.09.21	07:14:07.567			0	TRUE	5.336	4.0266	3.574	6.470	TRUE	TRUE	4.88	6						
2016.09.21	07:14:08.023			1	TRUE	5.367	4.0161	3.510	6.435	TRUE	TRUE	4.84	6						
2016.09.21	07:14:08.472			1	TRUE	5.344	4.0192	3.511	6.479	TRUE	TRUE	4.76	6						
2016.09.21	07:14:08.917			1	TRUE	5.330	4.0215	3.514	6.464	TRUE	TRUE	4.90	6						
2016.09.21	07:14:09.411			1	TRUE	5.350	4.0246	3.552	6.480	TRUE	TRUE	4.92	6						
2016.09.21	07:14:09.857			0	TRUE	5.347	4.0037	3.515	6.456	TRUE	TRUE	4.82	6						
2016.09.21	07:14:10.331			1	TRUE	5.344	4.0195	3.512	6.490	TRUE	TRUE	4.93	6						
2016.09.21	07:14:10.802			1	TRUE	5.346	4.0192	3.505	6.469	TRUE	TRUE	5.10	6						
2016.09.21	07:14:11.240			0	TRUE	5.353	4.0002	3.524	6.502	TRUE	TRUE	4.70	6						
2016.09.21	07:14:11.720			0	TRUE	5.353	4.0260	3.495	6.527	TRUE	TRUE	4.71	6						
2016.09.21	07:14:12.178			0	TRUE	5.350	3.9991	3.516	6.502	TRUE	TRUE	4.72	6						
2016.09.21	07:14:12.642			1	TRUE	5.353	4.0239	3.491	6.464	TRUE	TRUE	4.81	6						
2016.09.21	07:14:13.102			0	TRUE	5.351	4.0252	3.499	6.500	TRUE	TRUE	4.81	6						
2016.09.21	07:14:13.554			1	TRUE	5.348	4.0186	3.464	6.472	TRUE	TRUE	4.59	6						
2016.09.21	07:14:14.029			1	TRUE	5.345	4.0190	3.526	6.496	TRUE	TRUE	4.82	6						
2016.09.21	07:14:14.495			0	TRUE	5.360	4.0262	3.529	6.477	TRUE	TRUE	4.74	6						
2016.09.21	07:14:14.952			1	TRUE	5.360	4.0235	3.519	6.455	TRUE	TRUE	4.75	6						
2016.09.21	07:14:15.401			0	TRUE	5.353	4.0302	3.511	6.474	TRUE	TRUE	4.86	6						
2016.09.21	07:14:15.855			0	TRUE	5.339	4.0017	3.491	6.482	TRUE	TRUE	4.77	6						
2016.09.21	07:14:16.308			1	TRUE	5.350	4.0113	3.554	6.441	TRUE	TRUE	4.91	6						
2016.09.21	07:14:16.788			1	TRUE	5.336	4.0168	3.539	6.479	TRUE	TRUE	4.86	6						
2016.09.21	07:14:17.231			1	TRUE	5.346	4.0173	3.506	6.490	TRUE	TRUE	4.83	6						
2016.09.21	07:14:17.711			0	TRUE	5.352	4.0029	3.487	6.488	TRUE	TRUE	4.72	6						
2016.09.21	07:14:18.153			1	TRUE	5.341	4.0090	3.476	6.506	TRUE	TRUE	4.43	6						
2016.09.21	07:14:18.612			0	TRUE	5.342	4.0271	3.511	6.445	TRUE	TRUE	4.82	6						
2016.09.21	07:14:19.078			0	TRUE	5.344	4.0265	3.503	6.470	TRUE	TRUE	4.72	6						
2016.09.21	07:14:19.542			1	TRUE	5.333	4.0079	3.578	6.488	TRUE	TRUE	4.89	6						
2016.09.21	07:14:19.999			1	TRUE	5.351	4.0052	3.528	6.476	TRUE	TRUE	4.84	6						
2016.09.21	07:14:20.475			0	TRUE	5.351	4.0195	3.506	6.499	TRUE	TRUE	4.09	3						
2016.09.21	07:14:20.940			0	TRUE	5.354	4.0306	3.575	6.425	TRUE	TRUE	4.51	6						
2016.09.21	07:14:21.389			0	TRUE	5.349	4.0253	3.514	6.477	TRUE	TRUE	4.74	6						
2016.09.21	07:14:21.860			0	TRUE	5.347	4.0276	3.581	6.486	TRUE	TRUE	4.93	6						
2016.09.21	07:14:22.320			1	TRUE	5.333	4.0129	3.519	6.446	TRUE	TRUE	5.00	6						
2016.09.21	07:14:22.772			0	TRUE	5.353	4.0297	3.484	6.428	TRUE	TRUE	4.89	6						
2016.09.21	07:14:23.225			0	TRUE	5.349	4.0273	3.506	6.465	TRUE	TRUE	4.73	6						
2016.09.21	07:14:23.683			1	TRUE	5.353	4.0188	3.533	6.433	TRUE	TRUE	4.69	6						
2016.09.21	07:14:24.144			1	TRUE	5.344	4.0243	3.540	6.506	TRUE	TRUE	4.78	6						
2016.09.21	07:14:24.631			1	TRUE	5.335	4.0098	3.487	6.508	TRUE	TRUE	4.77	6						
2016.09.21	07:14:25.079			0	TRUE	5.350	4.0030	3.472	6.462	TRUE	TRUE	4.88	6						
2016.09.21	07:14:25.548			0	TRUE	5.352	4.0285	3.497	6.486	TRUE	TRUE	4.76	6						
2016.09.21	07:14:25.993			1	TRUE	5.355	4.0164	3.542	6.468	TRUE	TRUE	5.05	6						
2016.09.21	07:14:26.460			0	TRUE	5.341	4.0265	3.564	6.443	TRUE	TRUE	4.95	6						
2016.09.21	07:14:26.931			0	TRUE	5.342	4.0287	3.497	6.464	TRUE	TRUE	4.79	6						
2016.09.21	07:14:27.384			0	TRUE	5.338	4.0125	3.524	6.498	TRUE	TRUE	4.62	5						
2016.09.21	07:14:27.846			0	TRUE	5.350	4.0324	3.532	6.440	FALSE	TRUE	4.70	6						
2016.09.21	07:14:28.302			1	TRUE	5.347	4.0166	3.523	6.476	TRUE	TRUE	4.78	6						
2016.09.21	07:14:28.772			0	TRUE	5.340	4.0271	3.483	6.476	TRUE	TRUE	4.80	6						
2016.09.21	07:14:29.237			1	TRUE	5.350	4.0137	3.548	6.460	TRUE	TRUE	4.76	6						
2016.09.21	07:14:29.692			0	TRUE	5.357	4.0258	3.535	6.478	TRUE	TRUE	4.84	6						
2016.09.21	07:14:30.155			1	TRUE	5.345	4.0247	3.536	6.476	TRUE	TRUE	4.90	6						
2016.09.21	07:14:30.603			0	TRUE	5.354	4.0020	3.504	6.510	TRUE	TRUE	5.06	6						
2016.09.21	07:14:31.083			0	TRUE	5.350	4.0372	3.542	6.417	TRUE	TRUE	4.77	6						
2016.09.21	07:14:31.533			1	TRUE	5.354	4.0241	3.511	6.442	TRUE	TRUE	4.71	6						
2016.09.21	07:14:32.010			0	TRUE	5.347	4.0039	3.522	6.454	TRUE	TRUE	4.68	6						
2016.09.21	07:14:32.463			0	TRUE	5.352	4.0049	3.541	6.429	TRUE	TRUE	4.71	6						
2016.09.21	07:14:32.922			1	TRUE	5.342	4.0160	3.493	6.470	TRUE	TRUE	4.85	6						
2016.09.21	07:14:33.374			1	TRUE	5.341	4.0106	3.575	6.480	TRUE	TRUE	4.84	6						
2016.09.21	07:14:33.805			1	TRUE	5.349	4.0054	3.515	6.435	TRUE	TRUE	4.60	6						
2016.09.21	07:14:34.297			0	TRUE	5.347	4.0276	3.541	6.443	TRUE	TRUE	4.75	6						
2016.09.21	07:14:34.776			0	TRUE	5.345	4.0303	3.538	6.476	TRUE	TRUE	4.53	6						
2016.09.21	07:14:35.209			1	TRUE	5.341	4.0248	3.499	6.446	TRUE	TRUE	5.00	6						
2016.09.21	07:14:35.670			0	TRUE	5.341	4.0300	3.578	6.483	TRUE	TRUE	4.79	6						
2016.09.21	07:14:36.138			1	TRUE	5.341	4.0236	3.538	6.488	TRUE	TRUE	4.76	6						
2016.09.21	07:14:36.599			1	TRUE	5.341	4.0187	3.506	6.462	TRUE	TRUE	4.81	6						
2016.09.21	07:14:37.063			0	TRUE	5.343	4.0271	3.490	6.493	TRUE	TRUE	4.71	6						
2016.09.21	07:14:37.492			0	TRUE	5.371	4.0155	3.498	6.474	TRUE	TRUE	4.24	5						
2016.09.21	07:14:37.993			0	TRUE	5.348	4.0259	3.492	6.485	TRUE	TRUE	4.82	6						
2016.09.21	07:14:38.461			0	TRUE	5.349	4.0181	3.531	6.431	TRUE	TRUE	4.37	5						
2016.09.21	07:14:38.893			1	TRUE	5.351	4.0241	3.519	6.482	TRUE	TRUE	4.90	6						
2016.09.21	07:14:39.378			1	TRUE	5.350	4.0243	3.565	6.456	TRUE	TRUE	4.79	6						
2016.09.21	07:14:39.833			1	TRUE	5.334	4.0153	3.501	6.468	TRUE	TRUE	4.85	6						
2016.09.21	07:14:40.288			0	TRUE	5.353	4.0143	3.530	6.473	TRUE	TRUE	4.94	5						
2016.09.21	07:14:40.760			1	TRUE	5.351	4.0107	3.501	6.520	TRUE	TRUE	4.97	6						
2016.09.21	07:14:41.208			1	TRUE	5.353	4.0183	3.514	6.506	TRUE	TRUE	4.90	6						
2016.09.21	07:14:41.675			0	TRUE	5.344	4.0147	3.513	6.487	TRUE	TRUE	4.41	4						
2016.09.21	07:14:42.157			0	TRUE	5.338	4.0146	3.468	6.490	TRUE	TRUE	4.63	5						
2016.09.21	07:14:42.617			1	TRUE	5.340	4.0195	3.500	6.478	TRUE	TRUE	4.83	6						
2016.09.21	07:14:43.063			1	TRUE	5.353	4.0062	3.504	6.451	TRUE	TRUE	4.56	6						
2016.09.21	07:14:43.529			0	TRUE	5.343	4.0287	3.524	6.474	TRUE	TRUE	4.77	6						
2016.09.21	07:14:43.990			0	TRUE	5.356	4.0259	3.499	6.459	TRUE	TRUE	4.71	6						
2016.09.21	07:14:44.427			1	TRUE	5.347	4.0193	3.488	6.476	TRUE	TRUE	4.80	6						
2016.09.21	07:14:44.901			0	TRUE	5.348	4.0266	3.498	6.491	TRUE	TRUE	4.84	6						
2016.09.21	07:14:45.365			0	TRUE	5.352	4.0256	3.528	6.455	TRUE	TRUE	4.75	6						
2016.09.21	07:14:45.827			1	TRUE	5.346	4.0236	3.551	6.491	TRUE	TRUE	4.88	6						
2016.09.21	07:14:46.295			1	TRUE	5.335	4.0161	3.537	6.487	TRUE	TRUE	4.88	6						
2016.09.21	07:14:46.755			0	TRUE	5.344	4.0267	3.523	6.448	TRUE	TRUE	5.05	6						
2016.09.21	07:14:47.184			0	TRUE	5.350	4.0269	3.501	6.493	TRUE	TRUE	4.72	6						
2016.09.21	07:14:47.668			0	TRUE	5.341	4.0254	3.471	6.482	TRUE	TRUE	4.57	6						
2016.09.21	07:14:48.140			0	TRUE	5.341	4.0272	3.509	6.480	TRUE	TRUE	4.66	6						
2016.09.21	07:14:48.605			0	TRUE	5.351	4.0300	3.495	6.480	TRUE	TRUE	4.61	6						
2016.09.21	07:14:49.050			1	TRUE	5.338	4.0244	3.545	6.456	TRUE	TRUE	4.91	6						
2016.09.21	07:14:49.511			0	TRUE	5.351	4.0265	3.486	6.487	TRUE	TRUE	4.78	6						
2016.09.21	07:14:49.983			0	TRUE	5.355	4.0301	3.564	6.458	TRUE	TRUE	4.83	6						
2016.09.21	07:14:50.435			0	TRUE	5.351	4.0184	3.547	6.421	TRUE	TRUE	4.58	5						
2016.09.21	07:14:50.891			1	TRUE	5.350	4.0159	3.508	6.459	TRUE	TRUE	4.95	6						
2016.09.21	07:14:51.349			0	TRUE	5.354	4.0040	3.511	6.512	TRUE	TRUE	4.92	6						
2016.09.21	07:14:51.810			1	TRUE	5.340	4.0244	3.507	6.435	TRUE	TRUE	4.86	6						
2016.09.21	07:14:52.266			1	TRUE	5.335	4.0118	3.470	6.511	TRUE	TRUE	4.69	6						
2016.09.21	07:14:52.748			0	TRUE	5.350	4.0306	3.515	6.445	TRUE	TRUE	4.84	6						
2016.09.21	07:14:53.190			1	TRUE	5.358	4.0246	3.526	6.470	TRUE	TRUE	4.81	6						
2016.09.21	07:14:53.654			0	TRUE	5.349	4.0309	3.532	6.456	TRUE	TRUE	4.62	6						
2016.09.21	07:14:54.119			0	TRUE	5.346	4.0265	3.521	6.465	TRUE	TRUE	4.78	6						
2016.09.21	07:14:54.592			0	TRUE	5.355	4.0149	3.499	6.505	TRUE	TRUE	4.51	5						
2016.09.21	07:14:55.038			0	TRUE	5.346	4.0266	3.555	6.475	TRUE	TRUE	4.75	6						
2016.09.21	07:14:55.513			0	TRUE	5.345	4.0013	3.555	6.422	TRUE	TRUE	4.87	6						
2016.09.21	07:14:55.976			0	TRUE	5.348	4.0322	3.506	6.513	TRUE	TRUE	4.83	6						
2016.09.21	07:14:56.424			0	TRUE	5.357	4.0030	3.497	6.476	TRUE	TRUE	4.91	6						
2016.09.21	07:14:56.887			0	TRUE	5.343	3.9988	3.533	6.448	TRUE	TRUE	4.82	6						
2016.09.21	07:15:01.490			1	TRUE	5.350	4.0236	3.500	6.466	TRUE	TRUE	4.71	6						
2016.09.21	07:15:01.980			0	TRUE	5.359	4.0030	3.503	6.444	TRUE	TRUE	4.41	6						
2016.09.21	07:15:02.422			0	TRUE	5.352	4.0268	3.536	6.474	TRUE	TRUE	4.40	6						
2016.09.21	07:15:02.875			0	TRUE	5.343	4.0339	3.485	6.471	TRUE	TRUE	4.85	6						
2016.09.21	07:15:03.353			0	TRUE	5.343	4.0272	3.518	6.463	TRUE	TRUE	4.91	6						
2016.09.21	07:15:03.815			0	TRUE	5.353	4.0251	3.485	6.503	TRUE	TRUE	4.81	6						
2016.09.21	07:15:04.252			0	TRUE	5.356	4.0259	3.493	6.496	TRUE	TRUE	4.65	6						
2016.09.21	07:15:04.739			0	TRUE	5.346	4.0285	3.516	6.463	TRUE	TRUE	4.78	6						
2016.09.21	07:15:05.182			1	TRUE	5.356	4.0086	3.511	6.468	TRUE	TRUE	4.65	6						
2016.09.21	07:15:05.665			0	TRUE	5.348	4.0292	3.533	6.441	TRUE	TRUE	4.74	6						
2016.09.21	07:15:06.101			1	TRUE	5.341	4.0177	3.486	6.467	TRUE	TRUE	4.91	6						
2016.09.21	07:15:06.570			0	TRUE	5.344	4.0038	3.555	6.455	TRUE	TRUE	4.65	6						
2016.09.21	07:15:07.031			1	TRUE	5.331	4.0117	3.476	6.497	TRUE	TRUE	4.90	6						
2016.09.21	07:15:07.482			0	TRUE	5.351	4.0048	3.466	6.470	TRUE	TRUE	4.65	6						
2016.09.21	07:15:07.943			0	TRUE	5.348	4.0297	3.529	6.463	TRUE	TRUE	4.73	6						
2016.09.21	07:15:08.404			0	TRUE	5.353	4.0262	3.517	6.500	TRUE	TRUE	4.76	6						
2016.09.21	07:15:08.857			1	TRUE	5.345	4.0144	3.498	6.481	TRUE	TRUE	4.44	6						
2016.09.21	07:15:09.333			0	TRUE	5.343	4.0263	3.510	6.468	TRUE	TRUE	4.75	6						
2016.09.21	07:15:09.806			1	TRUE	5.353	4.0136	3.505	6.455	TRUE	TRUE	5.05	6						
2016.09.21	07:15:10.261			1	TRUE	5.349	4.0152	3.536	6.505	TRUE	TRUE	4.67	6						
2016.09.21	07:15:10.710			0	TRUE	5.350	4.0280	3.522	6.488	TRUE	TRUE	4.60	6						
2016.09.21	07:15:11.185			0	TRUE	5.345	4.0639	3.543	6.498	TRUE	TRUE	4.75	6						
2016.09.21	07:15:11.648			0	TRUE	5.347	4.0314	3.499	6.470	TRUE	TRUE	4.91	6						
2016.09.21	07:15:12.103			0	TRUE	5.342	4.0306	3.496	6.485	TRUE	TRUE	4.93	6						
2016.09.21	07:15:12.557			0	TRUE	5.358	4.0300	3.531	6.426	TRUE	TRUE	4.74	6						
2016.09.21	07:15:13.044			0	TRUE	5.351	4.0278	3.512	6.481	TRUE	TRUE	4.79	6						
2016.09.21	07:15:13.470			1	TRUE	5.363	4.0131	3.511	6.440	TRUE	TRUE	4.67	6						
2016.09.21	07:15:13.932			1	TRUE	5.338	4.0133	3.509	6.466	TRUE	TRUE	4.71	6						
2016.09.21	07:15:14.411			1	TRUE	5.338	4.0115	3.497	6.481	TRUE	TRUE	4.82	6						
2016.09.21	07:15:14.855			1	TRUE	5.344	4.0213	3.521	6.472	TRUE	TRUE	4.82	6						
2016.09.21	07:15:15.342			0	TRUE	5.348	4.0257	3.544	6.462	TRUE	TRUE	4.78	6						
2016.09.21	07:15:15.809			0	TRUE	5.356	4.0127	3.518	6.422	TRUE	TRUE	4.30	5						
2016.09.21	07:15:16.247			1	TRUE	5.355	4.0161	3.528	6.500	TRUE	TRUE	4.83	6						
2016.09.21	07:15:16.723			1	TRUE	5.338	4.0243	3.521	6.450	TRUE	TRUE	4.56	6						
2016.09.21	07:15:17.168			1	TRUE	5.345	4.0141	3.501	6.497	TRUE	TRUE	4.64	6						
2016.09.21	07:15:17.641			0	TRUE	5.349	4.0151	3.560	6.428	TRUE	TRUE	4.49	5						
2016.09.21	07:15:18.080			0	TRUE	5.351	4.0074	NaN	NaN	TRUE	TRUE	4.70	6						
2016.09.21	07:15:18.535			0	TRUE	5.361	4.0223	3.524	6.472	TRUE	TRUE	4.59	5						
2016.09.21	07:15:19.010			1	TRUE	5.348	4.0177	3.495	6.488	TRUE	TRUE	4.73	6						
2016.09.21	07:15:19.467			1	TRUE	5.349	4.0148	3.544	6.482	TRUE	TRUE	4.72	6						
2016.09.21	07:15:19.948			1	TRUE	5.340	4.0090	3.499	6.459	TRUE	TRUE	4.85	6						
2016.09.21	07:15:20.395			1	TRUE	5.347	4.0081	3.542	6.440	TRUE	TRUE	5.01	6						
2016.09.21	07:15:20.846			1	TRUE	5.358	4.0242	3.518	6.465	TRUE	TRUE	5.02	6						
2016.09.21	07:15:21.318			0	TRUE	5.352	4.0268	3.521	6.461	TRUE	TRUE	4.83	6						
2016.09.21	07:15:21.793			1	TRUE	5.351	4.0137	3.494	6.467	TRUE	TRUE	4.65	6						
2016.09.21	07:15:22.233			1	TRUE	5.356	4.0199	3.515	6.492	TRUE	TRUE	4.82	6						
2016.09.21	07:15:22.686			0	TRUE	5.352	4.0295	3.495	6.451	TRUE	TRUE	4.89	6						
2016.09.21	07:15:23.154			0	TRUE	5.340	4.0253	3.562	6.470	TRUE	TRUE	4.92	6						
2016.09.21	07:15:23.625			0	TRUE	5.341	3.9990	3.550	6.457	TRUE	TRUE	4.94	6						
2016.09.21	07:15:24.084			0	TRUE	5.346	4.0323	3.582	6.520	TRUE	TRUE	4.89	6						
2016.09.21	07:15:24.538			1	TRUE	5.348	4.0151	3.538	6.468	TRUE	TRUE	4.43	6						
2016.09.21	07:15:25.009			1	TRUE	5.341	4.0187	3.475	6.471	TRUE	TRUE	4.82	6						
2016.09.21	07:15:25.471			1	TRUE	5.332	4.0163	3.484	6.491	TRUE	TRUE	4.93	6						
2016.09.21	07:15:25.921			0	TRUE	5.347	4.0001	3.525	6.467	TRUE	TRUE	5.02	6						
2016.09.21	07:15:26.388			0	TRUE	5.347	4.0311	3.575	6.472	TRUE	TRUE	4.91	6						
2016.09.21	07:15:26.833			0	TRUE	5.343	4.0275	3.501	6.444	TRUE	TRUE	4.78	6						
2016.09.21	07:15:27.318			0	TRUE	5.348	4.0266	3.475	6.480	TRUE	TRUE	4.61	6						
2016.09.21	07:15:27.774			0	TRUE	5.345	4.0025	3.553	6.494	TRUE	TRUE	4.83	6						
2016.09.21	07:15:28.229			0	TRUE	5.349	4.0047	3.545	6.414	TRUE	TRUE	4.59	6						
2016.09.21	07:15:28.722			1	TRUE	5.338	4.0179	3.507	6.503	TRUE	TRUE	4.90	6						
2016.09.21	07:15:29.160			0	TRUE	5.350	4.0323	3.567	6.472	TRUE	TRUE	4.91	6						
2016.09.21	07:15:29.627			0	TRUE	5.352	4.0281	3.527	6.416	TRUE	TRUE	4.66	6						
2016.09.21	07:15:30.074			0	TRUE	5.339	4.0287	3.494	6.461	TRUE	TRUE	4.86	6						
2016.09.21	07:15:30.535			1	TRUE	5.334	4.0140	3.524	6.441	TRUE	TRUE	4.92	6						
2016.09.21	07:15:30.983			0	TRUE	5.350	4.0282	3.554	6.502	TRUE	TRUE	4.66	6						
2016.09.21	07:15:31.457			1	TRUE	5.351	4.0061	3.503	6.455	TRUE	TRUE	4.62	6						
2016.09.21	07:15:31.918			0	TRUE	5.342	3.9967	3.525	6.468	TRUE	TRUE	4.74	6						
2016.09.21	07:15:32.389			1	TRUE	5.348	4.0130	3.487	6.491	TRUE	TRUE	4.72	6						
2016.09.21	07:15:32.822			0	TRUE	5.352	4.0321	3.493	6.487	TRUE	TRUE	4.89	6						
2016.09.21	07:15:33.311			0	TRUE	5.363	4.0296	3.488	6.485	TRUE	TRUE	4.82	6						
2016.09.21	07:15:33.749			0	TRUE	5.359	4.0265	3.489	6.459	TRUE	TRUE	4.77	6						
2016.09.21	07:15:34.234			1	TRUE	5.350	4.0249	3.548	6.481	TRUE	TRUE	4.72	6						
2016.09.21	07:15:34.685			0	TRUE	5.333	4.0331	3.535	6.470	FALSE	TRUE	4.88	6						
2016.09.21	07:15:35.142			0	TRUE	5.346	4.0284	3.539	6.463	TRUE	TRUE	4.85	6						
2016.09.21	07:15:35.627			1	TRUE	5.341	4.0177	3.540	6.461	TRUE	TRUE	4.78	6						
2016.09.21	07:15:36.052			1	TRUE	5.345	4.0150	3.491	6.491	TRUE	TRUE	4.68	6						
2016.09.21	07:15:36.551			0	TRUE	5.357	4.0258	3.496	6.485	TRUE	TRUE	4.77	6						
2016.09.21	07:15:36.995			1	TRUE	5.353	4.0114	3.500	6.482	TRUE	TRUE	4.81	6						
2016.09.21	07:15:37.462			0	TRUE	5.361	4.0277	3.484	6.512	TRUE	TRUE	4.81	6						
2016.09.21	07:15:37.920			1	TRUE	5.343	4.0062	3.512	6.515	TRUE	TRUE	4.73	6						
2016.09.21	07:15:38.398			0	TRUE	5.342	4.0259	3.472	6.490	TRUE	TRUE	4.85	6						
2016.09.21	07:15:38.842			1	TRUE	5.363	4.0196	3.523	6.478	TRUE	TRUE	4.79	6						
2016.09.21	07:15:39.301			0	TRUE	5.365	4.0294	3.516	6.463	TRUE	TRUE	4.72	6						
2016.09.21	07:15:39.749			0	TRUE	5.352	4.0266	3.551	6.443	TRUE	TRUE	4.92	6						
2016.09.21	07:15:40.213			0	TRUE	5.354	4.0263	3.576	6.453	TRUE	TRUE	4.94	6						
2016.09.21	07:15:40.701			0	TRUE	5.345	4.0288	3.495	6.485	TRUE	TRUE	4.74	6						
2016.09.21	07:15:41.154			0	TRUE	5.339	4.0298	3.534	6.438	TRUE	TRUE	4.87	6						
2016.09.21	07:15:41.598			0	TRUE	5.364	4.0268	3.516	6.473	TRUE	TRUE	4.84	6						
2016.09.21	07:15:42.068			1	TRUE	5.355	4.0244	3.557	6.470	TRUE	TRUE	4.60	6						
2016.09.21	07:15:42.519			0	TRUE	5.353	3.9999	3.495	6.484	TRUE	TRUE	4.85	6						
2016.09.21	07:15:42.995			0	TRUE	5.343	4.0152	3.488	6.496	FALSE	TRUE	4.17	4						
2016.09.21	07:15:43.456			0	TRUE	5.342	4.0278	3.516	6.486	TRUE	TRUE	4.77	6						
2016.09.21	07:15:43.909			1	TRUE	5.336	4.0151	3.562	6.447	TRUE	TRUE	4.92	6						
2016.09.21	07:15:44.377			0	TRUE	5.346	4.0018	3.572	6.466	TRUE	TRUE	4.72	6						
2016.09.21	07:15:44.833			1	TRUE	5.359	4.0154	3.542	6.455	TRUE	TRUE	4.79	6						
2016.09.21	07:15:45.288			0	TRUE	5.338	4.0269	3.511	6.442	TRUE	TRUE	4.70	6						
2016.09.21	07:15:45.745			1	TRUE	5.338	4.0104	3.567	6.457	TRUE	TRUE	5.01	6						
2016.09.21	07:15:46.217			0	TRUE	5.351	4.0305	3.522	6.507	TRUE	TRUE	4.71	6						
2016.09.21	07:15:46.663			1	TRUE	5.340	4.0175	3.491	6.456	TRUE	TRUE	4.71	6						
2016.09.21	07:15:47.132			1	TRUE	5.341	4.0146	3.528	6.470	TRUE	TRUE	4.80	6						
2016.09.21	07:15:47.613			1	TRUE	5.357	4.0134	3.495	6.466	TRUE	TRUE	4.61	6						
2016.09.21	07:15:48.067			1	TRUE	5.350	4.0180	3.511	6.458	TRUE	TRUE	4.64	6						
2016.09.21	07:15:48.536			1	TRUE	5.356	4.0212	3.488	6.490	TRUE	TRUE	4.35	6						
2016.09.21	07:15:48.972			1	TRUE	5.353	4.0154	3.548	6.450	TRUE	TRUE	4.63	6						
2016.09.21	07:15:49.431			0	TRUE	5.358	4.0257	3.500	6.499	TRUE	TRUE	5.04	5						
2016.09.21	07:15:49.887			0	TRUE	5.352	4.0295	3.575	6.480	TRUE	TRUE	4.69	6						
2016.09.21	07:15:50.357			0	TRUE	5.357	4.0261	3.510	6.455	TRUE	TRUE	4.66	6						
2016.09.21	07:15:50.826			0	TRUE	5.357	4.0322	3.531	6.490	TRUE	TRUE	4.70	6						
2016.09.21	07:15:51.274			0	TRUE	5.344	4.0251	3.553	6.465	TRUE	TRUE	4.86	6						
2016.09.21	07:15:51.742			1	TRUE	5.356	4.0137	3.518	6.459	TRUE	TRUE	4.69	6						
2016.09.21	07:15:52.199			1	TRUE	5.350	4.0248	3.523	6.470	TRUE	TRUE	4.75	6						
2016.09.21	07:15:52.663			1	TRUE	5.352	4.0128	3.576	6.471	TRUE	TRUE	4.99	6						
2016.09.21	07:15:53.137			0	TRUE	5.354	4.0269	3.581	6.464	TRUE	TRUE	4.57	6						
2016.09.21	07:15:53.588			0	TRUE	5.345	4.0255	3.540	6.470	TRUE	TRUE	4.59	6						
2016.09.21	07:15:54.059			0	TRUE	5.359	4.0259	3.528	6.435	TRUE	TRUE	4.69	6						
2016.09.21	07:15:54.518			0	TRUE	5.353	3.9931	3.510	6.440	TRUE	TRUE	4.91	6						
2016.09.21	07:15:54.983			0	TRUE	5.354	4.0275	3.487	6.476	TRUE	TRUE	4.64	6						
2016.09.21	07:15:55.439			0	TRUE	5.350	4.0257	3.518	6.491	TRUE	TRUE	4.68	6						
2016.09.21	07:15:55.888			0	TRUE	5.351	4.0193	3.521	6.508	TRUE	TRUE	4.59	5						
2016.09.21	07:15:56.351			0	TRUE	5.348	4.0200	3.525	6.455	TRUE	TRUE	4.57	5						
2016.09.21	07:15:56.803			0	TRUE	5.353	4.0035	3.523	6.457	TRUE	TRUE	4.73	6						
2016.09.21	07:15:57.274			1	TRUE	5.345	4.0136	3.503	6.485	TRUE	TRUE	4.55	6						
2016.09.21	07:15:57.745			1	TRUE	5.347	4.0131	3.509	6.461	TRUE	TRUE	4.85	6						
2016.09.21	07:15:58.201			1	TRUE	5.328	4.0225	3.574	6.507	TRUE	TRUE	4.91	6						
2016.09.21	07:15:58.657			0	TRUE	5.349	4.0049	3.504	6.481	TRUE	TRUE	4.86	6						
2016.09.21	07:15:59.130			0	TRUE	5.352	4.0037	3.520	6.478	TRUE	TRUE	4.70	6						
2016.09.21	07:15:59.584			0	TRUE	5.341	3.9967	3.557	6.494	TRUE	TRUE	4.83	6						
2016.09.21	07:16:00.050			0	TRUE	5.341	4.0317	3.523	6.459	TRUE	TRUE	5.08	6						
2016.09.21	07:16:00.504			1	TRUE	5.357	4.0170	3.525	6.439	TRUE	TRUE	4.60	6						
2016.09.21	07:16:00.955			1	TRUE	5.350	4.0195	3.506	6.483	TRUE	TRUE	4.65	6						
2016.09.21	07:16:01.438			1	TRUE	5.344	4.0153	3.534	6.474	TRUE	TRUE	4.99	6						
2016.09.21	07:16:01.881			0	TRUE	5.343	4.0197	3.524	6.461	TRUE	TRUE	4.30	5						
2016.09.21	07:16:02.349			1	TRUE	5.325	4.0153	3.505	6.472	TRUE	TRUE	4.78	6						
2016.09.21	07:16:02.796			0	TRUE	5.347	4.0261	3.497	6.540	TRUE	TRUE	4.91	6						
2016.09.21	07:16:03.270			0	TRUE	5.349	4.0273	3.578	6.429	TRUE	TRUE	4.48	6						
2016.09.21	07:16:03.739			0	TRUE	5.342	4.0037	3.551	6.452	TRUE	TRUE	4.85	6						
2016.09.21	07:16:04.142			0	TRUE	5.356	4.0013	3.506	6.447	TRUE	TRUE	4.64	6						
2016.09.21	07:16:04.650			1	TRUE	5.343	4.0102	3.509	6.480	TRUE	TRUE	4.84	6						
2016.09.21	07:16:05.119			1	TRUE	5.359	4.0246	3.503	6.483	TRUE	TRUE	4.96	6						
2016.09.21	07:16:05.583			0	TRUE	5.339	4.0022	3.508	6.463	TRUE	TRUE	4.83	6						
2016.09.21	07:16:06.045			1	TRUE	5.356	4.0054	3.501	6.468	TRUE	TRUE	4.88	6						
2016.09.21	07:16:06.486			0	TRUE	5.360	4.0278	3.505	6.436	TRUE	TRUE	4.76	6						
2016.09.21	07:16:06.965			1	TRUE	5.349	4.0052	3.470	6.485	TRUE	TRUE	4.70	6						
2016.09.21	07:16:07.410			0	TRUE	5.347	4.0313	3.506	6.460	TRUE	TRUE	4.87	6						
2016.09.21	07:16:07.878			0	TRUE	5.360	4.0261	3.492	6.468	TRUE	TRUE	4.81	6						
2016.09.21	07:16:08.330			0	TRUE	5.358	4.0035	3.523	6.454	TRUE	TRUE	4.70	6						
2016.09.21	07:16:08.803			1	TRUE	5.349	4.0174	3.507	6.484	TRUE	TRUE	4.88	6						
2016.09.21	07:16:09.243			0	TRUE	5.334	4.0272	3.542	6.436	TRUE	TRUE	4.73	4						
2016.09.21	07:16:09.716			0	TRUE	5.347	4.0265	3.508	6.489	TRUE	TRUE	5.01	6						
2016.09.21	07:16:10.188			0	TRUE	5.352	4.0002	3.503	6.518	TRUE	TRUE	4.73	6						
2016.09.21	07:16:10.645			1	TRUE	5.350	4.0150	3.546	6.478	TRUE	TRUE	4.94	6						
2016.09.21	07:16:11.105			1	TRUE	5.344	4.0159	3.461	6.495	TRUE	TRUE	4.75	6						
2016.09.21	07:16:11.562			1	TRUE	5.343	4.0055	3.503	6.429	TRUE	TRUE	4.76	6						
2016.09.21	07:16:12.030			1	TRUE	5.340	4.0093	3.501	6.453	TRUE	TRUE	4.73	6						
2016.09.21	07:16:12.477			1	TRUE	5.349	4.0054	3.575	6.456	TRUE	TRUE	4.74	6						
2016.09.21	07:16:12.949			1	TRUE	5.347	4.0149	3.554	6.423	TRUE	TRUE	4.91	6						
2016.09.21	07:16:13.411			1	TRUE	5.346	4.0130	3.533	6.436	TRUE	TRUE	4.99	6						
2016.09.21	07:16:13.866			1	TRUE	5.345	4.0135	3.488	6.488	TRUE	TRUE	4.77	6						
2016.09.21	07:16:14.333			0	TRUE	5.343	4.0309	3.554	6.477	TRUE	TRUE	4.84	6						
2016.09.21	07:16:14.789			0	TRUE	5.346	4.0112	3.491	6.459	FALSE	TRUE	4.80	6						
2016.09.21	07:16:15.266			0	TRUE	5.349	4.0330	3.497	6.447	TRUE	TRUE	4.86	6						
2016.09.21	07:16:15.713			1	TRUE	5.360	4.0151	3.515	6.484	TRUE	TRUE	5.10	6						
2016.09.21	07:16:16.183			0	TRUE	5.348	4.0303	3.503	6.471	TRUE	TRUE	4.99	6						
2016.09.21	07:16:16.619			0	TRUE	5.334	4.0282	3.483	6.454	TRUE	TRUE	4.85	6						
2016.09.21	07:16:17.101			0	TRUE	5.336	4.0270	3.530	6.428	TRUE	TRUE	4.75	6						
2016.09.21	07:16:17.570			0	TRUE	5.350	4.0109	3.525	6.460	TRUE	TRUE	4.60	5						
2016.09.21	07:16:18.017			1	TRUE	5.341	4.0185	3.558	6.463	TRUE	TRUE	4.93	6						
2016.09.21	07:16:18.475			1	TRUE	5.357	4.0126	3.508	6.487	TRUE	TRUE	4.58	6						
2016.09.21	07:16:18.935			0	TRUE	5.345	4.0259	3.537	6.469	TRUE	TRUE	4.88	6						
2016.09.21	07:16:19.402			1	TRUE	5.364	4.0216	3.518	6.473	TRUE	TRUE	4.66	6						
2016.09.21	07:16:19.855			1	TRUE	5.339	4.0236	3.558	6.510	TRUE	TRUE	4.69	6						
2016.09.21	07:16:20.328			0	TRUE	5.348	4.0156	3.543	6.423	TRUE	TRUE	4.41	5						
2016.09.21	07:16:20.794			1	TRUE	5.346	4.0125	3.523	6.461	TRUE	TRUE	5.05	6						
2016.09.21	07:16:21.252			0	TRUE	5.351	4.0046	3.525	6.480	TRUE	TRUE	4.79	6						
2016.09.21	07:16:21.698			0	TRUE	5.331	4.0253	3.505	6.452	TRUE	TRUE	4.84	6						
2016.09.21	07:16:22.166			0	TRUE	5.337	4.0179	3.529	6.481	TRUE	TRUE	4.85	5						
2016.09.21	07:16:22.614			1	TRUE	5.349	4.0099	3.594	6.430	TRUE	TRUE	4.68	6						
2016.09.21	07:16:23.076			1	TRUE	5.346	4.0245	3.532	6.448	TRUE	TRUE	4.88	6						
2016.09.21	07:16:23.564			1	TRUE	5.332	4.0150	3.459	6.478	TRUE	TRUE	4.84	6						
2016.09.21	07:16:24.012			0	TRUE	5.346	4.0189	3.503	6.482	FALSE	TRUE	5.00	6						
2016.09.21	07:16:24.485			0	TRUE	5.355	4.0281	3.509	6.490	TRUE	TRUE	4.82	6						
2016.09.21	07:16:24.936			0	TRUE	5.354	4.0258	3.534	6.484	TRUE	TRUE	4.75	6						
2016.09.21	07:16:25.402			1	TRUE	5.352	4.0091	3.526	6.487	TRUE	TRUE	4.70	6						
2016.09.21	07:16:25.857			1	TRUE	5.335	4.0249	3.534	6.460	TRUE	TRUE	4.87	6						
2016.09.21	07:16:26.318			0	TRUE	5.333	4.0207	3.589	6.438	FALSE	TRUE	4.79	5						
2016.09.21	07:16:26.783			0	TRUE	5.374	4.0147	3.522	6.451	TRUE	TRUE	4.38	5						
2016.09.21	07:16:27.226			1	TRUE	5.349	4.0180	3.508	6.491	TRUE	TRUE	4.87	6						
2016.09.21	07:16:27.695			1	TRUE	5.345	4.0158	3.494	6.505	TRUE	TRUE	4.74	6						
2016.09.21	07:16:28.162			1	TRUE	5.345	4.0142	3.488	6.499	TRUE	TRUE	4.73	6						
2016.09.21	07:16:28.632			0	TRUE	5.352	4.0037	3.547	6.451	TRUE	TRUE	4.73	6						
2016.09.21	07:16:29.094			0	TRUE	5.351	4.0308	3.537	6.480	TRUE	TRUE	4.77	6						
2016.09.21	07:16:29.552			1	TRUE	5.352	4.0055	3.509	6.481	TRUE	TRUE	4.77	6						
2016.09.21	07:16:29.992			0	TRUE	5.338	4.0267	3.525	6.452	TRUE	TRUE	4.98	6						
2016.09.21	07:16:30.462			0	TRUE	5.363	4.0291	3.498	6.493	TRUE	TRUE	4.73	6						
2016.09.21	07:16:30.936			0	TRUE	5.351	4.0114	3.518	6.514	FALSE	TRUE	4.89	6						
2016.09.21	07:16:31.384			0	TRUE	5.351	4.0265	3.516	6.492	TRUE	TRUE	5.05	6						
2016.09.21	07:16:31.867			0	TRUE	5.351	4.0264	3.530	6.487	TRUE	TRUE	4.73	6						
2016.09.21	07:16:32.326			1	TRUE	5.349	4.0247	3.500	6.477	TRUE	TRUE	4.69	6						
2016.09.21	07:16:32.781			1	TRUE	5.360	4.0222	3.510	6.482	TRUE	TRUE	4.99	6						
2016.09.21	07:16:33.243			1	TRUE	5.336	4.0087	3.516	6.484	TRUE	TRUE	5.04	6						
2016.09.21	07:16:33.689			0	TRUE	5.364	4.0198	3.554	6.453	FALSE	TRUE	4.72	6						
2016.09.21	07:16:34.151			0	TRUE	5.348	4.0046	3.549	6.467	TRUE	TRUE	4.71	6						
2016.09.21	07:16:34.619			0	TRUE	5.355	4.0254	3.503	6.461	TRUE	TRUE	4.83	6						
2016.09.21	07:16:35.082			1	TRUE	5.361	4.0198	3.505	6.460	TRUE	TRUE	4.27	6						
2016.09.21	07:16:35.524			0	TRUE	5.352	4.0270	3.570	6.494	TRUE	TRUE	4.78	6						
2016.09.21	07:16:35.993			0	TRUE	5.359	4.0302	3.512	6.477	TRUE	TRUE	4.90	6						
2016.09.21	07:16:36.464			0	TRUE	5.352	4.0265	3.498	6.457	TRUE	TRUE	4.75	6						
2016.09.21	07:16:36.914			1	TRUE	5.342	4.0189	3.500	6.475	TRUE	TRUE	4.66	6						
2016.09.21	07:16:37.378			0	TRUE	5.338	3.9991	3.521	6.511	TRUE	TRUE	4.93	6						
2016.09.21	07:16:37.840			1	TRUE	5.346	4.0208	3.533	6.416	TRUE	TRUE	4.71	6						
2016.09.21	07:16:38.323			0	TRUE	5.344	4.0300	3.484	6.453	TRUE	TRUE	4.87	6						
2016.09.21	07:16:38.765			1	TRUE	5.353	4.0126	3.507	6.487	TRUE	TRUE	4.66	6						
2016.09.21	07:16:39.226			0	TRUE	5.365	4.0178	3.482	6.469	TRUE	TRUE	4.47	5						
2016.09.21	07:16:39.699			0	TRUE	5.350	4.0013	3.514	6.436	TRUE	TRUE	4.87	6						
2016.09.21	07:16:40.146			1	TRUE	5.348	4.0245	3.480	6.498	TRUE	TRUE	4.78	6						
2016.09.21	07:16:40.603			1	TRUE	5.354	4.0113	3.501	6.513	TRUE	TRUE	4.62	6						
2016.09.21	07:16:41.077			1	TRUE	5.335	4.0136	3.524	6.441	TRUE	TRUE	4.50	6						
2016.09.21	07:16:41.531			0	TRUE	5.355	4.0297	3.519	6.476	TRUE	TRUE	4.52	6						
2016.09.21	07:16:41.996			1	TRUE	5.341	4.0159	3.538	6.480	TRUE	TRUE	4.98	6						
2016.09.21	07:16:42.452			1	TRUE	5.353	4.0119	3.480	6.485	TRUE	TRUE	4.69	6						
2016.09.21	07:16:42.912			1	TRUE	5.351	4.0237	3.501	6.464	TRUE	TRUE	4.80	6						
2016.09.21	07:16:43.390			1	TRUE	5.344	4.0243	3.539	6.453	TRUE	TRUE	4.75	6						
2016.09.21	07:16:43.845			1	TRUE	5.339	4.0198	3.463	6.493	TRUE	TRUE	4.77	6						
2016.09.21	07:16:44.286			1	TRUE	5.353	4.0185	3.530	6.463	TRUE	TRUE	4.99	6						
2016.09.21	07:16:44.763			1	TRUE	5.337	4.0123	3.492	6.452	TRUE	TRUE	4.86	6						
2016.09.21	07:16:45.221			0	TRUE	5.354	4.0303	3.539	6.466	TRUE	TRUE	4.76	6						
2016.09.21	07:16:45.675			0	TRUE	5.352	4.0272	3.511	6.459	TRUE	TRUE	4.89	6						
2016.09.21	07:16:46.139			1	TRUE	5.348	4.0244	3.513	6.498	TRUE	TRUE	4.74	6						
2016.09.21	07:16:46.603			1	TRUE	5.340	4.0087	3.536	6.448	TRUE	TRUE	5.06	6						
2016.09.21	07:16:47.084			1	TRUE	5.342	4.0159	3.491	6.450	TRUE	TRUE	5.03	6						
2016.09.21	07:16:47.525			0	TRUE	5.364	4.0257	3.544	6.469	TRUE	TRUE	4.69	6						
2016.09.21	07:16:47.971			0	TRUE	5.342	3.9988	3.512	6.491	TRUE	TRUE	4.77	6						
2016.09.21	07:16:48.456			1	TRUE	5.348	4.0113	3.498	6.498	TRUE	TRUE	4.91	6						
2016.09.21	07:16:48.905			1	TRUE	5.345	4.0142	3.546	6.493	TRUE	TRUE	4.57	6						
2016.09.21	07:16:49.356			0	TRUE	5.354	4.0270	3.502	6.465	TRUE	TRUE	4.66	6						
2016.09.21	07:16:49.839			0	TRUE	5.351	4.0209	3.552	6.487	FALSE	TRUE	4.86	6						
2016.09.21	07:16:50.293			1	TRUE	5.344	4.0141	3.458	6.484	TRUE	TRUE	4.75	6						
2016.09.21	07:16:50.750			1	TRUE	5.352	4.0114	3.489	6.493	TRUE	TRUE	5.00	6						
2016.09.21	07:16:51.205			1	TRUE	5.359	4.0235	3.518	6.499	TRUE	TRUE	4.90	6						
2016.09.21	07:16:51.687			1	TRUE	5.341	4.0151	3.551	6.469	TRUE	TRUE	4.90	6						
2016.09.21	07:16:52.127			0	TRUE	5.349	4.0039	3.520	6.472	TRUE	TRUE	4.77	6						
2016.09.21	07:18:14.851			0	TRUE	5.358	4.0354	3.500	6.474	TRUE	TRUE	4.77	6						
2016.09.21	07:18:15.306			0	TRUE	5.351	4.0253	3.532	6.528	TRUE	TRUE	4.89	6						
2016.09.21	07:18:15.776			0	TRUE	5.344	4.0125	3.473	6.482	TRUE	TRUE	4.58	5						
2016.09.21	07:18:16.248			0	TRUE	5.347	4.0252	3.550	6.490	TRUE	TRUE	4.77	6						
2016.09.21	07:18:16.673			1	TRUE	5.351	4.0210	3.516	6.437	TRUE	TRUE	4.77	6						
2016.09.21	07:18:17.157			1	TRUE	5.343	4.0232	3.544	6.459	TRUE	TRUE	5.01	6						
2016.09.21	07:18:17.621			0	TRUE	5.361	4.0250	3.528	6.458	TRUE	TRUE	4.79	6						
2016.09.21	07:18:18.081			1	TRUE	5.359	4.0169	3.514	6.494	TRUE	TRUE	5.10	6						
2016.09.21	07:18:18.537			0	TRUE	5.361	4.0260	3.557	6.464	TRUE	TRUE	4.81	6						
2016.09.21	07:18:19.018			0	TRUE	5.349	4.0256	3.526	6.515	TRUE	TRUE	4.86	6						
2016.09.21	07:18:19.456			0	TRUE	5.355	4.0278	3.513	6.453	TRUE	TRUE	4.69	6						
2016.09.21	07:18:19.927			0	TRUE	5.355	4.0273	3.534	6.461	TRUE	TRUE	4.92	6						
2016.09.21	07:18:20.379			0	TRUE	5.339	4.0262	3.496	6.433	TRUE	TRUE	4.79	6						
2016.09.21	07:18:20.843			1	TRUE	5.340	4.0214	3.525	6.437	TRUE	TRUE	4.87	6						
2016.09.21	07:18:21.306			0	TRUE	5.361	4.0274	3.563	6.428	TRUE	TRUE	4.53	6						
2016.09.21	07:18:21.778			0	TRUE	5.353	4.0286	3.554	6.489	TRUE	TRUE	4.74	6						
2016.09.21	07:18:22.246			0	TRUE	5.339	4.0332	3.537	6.475	TRUE	TRUE	4.92	6						
2016.09.21	07:18:22.671			1	TRUE	5.358	4.0138	3.522	6.471	TRUE	TRUE	4.66	6						
2016.09.21	07:18:23.147			0	TRUE	5.345	4.0257	3.598	6.480	TRUE	TRUE	4.76	6						
2016.09.21	07:18:23.621			1	TRUE	5.344	4.0222	3.546	6.459	TRUE	TRUE	4.95	6						
2016.09.21	07:18:24.101			1	TRUE	5.345	4.0159	3.497	6.473	TRUE	TRUE	4.83	6						
2016.09.21	07:18:24.529			1	TRUE	5.344	4.0164	3.546	6.461	TRUE	TRUE	4.59	6						
2016.09.21	07:18:24.988			1	TRUE	5.354	4.0247	3.517	6.469	TRUE	TRUE	4.68	6						
2016.09.21	07:18:25.446			1	TRUE	5.349	4.0170	3.540	6.435	TRUE	TRUE	4.93	6						
2016.09.21	07:18:25.920			1	TRUE	5.348	4.0201	3.525	6.446	TRUE	TRUE	4.81	6						
2016.09.21	07:18:26.380			1	TRUE	5.357	4.0189	3.582	6.448	TRUE	TRUE	4.78	6						
2016.09.21	07:18:26.823			0	TRUE	5.343	4.0274	3.504	6.447	TRUE	TRUE	4.80	6						
2016.09.21	07:18:27.311			0	TRUE	5.345	3.9982	3.542	6.445	TRUE	TRUE	4.89	6						
2016.09.21	07:18:27.754			1	TRUE	5.354	4.0180	3.563	6.428	TRUE	TRUE	4.59	6						
2016.09.21	07:18:28.237			0	TRUE	5.334	4.0029	3.513	6.497	TRUE	TRUE	4.94	6						
2016.09.21	07:18:28.685			0	TRUE	5.344	4.0255	3.505	6.476	TRUE	TRUE	4.88	6						
2016.09.21	07:18:29.147			0	TRUE	5.355	4.0253	3.526	6.480	TRUE	TRUE	4.81	6						
2016.09.21	07:18:29.596			0	TRUE	5.344	3.9985	3.505	6.506	TRUE	TRUE	4.87	6						
2016.09.21	07:18:30.058			1	TRUE	5.335	4.0144	3.529	6.495	TRUE	TRUE	4.80	6						
2016.09.21	07:18:30.521			1	TRUE	5.347	4.0243	3.589	6.465	TRUE	TRUE	4.82	6						
2016.09.21	07:18:30.997			0	TRUE	5.357	4.0255	3.488	6.493	TRUE	TRUE	4.71	6						
2016.09.21	07:18:31.464			0	TRUE	5.349	4.0273	3.552	6.458	TRUE	TRUE	4.76	6						
2016.09.21	07:18:31.905			1	TRUE	5.343	4.0215	3.517	6.415	TRUE	TRUE	4.71	6						
2016.09.21	07:18:32.369			0	TRUE	5.367	4.0312	3.541	6.481	TRUE	TRUE	4.82	6						
2016.09.21	07:18:32.831			0	TRUE	5.352	4.0108	3.501	6.464	TRUE	TRUE	4.58	5						
2016.09.21	07:18:33.287			1	TRUE	5.349	4.0150	3.490	6.490	TRUE	TRUE	4.85	6						
2016.09.21	07:18:33.753			1	TRUE	5.354	4.0124	3.517	6.477	TRUE	TRUE	4.58	6						
2016.09.21	07:18:34.218			1	TRUE	5.336	4.0124	3.552	6.505	TRUE	TRUE	4.87	6						
2016.09.21	07:18:34.615			0	TRUE	5.350	4.0150	3.484	6.377	FALSE	TRUE	4.07	5						
2016.09.21	07:18:35.135			0	TRUE	5.345	4.0236	3.536	6.452	TRUE	TRUE	4.50	5						
2016.09.21	07:18:35.592			1	TRUE	5.344	4.0245	3.577	6.447	TRUE	TRUE	4.83	6						
2016.09.21	07:18:36.059			0	TRUE	5.353	4.0292	3.510	6.474	TRUE	TRUE	4.72	6						
2016.09.21	07:18:36.503			0	TRUE	5.348	4.0155	3.491	6.497	TRUE	TRUE	4.58	4						
2016.09.21	07:18:36.965			0	TRUE	5.339	4.0251	3.587	6.460	TRUE	TRUE	4.80	6						
2016.09.21	07:18:37.451			1	TRUE	5.339	4.0212	3.512	6.458	TRUE	TRUE	4.75	6						
2016.09.21	07:18:37.900			0	TRUE	5.348	4.0269	3.498	6.457	TRUE	TRUE	4.53	6						
2016.09.21	07:18:38.371			0	TRUE	5.349	4.0225	3.541	6.476	TRUE	TRUE	5.14	5						
2016.09.21	07:18:38.843			1	TRUE	5.346	4.0240	3.569	6.450	TRUE	TRUE	4.49	6						
2016.09.21	07:18:39.293			0	TRUE	5.342	4.0249	3.529	6.463	FALSE	TRUE	4.64	6						
2016.09.21	07:18:39.758			1	TRUE	5.359	4.0126	3.538	6.509	TRUE	TRUE	5.08	6						
2016.09.21	07:18:40.216			0	TRUE	5.346	4.0041	3.525	6.440	TRUE	TRUE	4.67	6						
2016.09.21	07:18:40.669			0	TRUE	5.349	4.0037	3.549	6.473	TRUE	TRUE	4.79	6						
2016.09.21	07:18:41.141			1	TRUE	5.337	4.0222	3.530	6.446	TRUE	TRUE	5.04	6						
2016.09.21	07:18:41.581			1	TRUE	5.326	4.0225	3.560	6.480	TRUE	TRUE	4.96	6						
2016.09.21	07:18:42.055			1	TRUE	5.334	4.0220	3.480	6.488	TRUE	TRUE	4.78	6						
2016.09.21	07:18:42.517			1	TRUE	5.361	4.0161	3.523	6.463	TRUE	TRUE	4.94	6						
2016.09.21	07:18:42.997			1	TRUE	5.346	4.0241	3.513	6.469	TRUE	TRUE	4.88	6						
2016.09.21	07:18:43.420			0	TRUE	5.345	4.0104	3.531	6.471	TRUE	TRUE	4.37	5						
2016.09.21	07:18:43.896			1	TRUE	5.347	4.0159	3.512	6.468	TRUE	TRUE	4.57	6						
2016.09.21	07:18:44.359			1	TRUE	5.331	4.0189	3.498	6.497	TRUE	TRUE	4.77	6						
2016.09.21	07:18:44.809			0	TRUE	5.350	4.0260	3.491	6.475	TRUE	TRUE	4.90	6						
2016.09.21	07:18:45.296			0	TRUE	5.342	4.0023	3.555	6.486	TRUE	TRUE	4.84	6						
2016.09.21	07:18:45.744			0	TRUE	5.348	4.0280	3.511	6.453	TRUE	TRUE	4.76	6						
2016.09.21	07:18:46.202			1	TRUE	5.340	4.0128	3.491	6.506	TRUE	TRUE	4.75	6						
2016.09.21	07:18:46.673			0	TRUE	5.354	4.0293	3.483	6.493	TRUE	TRUE	4.84	6						
2016.09.21	07:18:47.118			0	TRUE	5.351	4.0288	3.506	6.478	TRUE	TRUE	5.07	6						
2016.09.21	07:18:47.598			0	TRUE	5.352	4.0029	3.494	6.501	TRUE	TRUE	4.70	6						
2016.09.21	07:18:48.032			1	TRUE	5.357	4.0153	3.539	6.453	TRUE	TRUE	5.02	6						
2016.09.21	07:18:48.517			0	TRUE	5.350	4.0288	3.517	6.459	TRUE	TRUE	4.80	6						
2016.09.21	07:18:48.974			0	TRUE	5.340	4.0284	3.511	6.466	TRUE	TRUE	4.87	6						
2016.09.21	07:18:49.432			0	TRUE	5.353	4.0949	3.521	6.459	TRUE	TRUE	4.89	6						
2016.09.21	07:18:49.878			1	TRUE	5.360	4.0237	3.514	6.497	TRUE	TRUE	4.84	6						
2016.09.21	07:18:50.351			0	TRUE	5.353	4.0262	3.534	6.479	TRUE	TRUE	4.67	6						
2016.09.21	07:18:50.818			0	TRUE	5.350	4.0283	3.550	6.459	TRUE	TRUE	4.71	6						
2016.09.21	07:18:51.270			0	TRUE	5.342	4.0264	3.558	6.453	TRUE	TRUE	4.90	6						
2016.09.21	07:18:51.737			0	TRUE	5.334	4.0250	3.516	6.474	TRUE	TRUE	4.54	6						
2016.09.21	07:18:52.198			0	TRUE	5.355	4.0306	3.549	6.480	TRUE	TRUE	4.85	6						
2016.09.21	07:18:52.664			1	TRUE	5.360	4.0192	3.502	6.466	TRUE	TRUE	4.87	6						
2016.09.21	07:18:53.107			0	TRUE	5.341	4.0038	3.468	6.493	TRUE	TRUE	4.89	6						
2016.09.21	07:18:53.616			0	TRUE	5.350	4.0255	3.508	6.498	TRUE	TRUE	4.97	6						
2016.09.21	07:18:54.046			0	TRUE	5.347	4.0288	3.482	6.465	TRUE	TRUE	4.86	6						
2016.09.21	07:18:54.494			0	TRUE	5.355	4.0284	3.546	6.448	TRUE	TRUE	4.72	6						
2016.09.21	07:18:54.993			1	TRUE	5.344	4.0181	3.499	6.476	TRUE	TRUE	4.81	6						
2016.09.21	07:18:55.436			0	TRUE	5.348	4.0257	3.493	6.491	TRUE	TRUE	4.88	6						
2016.09.21	07:18:55.891			1	TRUE	5.351	4.0210	3.505	6.488	TRUE	TRUE	4.83	6						
2016.09.21	07:18:56.347			0	TRUE	5.359	4.0279	3.498	6.434	TRUE	TRUE	4.67	6						
2016.09.21	07:18:56.801			0	TRUE	5.343	4.0274	3.556	6.490	TRUE	TRUE	4.89	6						
2016.09.21	07:18:57.269			1	TRUE	5.349	4.0169	3.478	6.479	TRUE	TRUE	4.74	6						
2016.09.21	07:18:57.778			1	TRUE	5.358	4.0162	3.491	6.453	TRUE	TRUE	4.79	6						
2016.09.21	07:18:58.273			0	TRUE	5.346	4.0285	3.514	6.431	TRUE	TRUE	4.83	6						
2016.09.21	07:18:58.723			0	TRUE	5.353	4.0246	3.512	6.472	FALSE	TRUE	4.52	6						
2016.09.21	07:18:59.166			1	TRUE	5.355	4.0145	3.570	6.437	TRUE	TRUE	4.72	6						
2016.09.21	07:18:59.644			1	TRUE	5.352	4.0102	3.520	6.464	TRUE	TRUE	4.89	6						
2016.09.21	07:19:00.092			0	TRUE	5.358	4.0270	3.512	6.495	TRUE	TRUE	4.94	6						
2016.09.21	07:19:00.551			1	TRUE	5.342	4.0101	3.498	6.453	TRUE	TRUE	4.81	6						
2016.09.21	07:19:01.006			0	TRUE	5.343	4.0083	3.580	6.444	TRUE	TRUE	5.15	3						
2016.09.21	07:19:01.478			0	TRUE	5.345	4.0035	3.559	6.475	TRUE	TRUE	4.85	6						
2016.09.21	07:19:01.966			0	TRUE	5.338	4.0157	3.519	6.463	TRUE	TRUE	5.07	5						
2016.09.21	07:19:02.395			0	TRUE	5.349	4.0119	3.507	6.493	TRUE	TRUE	4.44	5						
2016.09.21	07:19:02.795			1	TRUE	5.353	4.0128	3.545	6.424	TRUE	TRUE	4.78	6						
2016.09.21	07:19:03.303			1	TRUE	5.350	4.0148	3.506	6.470	TRUE	TRUE	4.90	6						
2016.09.21	07:19:03.751			0	TRUE	5.357	4.0265	3.576	6.416	TRUE	TRUE	4.63	6						
2016.09.21	07:19:04.221			0	TRUE	5.356	4.0175	3.499	6.491	FALSE	TRUE	5.00	6						
2016.09.21	07:19:04.691			0	TRUE	5.332	4.0167	3.542	6.437	FALSE	TRUE	4.58	5						
2016.09.21	07:19:05.151			1	TRUE	5.346	4.0086	3.527	6.478	TRUE	TRUE	4.75	6						
2016.09.21	07:19:05.610			1	TRUE	5.333	4.0118	3.578	6.483	TRUE	TRUE	4.94	6						
2016.09.21	07:19:06.059			1	TRUE	5.351	4.0126	3.591	6.479	TRUE	TRUE	4.69	6						
2016.09.21	07:19:06.544			1	TRUE	5.353	4.0115	3.508	6.501	TRUE	TRUE	4.70	6						
2016.09.21	07:19:06.986			1	TRUE	5.358	4.0166	3.545	6.449	TRUE	TRUE	4.82	6						
2016.09.21	07:19:07.456			1	TRUE	5.336	4.0153	3.533	6.448	TRUE	TRUE	4.78	6						
2016.09.21	07:19:07.899			1	TRUE	5.349	4.0215	3.535	6.471	TRUE	TRUE	4.96	6						
2016.09.21	07:19:08.379			0	TRUE	5.346	4.0278	3.495	6.505	TRUE	TRUE	5.03	6						
2016.09.21	07:19:08.831			0	TRUE	5.350	4.0312	3.518	6.451	TRUE	TRUE	4.94	6						
2016.09.21	07:19:09.284			0	TRUE	5.366	4.0265	3.522	6.486	TRUE	TRUE	4.83	6						
2016.09.21	07:19:09.739			0	TRUE	5.345	4.0357	3.535	6.464	TRUE	TRUE	4.77	6						
2016.09.21	07:19:10.240			1	TRUE	5.328	4.0080	3.486	6.491	TRUE	TRUE	4.78	6						
2016.09.21	07:19:10.666			1	TRUE	5.350	4.0115	3.545	6.464	TRUE	TRUE	4.61	6						
2016.09.21	07:19:11.156			1	TRUE	5.351	4.0143	3.470	6.488	TRUE	TRUE	4.66	6						
2016.09.21	07:19:11.598			1	TRUE	5.343	4.0222	3.528	6.482	TRUE	TRUE	4.90	6						
2016.09.21	07:19:12.089			0	TRUE	5.345	4.0151	3.519	6.428	TRUE	TRUE	4.30	5						
2016.09.21	07:19:12.525			0	TRUE	5.345	4.0284	3.536	6.482	TRUE	TRUE	4.82	6						
2016.09.21	07:19:12.971			0	TRUE	5.364	4.0284	3.497	6.474	TRUE	TRUE	4.64	6						
2016.09.21	07:19:13.441			1	TRUE	5.342	4.0087	3.498	6.465	TRUE	TRUE	4.80	6						
2016.09.21	07:19:13.907			1	TRUE	5.350	4.0096	3.519	6.466	TRUE	TRUE	4.70	6						
2016.09.21	07:19:14.368			0	TRUE	5.345	4.0292	3.480	6.491	TRUE	TRUE	4.92	6						
2016.09.21	07:19:14.829			1	TRUE	5.353	4.0177	3.503	6.451	TRUE	TRUE	4.90	6						
2016.09.21	07:19:15.268			1	TRUE	5.340	4.0165	3.488	6.485	TRUE	TRUE	4.90	6						
2016.09.21	07:19:15.763			1	TRUE	5.348	4.0113	3.523	6.481	TRUE	TRUE	4.78	6						
2016.09.21	07:19:16.200			0	TRUE	5.346	4.0034	3.501	6.441	TRUE	TRUE	4.88	6						
2016.09.21	07:19:16.679			1	TRUE	5.345	4.0243	3.551	6.434	TRUE	TRUE	5.00	6						
2016.09.21	07:19:17.108			0	TRUE	5.360	4.0251	3.532	6.455	TRUE	TRUE	4.85	6						
2016.09.21	07:19:17.599			1	TRUE	5.345	4.0055	3.560	6.463	TRUE	TRUE	4.73	6						
2016.09.21	07:19:18.025			0	TRUE	5.343	4.0258	3.507	6.451	TRUE	TRUE	4.69	6						
2016.09.21	07:19:18.520			0	TRUE	5.328	4.0319	3.488	6.465	TRUE	TRUE	4.89	6						
2016.09.21	07:19:18.980			1	TRUE	5.350	4.0135	3.510	6.481	TRUE	TRUE	4.81	6						
2016.09.21	07:19:19.446			1	TRUE	5.351	4.0051	3.498	6.469	TRUE	TRUE	4.83	6						
2016.09.21	07:19:19.907			0	TRUE	5.355	4.0298	3.557	6.453	TRUE	TRUE	4.72	6						
2016.09.21	07:19:20.337			1	TRUE	5.355	4.0231	3.524	6.527	TRUE	TRUE	4.79	6						
2016.09.21	07:19:20.823			0	TRUE	5.348	4.0169	3.525	6.492	TRUE	TRUE	4.18	3						
2016.09.21	07:19:21.278			0	TRUE	5.349	4.0253	3.517	6.486	TRUE	TRUE	4.84	6						
2016.09.21	07:19:21.754			0	TRUE	5.343	4.0271	3.513	6.474	TRUE	TRUE	4.81	6						
2016.09.21	07:19:22.220			0	TRUE	5.350	4.0265	3.515	6.457	TRUE	TRUE	4.67	6						
2016.09.21	07:19:22.664			1	TRUE	5.347	4.0185	3.506	6.504	TRUE	TRUE	4.75	6						
2016.09.21	07:19:23.119			0	TRUE	5.350	4.0251	3.528	6.483	TRUE	TRUE	4.75	6						
2016.09.21	07:19:23.593			0	TRUE	5.345	4.0307	3.539	6.467	TRUE	TRUE	4.78	6						
