2016.09.28	03:38:28.128			1	TRUE	5.348	4.0191	4.0188	3.585	6.449	TRUE	TRUE	4.78	6						
2016.09.28	03:38:28.597			0	TRUE	5.350	4.0060	4.0202	3.552	6.454	TRUE	TRUE	4.75	6						
2016.09.28	03:38:29.052			0	TRUE	5.353	4.0288	4.0271	3.524	6.464	TRUE	TRUE	4.75	6						
2016.09.28	03:38:29.488			0	TRUE	5.340	4.0156	4.0272	3.506	6.431	TRUE	TRUE	4.68	6						
2016.09.28	03:38:29.989			1	TRUE	5.361	4.0189	4.0152	3.543	6.422	TRUE	TRUE	4.95	6						
2016.09.28	03:38:30.424			1	TRUE	5.352	4.0172	4.0134	3.565	6.420	TRUE	TRUE	4.79	6						
2016.09.28	03:38:30.898			0	TRUE	5.353	4.0196	4.0258	3.525	6.487	TRUE	TRUE	4.68	6						
2016.09.28	03:38:31.361			1	TRUE	5.352	4.0095	4.0058	3.509	6.481	TRUE	TRUE	4.77	6						
2016.09.28	03:38:31.819			1	TRUE	5.347	4.0163	4.0174	3.537	6.478	TRUE	TRUE	4.74	6						
2016.09.28	03:38:33.811			1	TRUE	5.348	4.0159	4.0182	3.515	6.450	TRUE	TRUE	4.95	6						
2016.09.28	03:38:34.286			0	TRUE	5.370	4.0130	4.0225	3.548	6.418	TRUE	TRUE	4.83	6						
2016.09.28	03:38:34.762			0	TRUE	5.331	4.0186	4.0219	3.561	6.447	TRUE	TRUE	4.91	6						
2016.09.28	03:38:35.231			0	TRUE	5.359	4.0175	4.0206	3.518	6.442	TRUE	TRUE	4.64	6						
2016.09.28	03:38:35.694			0	TRUE	5.345	4.0127	4.0269	3.551	6.424	TRUE	TRUE	4.74	6						
2016.09.28	03:38:36.156			0	TRUE	5.351	4.0139	4.0218	3.563	6.497	TRUE	TRUE	4.77	6						
2016.09.28	03:38:36.621			1	TRUE	5.351	4.0124	4.0139	3.529	6.470	TRUE	TRUE	4.72	6						
2016.09.28	03:38:37.059			0	TRUE	5.352	4.0265	4.0329	3.537	6.493	TRUE	TRUE	4.82	6						
2016.09.28	03:38:37.569			0	TRUE	5.341	4.0131	4.0260	3.558	6.462	TRUE	TRUE	4.79	6						
2016.09.28	03:38:38.432			0	TRUE	5.347	4.0157	4.0273	3.566	6.437	TRUE	TRUE	4.68	6						
2016.09.28	03:38:38.917			1	TRUE	5.356	4.0153	4.0186	3.504	6.484	TRUE	TRUE	4.75	6						
2016.09.28	03:38:39.359			1	TRUE	5.347	4.0129	4.0151	3.488	6.457	TRUE	TRUE	4.85	6						
2016.09.28	03:38:39.841			0	TRUE	5.350	4.0215	4.0238	3.519	6.476	TRUE	TRUE	4.79	6						
2016.09.28	03:38:40.288			1	TRUE	5.356	4.0122	4.0200	3.521	6.435	TRUE	TRUE	4.59	6						
2016.09.28	03:38:40.737			0	TRUE	5.347	4.0186	4.0206	3.510	6.468	TRUE	TRUE	4.70	6						
2016.09.28	03:38:41.214			0	TRUE	5.352	4.0245	4.0218	3.551	6.500	TRUE	TRUE	4.64	6						
2016.09.28	03:38:41.672			1	TRUE	5.351	4.0184	4.0174	3.521	6.436	TRUE	TRUE	4.79	6						
2016.09.28	03:38:42.141			1	TRUE	5.354	4.0144	4.0192	3.536	6.454	TRUE	TRUE	4.89	6						
2016.09.28	03:38:42.601			0	TRUE	5.354	4.0157	4.0296	3.560	6.418	TRUE	TRUE	4.77	6						
2016.09.28	03:38:43.051			0	TRUE	5.354	4.0112	4.0226	3.542	6.423	TRUE	TRUE	4.69	6						
2016.09.28	03:38:43.495			1	TRUE	5.348	4.0133	4.0192	3.528	6.465	TRUE	TRUE	4.87	6						
2016.09.28	03:38:43.980			1	TRUE	5.341	4.0178	4.0182	3.516	6.447	TRUE	TRUE	4.80	6						
2016.09.28	03:38:44.437			1	TRUE	5.347	4.0180	4.0151	3.538	6.452	TRUE	TRUE	4.71	6						
2016.09.28	03:38:44.906			1	TRUE	5.350	4.0168	4.0190	3.569	6.416	TRUE	TRUE	4.66	6						
2016.09.28	03:38:45.387			0	TRUE	5.351	4.0135	4.0229	3.550	6.456	TRUE	TRUE	4.70	6						
2016.09.28	03:38:45.806			0	TRUE	5.348	4.0140	4.0243	3.480	6.471	TRUE	TRUE	4.75	6						
2016.09.28	03:38:46.285			1	TRUE	5.351	4.0167	4.0190	3.526	6.480	TRUE	TRUE	4.80	6						
2016.09.28	03:38:46.746			1	TRUE	5.357	4.0144	4.0171	3.564	6.444	TRUE	TRUE	4.76	6						
2016.09.28	03:38:47.217			0	TRUE	5.349	4.0243	4.0236	3.561	6.472	TRUE	TRUE	4.85	6						
2016.09.28	03:38:47.654			0	TRUE	5.354	4.0125	4.0253	3.520	6.459	TRUE	TRUE	4.79	6						
2016.09.28	03:38:48.137			0	TRUE	5.353	4.0182	4.0222	3.547	6.452	TRUE	TRUE	4.72	6						
2016.09.28	03:38:49.066			0	TRUE	5.362	4.0179	4.0241	3.528	6.469	TRUE	TRUE	4.80	6						
2016.09.28	03:38:49.483			1	TRUE	5.351	4.0110	4.0173	3.571	6.424	TRUE	TRUE	4.70	6						
2016.09.28	03:38:49.976			1	TRUE	5.343	4.0135	4.0163	3.524	6.439	TRUE	TRUE	4.69	6						
2016.09.28	03:38:50.448			1	TRUE	5.349	4.0149	4.0140	3.502	6.509	TRUE	TRUE	4.75	6						
2016.09.28	03:38:50.905			0	TRUE	5.354	4.0163	4.0201	3.570	6.439	TRUE	TRUE	4.78	6						
2016.09.28	03:38:51.332			1	TRUE	5.357	4.0111	4.0198	3.513	6.427	TRUE	TRUE	4.71	6						
2016.09.28	03:38:51.848			0	TRUE	5.343	4.0268	4.0294	3.478	6.483	TRUE	TRUE	4.70	6						
2016.09.28	03:38:52.328			0	TRUE	5.349	4.0196	4.0265	3.513	6.430	TRUE	TRUE	4.62	6						
2016.09.28	03:38:53.208			0	TRUE	5.348	4.0226	4.0209	3.558	6.437	TRUE	TRUE	4.67	6						
2016.09.28	03:38:53.663			0	TRUE	5.356	4.0155	4.0265	3.532	6.457	TRUE	TRUE	4.52	6						
2016.09.28	03:38:54.103			1	TRUE	5.352	4.0140	4.0178	3.526	6.405	TRUE	TRUE	4.78	6						
2016.09.28	03:38:54.597			1	TRUE	5.341	4.0191	4.0196	3.549	6.460	TRUE	TRUE	4.77	6						
2016.09.28	03:38:55.052			0	TRUE	5.349	4.0228	4.0299	3.567	6.435	TRUE	TRUE	4.95	6						
2016.09.28	03:38:55.965			0	TRUE	5.345	4.0123	4.0247	3.519	6.425	TRUE	TRUE	4.82	6						
2016.09.28	03:38:56.432			1	TRUE	5.350	4.0189	4.0199	3.513	6.505	TRUE	TRUE	4.75	6						
2016.09.28	03:38:56.912			1	TRUE	5.351	4.0142	4.0145	3.553	6.430	TRUE	TRUE	4.70	6						
2016.09.28	03:38:57.365			1	TRUE	5.351	4.0131	4.0141	3.571	6.437	TRUE	TRUE	4.76	6						
2016.09.28	03:38:57.829			0	TRUE	5.356	4.0071	4.0414	3.555	6.459	TRUE	TRUE	4.73	6						
2016.09.28	03:38:58.278			1	TRUE	5.343	4.0132	4.0128	3.541	6.488	TRUE	TRUE	4.82	6						
2016.09.28	03:38:58.741			0	TRUE	5.342	4.0149	4.0177	3.525	6.418	FALSE	TRUE	4.73	6						
2016.09.28	03:38:59.201			0	TRUE	5.351	4.0144	4.0210	3.517	6.490	TRUE	TRUE	4.69	6						
2016.09.28	03:38:59.656			1	TRUE	5.346	4.0183	4.0156	3.563	6.454	TRUE	TRUE	4.93	6						
2016.09.28	03:39:00.118			1	TRUE	5.351	4.0073	4.0172	3.533	6.454	TRUE	TRUE	4.73	6						
2016.09.28	03:39:00.582			0	TRUE	5.353	4.0189	4.0314	3.526	6.431	TRUE	TRUE	4.82	6						
2016.09.28	03:39:01.068			0	TRUE	5.350	4.0142	4.0295	3.545	6.474	TRUE	TRUE	4.72	6						
2016.09.28	03:39:01.963			0	TRUE	5.353	4.0141	4.0215	3.540	6.464	TRUE	TRUE	4.72	6						
2016.09.28	03:39:02.413			1	TRUE	5.335	4.0175	4.0184	3.533	6.443	TRUE	TRUE	4.75	6						
2016.09.28	03:39:02.881			0	TRUE	5.373	4.0290	4.0597	3.526	6.469	TRUE	TRUE	4.52	6						
2016.09.28	03:39:03.338			0	TRUE	5.354	4.0119	4.0266	3.541	6.443	TRUE	TRUE	4.74	6						
2016.09.28	03:39:03.799			1	TRUE	5.342	4.0164	4.0172	3.530	6.423	TRUE	TRUE	4.83	6						
2016.09.28	03:39:04.290			0	TRUE	5.352	4.0121	4.0219	3.534	6.431	TRUE	TRUE	4.71	6						
2016.09.28	03:39:04.726			1	TRUE	5.347	4.0168	4.0168	3.542	6.446	TRUE	TRUE	4.78	6						
2016.09.28	03:39:05.195			1	TRUE	5.359	4.0170	4.0151	3.562	6.457	TRUE	TRUE	4.66	6						
2016.09.28	03:39:05.638			0	TRUE	5.357	4.0183	4.0244	3.512	6.432	TRUE	TRUE	4.61	6						
2016.09.28	03:39:06.087			0	TRUE	5.352	4.0135	4.0301	3.508	6.471	TRUE	TRUE	4.78	6						
2016.09.28	03:39:06.593			0	TRUE	5.357	4.0072	4.0229	3.552	6.472	TRUE	TRUE	4.67	6						
2016.09.28	03:39:07.033			0	TRUE	5.349	4.0144	4.0276	3.527	6.452	TRUE	TRUE	4.68	6						
2016.09.28	03:39:07.536			1	TRUE	5.359	4.0136	4.0191	3.539	6.473	TRUE	TRUE	4.74	6						
2016.09.28	03:39:07.970			0	TRUE	5.343	4.0124	4.0216	3.536	6.442	TRUE	TRUE	4.98	6						
2016.09.28	03:39:08.400			0	TRUE	5.354	4.0172	4.0245	3.541	6.450	TRUE	TRUE	4.92	6						
2016.09.28	03:39:08.848			0	TRUE	5.354	4.0150	4.0246	3.564	6.403	TRUE	TRUE	4.75	6						
2016.09.28	03:39:09.333			1	TRUE	5.352	4.0143	4.0140	3.518	6.463	TRUE	TRUE	4.84	6						
2016.09.28	03:39:09.807			0	TRUE	5.355	4.0083	4.0201	3.546	6.454	TRUE	TRUE	4.93	6						
2016.09.28	03:39:10.251			0	TRUE	5.358	4.0084	4.0217	3.516	6.461	TRUE	TRUE	4.73	6						
2016.09.28	03:39:10.709			1	TRUE	5.358	4.0159	4.0149	3.504	6.510	TRUE	TRUE	4.82	6						
2016.09.28	03:39:11.195			1	TRUE	5.353	4.0152	4.0154	3.527	6.443	TRUE	TRUE	4.69	6						
2016.09.28	03:39:11.666			1	TRUE	5.342	4.0114	4.0167	3.498	6.499	TRUE	TRUE	4.82	6						
2016.09.28	03:39:12.128			0	TRUE	5.352	4.0158	4.0208	3.507	6.478	TRUE	TRUE	4.78	6						
2016.09.28	03:39:12.569			0	TRUE	5.353	4.0085	4.0240	3.535	6.471	TRUE	TRUE	4.75	6						
2016.09.28	03:39:13.496			0	TRUE	5.342	4.0168	4.0243	3.571	6.463	TRUE	TRUE	4.77	6						
2016.09.28	03:39:14.414			0	TRUE	5.347	4.0191	4.0252	3.547	6.470	TRUE	TRUE	4.78	6						
2016.09.28	03:39:14.863			0	TRUE	5.347	4.0166	4.0255	3.547	6.434	TRUE	TRUE	4.77	6						
2016.09.28	03:39:15.298			1	TRUE	5.349	4.0132	4.0173	3.544	6.444	TRUE	TRUE	4.65	6						
2016.09.28	03:39:15.800			1	TRUE	5.347	4.0145	4.0182	3.558	6.434	TRUE	TRUE	4.88	6						
2016.09.28	03:39:16.226			1	TRUE	5.351	4.0190	4.0171	3.532	6.451	TRUE	TRUE	4.69	6						
2016.09.28	03:39:16.683			0	TRUE	5.347	4.0234	4.0288	3.555	6.475	TRUE	TRUE	4.80	6						
2016.09.28	03:39:17.166			1	TRUE	5.357	4.0104	4.0164	3.514	6.477	TRUE	TRUE	4.76	6						
2016.09.28	03:39:17.628			0	TRUE	5.352	4.0166	4.0205	3.547	6.476	TRUE	TRUE	4.69	6						
2016.09.28	03:39:18.065			0	TRUE	5.352	4.0110	4.0279	3.568	6.469	TRUE	TRUE	4.70	6						
2016.09.28	03:39:18.525			1	TRUE	5.343	4.0117	4.0138	3.479	6.510	TRUE	TRUE	4.74	6						
2016.09.28	03:39:19.020			0	TRUE	5.356	4.0039	4.0147	3.504	6.455	TRUE	TRUE	4.86	6						
2016.09.28	03:39:19.467			0	TRUE	5.351	4.0230	4.0314	3.533	6.452	TRUE	TRUE	4.60	6						
2016.09.28	03:39:19.920			0	TRUE	5.349	4.0115	4.0231	3.551	6.492	TRUE	TRUE	4.72	6						
2016.09.28	03:39:20.414			1	TRUE	5.359	4.0141	4.0196	3.565	6.441	TRUE	TRUE	4.77	6						
2016.09.28	03:39:20.875			1	TRUE	5.350	4.0112	4.0119	3.566	6.457	TRUE	TRUE	4.77	6						
2016.09.28	03:39:21.323			0	TRUE	5.350	4.0092	4.0239	3.494	6.447	TRUE	TRUE	4.74	6						
2016.09.28	03:39:21.773			0	TRUE	5.357	4.0148	4.0228	3.565	6.461	TRUE	TRUE	4.73	6						
2016.09.28	03:39:22.237			1	TRUE	5.352	4.0054	4.0179	3.529	6.485	TRUE	TRUE	4.67	6						
2016.09.28	03:39:22.706			0	TRUE	5.345	4.0187	4.0207	3.562	6.455	TRUE	TRUE	4.86	6						
2016.09.28	03:39:23.157			1	TRUE	5.357	4.0141	4.0193	3.545	6.442	TRUE	TRUE	4.65	6						
2016.09.28	03:39:23.646			1	TRUE	5.351	4.0101	4.0183	3.511	6.503	TRUE	TRUE	4.69	6						
2016.09.28	03:39:24.091			0	TRUE	5.346	4.0203	4.0257	3.476	6.433	TRUE	TRUE	4.61	6						
2016.09.28	03:39:24.513			1	TRUE	5.350	4.0185	4.0183	3.577	6.513	TRUE	TRUE	4.74	6						
2016.09.28	03:39:25.018			1	TRUE	5.347	4.0121	4.0114	3.535	6.426	TRUE	TRUE	4.71	6						
2016.09.28	03:39:25.472			1	TRUE	5.348	4.0127	4.0152	3.510	6.487	TRUE	TRUE	4.66	6						
2016.09.28	03:39:25.940			1	TRUE	5.350	4.0146	4.0167	3.540	6.434	TRUE	TRUE	4.69	6						
2016.09.28	03:39:26.398			1	TRUE	5.364	4.0127	4.0199	3.572	6.419	TRUE	TRUE	4.66	6						
2016.09.28	03:39:26.851			0	TRUE	5.344	4.0203	4.0274	3.536	6.443	TRUE	TRUE	4.78	6						
2016.09.28	03:39:27.316			0	TRUE	5.354	4.0213	4.0275	3.516	6.428	TRUE	TRUE	4.70	6						
2016.09.28	03:39:27.770			0	TRUE	5.351	4.0265	4.0269	3.514	6.458	TRUE	TRUE	4.83	6						
2016.09.28	03:39:28.237			0	TRUE	5.355	4.0096	4.0202	3.522	6.454	TRUE	TRUE	4.85	6						
2016.09.28	03:39:28.680			0	TRUE	5.350	4.0143	4.0237	3.523	6.430	TRUE	TRUE	4.77	6						
2016.09.28	03:39:29.108			1	TRUE	5.346	4.0128	4.0171	3.520	6.452	TRUE	TRUE	4.80	6						
2016.09.28	03:39:29.626			0	TRUE	5.338	4.0199	4.0283	3.513	6.457	FALSE	TRUE	4.88	6						
2016.09.28	03:39:30.070			1	TRUE	5.343	4.0128	4.0122	3.503	6.445	TRUE	TRUE	4.63	6						
2016.09.28	03:39:30.501			0	TRUE	5.349	4.0177	4.0231	3.544	6.436	TRUE	TRUE	4.75	6						
2016.09.28	03:39:31.008			0	TRUE	5.356	4.0128	4.0237	3.535	6.475	TRUE	TRUE	4.73	6						
2016.09.28	03:39:31.482			1	TRUE	5.353	4.0178	4.0162	3.493	6.493	TRUE	TRUE	4.66	6						
2016.09.28	03:39:31.906			0	TRUE	5.338	4.0171	4.0289	3.580	6.477	TRUE	TRUE	4.86	6						
2016.09.28	03:39:32.409			1	TRUE	5.348	4.0081	4.0129	3.566	6.496	TRUE	TRUE	4.72	6						
2016.09.28	03:39:32.839			0	TRUE	5.359	4.0211	4.0210	3.562	6.424	TRUE	TRUE	4.83	6						
2016.09.28	03:39:33.320			0	TRUE	5.353	4.0189	4.0167	3.504	6.451	FALSE	TRUE	4.78	6						
2016.09.28	03:39:33.753			1	TRUE	5.355	4.0144	4.0185	3.572	6.461	TRUE	TRUE	4.77	6						
2016.09.28	03:39:34.233			0	TRUE	5.352	4.0138	4.0312	3.528	6.492	TRUE	TRUE	4.71	6						
2016.09.28	03:39:34.689			0	TRUE	5.349	4.0168	4.0367	3.557	6.477	TRUE	TRUE	4.63	6						
2016.09.28	03:39:35.146			0	TRUE	5.353	4.0164	4.0286	3.549	6.429	TRUE	TRUE	4.54	6						
2016.09.28	03:39:35.611			1	TRUE	5.350	4.0098	4.0142	3.540	6.498	TRUE	TRUE	4.70	6						
2016.09.28	03:39:36.077			0	TRUE	5.352	4.0173	4.0255	3.575	6.459	TRUE	TRUE	4.92	6						
2016.09.28	03:39:36.532			0	TRUE	5.347	4.0134	4.0232	3.539	6.454	TRUE	TRUE	4.76	6						
2016.09.28	03:39:37.013			0	TRUE	5.354	4.0231	4.0340	3.556	6.441	TRUE	TRUE	4.75	6						
2016.09.28	03:39:37.447			0	TRUE	5.356	4.0146	4.0223	3.567	6.461	TRUE	TRUE	4.80	6						
2016.09.28	03:39:37.920			0	TRUE	5.353	4.0210	4.0244	3.507	6.440	TRUE	TRUE	4.70	6						
2016.09.28	03:39:38.376			0	TRUE	5.349	4.0179	4.0215	3.470	6.493	TRUE	TRUE	4.72	6						
2016.09.28	03:39:38.863			1	TRUE	5.348	4.0138	4.0106	3.546	6.489	TRUE	TRUE	4.69	6						
2016.09.28	03:39:39.278			1	TRUE	5.351	4.0152	4.0188	3.591	6.432	TRUE	TRUE	4.63	6						
2016.09.28	03:39:39.802			0	TRUE	5.355	4.0101	4.0218	3.547	6.499	TRUE	TRUE	4.71	6						
2016.09.28	03:39:42.321			1	TRUE	5.347	4.0148	4.0143	3.524	6.505	TRUE	TRUE	4.87	6						
2016.09.28	03:39:42.746			1	TRUE	5.355	4.0138	4.0183	3.527	6.448	TRUE	TRUE	4.64	6						
2016.09.28	03:39:43.208			0	TRUE	5.350	4.0199	4.0203	3.518	6.418	TRUE	TRUE	4.71	6						
2016.09.28	03:39:43.674			0	TRUE	5.339	4.0141	4.0161	3.492	6.471	FALSE	TRUE	4.71	6						
2016.09.28	03:39:44.107			1	TRUE	5.353	4.0105	4.0176	3.531	6.441	TRUE	TRUE	4.89	6						
2016.09.28	03:39:44.580			1	TRUE	5.351	4.0126	4.0174	3.583	6.482	TRUE	TRUE	4.72	6						
2016.09.28	03:39:45.055			0	TRUE	5.350	4.0199	4.0248	3.533	6.421	TRUE	TRUE	4.71	6						
2016.09.28	03:39:45.519			1	TRUE	5.338	4.0134	4.0179	3.547	6.495	TRUE	TRUE	4.92	6						
2016.09.28	03:39:46.005			0	TRUE	5.349	4.0206	4.0266	3.525	6.470	TRUE	TRUE	4.71	6						
2016.09.28	03:39:46.907			1	TRUE	5.352	4.0148	4.0145	3.503	6.503	TRUE	TRUE	4.79	6						
2016.09.28	03:39:47.359			0	TRUE	5.359	4.0158	4.0350	3.572	6.442	TRUE	TRUE	4.72	6						
2016.09.28	03:39:47.821			0	TRUE	5.354	4.0049	4.0087	3.517	6.427	TRUE	TRUE	4.74	6						
2016.09.28	03:39:48.261			0	TRUE	5.353	4.0164	4.0213	3.558	6.437	TRUE	TRUE	4.79	6						
2016.09.28	03:39:48.724			1	TRUE	5.349	4.0111	4.0183	3.510	6.471	TRUE	TRUE	4.71	6						
2016.09.28	03:39:49.209			0	TRUE	5.354	4.0039	4.0112	3.506	6.443	TRUE	TRUE	4.73	6						
2016.09.28	03:39:49.648			1	TRUE	5.351	4.0146	4.0177	3.535	6.450	TRUE	TRUE	4.84	6						
2016.09.28	03:39:50.119			1	TRUE	5.372	4.0174	4.0177	3.513	6.486	TRUE	TRUE	4.73	6						
2016.09.28	03:39:50.595			1	TRUE	5.353	4.0076	4.0171	3.565	6.493	TRUE	TRUE	4.73	6						
2016.09.28	03:39:51.050			0	TRUE	5.351	4.0258	4.0335	3.548	6.450	TRUE	TRUE	4.81	6						
2016.09.28	03:39:51.478			0	TRUE	5.335	4.0166	4.0238	3.555	6.509	TRUE	TRUE	5.13	5						
2016.09.28	03:39:51.944			0	TRUE	5.346	4.0138	4.0202	3.541	6.450	TRUE	TRUE	4.74	6						
2016.09.28	03:39:52.424			1	TRUE	5.355	4.0188	4.0170	3.523	6.519	TRUE	TRUE	4.79	6						
2016.09.28	03:39:52.912			1	TRUE	5.348	4.0155	4.0170	3.495	6.492	TRUE	TRUE	4.80	6						
2016.09.28	03:39:53.355			1	TRUE	5.352	4.0140	4.0189	3.533	6.498	TRUE	TRUE	4.81	6						
2016.09.28	03:39:53.811			1	TRUE	5.353	4.0127	4.0148	3.552	6.440	TRUE	TRUE	4.74	6						
2016.09.28	03:39:54.284			1	TRUE	5.353	4.0150	4.0189	3.539	6.461	TRUE	TRUE	4.49	6						
2016.09.28	03:39:54.698			0	TRUE	5.361	4.0160	4.0265	3.526	6.422	TRUE	TRUE	4.60	6						
2016.09.28	03:39:55.212			0	TRUE	5.344	4.0108	4.0093	3.542	6.494	FALSE	TRUE	4.86	6						
2016.09.28	03:39:56.156			0	TRUE	5.353	4.0200	4.0355	3.536	6.484	TRUE	TRUE	4.83	6						
2016.09.28	03:39:57.033			1	TRUE	5.350	4.0079	4.0123	3.527	6.462	TRUE	TRUE	4.76	6						
2016.09.28	03:39:57.510			1	TRUE	5.361	4.0138	4.0161	3.514	6.438	TRUE	TRUE	4.45	6						
2016.09.28	03:39:57.941			1	TRUE	5.351	4.0110	4.0194	3.526	6.498	TRUE	TRUE	4.70	6						
2016.09.28	03:39:58.425			1	TRUE	5.350	4.0138	4.0164	3.511	6.475	TRUE	TRUE	4.63	6						
2016.09.28	03:39:58.899			1	TRUE	5.357	4.0178	4.0150	3.523	6.486	TRUE	TRUE	4.68	6						
2016.09.28	03:39:59.311			1	TRUE	5.349	4.0157	4.0168	3.531	6.425	TRUE	TRUE	4.67	6						
2016.09.28	03:39:59.821			0	TRUE	5.346	4.0237	4.0319	3.561	6.459	TRUE	TRUE	4.86	6						
2016.09.28	03:40:00.680			1	TRUE	5.349	4.0125	4.0165	3.551	6.456	TRUE	TRUE	4.71	6						
2016.09.28	03:40:01.173			0	TRUE	5.350	4.0203	4.0250	3.542	6.419	TRUE	TRUE	4.71	6						
2016.09.28	03:40:01.641			1	TRUE	5.354	4.0105	4.0148	3.537	6.422	TRUE	TRUE	4.77	6						
2016.09.28	03:40:02.092			1	TRUE	5.359	4.0117	4.0194	3.533	6.491	TRUE	TRUE	4.81	6						
2016.09.28	03:40:02.553			1	TRUE	5.363	4.0170	4.0180	3.538	6.439	TRUE	TRUE	4.59	6						
2016.09.28	03:40:03.025			0	TRUE	5.357	4.0183	4.0358	3.563	6.442	TRUE	TRUE	4.72	6						
2016.09.28	03:40:03.493			0	TRUE	5.351	4.0144	4.0253	3.565	6.454	TRUE	TRUE	4.80	6						
2016.09.28	03:40:03.972			0	TRUE	5.323	4.0215	4.0244	3.524	6.511	TRUE	TRUE	4.79	6						
2016.09.28	03:40:04.884			1	TRUE	5.345	4.0150	4.0184	3.481	6.471	TRUE	TRUE	4.95	6						
2016.09.28	03:40:05.340			1	TRUE	5.356	4.0144	4.0122	3.534	6.474	TRUE	TRUE	4.68	6						
2016.09.28	03:40:05.811			1	TRUE	5.354	4.0057	4.0186	3.508	6.457	TRUE	TRUE	4.89	6						
2016.09.28	03:40:06.244			0	TRUE	5.351	4.0135	4.0202	3.544	6.471	TRUE	TRUE	4.69	6						
2016.09.28	03:40:06.696			0	TRUE	5.355	4.0202	4.0191	3.507	6.470	TRUE	TRUE	4.72	6						
2016.09.28	03:40:07.183			0	TRUE	5.345	4.0191	4.0261	3.541	6.463	TRUE	TRUE	4.90	6						
2016.09.28	03:40:07.652			0	TRUE	5.346	4.0191	4.0216	3.585	6.457	TRUE	TRUE	4.83	6						
2016.09.28	03:40:08.133			0	TRUE	5.349	4.0172	4.0184	3.496	6.503	FALSE	TRUE	4.82	6						
2016.09.28	03:40:08.559			0	TRUE	5.340	4.0202	4.0295	3.578	6.474	TRUE	TRUE	4.82	6						
2016.09.28	03:40:09.009			1	TRUE	5.352	4.0140	4.0169	3.555	6.438	TRUE	TRUE	4.74	6						
2016.09.28	03:40:09.472			0	TRUE	5.356	4.0184	4.0251	3.558	6.427	TRUE	TRUE	4.69	6						
2016.09.28	03:40:09.957			0	TRUE	5.359	4.0201	4.0190	3.491	6.534	TRUE	TRUE	4.71	6						
2016.09.28	03:40:10.386			1	TRUE	5.348	4.0097	4.0176	3.550	6.428	TRUE	TRUE	4.90	6						
2016.09.28	03:40:10.863			0	TRUE	5.359	4.0158	4.0236	3.523	6.482	TRUE	TRUE	4.63	6						
2016.09.28	03:40:11.320			1	TRUE	5.350	4.0137	4.0164	3.522	6.441	TRUE	TRUE	4.59	6						
2016.09.28	03:40:11.796			0	TRUE	5.342	4.0182	4.0298	3.588	6.441	TRUE	TRUE	4.78	6						
2016.09.28	03:40:12.242			1	TRUE	5.348	4.0143	4.0168	3.536	6.454	TRUE	TRUE	4.84	6						
2016.09.28	03:40:12.690			1	TRUE	5.362	4.0072	4.0177	3.552	6.461	TRUE	TRUE	4.82	6						
2016.09.28	03:40:13.175			1	TRUE	5.355	4.0125	4.0157	3.505	6.450	TRUE	TRUE	4.80	6						
2016.09.28	03:40:13.638			1	TRUE	5.357	4.0136	4.0150	3.515	6.495	TRUE	TRUE	4.87	6						
2016.09.28	03:40:14.081			1	TRUE	5.356	4.0120	4.0129	3.518	6.438	TRUE	TRUE	4.66	6						
2016.09.28	03:40:14.537			1	TRUE	5.354	4.0125	4.0135	3.528	6.462	TRUE	TRUE	4.81	6						
2016.09.28	03:40:15.018			1	TRUE	5.346	4.0105	4.0188	3.560	6.448	TRUE	TRUE	4.74	6						
2016.09.28	03:40:15.458			1	TRUE	5.348	4.0192	4.0158	3.553	6.504	TRUE	TRUE	4.82	6						
2016.09.28	03:40:15.923			0	TRUE	5.344	4.0237	4.0260	3.514	6.465	TRUE	TRUE	4.80	6						
2016.09.28	03:40:16.393			0	TRUE	5.357	4.0101	4.0205	3.522	6.455	TRUE	TRUE	4.80	6						
2016.09.28	03:40:16.852			0	TRUE	5.360	4.0211	4.0261	3.556	6.447	TRUE	TRUE	4.83	6						
2016.09.28	03:40:17.311			0	TRUE	5.343	4.0220	4.0260	3.526	6.473	TRUE	TRUE	4.86	6						
2016.09.28	03:40:17.780			0	TRUE	5.350	4.0265	4.0115	3.536	6.456	TRUE	TRUE	4.89	6						
2016.09.28	03:40:18.228			0	TRUE	5.353	4.0180	4.0225	3.573	6.427	TRUE	TRUE	4.69	6						
2016.09.28	03:40:18.712			0	TRUE	5.359	4.0276	4.0270	3.510	6.441	TRUE	TRUE	4.67	6						
2016.09.28	03:40:19.145			1	TRUE	5.351	4.0198	4.0188	3.540	6.435	TRUE	TRUE	4.83	6						
2016.09.28	03:40:19.642			1	TRUE	5.346	4.0149	4.0193	3.521	6.470	TRUE	TRUE	4.63	6						
2016.09.28	03:40:20.100			0	TRUE	5.346	4.0194	4.0202	3.535	6.464	TRUE	TRUE	4.91	6						
2016.09.28	03:40:21.003			1	TRUE	5.351	4.0137	4.0181	3.559	6.467	TRUE	TRUE	4.66	6						
2016.09.28	03:40:21.456			0	TRUE	5.352	4.0245	4.0239	3.533	6.439	TRUE	TRUE	4.86	6						
2016.09.28	03:40:21.913			1	TRUE	5.333	4.0138	4.0161	3.556	6.441	TRUE	TRUE	4.83	6						
2016.09.28	03:40:22.385			1	TRUE	5.345	4.0115	4.0145	3.493	6.488	TRUE	TRUE	4.76	6						
2016.09.28	03:40:22.857			0	TRUE	5.348	4.0191	4.0228	3.541	6.456	TRUE	TRUE	4.76	6						
2016.09.28	03:40:23.319			0	TRUE	5.354	4.0185	4.0264	3.552	6.452	TRUE	TRUE	4.76	6						
2016.09.28	03:40:23.756			0	TRUE	5.348	4.0113	4.0240	3.546	6.433	TRUE	TRUE	4.66	6						
2016.09.28	03:40:24.230			1	TRUE	5.347	4.0131	4.0176	3.519	6.438	TRUE	TRUE	4.65	6						
2016.09.28	03:40:24.668			0	TRUE	5.359	4.0123	4.0240	3.530	6.468	TRUE	TRUE	4.61	6						
2016.09.28	03:40:25.131			1	TRUE	5.354	4.0131	4.0166	3.524	6.474	TRUE	TRUE	4.68	6						
2016.09.28	03:40:25.612			1	TRUE	5.352	4.0080	4.0187	3.545	6.455	TRUE	TRUE	4.79	6						
2016.09.28	03:40:26.085			1	TRUE	5.357	4.0104	4.0164	3.577	6.476	TRUE	TRUE	4.70	6						
2016.09.28	03:40:26.557			0	TRUE	5.360	4.0163	4.0304	3.525	6.473	TRUE	TRUE	4.85	6						
2016.09.28	03:40:26.996			1	TRUE	5.349	4.0127	4.0162	3.542	6.466	TRUE	TRUE	4.67	6						
2016.09.28	03:40:27.450			0	TRUE	5.354	4.0124	4.0259	3.507	6.459	TRUE	TRUE	4.73	6						
2016.09.28	03:40:27.902			1	TRUE	5.346	4.0126	4.0180	3.536	6.443	TRUE	TRUE	4.82	6						
2016.09.28	03:40:28.405			1	TRUE	5.344	4.0195	4.0181	3.528	6.425	TRUE	TRUE	4.79	6						
2016.09.28	03:40:28.840			0	TRUE	5.346	4.0125	4.0199	3.476	6.495	FALSE	TRUE	4.65	6						
2016.09.28	03:40:29.279			1	TRUE	5.346	4.0183	4.0158	3.533	6.469	TRUE	TRUE	4.79	6						
2016.09.28	03:40:29.771			0	TRUE	5.353	4.0154	4.0232	3.525	6.440	TRUE	TRUE	4.64	6						
2016.09.28	03:40:30.201			0	TRUE	5.350	4.0195	4.0207	3.543	6.464	TRUE	TRUE	4.72	6						
2016.09.28	03:40:30.678			0	TRUE	5.343	4.0176	4.0223	3.536	6.445	TRUE	TRUE	4.65	6						
2016.09.28	03:40:31.137			0	TRUE	5.360	4.0138	4.0277	3.514	6.466	TRUE	TRUE	4.74	6						
2016.09.28	03:40:31.597			1	TRUE	5.353	4.0132	4.0187	3.513	6.484	TRUE	TRUE	4.78	6						
2016.09.28	03:40:32.083			0	TRUE	5.351	4.0167	4.0317	3.555	6.455	TRUE	TRUE	4.72	6						
2016.09.28	03:40:33.007			0	TRUE	5.349	4.0210	4.0289	3.517	6.474	TRUE	TRUE	4.65	6						
2016.09.28	03:40:33.440			0	TRUE	5.341	4.0217	4.0281	3.552	6.476	TRUE	TRUE	4.80	6						
2016.09.28	03:40:33.877			0	TRUE	5.352	4.0136	4.0215	3.487	6.506	TRUE	TRUE	4.71	6						
2016.09.28	03:40:34.361			1	TRUE	5.351	4.0132	4.0178	3.531	6.432	TRUE	TRUE	4.63	6						
2016.09.28	03:40:34.846			0	TRUE	5.345	4.0218	4.0277	3.519	6.440	TRUE	TRUE	4.70	6						
2016.09.28	03:40:35.296			0	TRUE	5.349	4.0135	4.0270	3.580	6.430	TRUE	TRUE	4.78	6						
2016.09.28	03:40:35.761			0	TRUE	5.355	4.0208	4.0284	3.546	6.481	TRUE	TRUE	4.92	6						
2016.09.28	03:40:36.220			1	TRUE	5.352	4.0136	4.0145	3.542	6.437	TRUE	TRUE	4.60	6						
2016.09.28	03:40:36.677			1	TRUE	5.341	4.0170	4.0200	3.556	6.427	TRUE	TRUE	4.89	6						
2016.09.28	03:40:37.152			0	TRUE	5.352	4.0201	4.0290	3.522	6.442	TRUE	TRUE	4.67	6						
2016.09.28	03:40:38.051			1	TRUE	5.349	4.0117	4.0150	3.526	6.444	TRUE	TRUE	4.77	6						
2016.09.28	03:40:38.487			0	TRUE	5.353	4.0156	4.0304	3.525	6.429	TRUE	TRUE	4.75	6						
2016.09.28	03:40:38.980			0	TRUE	5.353	4.0138	4.0219	3.502	6.486	TRUE	TRUE	4.67	6						
2016.09.28	03:40:39.449			1	TRUE	5.353	4.0146	4.0185	3.539	6.447	TRUE	TRUE	4.69	6						
2016.09.28	03:40:39.904			0	TRUE	5.351	4.0278	4.0253	3.539	6.439	TRUE	TRUE	4.75	6						
2016.09.28	03:40:40.364			1	TRUE	5.353	4.0109	4.0175	3.490	6.463	TRUE	TRUE	4.72	6						
2016.09.28	03:40:40.836			0	TRUE	5.355	4.0247	4.0228	3.513	6.492	TRUE	TRUE	4.81	6						
2016.09.28	03:40:41.296			1	TRUE	5.336	4.0174	4.0194	3.518	6.459	TRUE	TRUE	4.85	6						
2016.09.28	03:40:43.493			1	TRUE	5.352	4.0125	4.0128	3.496	6.440	TRUE	TRUE	4.83	6						
2016.09.28	03:40:43.996			1	TRUE	5.339	4.0086	4.0151	3.531	6.477	TRUE	TRUE	4.90	6						
2016.09.28	03:40:44.436			0	TRUE	5.348	4.0174	4.0264	3.490	6.443	TRUE	TRUE	4.82	6						
2016.09.28	03:40:44.910			1	TRUE	5.356	4.0099	4.0175	3.525	6.454	TRUE	TRUE	4.70	6						
2016.09.28	03:40:45.399			1	TRUE	5.345	4.0163	4.0183	3.519	6.478	TRUE	TRUE	4.76	6						
2016.09.28	03:40:45.820			1	TRUE	5.352	4.0151	4.0180	3.495	6.489	TRUE	TRUE	4.68	6						
2016.09.28	03:40:46.272			0	TRUE	5.339	4.0160	4.0219	3.554	6.466	TRUE	TRUE	4.74	6						
2016.09.28	03:40:46.758			0	TRUE	5.355	4.0153	4.0250	3.563	6.487	TRUE	TRUE	4.83	6						
2016.09.28	03:40:47.212			1	TRUE	5.363	4.0078	4.0118	3.515	6.484	TRUE	TRUE	4.79	6						
2016.09.28	03:40:47.657			1	TRUE	5.347	4.0139	4.0153	3.507	6.438	TRUE	TRUE	4.76	6						
2016.09.28	03:40:48.145			0	TRUE	5.350	4.0169	4.0213	3.528	6.443	TRUE	TRUE	4.73	6						
2016.09.28	03:40:48.607			0	TRUE	5.353	4.0148	4.0266	3.576	6.464	TRUE	TRUE	4.75	6						
2016.09.28	03:40:49.045			0	TRUE	5.358	4.0080	4.0238	3.541	6.423	TRUE	TRUE	4.76	6						
2016.09.28	03:40:49.518			0	TRUE	5.362	4.0176	4.0291	3.542	6.466	TRUE	TRUE	4.77	6						
2016.09.28	03:40:50.029			0	TRUE	5.356	4.0163	4.0296	3.531	6.451	TRUE	TRUE	4.75	6						
2016.09.28	03:40:50.454			0	TRUE	5.357	4.0130	4.0623	3.517	6.417	TRUE	TRUE	4.63	6						
2016.09.28	03:40:50.879			0	TRUE	5.355	4.0262	4.0316	3.535	6.481	TRUE	TRUE	4.83	6						
2016.09.28	03:40:51.350			0	TRUE	5.357	4.0189	4.0231	3.545	6.433	TRUE	TRUE	4.75	6						
2016.09.28	03:40:51.825			1	TRUE	5.363	4.0113	4.0178	3.561	6.463	TRUE	TRUE	4.78	6						
2016.09.28	03:40:52.269			0	TRUE	5.368	4.0154	4.0207	3.528	6.437	TRUE	TRUE	4.70	6						
2016.09.28	03:40:52.735			0	TRUE	5.355	4.0156	4.0225	3.549	6.437	TRUE	TRUE	4.70	6						
2016.09.28	03:40:53.217			1	TRUE	5.352	4.0143	4.0145	3.505	6.477	TRUE	TRUE	4.73	6						
2016.09.28	03:40:53.661			1	TRUE	5.351	4.0195	4.0183	3.569	6.489	TRUE	TRUE	4.73	6						
2016.09.28	03:40:54.102			1	TRUE	5.357	4.0110	4.0166	3.518	6.477	TRUE	TRUE	4.86	6						
2016.09.28	03:40:54.615			0	TRUE	5.358	4.0178	4.0613	3.553	6.448	TRUE	TRUE	4.72	6						
2016.09.28	03:40:55.038			1	TRUE	5.356	4.0169	4.0186	3.488	6.457	TRUE	TRUE	4.69	6						
2016.09.28	03:40:55.504			0	TRUE	5.350	4.0141	4.0203	3.502	6.484	TRUE	TRUE	4.88	6						
2016.09.28	03:40:55.983			1	TRUE	5.363	4.0117	4.0174	3.540	6.466	TRUE	TRUE	4.78	6						
2016.09.28	03:40:56.446			1	TRUE	5.333	4.0124	4.0138	3.497	6.454	TRUE	TRUE	4.71	6						
2016.09.28	03:40:56.904			0	TRUE	5.353	4.0114	4.0226	3.539	6.423	TRUE	TRUE	4.71	6						
2016.09.28	03:40:57.337			0	TRUE	5.350	4.0122	4.0481	3.540	6.429	TRUE	TRUE	4.79	6						
2016.09.28	03:40:57.840			1	TRUE	5.346	4.0127	4.0153	3.571	6.418	TRUE	TRUE	4.66	6						
2016.09.28	03:40:58.269			0	TRUE	5.361	4.0114	4.0248	3.517	6.465	TRUE	TRUE	4.80	6						
2016.09.28	03:40:58.734			0	TRUE	5.340	4.0184	4.0278	3.508	6.422	TRUE	TRUE	4.77	6						
2016.09.28	03:40:59.204			1	TRUE	5.353	4.0115	4.0123	3.540	6.475	TRUE	TRUE	4.55	6						
2016.09.28	03:40:59.655			0	TRUE	5.353	4.0088	4.0278	3.560	6.462	TRUE	TRUE	4.78	6						
2016.09.28	03:41:00.121			0	TRUE	5.351	4.0226	4.0295	3.554	6.480	TRUE	TRUE	4.87	6						
2016.09.28	03:41:00.562			0	TRUE	5.348	4.0169	4.0231	3.556	6.461	TRUE	TRUE	4.85	6						
2016.09.28	03:41:01.054			1	TRUE	5.341	4.0105	4.0178	3.521	6.481	TRUE	TRUE	4.78	6						
2016.09.28	03:41:01.520			1	TRUE	5.355	4.0105	4.0145	3.519	6.475	TRUE	TRUE	4.72	6						
2016.09.28	03:41:01.960			1	TRUE	5.357	4.0119	4.0166	3.536	6.423	TRUE	TRUE	4.68	6						
2016.09.28	03:41:02.429			0	TRUE	5.370	4.0212	4.0138	3.529	6.435	TRUE	TRUE	4.61	6						
2016.09.28	03:41:03.330			0	TRUE	5.357	4.0145	4.0208	3.506	6.452	TRUE	TRUE	4.49	6						
2016.09.28	03:41:03.800			0	TRUE	5.350	4.0212	4.0234	3.531	6.469	TRUE	TRUE	4.71	6						
2016.09.28	03:41:04.280			0	TRUE	5.354	4.0211	4.0200	3.539	6.420	TRUE	TRUE	4.84	6						
2016.09.28	03:41:04.723			1	TRUE	5.351	4.0091	4.0146	3.522	6.475	TRUE	TRUE	4.69	6						
2016.09.28	03:41:05.200			0	TRUE	5.364	4.0141	4.0250	3.538	6.473	TRUE	TRUE	4.73	6						
2016.09.28	03:41:05.673			0	TRUE	5.354	4.0201	4.0276	3.553	6.463	TRUE	TRUE	4.86	6						
2016.09.28	03:41:06.562			1	TRUE	5.354	4.0114	4.0135	3.493	6.527	TRUE	TRUE	4.70	6						
2016.09.28	03:41:07.047			0	TRUE	5.337	4.0211	4.0247	3.517	6.436	TRUE	TRUE	4.83	6						
2016.09.28	03:41:07.503			1	TRUE	5.345	4.0119	4.0188	3.535	6.442	TRUE	TRUE	4.71	6						
2016.09.28	03:41:07.962			1	TRUE	5.358	4.0137	4.0165	3.551	6.451	TRUE	TRUE	4.74	6						
2016.09.28	03:41:10.257			0	TRUE	5.352	4.0176	4.0238	3.517	6.441	FALSE	TRUE	4.82	6						
2016.09.28	03:41:10.769			1	TRUE	5.351	4.0163	4.0182	3.504	6.455	TRUE	TRUE	4.66	6						
2016.09.28	03:41:11.242			1	TRUE	5.349	4.0116	4.0173	3.563	6.426	TRUE	TRUE	4.67	6						
2016.09.28	03:41:11.695			0	TRUE	5.352	4.0170	4.0277	3.536	6.477	TRUE	TRUE	4.77	6						
2016.09.28	03:41:12.600			1	TRUE	5.358	4.0168	4.0187	3.533	6.485	TRUE	TRUE	4.83	6						
2016.09.28	03:41:13.054			1	TRUE	5.349	4.0175	4.0192	3.546	6.472	TRUE	TRUE	4.53	6						
2016.09.28	03:41:13.534			1	TRUE	5.358	4.0125	4.0194	3.548	6.467	TRUE	TRUE	4.85	6						
2016.09.28	03:41:13.997			1	TRUE	5.351	4.0110	4.0193	3.520	6.489	TRUE	TRUE	4.77	6						
2016.09.28	03:41:14.427			1	TRUE	5.351	4.0176	4.0115	3.511	6.476	TRUE	TRUE	4.77	6						
2016.09.28	03:41:14.898			1	TRUE	5.349	4.0108	4.0108	3.506	6.483	TRUE	TRUE	4.69	6						
2016.09.28	03:41:17.012			1	TRUE	5.353	4.0118	4.0165	3.536	6.434	TRUE	TRUE	4.65	6						
2016.09.28	03:41:17.449			0	TRUE	5.351	4.0202	4.0291	3.525	6.473	TRUE	TRUE	4.77	6						
2016.09.28	03:41:17.918			1	TRUE	5.345	4.0136	4.0180	3.538	6.479	TRUE	TRUE	4.69	6						
2016.09.28	03:41:18.396			0	TRUE	5.347	4.0059	4.0235	3.562	6.456	TRUE	TRUE	4.58	6						
2016.09.28	03:41:18.841			1	TRUE	5.344	4.0051	4.0194	3.557	6.444	TRUE	TRUE	4.83	6						
2016.09.28	03:41:19.307			0	TRUE	5.357	4.0189	4.0224	3.525	6.473	TRUE	TRUE	4.58	6						
2016.09.28	03:41:19.771			1	TRUE	5.345	4.0166	4.0144	3.496	6.460	TRUE	TRUE	4.84	6						
2016.09.28	03:41:20.246			0	TRUE	5.356	4.0155	4.0218	3.534	6.463	TRUE	TRUE	4.69	6						
2016.09.28	03:41:20.706			1	TRUE	5.350	4.0166	4.0157	3.537	6.470	TRUE	TRUE	4.64	6						
2016.09.28	03:41:21.142			0	TRUE	5.357	4.0191	4.0288	3.539	6.456	TRUE	TRUE	4.79	6						
2016.09.28	03:41:21.616			0	TRUE	5.336	4.0232	4.0286	3.546	6.534	TRUE	TRUE	4.75	6						
2016.09.28	03:41:22.059			1	TRUE	5.344	4.0110	4.0162	3.479	6.492	TRUE	TRUE	4.81	6						
2016.09.28	03:41:22.531			1	TRUE	5.351	4.0098	4.0150	3.516	6.436	TRUE	TRUE	4.69	6						
2016.09.28	03:41:22.996			0	TRUE	5.352	4.0138	4.0229	3.540	6.424	TRUE	TRUE	4.71	6						
2016.09.28	03:41:23.454			1	TRUE	5.348	4.0085	4.0136	3.572	6.474	TRUE	TRUE	4.64	6						
2016.09.28	03:41:23.915			1	TRUE	5.359	4.0172	4.0197	3.506	6.469	TRUE	TRUE	4.66	6						
2016.09.28	03:41:24.363			1	TRUE	5.351	4.0183	4.0159	3.510	6.424	TRUE	TRUE	4.87	6						
2016.09.28	03:41:24.817			0	TRUE	5.378	4.0180	4.0259	3.474	6.464	TRUE	TRUE	4.72	6						
2016.09.28	03:41:25.292			1	TRUE	5.356	4.0174	4.0159	3.557	6.470	TRUE	TRUE	4.78	6						
2016.09.28	03:41:25.768			1	TRUE	5.351	4.0090	4.0195	3.520	6.451	TRUE	TRUE	4.73	6						
2016.09.28	03:41:26.231			0	TRUE	5.357	4.0221	4.0171	3.490	6.476	TRUE	TRUE	4.83	6						
2016.09.28	03:41:26.666			1	TRUE	5.360	4.0114	4.0157	3.525	6.455	TRUE	TRUE	4.68	6						
2016.09.28	03:41:27.138			0	TRUE	5.360	4.0230	4.0261	3.512	6.472	TRUE	TRUE	4.81	6						
2016.09.28	03:41:27.610			0	TRUE	5.347	4.0151	4.0297	3.578	6.458	TRUE	TRUE	4.71	6						
2016.09.28	03:41:28.072			0	TRUE	5.356	4.0255	4.0377	3.512	6.499	TRUE	TRUE	4.80	6						
2016.09.28	03:41:28.509			1	TRUE	5.355	4.0132	4.0196	3.554	6.464	TRUE	TRUE	4.74	6						
2016.09.28	03:41:29.011			0	TRUE	5.358	4.0166	4.0258	3.560	6.422	TRUE	TRUE	4.82	6						
2016.09.28	03:41:29.427			1	TRUE	5.352	4.0076	4.0132	3.510	6.478	TRUE	TRUE	4.79	6						
2016.09.28	03:41:29.851			1	TRUE	5.357	4.0170	4.0136	3.496	6.476	TRUE	TRUE	4.69	6						
2016.09.28	03:41:30.373			0	TRUE	5.353	4.0258	4.0277	3.563	6.442	TRUE	TRUE	4.75	6						
2016.09.28	03:41:30.828			1	TRUE	5.350	4.0137	4.0103	3.520	6.462	TRUE	TRUE	4.77	6						
2016.09.28	03:41:31.286			1	TRUE	5.352	4.0188	4.0200	3.509	6.456	TRUE	TRUE	4.80	6						
2016.09.28	03:41:31.739			0	TRUE	5.358	4.0227	4.0235	3.556	6.465	TRUE	TRUE	4.65	6						
2016.09.28	03:41:32.200			1	TRUE	5.354	4.0120	4.0131	3.549	6.438	TRUE	TRUE	4.77	6						
2016.09.28	03:41:32.674			0	TRUE	5.347	4.0117	4.0215	3.537	6.440	TRUE	TRUE	4.74	6						
2016.09.28	03:41:33.130			1	TRUE	5.341	4.0118	4.0165	3.534	6.457	TRUE	TRUE	4.85	6						
2016.09.28	03:41:33.604			0	TRUE	5.348	4.0194	4.0309	3.562	6.449	TRUE	TRUE	4.77	6						
2016.09.28	03:41:34.039			1	TRUE	5.356	4.0113	4.0154	3.532	6.465	TRUE	TRUE	4.65	6						
2016.09.28	03:41:34.517			0	TRUE	5.350	4.0099	4.0121	3.505	6.459	FALSE	TRUE	4.74	5						
2016.09.28	03:41:34.964			0	TRUE	5.348	4.0123	4.0204	3.564	6.441	TRUE	TRUE	4.73	6						
2016.09.28	03:41:35.421			0	TRUE	5.357	4.0214	4.0269	3.582	6.411	TRUE	TRUE	4.76	6						
2016.09.28	03:41:35.858			1	TRUE	5.347	4.0125	4.0194	3.542	6.467	TRUE	TRUE	4.83	6						
2016.09.28	03:41:36.334			0	TRUE	5.355	4.0131	4.0232	3.539	6.450	TRUE	TRUE	4.77	6						
2016.09.28	03:41:36.837			1	TRUE	5.336	4.0149	4.0182	3.525	6.456	TRUE	TRUE	4.75	6						
2016.09.28	03:41:37.277			0	TRUE	5.346	4.0242	4.0212	3.517	6.467	TRUE	TRUE	4.64	6						
2016.09.28	03:41:37.725			1	TRUE	5.353	4.0145	4.0146	3.561	6.437	TRUE	TRUE	4.79	6						
2016.09.28	03:41:38.227			1	TRUE	5.350	4.0117	4.0186	3.535	6.500	TRUE	TRUE	4.72	6						
2016.09.28	03:41:38.659			0	TRUE	5.344	4.0075	4.0203	3.569	6.461	TRUE	TRUE	4.88	6						
2016.09.28	03:41:39.093			1	TRUE	5.355	4.0174	4.0162	3.539	6.485	TRUE	TRUE	4.97	6						
2016.09.28	03:41:39.603			1	TRUE	5.357	4.0152	4.0161	3.506	6.522	TRUE	TRUE	4.80	6						
2016.09.28	03:41:40.045			1	TRUE	5.341	4.0066	4.0153	3.499	6.478	TRUE	TRUE	4.77	6						
2016.09.28	03:41:40.571			0	TRUE	5.349	4.0166	4.0214	3.539	6.428	TRUE	TRUE	4.74	6						
2016.09.28	03:41:41.439			1	TRUE	5.352	4.0146	4.0188	3.586	6.414	TRUE	TRUE	4.78	6						
2016.09.28	03:41:41.855			0	TRUE	5.347	4.0161	4.0309	3.529	6.466	TRUE	TRUE	4.78	6						
2016.09.28	03:41:42.365			1	TRUE	5.353	4.0190	4.0195	3.539	6.472	TRUE	TRUE	4.69	6						
2016.09.28	03:41:42.824			0	TRUE	5.357	4.0183	4.0235	3.564	6.450	TRUE	TRUE	4.71	6						
2016.09.28	03:41:43.288			1	TRUE	5.327	4.0165	4.0187	3.538	6.480	TRUE	TRUE	4.86	6						
2016.09.28	03:41:43.720			1	TRUE	5.354	4.0115	4.0168	3.547	6.467	TRUE	TRUE	4.62	6						
2016.09.28	03:41:44.201			0	TRUE	5.355	4.0151	4.0264	3.549	6.457	TRUE	TRUE	4.77	6						
2016.09.28	03:41:44.658			0	TRUE	5.352	4.0124	4.0201	3.545	6.437	TRUE	TRUE	4.71	6						
2016.09.28	03:41:45.125			1	TRUE	5.356	4.0170	4.0167	3.517	6.443	TRUE	TRUE	4.60	6						
2016.09.28	03:41:45.596			0	TRUE	5.360	4.0241	4.0311	3.519	6.440	TRUE	TRUE	4.77	6						
2016.09.28	03:41:46.040			0	TRUE	5.354	4.0204	4.0281	3.542	6.452	TRUE	TRUE	4.79	6						
2016.09.28	03:41:46.449			0	TRUE	5.350	4.0226	4.0296	3.534	6.431	TRUE	TRUE	4.83	6						
2016.09.28	03:41:46.975			0	TRUE	5.350	4.0127	4.0282	3.553	6.459	TRUE	TRUE	4.71	6						
2016.09.28	03:41:47.895			0	TRUE	5.351	4.0184	4.0252	3.523	6.452	TRUE	TRUE	4.82	6						
2016.09.28	03:41:48.364			1	TRUE	5.348	4.0146	4.0188	3.498	6.468	TRUE	TRUE	4.73	6						
2016.09.28	03:41:48.812			1	TRUE	5.351	4.0105	4.0162	3.519	6.473	TRUE	TRUE	4.82	6						
2016.09.28	03:41:49.270			1	TRUE	5.342	4.0107	4.0144	3.547	6.461	TRUE	TRUE	4.62	6						
2016.09.28	03:41:49.732			0	TRUE	5.353	4.0210	4.0243	3.491	6.468	TRUE	TRUE	4.85	6						
2016.09.28	03:41:50.201			1	TRUE	5.353	4.0113	4.0137	3.512	6.460	TRUE	TRUE	4.81	6						
2016.09.28	03:41:50.644			0	TRUE	5.349	4.0211	4.0276	3.536	6.496	TRUE	TRUE	4.74	6						
2016.09.28	03:41:51.096			0	TRUE	5.358	4.0193	4.0308	3.543	6.455	TRUE	TRUE	5.00	6						
2016.09.28	03:41:51.582			0	TRUE	5.359	4.0179	4.0246	3.535	6.435	TRUE	TRUE	4.78	6						
2016.09.28	03:41:52.019			0	TRUE	5.349	4.0133	4.0203	3.499	6.458	TRUE	TRUE	4.80	6						
2016.09.28	03:41:52.505			0	TRUE	5.352	4.0163	4.0209	3.546	6.422	TRUE	TRUE	4.94	6						
2016.09.28	03:41:52.949			0	TRUE	5.349	4.0140	4.0280	3.551	6.423	TRUE	TRUE	4.79	6						
2016.09.28	03:41:53.426			1	TRUE	5.349	4.0075	4.0158	3.546	6.436	TRUE	TRUE	4.91	6						
2016.09.28	03:41:53.873			1	TRUE	5.351	4.0155	4.0177	3.500	6.458	TRUE	TRUE	4.84	6						
2016.09.28	03:41:54.330			1	TRUE	5.356	4.0118	4.0172	3.554	6.469	TRUE	TRUE	4.86	6						
2016.09.28	03:41:54.786			0	TRUE	5.347	4.0175	4.0241	3.505	6.463	TRUE	TRUE	4.86	6						
2016.09.28	03:41:55.256			1	TRUE	5.348	4.0183	4.0168	3.525	6.469	TRUE	TRUE	4.66	6						
2016.09.28	03:41:55.716			1	TRUE	5.355	4.0143	4.0194	3.509	6.472	TRUE	TRUE	4.71	6						
2016.09.28	03:41:56.197			1	TRUE	5.354	4.0122	4.0167	3.531	6.473	TRUE	TRUE	4.80	6						
2016.09.28	03:41:56.676			0	TRUE	5.340	4.0200	4.0293	3.528	6.436	TRUE	TRUE	4.91	6						
2016.09.28	03:41:57.566			1	TRUE	5.354	4.0159	4.0152	3.557	6.454	TRUE	TRUE	4.69	6						
2016.09.28	03:41:58.024			1	TRUE	5.351	4.0169	4.0125	3.545	6.462	TRUE	TRUE	4.80	6						
2016.09.28	03:41:58.490			0	TRUE	5.346	4.0239	4.0242	3.512	6.456	TRUE	TRUE	4.57	6						
2016.09.28	03:41:58.944			1	TRUE	5.341	4.0144	4.0181	3.535	6.471	TRUE	TRUE	4.74	6						
2016.09.28	03:41:59.419			1	TRUE	5.349	4.0163	4.0196	3.556	6.440	TRUE	TRUE	5.02	6						
2016.09.28	03:41:59.862			1	TRUE	5.355	4.0145	4.0132	3.558	6.420	TRUE	TRUE	4.70	6						
2016.09.28	03:42:00.330			0	TRUE	5.350	4.0089	4.0248	3.545	6.407	TRUE	TRUE	4.68	6						
2016.09.28	03:42:00.809			0	TRUE	5.344	4.0136	4.0644	3.525	6.416	TRUE	TRUE	4.67	6						
2016.09.28	03:42:01.251			0	TRUE	5.346	4.0112	4.0214	3.500	6.451	TRUE	TRUE	4.79	6						
2016.09.28	03:42:01.725			1	TRUE	5.356	4.0178	4.0198	3.548	6.458	TRUE	TRUE	4.71	6						
2016.09.28	03:42:02.175			0	TRUE	5.351	4.0215	4.0279	3.528	6.414	TRUE	TRUE	4.79	6						
2016.09.28	03:42:02.631			0	TRUE	5.351	4.0151	4.0271	3.530	6.464	TRUE	TRUE	4.79	6						
2016.09.28	03:42:03.063			0	TRUE	5.346	4.0144	4.0236	3.566	6.468	TRUE	TRUE	4.83	6						
2016.09.28	03:42:03.559			1	TRUE	5.348	4.0119	4.0117	3.536	6.440	TRUE	TRUE	4.78	6						
2016.09.28	03:42:03.987			0	TRUE	5.344	4.0134	4.0246	3.540	6.418	TRUE	TRUE	4.89	6						
2016.09.28	03:42:04.486			0	TRUE	5.357	4.0076	4.0285	3.551	6.487	TRUE	TRUE	4.72	6						
2016.09.28	03:42:04.934			1	TRUE	5.349	4.0103	4.0174	3.497	6.471	TRUE	TRUE	4.60	6						
2016.09.28	03:42:05.403			0	TRUE	5.354	4.0130	4.0214	3.516	6.467	TRUE	TRUE	4.73	6						
2016.09.28	03:42:05.859			0	TRUE	5.346	4.0188	4.0201	3.576	6.430	TRUE	TRUE	4.82	6						
2016.09.28	03:42:06.314			0	TRUE	5.351	4.0204	4.0205	3.527	6.474	TRUE	TRUE	4.87	6						
2016.09.28	03:42:06.761			0	TRUE	5.351	4.0085	4.0248	3.536	6.445	TRUE	TRUE	4.64	6						
2016.09.28	03:42:07.245			1	TRUE	5.353	4.0160	4.0148	3.526	6.507	TRUE	TRUE	4.72	6						
2016.09.28	03:42:07.684			1	TRUE	5.344	4.0118	4.0172	3.580	6.480	TRUE	TRUE	4.70	6						
2016.09.28	03:42:08.182			1	TRUE	5.351	4.0114	4.0153	3.504	6.416	TRUE	TRUE	4.74	6						
2016.09.28	03:42:08.619			0	TRUE	5.350	4.0262	4.0257	3.539	6.445	TRUE	TRUE	4.76	6						
2016.09.28	03:42:09.086			1	TRUE	5.350	4.0159	4.0196	3.532	6.450	TRUE	TRUE	4.86	6						
2016.09.28	03:42:09.538			1	TRUE	5.349	4.0128	4.0142	3.542	6.438	TRUE	TRUE	4.63	6						
2016.09.28	03:42:11.939			0	TRUE	5.355	4.0226	4.0278	3.579	6.455	TRUE	TRUE	4.72	6						
2016.09.28	03:42:12.399			0	TRUE	5.355	4.0252	4.0252	3.492	6.479	TRUE	TRUE	4.55	6						
2016.09.28	03:42:12.857			0	TRUE	5.354	4.0126	4.0240	3.536	6.448	TRUE	TRUE	4.80	6						
2016.09.28	03:42:13.321			1	TRUE	5.357	4.0161	4.0145	3.551	6.441	TRUE	TRUE	4.71	6						
2016.09.28	03:42:13.791			0	TRUE	5.352	4.0150	4.0205	3.533	6.452	TRUE	TRUE	4.80	6						
2016.09.28	03:42:14.256			0	TRUE	5.348	4.0149	4.0201	3.513	6.487	TRUE	TRUE	4.73	6						
2016.09.28	03:42:14.726			0	TRUE	5.355	4.0215	4.0203	3.554	6.461	TRUE	TRUE	4.77	6						
2016.09.28	03:42:15.198			1	TRUE	5.356	4.0146	4.0173	3.534	6.411	TRUE	TRUE	4.69	6						
2016.09.28	03:42:15.629			0	TRUE	5.352	4.0183	4.0329	3.547	6.455	TRUE	TRUE	4.79	6						
2016.09.28	03:42:16.091			0	TRUE	5.349	4.0115	4.0283	3.553	6.457	TRUE	TRUE	4.66	6						
2016.09.28	03:42:16.565			0	TRUE	5.355	4.0180	4.0270	3.529	6.447	TRUE	TRUE	4.67	6						
2016.09.28	03:42:17.041			0	TRUE	5.356	4.0166	4.0246	3.549	6.463	TRUE	TRUE	4.65	6						
2016.09.28	03:42:17.487			1	TRUE	5.354	4.0169	4.0189	3.513	6.480	TRUE	TRUE	4.88	6						
2016.09.28	03:42:17.960			0	TRUE	5.349	4.0212	4.0332	3.538	6.438	TRUE	TRUE	4.72	6						
2016.09.28	03:42:18.403			0	TRUE	5.360	4.0127	4.0206	3.544	6.437	TRUE	TRUE	4.73	6						
2016.09.28	03:42:18.869			0	TRUE	5.341	4.0193	4.0267	3.533	6.466	TRUE	TRUE	4.77	6						
2016.09.28	03:42:19.325			0	TRUE	5.353	4.0186	4.0231	3.549	6.423	TRUE	TRUE	4.85	6						
2016.09.28	03:42:19.796			1	TRUE	5.349	4.0137	4.0140	3.536	6.469	TRUE	TRUE	4.68	6						
2016.09.28	03:42:20.238			0	TRUE	5.358	4.0203	4.0260	3.535	6.439	TRUE	TRUE	4.85	6						
2016.09.28	03:42:20.673			0	TRUE	5.351	4.0105	4.0309	3.547	6.440	TRUE	TRUE	4.70	6						
2016.09.28	03:42:21.124			0	TRUE	5.357	4.0085	4.0276	3.539	6.460	TRUE	TRUE	4.78	6						
2016.09.28	03:42:21.646			1	TRUE	5.352	4.0116	4.0174	3.557	6.427	TRUE	TRUE	4.77	6						
2016.09.28	03:42:22.091			0	TRUE	5.350	4.0169	4.0201	3.515	6.474	TRUE	TRUE	4.82	6						
2016.09.28	03:42:22.536			0	TRUE	5.365	4.0111	4.0973	3.509	6.450	TRUE	TRUE	4.80	6						
2016.09.28	03:42:23.029			0	TRUE	5.358	4.0184	4.0307	3.556	6.438	TRUE	TRUE	4.66	6						
2016.09.28	03:42:23.469			1	TRUE	5.350	4.0137	4.0136	3.539	6.437	TRUE	TRUE	4.67	6						
2016.09.28	03:42:23.925			0	TRUE	5.360	4.0121	4.0206	3.512	6.474	TRUE	TRUE	4.75	6						
2016.09.28	03:42:24.393			1	TRUE	5.350	4.0064	4.0168	3.524	6.487	TRUE	TRUE	4.76	6						
2016.09.28	03:42:24.837			0	TRUE	5.355	4.0208	4.0196	3.528	6.486	TRUE	TRUE	4.63	6						
2016.09.28	03:42:25.325			0	TRUE	5.353	4.0227	4.0353	3.522	6.473	TRUE	TRUE	4.72	6						
2016.09.28	03:42:25.791			0	TRUE	5.347	4.0158	4.0215	3.530	6.414	TRUE	TRUE	4.69	6						
2016.09.28	03:42:26.257			1	TRUE	5.344	4.0169	4.0089	3.540	6.483	TRUE	TRUE	4.70	6						
2016.09.28	03:42:26.703			1	TRUE	5.357	4.0168	4.0177	3.480	6.476	TRUE	TRUE	4.77	6						
2016.09.28	03:42:27.174			0	TRUE	5.357	4.0099	4.0211	3.570	6.435	TRUE	TRUE	4.76	6						
2016.09.28	03:42:27.620			1	TRUE	5.350	4.0132	4.0197	3.521	6.455	TRUE	TRUE	4.82	6						
2016.09.28	03:42:28.085			1	TRUE	5.354	4.0200	4.0158	3.507	6.442	TRUE	TRUE	4.76	6						
2016.09.28	03:42:28.542			1	TRUE	5.348	4.0114	4.0170	3.561	6.450	TRUE	TRUE	4.65	6						
2016.09.28	03:42:29.008			1	TRUE	5.354	4.0180	4.0124	3.577	6.455	TRUE	TRUE	4.45	6						
2016.09.28	03:42:29.456			0	TRUE	5.358	4.0176	4.0261	3.523	6.445	TRUE	TRUE	4.68	6						
2016.09.28	03:42:29.901			0	TRUE	5.349	4.0144	4.0245	3.543	6.427	TRUE	TRUE	4.81	6						
2016.09.28	03:42:30.370			1	TRUE	5.368	4.0112	4.0144	3.513	6.449	TRUE	TRUE	4.62	6						
2016.09.28	03:42:30.834			1	TRUE	5.350	4.0158	4.0132	3.518	6.450	TRUE	TRUE	4.47	6						
2016.09.28	03:42:31.307			0	TRUE	5.344	4.0244	4.0254	3.526	6.465	TRUE	TRUE	4.76	6						
2016.09.28	03:42:31.768			1	TRUE	5.348	4.0111	4.0170	3.510	6.457	TRUE	TRUE	4.71	6						
2016.09.28	03:42:32.251			1	TRUE	5.338	4.0068	4.0159	3.479	6.486	TRUE	TRUE	4.72	6						
2016.09.28	03:42:32.662			1	TRUE	5.347	4.0115	4.0159	3.494	6.456	TRUE	TRUE	4.75	6						
2016.09.28	03:42:33.167			1	TRUE	5.351	4.0127	4.0140	3.525	6.456	TRUE	TRUE	4.66	6						
2016.09.28	03:42:33.617			0	TRUE	5.345	4.0144	4.0216	3.546	6.459	TRUE	TRUE	4.78	6						
2016.09.28	03:42:34.073			1	TRUE	5.347	4.0187	4.0150	3.539	6.453	TRUE	TRUE	4.71	6						
2016.09.28	03:42:36.329			0	TRUE	5.348	4.0233	4.0237	3.515	6.495	TRUE	TRUE	4.80	6						
2016.09.28	03:42:36.784			0	TRUE	5.354	4.0137	4.0203	3.505	6.452	TRUE	TRUE	4.57	6						
2016.09.28	03:42:37.257			0	TRUE	5.352	4.0124	4.0247	3.551	6.460	TRUE	TRUE	4.67	6						
2016.09.28	03:42:37.694			0	TRUE	5.354	4.0207	4.0188	3.531	6.441	TRUE	TRUE	4.65	6						
2016.09.28	03:42:38.162			0	TRUE	5.355	4.0033	4.0225	3.565	6.452	TRUE	TRUE	4.74	6						
2016.09.28	03:42:38.639			1	TRUE	5.355	4.0189	4.0198	3.512	6.509	TRUE	TRUE	4.82	6						
2016.09.28	03:42:39.051			1	TRUE	5.360	4.0099	4.0186	3.529	6.449	TRUE	TRUE	4.83	6						
2016.09.28	03:42:39.539			0	TRUE	5.341	4.0166	4.0215	3.512	6.454	TRUE	TRUE	4.90	6						
2016.09.28	03:42:40.018			0	TRUE	5.355	4.0098	4.0210	3.558	6.447	TRUE	TRUE	4.91	6						
2016.09.28	03:42:40.476			1	TRUE	5.338	4.0133	4.0153	3.525	6.448	TRUE	TRUE	4.89	6						
2016.09.28	03:42:40.929			1	TRUE	5.350	4.0129	4.0164	3.527	6.454	TRUE	TRUE	4.75	6						
2016.09.28	03:42:41.422			1	TRUE	5.348	4.0174	4.0131	3.531	6.481	TRUE	TRUE	4.74	6						
2016.09.28	03:42:41.854			0	TRUE	5.341	4.0264	4.0329	3.527	6.441	TRUE	TRUE	4.84	6						
2016.09.28	03:42:42.314			0	TRUE	5.364	4.0137	4.0318	3.539	6.428	TRUE	TRUE	4.70	6						
2016.09.28	03:42:42.783			1	TRUE	5.353	4.0136	4.0144	3.517	6.473	TRUE	TRUE	4.42	6						
2016.09.28	03:42:43.272			0	TRUE	5.348	4.0229	4.0202	3.531	6.461	TRUE	TRUE	4.65	6						
2016.09.28	03:42:43.690			1	TRUE	5.357	4.0109	4.0185	3.535	6.449	TRUE	TRUE	4.91	6						
2016.09.28	03:42:44.138			0	TRUE	5.366	4.0129	4.0269	3.540	6.456	TRUE	TRUE	4.62	6						
2016.09.28	03:42:44.630			1	TRUE	5.348	4.0101	4.0127	3.528	6.456	TRUE	TRUE	4.67	6						
2016.09.28	03:42:45.076			0	TRUE	5.353	4.0142	4.0220	3.547	6.491	TRUE	TRUE	4.85	6						
2016.09.28	03:42:47.516			0	TRUE	5.356	4.0172	4.0258	3.539	6.459	TRUE	TRUE	4.69	6						
2016.09.28	03:42:48.010			0	TRUE	5.349	4.0249	4.0224	3.508	6.483	TRUE	TRUE	4.75	6						
2016.09.28	03:42:48.453			0	TRUE	5.350	4.0099	4.0212	3.519	6.460	TRUE	TRUE	4.62	6						
2016.09.28	03:42:48.882			1	TRUE	5.355	4.0167	4.0176	3.573	6.435	TRUE	TRUE	4.62	6						
2016.09.28	03:42:49.334			1	TRUE	5.344	4.0147	4.0131	3.479	6.483	TRUE	TRUE	4.67	6						
2016.09.28	03:42:49.850			1	TRUE	5.346	4.0054	4.0176	3.517	6.479	TRUE	TRUE	4.87	6						
2016.09.28	03:42:52.417			0	TRUE	5.353	4.0194	4.0350	3.549	6.497	TRUE	TRUE	4.74	6						
2016.09.28	03:42:52.889			0	TRUE	5.350	4.0155	4.0298	3.547	6.455	TRUE	TRUE	4.66	6						
2016.09.28	03:42:53.347			1	TRUE	5.350	4.0150	4.0197	3.514	6.476	TRUE	TRUE	4.57	6						
2016.09.28	03:42:53.805			0	TRUE	5.335	4.0091	4.0211	3.547	6.489	TRUE	TRUE	4.91	6						
2016.09.28	03:42:54.249			1	TRUE	5.353	4.0073	4.0194	3.543	6.458	TRUE	TRUE	4.78	6						
2016.09.28	03:42:54.720			0	TRUE	5.350	4.0130	4.0227	3.553	6.423	TRUE	TRUE	4.60	6						
2016.09.28	03:42:55.167			0	TRUE	5.352	4.0163	4.0297	3.542	6.456	TRUE	TRUE	4.67	6						
2016.09.28	03:42:55.635			1	TRUE	5.348	4.0099	4.0092	3.466	6.497	TRUE	TRUE	4.78	6						
2016.09.28	03:42:56.073			0	TRUE	5.362	4.0152	4.0248	3.509	6.465	TRUE	TRUE	4.64	6						
2016.09.28	03:42:56.567			1	TRUE	5.350	4.0147	4.0178	3.494	6.500	TRUE	TRUE	4.76	6						
2016.09.28	03:42:57.011			0	TRUE	5.347	4.0184	4.0208	3.517	6.432	TRUE	TRUE	4.67	6						
2016.09.28	03:42:59.082			1	TRUE	5.348	4.0155	4.0145	3.517	6.439	TRUE	TRUE	4.76	6						
2016.09.28	03:42:59.568			1	TRUE	5.357	4.0104	4.0146	3.552	6.448	TRUE	TRUE	4.73	6						
2016.09.28	03:43:00.024			0	TRUE	5.351	4.0119	4.0259	3.545	6.439	TRUE	TRUE	4.70	6						
2016.09.28	03:43:00.462			1	TRUE	5.351	4.0181	4.0155	3.560	6.479	TRUE	TRUE	4.71	6						
2016.09.28	03:43:00.958			0	TRUE	5.349	4.0182	4.0264	3.548	6.440	TRUE	TRUE	4.68	6						
2016.09.28	03:43:01.429			1	TRUE	5.356	4.0128	4.0199	3.529	6.444	TRUE	TRUE	4.88	6						
2016.09.28	03:43:01.884			1	TRUE	5.352	4.0083	4.0133	3.563	6.442	TRUE	TRUE	4.84	6						
2016.09.28	03:43:02.343			1	TRUE	5.355	4.0123	4.0143	3.538	6.462	TRUE	TRUE	4.71	6						
2016.09.28	03:43:02.796			1	TRUE	5.338	4.0121	4.0144	3.553	6.465	TRUE	TRUE	4.91	6						
2016.09.28	03:43:03.245			0	TRUE	5.352	4.0158	4.0216	3.519	6.406	TRUE	TRUE	4.54	6						
2016.09.28	03:43:03.729			0	TRUE	5.353	4.0244	4.0420	3.525	6.437	TRUE	TRUE	4.55	6						
2016.09.28	03:43:04.170			0	TRUE	5.365	4.0122	4.0354	3.525	6.476	TRUE	TRUE	4.57	6						
2016.09.28	03:43:04.643			0	TRUE	5.349	4.0225	4.0325	3.520	6.496	TRUE	TRUE	4.72	6						
2016.09.28	03:43:05.069			1	TRUE	5.340	4.0188	4.0166	3.532	6.423	TRUE	TRUE	4.88	6						
2016.09.28	03:43:05.568			1	TRUE	5.343	4.0158	4.0166	3.494	6.450	TRUE	TRUE	4.81	6						
2016.09.28	03:43:06.032			0	TRUE	5.356	4.0235	4.0393	3.571	6.448	TRUE	TRUE	4.68	6						
2016.09.28	03:43:06.468			0	TRUE	5.345	4.0149	4.0271	3.543	6.437	TRUE	TRUE	4.80	6						
2016.09.28	03:43:06.957			0	TRUE	5.351	4.0209	4.0267	3.544	6.444	TRUE	TRUE	4.78	6						
2016.09.28	03:43:07.412			0	TRUE	5.344	4.0217	4.0243	3.524	6.440	TRUE	TRUE	4.78	6						
2016.09.28	03:43:07.887			1	TRUE	5.347	4.0106	4.0139	3.564	6.412	TRUE	TRUE	4.70	6						
2016.09.28	03:43:08.321			1	TRUE	5.349	4.0135	4.0180	3.537	6.471	TRUE	TRUE	4.81	6						
2016.09.28	03:43:08.790			0	TRUE	5.353	4.0180	4.0262	3.525	6.465	TRUE	TRUE	4.86	6						
2016.09.28	03:43:09.242			0	TRUE	5.353	4.0106	4.0289	3.562	6.481	TRUE	TRUE	4.67	6						
2016.09.28	03:43:09.704			0	TRUE	5.357	4.0232	4.0251	3.534	6.468	TRUE	TRUE	4.78	6						
2016.09.28	03:43:10.164			0	TRUE	5.359	4.0132	4.0098	3.538	6.432	TRUE	TRUE	4.26	4						
2016.09.28	03:43:12.399			1	TRUE	5.350	4.0173	4.0188	3.464	6.501	TRUE	TRUE	4.79	6						
2016.09.28	03:43:12.854			0	TRUE	5.360	4.0187	4.0230	3.499	6.477	TRUE	TRUE	4.66	6						
2016.09.28	03:43:13.310			1	TRUE	5.354	4.0152	4.0198	3.493	6.500	TRUE	TRUE	4.68	6						
2016.09.28	03:43:13.784			0	TRUE	5.350	4.0144	4.0251	3.541	6.434	TRUE	TRUE	4.64	6						
2016.09.28	03:43:14.244			1	TRUE	5.351	4.0163	4.0177	3.521	6.465	TRUE	TRUE	4.85	6						
2016.09.28	03:43:14.690			0	TRUE	5.349	4.0137	4.0236	3.530	6.476	TRUE	TRUE	4.80	6						
2016.09.28	03:43:15.181			1	TRUE	5.357	4.0102	4.0144	3.505	6.483	TRUE	TRUE	4.73	6						
2016.09.28	03:43:15.645			1	TRUE	5.336	4.0120	4.0194	3.533	6.503	TRUE	TRUE	4.76	6						
2016.09.28	03:43:16.063			1	TRUE	5.341	4.0178	4.0174	3.533	6.430	TRUE	TRUE	4.90	6						
2016.09.28	03:43:16.526			0	TRUE	5.351	4.0117	4.0810	3.540	6.434	TRUE	TRUE	4.86	6						
2016.09.28	03:43:17.013			0	TRUE	5.358	4.0144	4.0202	3.570	6.420	TRUE	TRUE	4.74	6						
2016.09.28	03:43:17.458			1	TRUE	5.347	4.0200	4.0134	3.537	6.494	TRUE	TRUE	4.71	6						
2016.09.28	03:43:17.934			1	TRUE	5.356	4.0151	4.0132	3.513	6.479	TRUE	TRUE	4.75	6						
2016.09.28	03:43:18.393			1	TRUE	5.348	4.0117	4.0187	3.559	6.443	TRUE	TRUE	4.86	6						
2016.09.28	03:43:18.836			0	TRUE	5.364	4.0176	4.0228	3.495	6.497	TRUE	TRUE	4.56	6						
2016.09.28	03:43:20.870			0	TRUE	5.350	4.0200	4.0249	3.518	6.477	TRUE	TRUE	4.72	6						
2016.09.28	03:43:21.342			0	TRUE	5.354	4.0164	4.0242	3.513	6.481	TRUE	TRUE	4.65	6						
2016.09.28	03:43:21.835			1	TRUE	5.357	4.0090	4.0180	3.519	6.476	TRUE	TRUE	4.65	6						
2016.09.28	03:43:24.270			0	TRUE	5.349	4.0179	4.0244	3.519	6.454	TRUE	TRUE	4.73	6						
2016.09.28	03:43:24.732			0	TRUE	5.353	4.0201	4.0107	3.522	6.484	TRUE	TRUE	4.60	6						
2016.09.28	03:43:25.207			0	TRUE	5.353	4.0198	4.0270	3.570	6.406	TRUE	TRUE	4.72	6						
2016.09.28	03:43:25.665			0	TRUE	5.345	4.0104	4.0366	3.554	6.449	TRUE	TRUE	4.81	6						
2016.09.28	03:43:26.122			1	TRUE	5.357	4.0173	4.0188	3.565	6.463	TRUE	TRUE	4.73	6						
2016.09.28	03:43:26.597			1	TRUE	5.357	4.0106	4.0197	3.549	6.454	TRUE	TRUE	4.66	6						
2016.09.28	03:43:27.058			0	TRUE	5.356	4.0140	4.0245	3.549	6.452	TRUE	TRUE	4.70	6						
2016.09.28	03:43:27.473			0	TRUE	5.360	4.0203	4.0253	3.527	6.454	TRUE	TRUE	4.77	6						
2016.09.28	03:43:27.976			0	TRUE	5.355	4.0090	4.0276	3.525	6.460	TRUE	TRUE	4.70	6						
2016.09.28	03:43:28.432			1	TRUE	5.351	4.0093	4.0149	3.506	6.488	TRUE	TRUE	4.79	6						
2016.09.28	03:43:28.914			1	TRUE	5.353	4.0131	4.0153	3.499	6.490	TRUE	TRUE	4.86	6						
2016.09.28	03:43:29.336			1	TRUE	5.342	4.0108	4.0103	3.486	6.498	TRUE	TRUE	4.80	6						
2016.09.28	03:43:29.810			0	TRUE	5.355	4.0191	4.0248	3.553	6.449	TRUE	TRUE	4.53	6						
2016.09.28	03:43:30.280			0	TRUE	5.357	4.0071	4.0239	3.521	6.476	TRUE	TRUE	4.71	6						
2016.09.28	03:43:30.725			1	TRUE	5.346	4.0164	4.0138	3.506	6.457	TRUE	TRUE	4.72	6						
2016.09.28	03:43:31.243			1	TRUE	5.352	4.0107	4.0101	3.527	6.462	TRUE	TRUE	4.87	6						
2016.09.28	03:43:31.655			0	TRUE	5.361	4.0153	4.0221	3.494	6.484	TRUE	TRUE	4.62	6						
2016.09.28	03:43:32.122			0	TRUE	5.361	4.0251	4.0331	3.504	6.445	TRUE	TRUE	4.88	6						
2016.09.28	03:43:32.573			0	TRUE	5.350	4.0259	4.0224	3.538	6.425	TRUE	TRUE	4.76	6						
2016.09.28	03:43:33.038			0	TRUE	5.358	4.0182	4.0267	3.527	6.433	TRUE	TRUE	4.76	6						
2016.09.28	03:43:33.512			1	TRUE	5.353	4.0146	4.0139	3.504	6.460	TRUE	TRUE	4.81	6						
2016.09.28	03:43:33.977			0	TRUE	5.356	4.0141	4.0252	3.530	6.480	TRUE	TRUE	4.76	6						
2016.09.28	03:43:36.078			0	TRUE	5.354	4.0221	4.0167	3.500	6.464	TRUE	TRUE	4.76	6						
2016.09.28	03:43:36.540			0	TRUE	5.354	4.0148	4.0252	3.545	6.439	TRUE	TRUE	4.76	6						
2016.09.28	03:43:37.001			1	TRUE	5.366	4.0137	4.0141	3.498	6.493	TRUE	TRUE	4.76	6						
2016.09.28	03:43:37.457			1	TRUE	5.348	4.0114	4.0197	3.534	6.487	TRUE	TRUE	4.99	6						
2016.09.28	03:43:37.878			0	TRUE	5.344	4.0203	4.0285	3.573	6.442	TRUE	TRUE	4.86	6						
2016.09.28	03:43:38.357			0	TRUE	5.358	4.0114	4.0203	3.533	6.460	TRUE	TRUE	4.74	6						
2016.09.28	03:43:38.872			0	TRUE	5.344	4.0200	4.0292	3.571	6.443	TRUE	TRUE	5.06	6						
2016.09.28	03:43:39.292			0	TRUE	5.353	4.0161	4.0262	3.534	6.456	TRUE	TRUE	4.91	6						
2016.09.28	03:43:39.798			0	TRUE	5.351	4.0185	4.0253	3.551	6.485	TRUE	TRUE	4.95	6						
2016.09.28	03:43:40.210			1	TRUE	5.340	4.0161	4.0193	3.516	6.456	TRUE	TRUE	4.88	6						
2016.09.28	03:43:40.678			1	TRUE	5.358	4.0104	4.0199	3.527	6.467	TRUE	TRUE	4.71	6						
2016.09.28	03:43:41.151			1	TRUE	5.349	4.0109	4.0144	3.557	6.436	TRUE	TRUE	4.66	6						
2016.09.28	03:43:41.578			0	TRUE	5.346	4.0184	4.0216	3.525	6.424	TRUE	TRUE	4.77	6						
2016.09.28	03:43:42.067			0	TRUE	5.353	4.0281	4.0275	3.545	6.441	TRUE	TRUE	4.77	6						
2016.09.28	03:43:42.543			0	TRUE	5.349	4.0226	4.0285	3.579	6.443	TRUE	TRUE	4.83	6						
2016.09.28	03:43:42.975			1	TRUE	5.353	4.0163	4.0193	3.484	6.483	TRUE	TRUE	4.81	6						
2016.09.28	03:43:43.447			0	TRUE	5.350	4.0171	4.0232	3.540	6.425	TRUE	TRUE	4.59	6						
2016.09.28	03:43:43.926			0	TRUE	5.354	4.0197	4.0236	3.560	6.414	TRUE	TRUE	4.76	6						
2016.09.28	03:43:44.853			1	TRUE	5.351	4.0097	4.0154	3.518	6.488	TRUE	TRUE	4.77	6						
2016.09.28	03:43:45.280			0	TRUE	5.355	4.0183	4.0313	3.561	6.456	TRUE	TRUE	4.70	6						
2016.09.28	03:43:45.746			1	TRUE	5.345	4.0178	4.0184	3.557	6.444	TRUE	TRUE	4.84	6						
2016.09.28	03:43:46.228			0	TRUE	5.335	4.0130	4.0164	3.510	6.435	FALSE	TRUE	4.87	6						
2016.09.28	03:43:46.686			0	TRUE	5.341	4.0171	4.0203	3.558	6.436	TRUE	TRUE	4.82	6						
2016.09.28	03:43:47.143			1	TRUE	5.355	4.0151	4.0175	3.569	6.395	TRUE	TRUE	4.59	6						
2016.09.28	03:43:47.605			1	TRUE	5.361	4.0100	4.0183	3.471	6.520	TRUE	TRUE	4.70	6						
2016.09.28	03:43:48.066			0	TRUE	5.359	4.0220	4.0311	3.507	6.503	TRUE	TRUE	4.75	6						
2016.09.28	03:43:48.485			1	TRUE	5.356	4.0144	4.0125	3.543	6.448	TRUE	TRUE	4.69	6						
2016.09.28	03:43:48.976			1	TRUE	5.347	4.0160	4.0191	3.551	6.463	TRUE	TRUE	4.94	6						
2016.09.28	03:43:49.436			0	TRUE	5.353	4.0191	4.0314	3.542	6.435	TRUE	TRUE	4.80	6						
2016.09.28	03:43:49.910			1	TRUE	5.346	4.0118	4.0143	3.524	6.443	TRUE	TRUE	4.79	6						
2016.09.28	03:43:50.368			1	TRUE	5.352	4.0200	4.0152	3.525	6.463	TRUE	TRUE	4.80	6						
2016.09.28	03:43:50.850			0	TRUE	5.352	4.0239	4.0196	3.537	6.492	TRUE	TRUE	4.59	6						
2016.09.28	03:43:51.310			1	TRUE	5.346	4.0172	4.0171	3.583	6.448	TRUE	TRUE	4.70	6						
2016.09.28	03:43:51.738			0	TRUE	5.361	4.0167	4.0240	3.517	6.438	TRUE	TRUE	4.63	6						
2016.09.28	03:43:52.196			1	TRUE	5.357	4.0111	4.0119	3.526	6.465	TRUE	TRUE	4.67	6						
2016.09.28	03:43:52.654			0	TRUE	5.352	4.0134	4.0228	3.546	6.491	TRUE	TRUE	4.73	6						
2016.09.28	03:43:53.128			1	TRUE	5.352	4.0155	4.0171	3.549	6.412	TRUE	TRUE	4.66	6						
2016.09.28	03:43:53.603			1	TRUE	5.351	4.0103	4.0185	3.573	6.432	TRUE	TRUE	4.74	6						
2016.09.28	03:43:54.044			0	TRUE	5.349	4.0087	4.0233	3.523	6.473	TRUE	TRUE	4.61	6						
2016.09.28	03:43:54.492			0	TRUE	5.357	4.0138	4.0268	3.533	6.449	TRUE	TRUE	4.78	6						
2016.09.28	03:43:55.009			0	TRUE	5.347	4.0145	4.0291	3.587	6.433	TRUE	TRUE	4.77	6						
2016.09.28	03:43:55.885			1	TRUE	5.346	4.0103	4.0139	3.546	6.430	TRUE	TRUE	4.77	6						
2016.09.28	03:43:56.369			1	TRUE	5.353	4.0194	4.0152	3.521	6.477	TRUE	TRUE	4.53	6						
2016.09.28	03:43:56.817			1	TRUE	5.354	4.0110	4.0188	3.578	6.427	TRUE	TRUE	4.76	6						
2016.09.28	03:43:57.284			0	TRUE	5.358	4.0232	4.0273	3.512	6.457	TRUE	TRUE	4.73	6						
2016.09.28	03:43:57.730			1	TRUE	5.354	4.0127	4.0176	3.494	6.493	TRUE	TRUE	4.78	6						
2016.09.28	03:43:58.205			0	TRUE	5.359	4.0223	4.0277	3.506	6.458	TRUE	TRUE	4.69	6						
2016.09.28	03:43:58.649			0	TRUE	5.357	4.0169	4.0213	3.548	6.463	TRUE	TRUE	4.68	6						
2016.09.28	03:43:59.122			0	TRUE	5.355	4.0176	4.0248	3.543	6.454	TRUE	TRUE	4.69	6						
2016.09.28	03:43:59.573			0	TRUE	5.359	4.0154	4.0265	3.545	6.473	TRUE	TRUE	4.75	6						
2016.09.28	03:44:00.033			0	TRUE	5.352	4.0149	4.0215	3.521	6.449	TRUE	TRUE	4.69	6						
2016.09.28	03:44:00.468			0	TRUE	5.352	4.0232	4.0261	3.538	6.456	TRUE	TRUE	4.60	6						
2016.09.28	03:44:00.967			0	TRUE	5.352	4.0197	4.0267	3.511	6.446	TRUE	TRUE	4.74	6						
2016.09.28	03:44:01.440			0	TRUE	5.356	4.0236	4.0299	3.526	6.464	TRUE	TRUE	4.65	6						
2016.09.28	03:44:02.364			0	TRUE	5.349	4.0174	4.0237	3.539	6.454	TRUE	TRUE	4.78	6						
2016.09.28	03:44:02.819			1	TRUE	5.343	4.0193	4.0199	3.543	6.466	TRUE	TRUE	4.82	6						
2016.09.28	03:44:03.288			0	TRUE	5.349	4.0172	4.0243	3.551	6.454	TRUE	TRUE	4.84	6						
2016.09.28	03:44:03.722			1	TRUE	5.360	4.0146	4.0194	3.523	6.461	TRUE	TRUE	4.68	6						
2016.09.28	03:44:04.194			1	TRUE	5.349	4.0157	4.0084	3.518	6.431	TRUE	TRUE	4.68	6						
2016.09.28	03:44:04.652			0	TRUE	5.348	4.0224	4.0186	3.486	6.473	TRUE	TRUE	4.79	6						
2016.09.28	03:44:05.102			0	TRUE	5.354	4.0135	4.0228	3.532	6.505	TRUE	TRUE	4.65	6						
2016.09.28	03:44:05.592			1	TRUE	5.350	4.0167	4.0121	3.555	6.483	TRUE	TRUE	4.82	6						
2016.09.28	03:44:06.048			1	TRUE	5.350	4.0134	4.0161	3.557	6.434	TRUE	TRUE	4.72	6						
2016.09.28	03:44:06.529			0	TRUE	5.353	4.0020	4.0148	3.496	6.466	TRUE	TRUE	4.86	6						
2016.09.28	03:44:06.935			0	TRUE	5.352	4.0137	4.0251	3.552	6.424	TRUE	TRUE	4.87	6						
2016.09.28	03:44:07.436			0	TRUE	5.352	4.0159	4.0200	3.520	6.459	FALSE	TRUE	4.82	6						
2016.09.28	03:44:07.875			0	TRUE	5.348	4.0199	4.0244	3.560	6.418	TRUE	TRUE	4.75	6						
2016.09.28	03:44:08.324			0	TRUE	5.355	4.0188	4.0223	3.578	6.436	TRUE	TRUE	4.72	6						
2016.09.28	03:44:08.807			1	TRUE	5.357	4.0108	4.0092	3.510	6.474	TRUE	TRUE	4.83	6						
2016.09.28	03:44:09.269			0	TRUE	5.331	4.0246	4.0330	3.608	6.456	TRUE	TRUE	4.78	6						
2016.09.28	03:44:09.725			0	TRUE	5.355	4.0233	4.0272	3.524	6.440	TRUE	TRUE	4.79	6						
2016.09.28	03:44:10.193			1	TRUE	5.358	4.0163	4.0181	3.547	6.479	TRUE	TRUE	4.73	6						
2016.09.28	03:44:10.663			1	TRUE	5.353	4.0080	4.0145	3.510	6.494	TRUE	TRUE	4.75	6						
2016.09.28	03:44:11.109			0	TRUE	5.238	4.0196	4.0224	3.515	6.478	TRUE	TRUE	4.61	6						
2016.09.28	03:44:11.570			0	TRUE	5.353	4.0144	4.0251	3.554	6.453	TRUE	TRUE	4.83	6						
2016.09.28	03:44:12.028			0	TRUE	5.352	4.0221	4.0222	3.524	6.455	TRUE	TRUE	4.76	6						
2016.09.28	03:44:12.497			1	TRUE	5.343	4.0185	4.0142	3.487	6.498	TRUE	TRUE	4.79	6						
2016.09.28	03:44:12.948			1	TRUE	5.359	4.0114	4.0151	3.519	6.451	TRUE	TRUE	4.64	6						
2016.09.28	03:44:13.437			1	TRUE	5.340	4.0108	4.0166	3.557	6.494	TRUE	TRUE	4.85	6						
2016.09.28	03:44:13.861			0	TRUE	5.364	4.0187	4.0268	3.521	6.468	TRUE	TRUE	4.58	6						
2016.09.28	03:44:14.355			1	TRUE	5.354	4.0122	4.0172	3.528	6.455	TRUE	TRUE	4.73	6						
2016.09.28	03:44:16.940			0	TRUE	5.352	4.0040	4.0240	3.558	6.462	TRUE	TRUE	4.73	6						
2016.09.28	03:44:17.426			1	TRUE	5.354	4.0129	4.0185	3.557	6.446	TRUE	TRUE	4.60	6						
2016.09.28	03:44:17.855			0	TRUE	5.354	4.0138	4.0259	3.534	6.475	TRUE	TRUE	4.77	6						
2016.09.28	03:44:18.296			0	TRUE	5.343	4.0170	4.0306	3.514	6.417	TRUE	TRUE	4.79	6						
2016.09.28	03:44:18.804			0	TRUE	5.347	4.0264	4.0343	3.547	6.475	TRUE	TRUE	4.69	6						
2016.09.28	03:44:19.246			0	TRUE	5.342	4.0256	4.0263	3.529	6.458	TRUE	TRUE	4.76	6						
2016.09.28	03:44:19.659			0	TRUE	5.349	4.0126	4.0220	3.539	6.427	TRUE	TRUE	4.73	6						
2016.09.28	03:44:20.170			1	TRUE	5.347	4.0112	4.0188	3.550	6.475	TRUE	TRUE	4.89	6						
2016.09.28	03:44:20.654			1	TRUE	5.355	4.0172	4.0181	3.504	6.483	TRUE	TRUE	4.74	6						
2016.09.28	03:44:21.097			1	TRUE	5.347	4.0190	4.0185	3.520	6.472	TRUE	TRUE	4.83	6						
2016.09.28	03:44:21.548			1	TRUE	5.352	4.0081	4.0187	3.540	6.454	TRUE	TRUE	4.67	6						
2016.09.28	03:44:21.997			1	TRUE	5.362	4.0173	4.0128	3.511	6.452	TRUE	TRUE	4.85	6						
2016.09.28	03:44:22.475			1	TRUE	5.344	4.0163	4.0182	3.496	6.402	TRUE	TRUE	4.37	6						
2016.09.28	03:44:22.937			1	TRUE	5.350	4.0134	4.0093	3.514	6.497	TRUE	TRUE	4.76	6						
2016.09.28	03:44:23.398			1	TRUE	5.347	4.0140	4.0097	3.499	6.411	TRUE	TRUE	4.59	6						
2016.09.28	03:44:23.858			0	TRUE	5.351	4.0181	4.0309	3.561	6.424	TRUE	TRUE	4.54	6						
2016.09.28	03:44:24.297			1	TRUE	5.359	4.0152	4.0195	3.538	6.476	TRUE	TRUE	4.65	6						
2016.09.28	03:44:24.782			0	TRUE	5.349	4.0149	4.0253	3.573	6.472	TRUE	TRUE	4.96	6						
2016.09.28	03:44:25.220			1	TRUE	5.358	4.0116	4.0146	3.530	6.449	TRUE	TRUE	4.69	6						
2016.09.28	03:44:25.714			0	TRUE	5.356	4.0215	4.0188	3.506	6.460	TRUE	TRUE	4.79	6						
2016.09.28	03:44:26.191			1	TRUE	5.353	4.0160	4.0107	3.524	6.424	TRUE	TRUE	4.77	6						
2016.09.28	03:44:26.620			1	TRUE	5.353	4.0133	4.0170	3.544	6.445	TRUE	TRUE	4.61	6						
2016.09.28	03:44:27.099			1	TRUE	5.352	4.0135	4.0150	3.546	6.456	TRUE	TRUE	4.85	6						
2016.09.28	03:44:27.523			0	TRUE	5.342	4.0155	4.0228	3.540	6.456	TRUE	TRUE	4.66	6						
2016.09.28	03:44:28.016			0	TRUE	5.349	4.0158	4.0270	3.538	6.497	TRUE	TRUE	4.68	6						
2016.09.28	03:44:28.917			0	TRUE	5.360	4.0225	4.0270	3.534	6.452	TRUE	TRUE	4.62	6						
2016.09.28	03:44:29.405			1	TRUE	5.350	4.0144	4.0175	3.544	6.425	TRUE	TRUE	4.62	6						
2016.09.28	03:44:29.843			1	TRUE	5.352	4.0136	4.0158	3.539	6.426	TRUE	TRUE	4.79	6						
2016.09.28	03:44:30.305			0	TRUE	5.355	4.0190	4.0231	3.517	6.469	TRUE	TRUE	4.80	6						
2016.09.28	03:44:30.797			0	TRUE	5.364	4.0200	4.0234	3.523	6.481	FALSE	TRUE	4.73	6						
2016.09.28	03:44:31.232			0	TRUE	5.358	4.0235	4.0261	3.510	6.440	TRUE	TRUE	4.79	6						
2016.09.28	03:44:31.696			1	TRUE	5.346	4.0116	4.0189	3.544	6.479	TRUE	TRUE	4.74	6						
2016.09.28	03:44:32.139			0	TRUE	5.355	4.0148	4.0242	3.542	6.425	TRUE	TRUE	4.75	6						
2016.09.28	03:44:32.641			1	TRUE	5.352	4.0150	4.0169	3.517	6.483	TRUE	TRUE	4.64	6						
2016.09.28	03:44:34.714			0	TRUE	5.354	4.0109	4.0220	3.544	6.460	TRUE	TRUE	4.86	6						
2016.09.28	03:44:35.193			0	TRUE	5.359	4.0119	4.0234	3.540	6.453	TRUE	TRUE	4.68	6						
2016.09.28	03:44:35.624			0	TRUE	5.353	4.0229	4.0334	3.539	6.444	TRUE	TRUE	4.57	6						
2016.09.28	03:44:36.151			1	TRUE	5.353	4.0120	4.0152	3.545	6.446	TRUE	TRUE	4.65	6						
2016.09.28	03:44:36.572			0	TRUE	5.364	4.0113	4.0208	3.511	6.462	TRUE	TRUE	4.60	6						
2016.09.28	03:44:37.055			0	TRUE	5.352	4.0252	4.0268	3.539	6.499	TRUE	TRUE	4.76	6						
2016.09.28	03:44:37.918			0	TRUE	5.363	4.0212	4.0243	3.545	6.439	TRUE	TRUE	4.61	6						
2016.09.28	03:44:38.422			1	TRUE	5.352	4.0098	4.0103	3.507	6.483	TRUE	TRUE	4.83	6						
2016.09.28	03:44:38.890			0	TRUE	5.355	4.0211	4.0207	3.524	6.455	TRUE	TRUE	4.77	6						
2016.09.28	03:44:39.332			0	TRUE	5.345	4.0212	4.0263	3.526	6.507	TRUE	TRUE	4.89	6						
2016.09.28	03:44:39.806			0	TRUE	5.355	4.0220	4.0292	3.533	6.491	TRUE	TRUE	4.74	6						
2016.09.28	03:44:40.252			0	TRUE	5.344	4.0203	4.0179	3.515	6.460	TRUE	TRUE	4.84	6						
2016.09.28	03:44:40.715			0	TRUE	5.358	4.0180	4.0256	3.530	6.474	TRUE	TRUE	4.85	6						
2016.09.28	03:44:41.183			0	TRUE	5.348	4.0220	4.0153	3.558	6.425	TRUE	TRUE	4.65	6						
2016.09.28	03:44:41.642			1	TRUE	5.356	4.0088	4.0177	3.587	6.424	TRUE	TRUE	4.83	6						
2016.09.28	03:44:42.117			0	TRUE	5.353	4.0221	4.0353	3.574	6.476	TRUE	TRUE	4.76	6						
2016.09.28	03:44:42.557			0	TRUE	5.352	4.0274	4.0285	3.521	6.414	TRUE	TRUE	4.75	6						
2016.09.28	03:44:43.049			0	TRUE	5.342	4.0214	4.0283	3.569	6.476	TRUE	TRUE	4.75	6						
2016.09.28	03:44:43.945			0	TRUE	5.360	4.0233	4.0242	3.548	6.440	TRUE	TRUE	4.77	6						
2016.09.28	03:44:44.410			1	TRUE	5.349	4.0132	4.0157	3.498	6.503	TRUE	TRUE	4.90	6						
2016.09.28	03:44:44.885			0	TRUE	5.351	4.0215	4.0247	3.534	6.492	TRUE	TRUE	4.84	6						
2016.09.28	03:44:45.785			1	TRUE	5.352	4.0125	4.0134	3.517	6.475	TRUE	TRUE	4.93	6						
2016.09.28	03:44:46.248			0	TRUE	5.353	4.0224	4.0306	3.538	6.447	TRUE	TRUE	4.58	6						
2016.09.28	03:44:46.707			1	TRUE	5.341	4.0077	4.0159	3.522	6.484	TRUE	TRUE	4.68	6						
2016.09.28	03:44:47.167			1	TRUE	5.353	4.0181	4.0170	3.525	6.444	TRUE	TRUE	4.63	6						
2016.09.28	03:44:47.636			1	TRUE	5.356	4.0171	4.0179	3.537	6.508	TRUE	TRUE	4.83	6						
2016.09.28	03:44:48.079			0	TRUE	5.347	4.0222	4.0295	3.541	6.420	TRUE	TRUE	4.74	6						
2016.09.28	03:44:48.553			0	TRUE	5.346	4.0155	4.0273	3.572	6.448	TRUE	TRUE	4.87	6						
2016.09.28	03:44:49.013			0	TRUE	5.353	4.0180	4.0204	3.548	6.430	TRUE	TRUE	4.68	6						
2016.09.28	03:44:49.472			1	TRUE	5.340	4.0167	4.0180	3.518	6.431	TRUE	TRUE	4.93	6						
2016.09.28	03:44:49.926			0	TRUE	5.355	4.0188	4.0323	3.555	6.443	TRUE	TRUE	4.58	6						
2016.09.28	03:44:50.401			1	TRUE	5.350	4.0140	4.0114	3.536	6.451	TRUE	TRUE	4.70	6						
2016.09.28	03:44:50.855			0	TRUE	5.357	4.0175	4.0288	3.559	6.407	TRUE	TRUE	4.93	6						
2016.09.28	03:44:51.325			0	TRUE	5.341	4.0134	4.0248	3.521	6.450	TRUE	TRUE	4.70	6						
2016.09.28	03:44:51.779			0	TRUE	5.352	4.0115	4.0216	3.567	6.423	TRUE	TRUE	4.69	6						
2016.09.28	03:44:52.239			1	TRUE	5.354	4.0073	4.0193	3.546	6.450	TRUE	TRUE	4.87	6						
2016.09.28	03:44:52.661			1	TRUE	5.352	4.0158	4.0162	3.527	6.444	TRUE	TRUE	4.69	6						
2016.09.28	03:44:53.154			0	TRUE	5.368	4.0158	4.0205	3.493	6.453	TRUE	TRUE	4.77	6						
2016.09.28	03:44:53.649			0	TRUE	5.346	4.0186	4.0245	3.528	6.442	TRUE	TRUE	4.80	6						
2016.09.28	03:44:54.052			1	TRUE	5.358	4.0165	4.0189	3.517	6.501	TRUE	TRUE	4.80	6						
2016.09.28	03:44:54.532			0	TRUE	5.349	4.0250	4.0385	3.571	6.420	TRUE	TRUE	4.69	6						
2016.09.28	03:44:55.042			0	TRUE	5.352	4.0114	4.0235	3.527	6.454	TRUE	TRUE	4.79	6						
2016.09.28	03:44:55.927			0	TRUE	5.354	4.0072	4.0233	3.553	6.448	TRUE	TRUE	4.85	6						
2016.09.28	03:44:56.378			0	TRUE	5.353	4.0096	4.0221	3.554	6.439	TRUE	TRUE	4.73	6						
2016.09.28	03:44:56.842			1	TRUE	5.353	4.0147	4.0128	3.522	6.472	TRUE	TRUE	4.68	6						
2016.09.28	03:44:57.347			0	TRUE	5.357	4.0218	4.0197	3.514	6.466	TRUE	TRUE	4.81	6						
2016.09.28	03:44:57.778			0	TRUE	5.344	4.0139	4.0214	3.560	6.414	TRUE	TRUE	4.79	6						
2016.09.28	03:44:58.235			0	TRUE	5.356	4.0158	4.0213	3.552	6.476	TRUE	TRUE	4.74	6						
2016.09.28	03:44:58.696			1	TRUE	5.362	4.0144	4.0181	3.537	6.472	TRUE	TRUE	4.69	6						
2016.09.28	03:44:59.162			0	TRUE	5.352	4.0159	4.0222	3.551	6.439	TRUE	TRUE	4.63	6						
2016.09.28	03:44:59.610			0	TRUE	5.351	4.0134	4.0230	3.529	6.446	TRUE	TRUE	4.78	6						
2016.09.28	03:47:10.536			0	TRUE	5.356	4.0221	4.0230	3.536	6.438	TRUE	TRUE	4.59	6						
2016.09.28	03:48:05.394			1	TRUE	5.352	4.0073	4.0171	3.587	6.450	TRUE	TRUE	4.82	6						
2016.09.28	03:48:05.847			0	TRUE	5.348	4.0220	4.0183	3.510	6.465	TRUE	TRUE	4.66	6						
2016.09.28	03:48:06.327			0	TRUE	5.350	4.0190	4.0281	3.514	6.433	TRUE	TRUE	4.77	6						
2016.09.28	03:48:06.783			0	TRUE	5.348	4.0103	4.0204	3.550	6.462	TRUE	TRUE	4.77	6						
2016.09.28	03:48:07.241			1	TRUE	5.356	4.0117	4.0144	3.551	6.484	TRUE	TRUE	4.66	6						
2016.09.28	03:48:07.674			0	TRUE	5.358	4.0154	4.0252	3.593	6.464	TRUE	TRUE	4.75	6						
2016.09.28	03:48:08.134			0	TRUE	5.363	4.0211	4.0167	3.504	6.432	TRUE	TRUE	4.52	6						
2016.09.28	03:48:08.622			1	TRUE	5.347	4.0156	4.0191	3.527	6.457	TRUE	TRUE	4.67	6						
2016.09.28	03:48:09.092			1	TRUE	5.349	4.0108	4.0145	3.483	6.467	TRUE	TRUE	4.70	6						
2016.09.28	03:48:09.498			1	TRUE	5.346	4.0124	4.0175	3.514	6.420	TRUE	TRUE	4.72	6						
2016.09.28	03:48:10.009			0	TRUE	5.356	4.0131	4.0647	3.532	6.463	TRUE	TRUE	4.80	6						
2016.09.28	03:48:10.453			0	TRUE	5.352	4.0148	4.0219	3.512	6.447	TRUE	TRUE	4.81	6						
2016.09.28	03:48:10.923			1	TRUE	5.356	4.0144	4.0198	3.519	6.471	TRUE	TRUE	4.70	6						
2016.09.28	03:48:11.360			1	TRUE	5.338	4.0171	4.0173	3.478	6.497	TRUE	TRUE	4.83	6						
2016.09.28	03:48:11.837			0	TRUE	5.351	4.0202	4.0180	3.538	6.459	TRUE	TRUE	4.48	6						
2016.09.28	03:48:12.260			0	TRUE	5.342	4.0225	4.0288	3.533	6.429	TRUE	TRUE	4.72	6						
2016.09.28	03:48:12.755			0	TRUE	5.343	4.0162	4.0270	3.512	6.468	TRUE	TRUE	4.64	6						
2016.09.28	03:48:13.231			0	TRUE	5.355	4.0203	4.0289	3.517	6.472	TRUE	TRUE	4.75	6						
2016.09.28	03:48:13.636			0	TRUE	5.354	4.0172	4.0246	3.556	6.463	TRUE	TRUE	4.72	6						
2016.09.28	03:48:14.143			0	TRUE	5.357	4.0213	4.0269	3.537	6.455	TRUE	TRUE	4.70	6						
2016.09.28	03:48:14.590			0	TRUE	5.347	4.0204	4.0201	3.589	6.473	TRUE	TRUE	4.79	6						
2016.09.28	03:48:15.072			1	TRUE	5.351	4.0150	4.0142	3.524	6.447	TRUE	TRUE	4.86	6						
2016.09.28	03:48:15.560			1	TRUE	5.357	4.0178	4.0187	3.539	6.437	TRUE	TRUE	4.72	6						
2016.09.28	03:48:15.984			0	TRUE	5.354	4.0247	4.0318	3.545	6.461	FALSE	TRUE	4.75	6						
2016.09.28	03:48:16.472			1	TRUE	5.347	4.0122	4.0189	3.552	6.472	TRUE	TRUE	4.64	6						
2016.09.28	03:48:16.929			0	TRUE	5.337	4.0172	4.0249	3.577	6.425	TRUE	TRUE	4.74	6						
2016.09.28	03:48:17.373			0	TRUE	5.354	4.0163	4.0216	3.546	6.424	TRUE	TRUE	4.71	6						
2016.09.28	03:48:17.858			0	TRUE	5.347	4.0238	4.0229	3.535	6.391	TRUE	TRUE	4.83	6						
2016.09.28	03:48:18.288			0	TRUE	5.353	4.0191	4.0201	3.525	6.457	TRUE	TRUE	4.73	6						
2016.09.28	03:48:18.759			0	TRUE	5.354	4.0147	4.0231	3.575	6.451	TRUE	TRUE	4.60	6						
2016.09.28	03:48:19.239			1	TRUE	5.352	4.0079	4.0165	3.520	6.437	TRUE	TRUE	4.81	6						
2016.09.28	03:48:19.663			1	TRUE	5.353	4.0191	4.0143	3.538	6.476	TRUE	TRUE	4.82	6						
2016.09.28	03:48:20.142			0	TRUE	5.352	4.0154	4.0203	3.586	6.450	TRUE	TRUE	4.77	6						
2016.09.28	03:48:20.590			0	TRUE	5.343	4.0125	4.0224	3.556	6.439	TRUE	TRUE	4.80	6						
2016.09.28	03:48:21.088			1	TRUE	5.355	4.0165	4.0118	3.515	6.445	TRUE	TRUE	4.66	6						
2016.09.28	03:48:21.521			0	TRUE	5.345	4.0149	4.0283	3.509	6.427	TRUE	TRUE	4.68	6						
2016.09.28	03:48:21.981			1	TRUE	5.354	4.0137	4.0188	3.545	6.461	TRUE	TRUE	4.89	6						
2016.09.28	03:48:22.466			0	TRUE	5.352	4.0178	4.0286	3.561	6.469	TRUE	TRUE	4.69	6						
2016.09.28	03:48:22.933			1	TRUE	5.350	4.0162	4.0139	3.528	6.475	TRUE	TRUE	4.82	6						
2016.09.28	03:48:23.374			0	TRUE	5.357	4.0167	4.0230	3.532	6.448	TRUE	TRUE	4.87	6						
2016.09.28	03:48:23.816			0	TRUE	5.355	4.0158	4.0205	3.537	6.416	TRUE	TRUE	4.78	6						
2016.09.28	03:48:24.278			0	TRUE	5.357	4.0252	4.0320	3.537	6.428	TRUE	TRUE	4.77	6						
2016.09.28	03:48:24.756			1	TRUE	5.359	4.0132	4.0178	3.554	6.443	TRUE	TRUE	4.71	6						
2016.09.28	03:48:25.216			0	TRUE	5.373	4.0173	4.0155	3.492	6.472	TRUE	TRUE	4.19	3						
2016.09.28	03:48:25.683			1	TRUE	5.348	4.0152	4.0188	3.489	6.483	TRUE	TRUE	4.92	6						
2016.09.28	03:48:26.142			0	TRUE	5.350	4.0249	4.0248	3.505	6.476	TRUE	TRUE	4.73	6						
2016.09.28	03:48:26.586			0	TRUE	5.352	4.0205	4.0345	3.555	6.445	TRUE	TRUE	4.70	6						
2016.09.28	03:48:27.060			1	TRUE	5.353	4.0122	4.0149	3.549	6.498	TRUE	TRUE	4.83	6						
2016.09.28	03:48:27.527			0	TRUE	5.356	4.0209	4.0264	3.534	6.457	TRUE	TRUE	4.83	6						
2016.09.28	03:48:27.974			1	TRUE	5.353	4.0164	4.0115	3.484	6.490	TRUE	TRUE	4.70	6						
2016.09.28	03:48:28.449			0	TRUE	5.346	4.0201	4.0200	3.521	6.462	TRUE	TRUE	4.78	6						
2016.09.28	03:48:28.859			0	TRUE	5.355	4.0110	4.0202	3.544	6.441	TRUE	TRUE	4.74	6						
2016.09.28	03:48:29.349			0	TRUE	5.351	4.0147	4.0246	3.531	6.471	TRUE	TRUE	4.81	6						
2016.09.28	03:48:29.824			0	TRUE	5.355	4.0139	4.0237	3.534	6.452	TRUE	TRUE	4.77	6						
2016.09.28	03:48:30.258			1	TRUE	5.350	4.0165	4.0097	3.530	6.443	TRUE	TRUE	4.57	6						
2016.09.28	03:48:30.737			1	TRUE	5.351	4.0175	4.0136	3.570	6.495	TRUE	TRUE	4.76	6						
2016.09.28	03:48:31.195			0	TRUE	5.341	4.0145	4.0261	3.530	6.465	TRUE	TRUE	4.80	6						
2016.09.28	03:48:31.669			0	TRUE	5.358	4.0200	4.0213	3.524	6.497	TRUE	TRUE	4.80	6						
2016.09.28	03:48:32.112			0	TRUE	5.350	4.0121	4.0204	3.534	6.459	TRUE	TRUE	5.05	6						
2016.09.28	03:48:32.580			0	TRUE	5.356	4.0157	4.0292	3.546	6.458	TRUE	TRUE	4.75	6						
2016.09.28	03:48:33.047			1	TRUE	5.351	4.0130	4.0143	3.514	6.463	TRUE	TRUE	4.69	6						
2016.09.28	03:48:33.518			0	TRUE	5.338	4.0114	4.0199	3.514	6.476	FALSE	TRUE	4.96	6						
2016.09.28	03:48:33.978			0	TRUE	5.353	4.0162	4.0213	3.525	6.443	TRUE	TRUE	4.65	6						
2016.09.28	03:48:34.422			1	TRUE	5.352	4.0095	4.0199	3.550	6.475	TRUE	TRUE	4.68	6						
2016.09.28	03:48:34.895			0	TRUE	5.357	4.0099	4.0691	3.535	6.451	TRUE	TRUE	4.76	6						
2016.09.28	03:48:35.351			0	TRUE	5.345	4.0135	4.0233	3.518	6.488	TRUE	TRUE	4.89	6						
2016.09.28	03:48:35.792			0	TRUE	5.353	4.0234	4.0232	3.501	6.471	TRUE	TRUE	4.82	6						
2016.09.28	03:48:36.255			0	TRUE	5.355	4.0116	4.0215	3.526	6.450	TRUE	TRUE	4.82	6						
2016.09.28	03:48:36.733			0	TRUE	5.356	4.0118	4.0261	3.552	6.439	TRUE	TRUE	4.68	6						
2016.09.28	03:48:37.196			1	TRUE	5.355	4.0178	4.0197	3.530	6.459	TRUE	TRUE	4.80	6						
2016.09.28	03:48:37.659			0	TRUE	5.353	4.0176	4.0207	3.505	6.456	TRUE	TRUE	4.84	6						
2016.09.28	03:48:38.130			1	TRUE	5.350	4.0059	4.0059	3.504	6.485	TRUE	TRUE	4.48	6						
2016.09.28	03:48:38.584			1	TRUE	5.356	4.0129	4.0163	3.504	6.463	TRUE	TRUE	4.70	6						
2016.09.28	03:48:39.072			1	TRUE	5.355	4.0073	4.0121	3.517	6.432	TRUE	TRUE	4.59	6						
2016.09.28	03:48:39.504			0	TRUE	5.359	4.0135	4.0221	3.570	6.455	TRUE	TRUE	4.81	6						
2016.09.28	03:48:39.991			1	TRUE	5.348	4.0122	4.0199	3.536	6.463	TRUE	TRUE	4.49	6						
2016.09.28	03:48:40.424			0	TRUE	5.352	4.0228	4.0201	3.540	6.481	TRUE	TRUE	4.66	6						
2016.09.28	03:48:40.882			1	TRUE	5.348	4.0105	4.0149	3.546	6.436	TRUE	TRUE	4.77	6						
2016.09.28	03:48:41.285			0	TRUE	5.350	4.0176	4.0201	3.503	6.480	TRUE	TRUE	4.76	6						
2016.09.28	03:48:41.813			0	TRUE	5.359	4.0211	4.0232	3.547	6.440	TRUE	TRUE	4.79	6						
2016.09.28	03:48:42.257			0	TRUE	5.348	4.0181	4.0230	3.551	6.454	TRUE	TRUE	4.68	6						
2016.09.28	03:48:42.729			0	TRUE	5.355	4.0031	4.0167	3.557	6.468	TRUE	TRUE	4.77	6						
2016.09.28	03:48:43.200			0	TRUE	5.351	4.0203	4.0222	3.518	6.475	TRUE	TRUE	4.79	6						
2016.09.28	03:48:43.651			0	TRUE	5.356	4.0212	4.0216	3.544	6.509	TRUE	TRUE	4.76	6						
2016.09.28	03:48:44.131			1	TRUE	5.359	4.0135	4.0176	3.533	6.424	TRUE	TRUE	4.74	6						
2016.09.28	03:48:44.574			1	TRUE	5.341	4.0152	4.0132	3.535	6.455	TRUE	TRUE	4.90	6						
2016.09.28	03:48:45.009			0	TRUE	5.355	4.0125	4.0248	3.575	6.455	TRUE	TRUE	4.91	6						
2016.09.28	03:48:45.462			1	TRUE	5.351	4.0176	4.0135	3.548	6.477	TRUE	TRUE	4.69	6						
2016.09.28	03:48:45.977			0	TRUE	5.345	4.0208	4.0326	3.515	6.426	FALSE	TRUE	4.74	6						
2016.09.28	03:48:46.858			1	TRUE	5.363	4.0057	4.0093	3.485	6.352	TRUE	TRUE	4.61	6						
2016.09.28	03:48:47.343			0	TRUE	5.353	4.0149	4.0268	3.580	6.442	TRUE	TRUE	4.64	6						
2016.09.28	03:48:47.799			0	TRUE	5.351	4.0160	4.0234	3.526	6.422	TRUE	TRUE	4.75	6						
2016.09.28	03:48:48.245			1	TRUE	5.351	4.0199	4.0145	3.515	6.518	TRUE	TRUE	4.85	6						
2016.09.28	03:48:48.728			1	TRUE	5.352	4.0175	4.0191	3.515	6.494	TRUE	TRUE	4.79	6						
2016.09.28	03:48:49.170			0	TRUE	5.349	4.0231	4.0326	3.558	6.451	TRUE	TRUE	4.85	6						
2016.09.28	03:48:49.637			0	TRUE	5.351	4.0105	4.0206	3.563	6.470	TRUE	TRUE	4.76	6						
2016.09.28	03:48:50.123			1	TRUE	5.348	4.0132	4.0184	3.559	6.436	TRUE	TRUE	4.79	6						
2016.09.28	03:48:50.577			0	TRUE	5.352	4.0177	4.0250	3.556	6.426	TRUE	TRUE	4.71	6						
2016.09.28	03:48:51.015			1	TRUE	5.346	4.0176	4.0177	3.585	6.429	TRUE	TRUE	4.81	6						
2016.09.28	03:48:51.503			0	TRUE	5.351	4.0096	4.0219	3.569	6.426	TRUE	TRUE	4.75	6						
2016.09.28	03:48:51.962			1	TRUE	5.351	4.0156	4.0132	3.476	6.481	TRUE	TRUE	4.58	6						
2016.09.28	03:48:52.382			0	TRUE	5.367	4.0203	4.0192	3.490	6.474	TRUE	TRUE	4.77	6						
2016.09.28	03:48:52.865			1	TRUE	5.358	4.0171	4.0153	3.513	6.473	TRUE	TRUE	4.60	6						
2016.09.28	03:48:53.340			1	TRUE	5.355	4.0139	4.0181	3.526	6.486	TRUE	TRUE	4.89	6						
2016.09.28	03:48:53.778			0	TRUE	5.369	4.0216	4.0273	3.523	6.433	TRUE	TRUE	4.82	6						
2016.09.28	03:48:54.255			0	TRUE	5.350	4.0171	4.0156	3.491	6.389	TRUE	TRUE	4.26	5						
2016.09.28	03:48:54.730			0	TRUE	5.359	4.0166	4.0334	3.540	6.456	TRUE	TRUE	4.79	6						
2016.09.28	03:48:55.634			1	TRUE	5.349	4.0164	4.0178	3.552	6.415	TRUE	TRUE	4.70	6						
2016.09.28	03:48:56.125			1	TRUE	5.365	4.0109	4.0180	3.548	6.445	TRUE	TRUE	4.69	6						
2016.09.28	03:48:57.023			0	TRUE	5.353	4.0125	4.0267	3.534	6.485	TRUE	TRUE	4.81	6						
2016.09.28	03:48:57.477			0	TRUE	5.369	4.0127	4.0202	3.534	6.429	TRUE	TRUE	4.62	6						
2016.09.28	03:48:57.936			1	TRUE	5.345	4.0105	4.0177	3.591	6.458	TRUE	TRUE	4.77	6						
2016.09.28	03:48:58.383			0	TRUE	5.346	4.0185	4.0237	3.515	6.463	TRUE	TRUE	4.74	6						
2016.09.28	03:48:58.869			0	TRUE	5.350	4.0175	4.0247	3.560	6.418	TRUE	TRUE	4.65	6						
2016.09.28	03:48:59.290			0	TRUE	5.352	4.0146	4.0242	3.524	6.459	TRUE	TRUE	4.80	6						
2016.09.28	03:48:59.773			0	TRUE	5.355	4.0182	4.0267	3.549	6.464	TRUE	TRUE	4.80	6						
2016.09.28	03:49:00.240			1	TRUE	5.357	4.0102	4.0156	3.529	6.453	TRUE	TRUE	4.78	6						
2016.09.28	03:49:00.731			0	TRUE	5.347	4.0220	4.0358	3.534	6.428	TRUE	TRUE	4.61	6						
2016.09.28	03:49:01.648			1	TRUE	5.353	4.0162	4.0143	3.520	6.464	TRUE	TRUE	4.77	6						
2016.09.28	03:49:02.068			0	TRUE	5.356	4.0179	4.0261	3.561	6.448	TRUE	TRUE	4.71	6						
2016.09.28	03:49:02.546			0	TRUE	5.352	4.0055	4.0035	3.513	6.441	TRUE	TRUE	4.76	6						
2016.09.28	03:49:03.019			1	TRUE	5.354	4.0106	4.0198	3.539	6.460	TRUE	TRUE	4.64	6						
2016.09.28	03:49:03.458			0	TRUE	5.359	4.0173	4.0257	3.526	6.463	TRUE	TRUE	4.75	6						
2016.09.28	03:49:03.942			0	TRUE	5.349	4.0090	4.0249	3.574	6.452	TRUE	TRUE	4.64	6						
2016.09.28	03:49:04.386			0	TRUE	5.352	4.0038	4.0098	3.533	6.428	TRUE	TRUE	4.69	6						
2016.09.28	03:49:04.855			0	TRUE	5.347	4.0246	4.0254	3.542	6.431	TRUE	TRUE	4.82	6						
2016.09.28	03:49:05.334			1	TRUE	5.348	4.0138	4.0116	3.533	6.423	TRUE	TRUE	4.75	6						
2016.09.28	03:49:05.784			0	TRUE	5.360	4.0187	4.0248	3.546	6.440	TRUE	TRUE	4.65	6						
2016.09.28	03:49:06.242			1	TRUE	5.350	4.0132	4.0198	3.521	6.467	TRUE	TRUE	4.76	6						
2016.09.28	03:49:06.697			0	TRUE	5.357	4.0103	4.0226	3.544	6.463	TRUE	TRUE	4.76	6						
2016.09.28	03:49:07.149			0	TRUE	5.338	4.0153	4.0215	3.562	6.464	TRUE	TRUE	4.77	6						
2016.09.28	03:49:07.616			1	TRUE	5.355	4.0088	4.0187	3.561	6.465	TRUE	TRUE	4.74	6						
2016.09.28	03:49:08.097			0	TRUE	5.347	4.0231	4.0183	3.522	6.406	TRUE	TRUE	4.51	6						
2016.09.28	03:49:08.551			0	TRUE	5.354	4.0167	4.0294	3.536	6.449	TRUE	TRUE	4.56	6						
2016.09.28	03:49:08.992			0	TRUE	5.354	4.0082	4.0247	3.550	6.426	TRUE	TRUE	4.73	6						
2016.09.28	03:49:09.481			1	TRUE	5.355	4.0144	4.0128	3.547	6.462	TRUE	TRUE	4.76	6						
2016.09.28	03:49:09.925			1	TRUE	5.359	4.0133	4.0138	3.547	6.464	TRUE	TRUE	4.82	6						
2016.09.28	03:49:10.389			0	TRUE	5.345	4.0241	4.0355	3.538	6.433	TRUE	TRUE	4.79	6						
2016.09.28	03:49:10.850			1	TRUE	5.348	4.0157	4.0148	3.527	6.478	TRUE	TRUE	4.78	6						
2016.09.28	03:49:11.314			1	TRUE	5.352	4.0197	4.0191	3.505	6.499	TRUE	TRUE	4.82	6						
2016.09.28	03:49:11.777			1	TRUE	5.351	4.0105	4.0139	3.550	6.519	TRUE	TRUE	4.71	6						
2016.09.28	03:49:12.227			0	TRUE	5.357	4.0229	4.0271	3.546	6.459	TRUE	TRUE	4.58	6						
2016.09.28	03:49:12.674			1	TRUE	5.345	4.0181	4.0181	3.544	6.468	TRUE	TRUE	4.81	6						
2016.09.28	03:49:13.142			1	TRUE	5.344	4.0074	4.0171	3.555	6.465	TRUE	TRUE	4.93	6						
2016.09.28	03:49:13.617			1	TRUE	5.349	4.0178	4.0166	3.542	6.422	TRUE	TRUE	4.71	6						
2016.09.28	03:49:14.063			1	TRUE	5.349	4.0123	4.0156	3.586	6.410	TRUE	TRUE	4.70	6						
2016.09.28	03:49:14.513			0	TRUE	5.361	4.0172	4.0300	3.538	6.436	TRUE	TRUE	4.58	6						
2016.09.28	03:49:14.962			0	TRUE	5.356	4.0183	4.0406	3.536	6.450	TRUE	TRUE	4.75	6						
2016.09.28	03:49:15.435			0	TRUE	5.354	4.0159	4.0237	3.534	6.458	TRUE	TRUE	4.58	6						
2016.09.28	03:49:15.909			0	TRUE	5.349	4.0158	4.0234	3.548	6.449	TRUE	TRUE	4.84	6						
2016.09.28	03:49:16.373			0	TRUE	5.355	4.0186	4.0292	3.561	6.467	TRUE	TRUE	4.71	6						
2016.09.28	03:49:16.843			1	TRUE	5.354	4.0133	4.0159	3.554	6.454	TRUE	TRUE	4.60	6						
2016.09.28	03:49:17.270			0	TRUE	5.358	4.0135	4.0407	3.513	6.463	TRUE	TRUE	4.54	6						
2016.09.28	03:49:17.742			1	TRUE	5.345	4.0194	4.0184	3.523	6.432	TRUE	TRUE	4.77	6						
2016.09.28	03:49:18.230			0	TRUE	5.354	4.0221	4.0196	3.518	6.461	TRUE	TRUE	4.82	6						
2016.09.28	03:49:18.686			0	TRUE	5.355	4.0185	4.0207	3.546	6.461	TRUE	TRUE	4.81	6						
2016.09.28	03:49:19.172			1	TRUE	5.354	4.0114	4.0145	3.520	6.460	TRUE	TRUE	4.80	6						
2016.09.28	03:49:19.603			1	TRUE	5.354	4.0190	4.0190	3.543	6.459	TRUE	TRUE	4.88	6						
2016.09.28	03:49:20.074			0	TRUE	5.356	4.0144	4.0230	3.521	6.451	TRUE	TRUE	4.90	6						
2016.09.28	03:49:20.510			1	TRUE	5.348	4.0105	4.0165	3.548	6.444	TRUE	TRUE	4.77	6						
2016.09.28	03:49:20.996			0	TRUE	5.350	4.0131	4.0262	3.584	6.433	TRUE	TRUE	4.63	6						
2016.09.28	03:49:21.457			1	TRUE	5.352	4.0188	4.0129	3.530	6.488	TRUE	TRUE	4.77	6						
2016.09.28	03:49:21.976			1	TRUE	5.353	4.0095	4.0186	3.563	6.479	TRUE	TRUE	4.78	6						
2016.09.28	03:49:22.845			0	TRUE	5.351	4.0138	4.0253	3.541	6.483	TRUE	TRUE	4.71	6						
2016.09.28	03:49:23.298			0	TRUE	5.357	4.0160	4.0267	3.572	6.428	TRUE	TRUE	4.80	6						
2016.09.28	03:49:23.765			1	TRUE	5.361	4.0090	4.0158	3.508	6.492	TRUE	TRUE	4.68	6						
2016.09.28	03:49:24.202			0	TRUE	5.345	4.0169	4.0223	3.515	6.449	TRUE	TRUE	4.67	6						
2016.09.28	03:49:24.680			0	TRUE	5.352	4.0158	4.0295	3.550	6.423	TRUE	TRUE	4.78	6						
2016.09.28	03:49:25.131			0	TRUE	5.361	4.0240	4.0279	3.497	6.476	TRUE	TRUE	4.58	6						
2016.09.28	03:49:25.594			1	TRUE	5.357	4.0170	4.0172	3.561	6.454	TRUE	TRUE	4.72	6						
2016.09.28	03:49:26.063			0	TRUE	5.355	4.0254	4.0248	3.502	6.468	TRUE	TRUE	4.66	6						
2016.09.28	03:49:26.533			1	TRUE	5.347	4.0140	4.0152	3.488	6.470	TRUE	TRUE	4.61	6						
2016.09.28	03:49:26.971			0	TRUE	5.345	4.0218	4.0245	3.559	6.444	TRUE	TRUE	4.88	6						
2016.09.28	03:49:27.452			1	TRUE	5.374	4.0187	4.0166	3.484	6.475	TRUE	TRUE	4.71	6						
2016.09.28	03:49:27.906			0	TRUE	5.352	4.0192	4.0288	3.548	6.480	TRUE	TRUE	4.81	6						
2016.09.28	03:49:28.370			0	TRUE	5.348	4.0186	4.0256	3.547	6.469	TRUE	TRUE	4.91	6						
2016.09.28	03:49:29.286			0	TRUE	5.355	4.0181	4.0291	3.582	6.445	TRUE	TRUE	4.74	6						
2016.09.28	03:49:29.747			1	TRUE	5.353	4.0163	4.0131	3.493	6.470	TRUE	TRUE	4.75	6						
2016.09.28	03:49:30.216			0	TRUE	5.340	4.0207	4.0190	3.511	6.463	TRUE	TRUE	4.74	6						
2016.09.28	03:49:30.690			0	TRUE	5.344	4.0220	4.0241	3.543	6.454	TRUE	TRUE	4.96	6						
2016.09.28	03:49:31.118			1	TRUE	5.352	4.0147	4.0173	3.560	6.440	TRUE	TRUE	4.61	6						
2016.09.28	03:49:31.580			0	TRUE	5.355	4.0129	4.0208	3.513	6.442	TRUE	TRUE	4.56	6						
2016.09.28	03:49:32.056			1	TRUE	5.356	4.0070	4.0152	3.550	6.466	TRUE	TRUE	4.71	6						
2016.09.28	03:49:32.529			1	TRUE	5.357	4.0154	4.0109	3.512	6.506	TRUE	TRUE	4.79	6						
2016.09.28	03:49:32.973			1	TRUE	5.349	4.0162	4.0155	3.513	6.492	TRUE	TRUE	4.93	6						
2016.09.28	03:49:33.442			1	TRUE	5.348	4.0156	4.0177	3.539	6.513	TRUE	TRUE	4.68	6						
2016.09.28	03:49:33.910			0	TRUE	5.354	4.0097	4.0144	3.531	6.421	FALSE	TRUE	4.70	6						
2016.09.28	03:49:34.810			1	TRUE	5.357	4.0199	4.0199	3.540	6.469	TRUE	TRUE	4.85	6						
2016.09.28	03:49:35.251			1	TRUE	5.350	4.0127	4.0147	3.519	6.489	TRUE	TRUE	4.78	6						
2016.09.28	03:49:35.711			0	TRUE	5.344	4.0132	4.0276	3.523	6.436	FALSE	TRUE	4.73	6						
2016.09.28	03:49:36.214			1	TRUE	5.356	4.0149	4.0149	3.512	6.456	TRUE	TRUE	4.73	6						
2016.09.28	03:49:36.665			0	TRUE	5.355	4.0149	4.0265	3.537	6.428	TRUE	TRUE	4.78	6						
2016.09.28	03:49:37.112			0	TRUE	5.349	4.0228	4.0291	3.544	6.471	TRUE	TRUE	4.69	6						
2016.09.28	03:49:37.603			1	TRUE	5.333	4.0154	4.0146	3.508	6.453	TRUE	TRUE	4.87	6						
2016.09.28	03:49:38.076			0	TRUE	5.354	4.0292	4.0443	3.530	6.446	TRUE	TRUE	4.63	6						
2016.09.28	03:49:38.510			0	TRUE	5.353	4.0144	4.0233	3.548	6.469	TRUE	TRUE	4.88	6						
2016.09.28	03:49:38.983			1	TRUE	5.342	4.0114	4.0138	3.508	6.508	TRUE	TRUE	4.79	6						
2016.09.28	03:49:39.425			1	TRUE	5.357	4.0149	4.0152	3.563	6.461	TRUE	TRUE	4.66	6						
2016.09.28	03:49:39.858			1	TRUE	5.350	4.0138	4.0114	3.539	6.499	TRUE	TRUE	4.73	6						
2016.09.28	03:49:40.363			0	TRUE	5.354	4.0209	4.0252	3.526	6.479	FALSE	TRUE	4.72	6						
2016.09.28	03:49:40.829			1	TRUE	5.356	4.0145	4.0166	3.558	6.419	TRUE	TRUE	4.78	6						
2016.09.28	03:49:41.274			0	TRUE	5.355	4.0126	4.0234	3.560	6.490	TRUE	TRUE	4.75	6						
2016.09.28	03:49:41.708			1	TRUE	5.351	4.0136	4.0187	3.507	6.497	TRUE	TRUE	4.83	6						
2016.09.28	03:49:42.211			1	TRUE	5.364	4.0088	4.0151	3.523	6.463	TRUE	TRUE	4.76	6						
2016.09.28	03:49:42.627			1	TRUE	5.356	4.0195	4.0163	3.521	6.460	TRUE	TRUE	4.64	6						
2016.09.28	03:49:43.118			1	TRUE	5.350	4.0169	4.0125	3.566	6.453	TRUE	TRUE	4.71	6						
2016.09.28	03:49:43.539			0	TRUE	5.354	4.0099	4.0328	3.553	6.449	TRUE	TRUE	4.55	6						
2016.09.28	03:49:44.041			0	TRUE	5.351	4.0165	4.0209	3.523	6.488	TRUE	TRUE	4.75	6						
2016.09.28	03:49:44.463			0	TRUE	5.346	4.0179	4.0221	3.566	6.428	TRUE	TRUE	4.72	6						
2016.09.28	03:49:44.969			0	TRUE	5.361	4.0116	4.0895	3.567	6.483	TRUE	TRUE	4.75	6						
2016.09.28	03:49:45.409			1	TRUE	5.355	4.0056	4.0169	3.574	6.449	TRUE	TRUE	4.62	6						
2016.09.28	03:49:45.865			0	TRUE	5.359	4.0123	4.0243	3.494	6.447	TRUE	TRUE	4.88	6						
2016.09.28	03:49:46.382			1	TRUE	5.357	4.0163	4.0067	3.535	6.436	TRUE	TRUE	4.43	6						
2016.09.28	03:49:46.859			1	TRUE	5.351	4.0096	4.0199	3.546	6.445	TRUE	TRUE	4.63	6						
2016.09.28	03:49:47.317			0	TRUE	5.346	4.0150	4.0203	3.558	6.414	TRUE	TRUE	4.60	6						
2016.09.28	03:49:47.808			1	TRUE	5.348	4.0088	4.0183	3.511	6.465	TRUE	TRUE	4.81	6						
2016.09.28	03:49:48.260			1	TRUE	5.357	4.0097	4.0157	3.539	6.479	TRUE	TRUE	4.77	6						
2016.09.28	03:49:48.695			0	TRUE	5.356	4.0223	4.0281	3.534	6.464	TRUE	TRUE	4.59	6						
2016.09.28	03:49:49.170			0	TRUE	5.349	4.0134	4.0208	3.549	6.456	TRUE	TRUE	4.78	6						
2016.09.28	03:49:49.634			1	TRUE	5.360	4.0160	4.0177	3.565	6.432	TRUE	TRUE	4.69	6						
2016.09.28	03:49:50.100			1	TRUE	5.356	4.0102	4.0196	3.542	6.437	TRUE	TRUE	4.79	6						
2016.09.28	03:49:50.563			0	TRUE	5.357	4.0111	4.0232	3.530	6.500	TRUE	TRUE	4.75	6						
2016.09.28	03:49:51.015			0	TRUE	5.351	4.0142	4.0274	3.544	6.447	TRUE	TRUE	4.75	6						
2016.09.28	03:49:51.495			1	TRUE	5.355	4.0137	4.0123	3.542	6.427	TRUE	TRUE	4.58	6						
2016.09.28	03:49:51.943			1	TRUE	5.355	4.0143	4.0180	3.562	6.455	TRUE	TRUE	4.77	6						
2016.09.28	03:49:52.406			0	TRUE	5.351	4.0146	4.0205	3.535	6.460	TRUE	TRUE	4.82	6						
2016.09.28	03:49:52.860			0	TRUE	5.350	4.0241	4.0278	3.509	6.467	TRUE	TRUE	4.76	6						
2016.09.28	03:49:53.325			1	TRUE	5.354	4.0146	4.0181	3.541	6.448	TRUE	TRUE	4.67	6						
2016.09.28	03:49:53.781			0	TRUE	5.352	4.0271	4.0345	3.534	6.424	TRUE	TRUE	4.63	6						
2016.09.28	03:49:54.250			0	TRUE	5.358	4.0198	4.0284	3.563	6.441	TRUE	TRUE	4.74	6						
2016.09.28	03:49:54.744			1	TRUE	5.357	4.0162	4.0185	3.495	6.490	TRUE	TRUE	4.80	6						
2016.09.28	03:49:55.158			0	TRUE	5.351	4.0188	4.0311	3.527	6.482	TRUE	TRUE	4.88	6						
2016.09.28	03:49:55.636			1	TRUE	5.344	4.0127	4.0180	3.566	6.424	TRUE	TRUE	4.89	6						
2016.09.28	03:49:56.099			0	TRUE	5.354	4.0170	4.0249	3.547	6.440	TRUE	TRUE	4.78	6						
2016.09.28	03:49:56.570			1	TRUE	5.359	4.0156	4.0167	3.551	6.445	TRUE	TRUE	4.75	6						
2016.09.28	03:49:57.017			0	TRUE	5.354	4.0167	4.0264	3.512	6.452	TRUE	TRUE	4.64	6						
2016.09.28	03:49:57.513			1	TRUE	5.342	4.0144	4.0173	3.498	6.464	TRUE	TRUE	4.79	6						
2016.09.28	03:49:57.945			1	TRUE	5.352	4.0093	4.0178	3.508	6.496	TRUE	TRUE	4.69	6						
2016.09.28	03:49:58.405			0	TRUE	5.349	4.0116	4.0207	3.532	6.432	TRUE	TRUE	4.80	6						
2016.09.28	03:49:58.854			0	TRUE	5.351	4.0069	4.0017	3.548	6.483	TRUE	TRUE	4.76	6						
2016.09.28	03:49:59.319			0	TRUE	5.355	4.0126	4.0207	3.547	6.439	TRUE	TRUE	4.77	6						
2016.09.28	03:49:59.779			0	TRUE	5.356	4.0157	4.0250	3.552	6.409	FALSE	TRUE	4.81	6						
2016.09.28	03:50:00.255			1	TRUE	5.350	4.0145	4.0164	3.542	6.420	TRUE	TRUE	4.68	6						
2016.09.28	03:50:00.686			0	TRUE	5.347	4.0155	4.0240	3.565	6.467	TRUE	TRUE	4.71	6						
2016.09.28	03:50:01.162			1	TRUE	5.354	4.0142	4.0118	3.531	6.457	TRUE	TRUE	4.76	6						
2016.09.28	03:50:01.635			1	TRUE	5.361	4.0152	4.0161	3.543	6.413	TRUE	TRUE	4.75	6						
2016.09.28	03:50:02.089			0	TRUE	5.360	4.0130	4.0215	3.533	6.480	TRUE	TRUE	4.89	6						
2016.09.28	03:50:02.569			1	TRUE	5.355	4.0152	4.0135	3.507	6.493	TRUE	TRUE	4.77	6						
2016.09.28	03:50:02.992			0	TRUE	5.347	4.0209	4.0263	3.528	6.406	TRUE	TRUE	4.82	6						
2016.09.28	03:50:03.490			1	TRUE	5.342	4.0145	4.0172	3.516	6.428	TRUE	TRUE	4.76	6						
2016.09.28	03:50:03.918			0	TRUE	5.351	4.0128	4.0202	3.524	6.433	TRUE	TRUE	4.88	6						
2016.09.28	03:50:04.398			0	TRUE	5.355	4.0095	4.0230	3.554	6.443	TRUE	TRUE	4.77	6						
2016.09.28	03:50:04.838			0	TRUE	5.335	4.0194	4.0299	3.541	6.457	TRUE	TRUE	4.89	6						
2016.09.28	03:50:05.325			1	TRUE	5.349	4.0080	4.0154	3.515	6.463	TRUE	TRUE	4.74	6						
2016.09.28	03:50:05.774			1	TRUE	5.356	4.0132	4.0195	3.559	6.449	TRUE	TRUE	4.81	6						
2016.09.28	03:50:07.835			0	TRUE	5.350	4.0124	4.0276	3.564	6.458	TRUE	TRUE	4.74	6						
2016.09.28	03:50:08.282			0	TRUE	5.359	4.0152	4.0310	3.513	6.473	TRUE	TRUE	4.64	6						
2016.09.28	03:50:08.761			0	TRUE	5.355	4.0138	4.0260	3.554	6.454	TRUE	TRUE	4.77	6						
2016.09.28	03:50:09.212			0	TRUE	5.360	4.0201	4.0255	3.542	6.446	TRUE	TRUE	4.66	6						
2016.09.28	03:50:09.682			0	TRUE	5.356	4.0191	4.0316	3.525	6.453	TRUE	TRUE	4.76	6						
2016.09.28	03:59:52.540			0	TRUE	5.351	4.0145	4.0214	3.539	6.441	TRUE	TRUE	4.76	6						
2016.09.28	03:59:52.969			1	TRUE	5.357	4.0144	4.0197	3.518	6.472	TRUE	TRUE	4.74	6						
2016.09.28	03:59:53.426			0	TRUE	5.351	4.0136	4.0251	3.518	6.466	TRUE	TRUE	4.71	6						
2016.09.28	03:59:53.895			0	TRUE	5.355	4.0130	4.0282	3.509	6.461	TRUE	TRUE	4.80	6						
2016.09.28	03:59:54.354			1	TRUE	5.361	4.0137	4.0120	3.503	6.480	TRUE	TRUE	4.75	6						
2016.09.28	03:59:54.825			0	TRUE	5.353	4.0224	4.0384	3.553	6.443	TRUE	TRUE	4.77	6						
2016.09.28	03:59:55.288			1	TRUE	5.356	4.0148	4.0154	3.519	6.471	TRUE	TRUE	4.71	6						
2016.09.28	03:59:55.745			0	TRUE	5.346	4.0174	4.0304	3.556	6.441	TRUE	TRUE	4.73	6						
2016.09.28	03:59:56.212			1	TRUE	5.356	4.0188	4.0197	3.537	6.476	TRUE	TRUE	4.68	6						
2016.09.28	03:59:56.660			0	TRUE	5.352	4.0215	4.0242	3.507	6.434	TRUE	TRUE	4.56	6						
2016.09.28	03:59:57.127			0	TRUE	5.360	4.0207	4.0356	3.561	6.417	TRUE	TRUE	4.75	6						
2016.09.28	03:59:57.588			0	TRUE	5.355	4.0220	4.0227	3.545	6.433	TRUE	TRUE	4.66	6						
